<?xml version="1.0" encoding="UTF-8"?>
<testsuites name="Smoke Test Suite" time="620" tests="17" failures="1" errors="0">
   <testsuite name="Smoke Test Suite" tests="17" failures="1" errors="0" time="620" timestamp="2018-04-13 14:12:21" hostname="mugunthan.devan - N9287.intellectdesign.com" id="Test Suites/Smoke Test Suite">
      <properties>
         <property name="deviceName" value=""/>
         <property name="devicePlatform" value=""/>
         <property name="logFolder" value="D:\\KATALON_STUDIO\\Studio Smoke Test\\Reports\\Smoke Test Suite\\20180413_141217"/>
         <property name="logFiles" value="D:\\KATALON_STUDIO\\Studio Smoke Test\\Reports\\Smoke Test Suite\\20180413_141217\\execution0.log"/>
         <property name="attachments" value="D:\\KATALON_STUDIO\\Studio Smoke Test\\Reports\\Smoke Test Suite\\20180413_141217\\1523609485536.png"/>
         <property name="hostName" value="mugunthan.devan - N9287.intellectdesign.com"/>
         <property name="os" value="Windows 7 64bit"/>
         <property name="katalonVersion" value="5.3.0.1"/>
         <property name="browser" value="Chrome 65.0.3325.181"/>
         <property name="hostAddress" value="172.29.24.97"/>
         <property name="sessionId" value="7d85c00ae1d01664c3859a4dafdde0a5"/>
         <property name="seleniumVersion" value="3.7.1"/>
         <property name="proxyInformation" value="ProxyInformation{proxyOption=NO_PROXY, proxyServerType=HTTP, password=, proxyServerAddress=, proxyServerPort=0}"/>
         <property name="platform" value="Windows 7"/>
      </properties>
      <testcase name="Test Cases/Studio Smoke Test Cases/Login" classname="Test Cases/Studio Smoke Test Cases/Login" status="PASSED">
         <system-out><![CDATA[2018-04-13 14:12:22 - [TEST_CASE][PASSED] - Test Cases/Studio Smoke Test Cases/Login: Test Cases/Studio Smoke Test Cases/Login

2018-04-13 14:12:22 - [TEST_STEP][PASSED] - openBrowser: Browser is opened with url: ''

2018-04-13 14:12:32 - [MESSAGE][PASSED] - Browser is opened with url: ''

2018-04-13 14:12:32 - [TEST_STEP][PASSED] - maximizeWindow: Current window maximized

2018-04-13 14:12:33 - [MESSAGE][PASSED] - Current window maximized

2018-04-13 14:12:33 - [TEST_STEP][PASSED] - navigateToUrl: Navigate to 'http://localhost:8082/expertctstudio/' successfully

2018-04-13 14:12:56 - [MESSAGE][PASSED] - Navigate to 'http://localhost:8082/expertctstudio/' successfully

2018-04-13 14:12:56 - [TEST_STEP][PASSED] - setText: Text 'CTSTUD1' is set on object 'Object Repository/Studio Login/Page_Expert CT Studio/input_loginID'

2018-04-13 14:12:56 - [MESSAGE][PASSED] - Text 'CTSTUD1' is set on object 'Object Repository/Studio Login/Page_Expert CT Studio/input_loginID'

2018-04-13 14:12:56 - [TEST_STEP][PASSED] - setText: Text 'TEST123' is set on object 'Object Repository/Studio Login/Page_Expert CT Studio/input_loginPSW'

2018-04-13 14:12:57 - [MESSAGE][PASSED] - Text 'TEST123' is set on object 'Object Repository/Studio Login/Page_Expert CT Studio/input_loginPSW'

2018-04-13 14:12:57 - [TEST_STEP][PASSED] - click: Object: 'Object Repository/Studio Login/Page_Expert CT Studio/input_commit' is clicked on

2018-04-13 14:13:21 - [MESSAGE][PASSED] - Object: 'Object Repository/Studio Login/Page_Expert CT Studio/input_commit' is clicked on

2018-04-13 14:13:21 - [TEST_STEP][NOT_RUN] - closeBrowser: NOT_RUN: closeBrowser

2018-04-13 14:13:21 - [MESSAGE][NOT_RUN] - NOT_RUN: closeBrowser]]></system-out>
         <system-err><![CDATA[]]></system-err>
      </testcase>
      <testcase name="Test Cases/Studio Smoke Test Cases/Create New Connection" classname="Test Cases/Studio Smoke Test Cases/Create New Connection" status="PASSED">
         <system-out><![CDATA[2018-04-13 14:13:21 - [TEST_CASE][PASSED] - Test Cases/Studio Smoke Test Cases/Create New Connection: Test Cases/Studio Smoke Test Cases/Create New Connection

2018-04-13 14:13:22 - [TEST_STEP][NOT_RUN] - openBrowser: NOT_RUN: openBrowser

2018-04-13 14:13:22 - [MESSAGE][NOT_RUN] - NOT_RUN: openBrowser

2018-04-13 14:13:22 - [TEST_STEP][NOT_RUN] - navigateToUrl: NOT_RUN: navigateToUrl

2018-04-13 14:13:22 - [MESSAGE][NOT_RUN] - NOT_RUN: navigateToUrl

2018-04-13 14:13:22 - [TEST_STEP][NOT_RUN] - setText: NOT_RUN: setText

2018-04-13 14:13:22 - [MESSAGE][NOT_RUN] - NOT_RUN: setText

2018-04-13 14:13:22 - [TEST_STEP][NOT_RUN] - setText: NOT_RUN: setText

2018-04-13 14:13:22 - [MESSAGE][NOT_RUN] - NOT_RUN: setText

2018-04-13 14:13:22 - [TEST_STEP][NOT_RUN] - click: NOT_RUN: click

2018-04-13 14:13:22 - [MESSAGE][NOT_RUN] - NOT_RUN: click

2018-04-13 14:13:22 - [TEST_STEP][PASSED] - click: Object: 'Object Repository/Create Connection/Page_Canvas World/span_Initiate' is clicked on

2018-04-13 14:13:23 - [MESSAGE][PASSED] - Object: 'Object Repository/Create Connection/Page_Canvas World/span_Initiate' is clicked on

2018-04-13 14:13:23 - [TEST_STEP][PASSED] - click: Object: 'Object Repository/Create Connection/Page_Canvas World/span_Create New Connection' is clicked on

2018-04-13 14:13:24 - [MESSAGE][PASSED] - Object: 'Object Repository/Create Connection/Page_Canvas World/span_Create New Connection' is clicked on

2018-04-13 14:13:24 - [TEST_STEP][PASSED] - delay: Delayed 2 second(s)

2018-04-13 14:13:26 - [MESSAGE][PASSED] - Delayed 2 second(s)

2018-04-13 14:13:26 - [TEST_STEP][PASSED] - setText: Text 'TEST_AUTOMATION_CONN' is set on object 'Object Repository/Create Connection/Page_Canvas World/input_CONNECTION_NAME'

2018-04-13 14:13:26 - [MESSAGE][PASSED] - Text 'TEST_AUTOMATION_CONN' is set on object 'Object Repository/Create Connection/Page_Canvas World/input_CONNECTION_NAME'

2018-04-13 14:13:26 - [TEST_STEP][PASSED] - selectOptionByValue: All options with value 'oracle12c' are selected in object 'Object Repository/Create Connection/Page_Canvas World/select_Select DB2MS SqlMy SqlO'  using regular expression

2018-04-13 14:13:27 - [MESSAGE][PASSED] - All options with value 'oracle12c' are selected in object 'Object Repository/Create Connection/Page_Canvas World/select_Select DB2MS SqlMy SqlO'  using regular expression

2018-04-13 14:13:27 - [TEST_STEP][PASSED] - setText: Text 'localhost' is set on object 'Object Repository/Create Connection/Page_Canvas World/input_HOST_NAME'

2018-04-13 14:13:27 - [MESSAGE][PASSED] - Text 'localhost' is set on object 'Object Repository/Create Connection/Page_Canvas World/input_HOST_NAME'

2018-04-13 14:13:27 - [TEST_STEP][PASSED] - setText: Text '1521' is set on object 'Object Repository/Create Connection/Page_Canvas World/input_PORT'

2018-04-13 14:13:28 - [MESSAGE][PASSED] - Text '1521' is set on object 'Object Repository/Create Connection/Page_Canvas World/input_PORT'

2018-04-13 14:13:28 - [TEST_STEP][PASSED] - setText: Text 'pdborcl.intellectdesign.com' is set on object 'Object Repository/Create Connection/Page_Canvas World/input_SID'

2018-04-13 14:13:29 - [MESSAGE][PASSED] - Text 'pdborcl.intellectdesign.com' is set on object 'Object Repository/Create Connection/Page_Canvas World/input_SID'

2018-04-13 14:13:29 - [TEST_STEP][PASSED] - setText: Text 'MODEL_7660' is set on object 'Object Repository/Create Connection/Page_Canvas World/input_USER_NAME'

2018-04-13 14:13:29 - [MESSAGE][PASSED] - Text 'MODEL_7660' is set on object 'Object Repository/Create Connection/Page_Canvas World/input_USER_NAME'

2018-04-13 14:13:29 - [TEST_STEP][PASSED] - setText: Text 'MODEL_7660' is set on object 'Object Repository/Create Connection/Page_Canvas World/input_USER_PASSWORD'

2018-04-13 14:13:30 - [MESSAGE][PASSED] - Text 'MODEL_7660' is set on object 'Object Repository/Create Connection/Page_Canvas World/input_USER_PASSWORD'

2018-04-13 14:13:30 - [TEST_STEP][PASSED] - click: Object: 'Object Repository/Create Connection/Page_Canvas World/a_Save' is clicked on

2018-04-13 14:13:30 - [MESSAGE][PASSED] - Object: 'Object Repository/Create Connection/Page_Canvas World/a_Save' is clicked on

2018-04-13 14:13:30 - [TEST_STEP][PASSED] - click: Object: 'Object Repository/Create Connection/Page_Canvas World/a_Ok' is clicked on

2018-04-13 14:13:31 - [MESSAGE][PASSED] - Object: 'Object Repository/Create Connection/Page_Canvas World/a_Ok' is clicked on

2018-04-13 14:13:31 - [TEST_STEP][NOT_RUN] - closeBrowser: NOT_RUN: closeBrowser

2018-04-13 14:13:31 - [MESSAGE][NOT_RUN] - NOT_RUN: closeBrowser]]></system-out>
         <system-err><![CDATA[]]></system-err>
      </testcase>
      <testcase name="Test Cases/Studio Smoke Test Cases/Create Data Source" classname="Test Cases/Studio Smoke Test Cases/Create Data Source" status="PASSED">
         <system-out><![CDATA[2018-04-13 14:13:31 - [TEST_CASE][PASSED] - Test Cases/Studio Smoke Test Cases/Create Data Source: Test Cases/Studio Smoke Test Cases/Create Data Source

2018-04-13 14:13:31 - [TEST_STEP][NOT_RUN] - openBrowser: NOT_RUN: openBrowser

2018-04-13 14:13:31 - [MESSAGE][NOT_RUN] - NOT_RUN: openBrowser

2018-04-13 14:13:31 - [TEST_STEP][NOT_RUN] - maximizeWindow: NOT_RUN: maximizeWindow

2018-04-13 14:13:31 - [MESSAGE][NOT_RUN] - NOT_RUN: maximizeWindow

2018-04-13 14:13:31 - [TEST_STEP][NOT_RUN] - navigateToUrl: NOT_RUN: navigateToUrl

2018-04-13 14:13:31 - [MESSAGE][NOT_RUN] - NOT_RUN: navigateToUrl

2018-04-13 14:13:31 - [TEST_STEP][NOT_RUN] - setText: NOT_RUN: setText

2018-04-13 14:13:31 - [MESSAGE][NOT_RUN] - NOT_RUN: setText

2018-04-13 14:13:31 - [TEST_STEP][NOT_RUN] - setText: NOT_RUN: setText

2018-04-13 14:13:31 - [MESSAGE][NOT_RUN] - NOT_RUN: setText

2018-04-13 14:13:31 - [TEST_STEP][NOT_RUN] - click: NOT_RUN: click

2018-04-13 14:13:31 - [MESSAGE][NOT_RUN] - NOT_RUN: click

2018-04-13 14:13:31 - [TEST_STEP][PASSED] - click: Object: 'Object Repository/Create Data Source/Page_Canvas World/a_CONNECTIONS' is clicked on

2018-04-13 14:13:32 - [MESSAGE][PASSED] - Object: 'Object Repository/Create Data Source/Page_Canvas World/a_CONNECTIONS' is clicked on

2018-04-13 14:13:32 - [TEST_STEP][PASSED] - waitForElementPresent: Object 'Object Repository/Create Data Source/Page_Canvas World/span_ct-app__tools flaticon-fi' is present

2018-04-13 14:13:33 - [MESSAGE][PASSED] - Object 'Object Repository/Create Data Source/Page_Canvas World/span_ct-app__tools flaticon-fi' is present

2018-04-13 14:13:33 - [TEST_STEP][PASSED] - click: Object: 'Object Repository/Create Data Source/Page_Canvas World/span_ct-app__tools flaticon-fi' is clicked on

2018-04-13 14:13:34 - [MESSAGE][PASSED] - Object: 'Object Repository/Create Data Source/Page_Canvas World/span_ct-app__tools flaticon-fi' is clicked on

2018-04-13 14:13:34 - [TEST_STEP][PASSED] - click: Object: 'Object Repository/Create Data Source/Page_Canvas World/a_Connection Name' is clicked on

2018-04-13 14:13:34 - [MESSAGE][PASSED] - Object: 'Object Repository/Create Data Source/Page_Canvas World/a_Connection Name' is clicked on

2018-04-13 14:13:34 - [TEST_STEP][NOT_RUN] - waitForElementPresent: NOT_RUN: waitForElementPresent

2018-04-13 14:13:34 - [MESSAGE][NOT_RUN] - NOT_RUN: waitForElementPresent

2018-04-13 14:13:34 - [TEST_STEP][PASSED] - delay: Delayed 3 second(s)

2018-04-13 14:13:37 - [MESSAGE][PASSED] - Delayed 3 second(s)

2018-04-13 14:13:37 - [TEST_STEP][PASSED] - setText: Text 'TEST_AUTOMATION_CONN' is set on object 'Object Repository/Create Data Source/Page_Canvas World/input_string_contains'

2018-04-13 14:13:38 - [MESSAGE][PASSED] - Text 'TEST_AUTOMATION_CONN' is set on object 'Object Repository/Create Data Source/Page_Canvas World/input_string_contains'

2018-04-13 14:13:38 - [TEST_STEP][PASSED] - click: Object: 'Object Repository/Create Data Source/Page_Canvas World/button_SEARCH' is clicked on

2018-04-13 14:13:38 - [MESSAGE][PASSED] - Object: 'Object Repository/Create Data Source/Page_Canvas World/button_SEARCH' is clicked on

2018-04-13 14:13:38 - [TEST_STEP][PASSED] - rightClick: Object: 'Object Repository/Create Data Source/Page_Canvas World/span_TEST_AUTOMATION_CONN' is right clicked on

2018-04-13 14:13:39 - [MESSAGE][PASSED] - Object: 'Object Repository/Create Data Source/Page_Canvas World/span_TEST_AUTOMATION_CONN' is right clicked on

2018-04-13 14:13:39 - [TEST_STEP][PASSED] - click: Object: 'Object Repository/Create Data Source/Page_Canvas World/a_Manage Data Sources' is clicked on

2018-04-13 14:13:39 - [MESSAGE][PASSED] - Object: 'Object Repository/Create Data Source/Page_Canvas World/a_Manage Data Sources' is clicked on

2018-04-13 14:13:39 - [TEST_STEP][PASSED] - delay: Delayed 3 second(s)

2018-04-13 14:13:42 - [MESSAGE][PASSED] - Delayed 3 second(s)

2018-04-13 14:13:42 - [TEST_STEP][PASSED] - click: Object: 'Object Repository/Create Data Source/Page_Canvas World/a_Create Data Source' is clicked on

2018-04-13 14:13:42 - [MESSAGE][PASSED] - Object: 'Object Repository/Create Data Source/Page_Canvas World/a_Create Data Source' is clicked on

2018-04-13 14:13:42 - [TEST_STEP][NOT_RUN] - waitForElementPresent: NOT_RUN: waitForElementPresent

2018-04-13 14:13:42 - [MESSAGE][NOT_RUN] - NOT_RUN: waitForElementPresent

2018-04-13 14:13:42 - [TEST_STEP][PASSED] - delay: Delayed 2 second(s)

2018-04-13 14:13:44 - [MESSAGE][PASSED] - Delayed 2 second(s)

2018-04-13 14:13:44 - [TEST_STEP][PASSED] - setText: Text 'TEST_AUTO_DATASOURCE01' is set on object 'Object Repository/Create Data Source/Page_Canvas World/input_DATA_SOURCE_NAME'

2018-04-13 14:13:45 - [MESSAGE][PASSED] - Text 'TEST_AUTO_DATASOURCE01' is set on object 'Object Repository/Create Data Source/Page_Canvas World/input_DATA_SOURCE_NAME'

2018-04-13 14:13:45 - [TEST_STEP][PASSED] - setText: Text 'ACCOUNT_SUMMARY_DATA' is set on object 'Object Repository/Create Data Source/Page_Canvas World/input_TABLE_NAMES'

2018-04-13 14:13:45 - [MESSAGE][PASSED] - Text 'ACCOUNT_SUMMARY_DATA' is set on object 'Object Repository/Create Data Source/Page_Canvas World/input_TABLE_NAMES'

2018-04-13 14:13:45 - [TEST_STEP][PASSED] - setText: Text '*' is set on object 'Object Repository/Create Data Source/Page_Canvas World/input_COLUMN_IDS'

2018-04-13 14:13:46 - [MESSAGE][PASSED] - Text '*' is set on object 'Object Repository/Create Data Source/Page_Canvas World/input_COLUMN_IDS'

2018-04-13 14:13:46 - [TEST_STEP][PASSED] - click: Object: 'Object Repository/Create Data Source/Page_Canvas World/a_Save' is clicked on

2018-04-13 14:13:46 - [MESSAGE][PASSED] - Object: 'Object Repository/Create Data Source/Page_Canvas World/a_Save' is clicked on

2018-04-13 14:13:46 - [TEST_STEP][PASSED] - click: Object: 'Object Repository/Create Data Source/Page_Canvas World/a_Ok' is clicked on

2018-04-13 14:13:47 - [MESSAGE][PASSED] - Object: 'Object Repository/Create Data Source/Page_Canvas World/a_Ok' is clicked on

2018-04-13 14:13:47 - [TEST_STEP][NOT_RUN] - waitForElementPresent: NOT_RUN: waitForElementPresent

2018-04-13 14:13:47 - [MESSAGE][NOT_RUN] - NOT_RUN: waitForElementPresent

2018-04-13 14:13:47 - [TEST_STEP][PASSED] - click: Object: 'Object Repository/Create Data Source/Page_Canvas World/button_flaticon-close flaticon' is clicked on

2018-04-13 14:13:47 - [MESSAGE][PASSED] - Object: 'Object Repository/Create Data Source/Page_Canvas World/button_flaticon-close flaticon' is clicked on

2018-04-13 14:13:47 - [TEST_STEP][NOT_RUN] - closeBrowser: NOT_RUN: closeBrowser

2018-04-13 14:13:47 - [MESSAGE][NOT_RUN] - NOT_RUN: closeBrowser]]></system-out>
         <system-err><![CDATA[]]></system-err>
      </testcase>
      <testcase name="Test Cases/Studio Smoke Test Cases/Create Simple Grid View" classname="Test Cases/Studio Smoke Test Cases/Create Simple Grid View" status="PASSED">
         <system-out><![CDATA[2018-04-13 14:13:47 - [TEST_CASE][PASSED] - Test Cases/Studio Smoke Test Cases/Create Simple Grid View: Test Cases/Studio Smoke Test Cases/Create Simple Grid View

2018-04-13 14:13:48 - [TEST_STEP][NOT_RUN] - openBrowser: NOT_RUN: openBrowser

2018-04-13 14:13:48 - [MESSAGE][NOT_RUN] - NOT_RUN: openBrowser

2018-04-13 14:13:48 - [TEST_STEP][NOT_RUN] - maximizeWindow: NOT_RUN: maximizeWindow

2018-04-13 14:13:48 - [MESSAGE][NOT_RUN] - NOT_RUN: maximizeWindow

2018-04-13 14:13:48 - [TEST_STEP][NOT_RUN] - navigateToUrl: NOT_RUN: navigateToUrl

2018-04-13 14:13:48 - [MESSAGE][NOT_RUN] - NOT_RUN: navigateToUrl

2018-04-13 14:13:48 - [TEST_STEP][NOT_RUN] - setText: NOT_RUN: setText

2018-04-13 14:13:48 - [MESSAGE][NOT_RUN] - NOT_RUN: setText

2018-04-13 14:13:48 - [TEST_STEP][NOT_RUN] - setText: NOT_RUN: setText

2018-04-13 14:13:48 - [MESSAGE][NOT_RUN] - NOT_RUN: setText

2018-04-13 14:13:48 - [TEST_STEP][NOT_RUN] - click: NOT_RUN: click

2018-04-13 14:13:48 - [MESSAGE][NOT_RUN] - NOT_RUN: click

2018-04-13 14:13:48 - [TEST_STEP][PASSED] - click: Object: 'Object Repository/Create Simple Grid View/Page_Canvas World/span_Initiate' is clicked on

2018-04-13 14:13:48 - [MESSAGE][PASSED] - Object: 'Object Repository/Create Simple Grid View/Page_Canvas World/span_Initiate' is clicked on

2018-04-13 14:13:48 - [TEST_STEP][PASSED] - click: Object: 'Object Repository/Create Simple Grid View/Page_Canvas World/span_Create  New View' is clicked on

2018-04-13 14:13:49 - [MESSAGE][PASSED] - Object: 'Object Repository/Create Simple Grid View/Page_Canvas World/span_Create  New View' is clicked on

2018-04-13 14:13:49 - [TEST_STEP][PASSED] - setText: Text 'AUTOMATION_GRID_VIEW' is set on object 'Object Repository/Create Simple Grid View/Page_Canvas World/input_VIEW_ID'

2018-04-13 14:13:54 - [MESSAGE][PASSED] - Text 'AUTOMATION_GRID_VIEW' is set on object 'Object Repository/Create Simple Grid View/Page_Canvas World/input_VIEW_ID'

2018-04-13 14:13:54 - [TEST_STEP][PASSED] - setText: Text 'AUTOMATION_GRID_VIEW' is set on object 'Object Repository/Create Simple Grid View/Page_Canvas World/input_VIEW_DISPLAY_NM'

2018-04-13 14:13:56 - [MESSAGE][PASSED] - Text 'AUTOMATION_GRID_VIEW' is set on object 'Object Repository/Create Simple Grid View/Page_Canvas World/input_VIEW_DISPLAY_NM'

2018-04-13 14:13:56 - [TEST_STEP][PASSED] - selectOptionByValue: All options with value 'CLASSIC_GRID' are selected in object 'Object Repository/Create Simple Grid View/Page_Canvas World/select_Select Advertisements V'  using regular expression

2018-04-13 14:13:57 - [MESSAGE][PASSED] - All options with value 'CLASSIC_GRID' are selected in object 'Object Repository/Create Simple Grid View/Page_Canvas World/select_Select Advertisements V'  using regular expression

2018-04-13 14:13:57 - [TEST_STEP][PASSED] - setText: Text 'COMMON' is set on object 'Object Repository/Create Simple Grid View/Page_Canvas World/input_VIEW_BUNDLE_KEY'

2018-04-13 14:13:57 - [MESSAGE][PASSED] - Text 'COMMON' is set on object 'Object Repository/Create Simple Grid View/Page_Canvas World/input_VIEW_BUNDLE_KEY'

2018-04-13 14:13:57 - [TEST_STEP][PASSED] - click: Object: 'Object Repository/Create Simple Grid View/Page_Canvas World/i_flaticon-magnifying-glass2' is clicked on

2018-04-13 14:13:58 - [MESSAGE][PASSED] - Object: 'Object Repository/Create Simple Grid View/Page_Canvas World/i_flaticon-magnifying-glass2' is clicked on

2018-04-13 14:13:58 - [TEST_STEP][PASSED] - delay: Delayed 2 second(s)

2018-04-13 14:14:00 - [MESSAGE][PASSED] - Delayed 2 second(s)

2018-04-13 14:14:00 - [TEST_STEP][PASSED] - click: Object: 'Object Repository/Create Simple Grid View/Page_Canvas World/span_ct-app__tools flaticon-fi' is clicked on

2018-04-13 14:14:00 - [MESSAGE][PASSED] - Object: 'Object Repository/Create Simple Grid View/Page_Canvas World/span_ct-app__tools flaticon-fi' is clicked on

2018-04-13 14:14:00 - [TEST_STEP][PASSED] - click: Object: 'Object Repository/Create Simple Grid View/Page_Canvas World/a_Data Source Name' is clicked on

2018-04-13 14:14:00 - [MESSAGE][PASSED] - Object: 'Object Repository/Create Simple Grid View/Page_Canvas World/a_Data Source Name' is clicked on

2018-04-13 14:14:00 - [TEST_STEP][PASSED] - delay: Delayed 5 second(s)

2018-04-13 14:14:05 - [MESSAGE][PASSED] - Delayed 5 second(s)

2018-04-13 14:14:05 - [TEST_STEP][PASSED] - sendKeys: Keys 'TEST_AUTO_DATASOURCE01' sent to object: 'Object Repository/Create Simple Grid View/Page_Canvas World/input_string_contains'

2018-04-13 14:14:06 - [MESSAGE][PASSED] - Keys 'TEST_AUTO_DATASOURCE01' sent to object: 'Object Repository/Create Simple Grid View/Page_Canvas World/input_string_contains'

2018-04-13 14:14:06 - [TEST_STEP][PASSED] - click: Object: 'Object Repository/Create Simple Grid View/Page_Canvas World/button_SEARCH' is clicked on

2018-04-13 14:14:06 - [MESSAGE][PASSED] - Object: 'Object Repository/Create Simple Grid View/Page_Canvas World/button_SEARCH' is clicked on

2018-04-13 14:14:06 - [TEST_STEP][PASSED] - doubleClick: Object: 'Object Repository/Create Simple Grid View/Page_Canvas World/span_TEST_AUTO_DATASOURCE01' is double clicked on

2018-04-13 14:14:07 - [MESSAGE][PASSED] - Object: 'Object Repository/Create Simple Grid View/Page_Canvas World/span_TEST_AUTO_DATASOURCE01' is double clicked on

2018-04-13 14:14:07 - [TEST_STEP][PASSED] - doubleClick: Object: 'Object Repository/Create Simple Grid View/Page_Canvas World/span_TEST_AUTO_DATASOURCE01' is double clicked on

2018-04-13 14:14:07 - [MESSAGE][PASSED] - Object: 'Object Repository/Create Simple Grid View/Page_Canvas World/span_TEST_AUTO_DATASOURCE01' is double clicked on

2018-04-13 14:14:07 - [TEST_STEP][PASSED] - delay: Delayed 5 second(s)

2018-04-13 14:14:12 - [MESSAGE][PASSED] - Delayed 5 second(s)

2018-04-13 14:14:12 - [TEST_STEP][NOT_RUN] - setText: NOT_RUN: setText

2018-04-13 14:14:12 - [MESSAGE][NOT_RUN] - NOT_RUN: setText

2018-04-13 14:14:12 - [TEST_STEP][PASSED] - click: Object: 'Object Repository/Create Simple Grid View/Page_Canvas World/default_instruction_Y' is clicked on

2018-04-13 14:14:12 - [MESSAGE][PASSED] - Object: 'Object Repository/Create Simple Grid View/Page_Canvas World/default_instruction_Y' is clicked on

2018-04-13 14:14:12 - [TEST_STEP][PASSED] - selectOptionByValue: All options with value 'CUSER' are selected in object 'Object Repository/Create Simple Grid View/Page_Canvas World/select_Select CFFPYMTACCSERCUS'  using regular expression

2018-04-13 14:14:12 - [MESSAGE][PASSED] - All options with value 'CUSER' are selected in object 'Object Repository/Create Simple Grid View/Page_Canvas World/select_Select CFFPYMTACCSERCUS'  using regular expression

2018-04-13 14:14:12 - [TEST_STEP][PASSED] - selectOptionByValue: All options with value 'CUSER' are selected in object 'Object Repository/Create Simple Grid View/Page_Canvas World/select_Select CUSER'  using regular expression

2018-04-13 14:14:13 - [MESSAGE][PASSED] - All options with value 'CUSER' are selected in object 'Object Repository/Create Simple Grid View/Page_Canvas World/select_Select CUSER'  using regular expression

2018-04-13 14:14:13 - [TEST_STEP][PASSED] - selectOptionByValue: All options with value 'VSBLTY' are selected in object 'Object Repository/Create Simple Grid View/Page_Canvas World/select_Select APPROVEINITVIEWV'  using regular expression

2018-04-13 14:14:13 - [MESSAGE][PASSED] - All options with value 'VSBLTY' are selected in object 'Object Repository/Create Simple Grid View/Page_Canvas World/select_Select APPROVEINITVIEWV'  using regular expression

2018-04-13 14:14:13 - [TEST_STEP][PASSED] - click: Object: 'Object Repository/Create Simple Grid View/Page_Canvas World/a_Submit' is clicked on

2018-04-13 14:14:14 - [MESSAGE][PASSED] - Object: 'Object Repository/Create Simple Grid View/Page_Canvas World/a_Submit' is clicked on

2018-04-13 14:14:14 - [TEST_STEP][PASSED] - click: Object: 'Object Repository/Create Simple Grid View/Page_Canvas World/a_Ok' is clicked on

2018-04-13 14:14:16 - [MESSAGE][PASSED] - Object: 'Object Repository/Create Simple Grid View/Page_Canvas World/a_Ok' is clicked on

2018-04-13 14:14:16 - [TEST_STEP][NOT_RUN] - closeBrowser: NOT_RUN: closeBrowser

2018-04-13 14:14:16 - [MESSAGE][NOT_RUN] - NOT_RUN: closeBrowser]]></system-out>
         <system-err><![CDATA[]]></system-err>
      </testcase>
      <testcase name="Test Cases/Studio Smoke Test Cases/Create Chart View" classname="Test Cases/Studio Smoke Test Cases/Create Chart View" status="PASSED">
         <system-out><![CDATA[2018-04-13 14:14:16 - [TEST_CASE][PASSED] - Test Cases/Studio Smoke Test Cases/Create Chart View: Test Cases/Studio Smoke Test Cases/Create Chart View

2018-04-13 14:14:16 - [TEST_STEP][NOT_RUN] - openBrowser: NOT_RUN: openBrowser

2018-04-13 14:14:16 - [MESSAGE][NOT_RUN] - NOT_RUN: openBrowser

2018-04-13 14:14:16 - [TEST_STEP][NOT_RUN] - maximizeWindow: NOT_RUN: maximizeWindow

2018-04-13 14:14:16 - [MESSAGE][NOT_RUN] - NOT_RUN: maximizeWindow

2018-04-13 14:14:16 - [TEST_STEP][NOT_RUN] - navigateToUrl: NOT_RUN: navigateToUrl

2018-04-13 14:14:16 - [MESSAGE][NOT_RUN] - NOT_RUN: navigateToUrl

2018-04-13 14:14:16 - [TEST_STEP][NOT_RUN] - setText: NOT_RUN: setText

2018-04-13 14:14:16 - [MESSAGE][NOT_RUN] - NOT_RUN: setText

2018-04-13 14:14:16 - [TEST_STEP][NOT_RUN] - setText: NOT_RUN: setText

2018-04-13 14:14:16 - [MESSAGE][NOT_RUN] - NOT_RUN: setText

2018-04-13 14:14:16 - [TEST_STEP][NOT_RUN] - click: NOT_RUN: click

2018-04-13 14:14:16 - [MESSAGE][NOT_RUN] - NOT_RUN: click

2018-04-13 14:14:16 - [TEST_STEP][PASSED] - delay: Delayed 5 second(s)

2018-04-13 14:14:21 - [MESSAGE][PASSED] - Delayed 5 second(s)

2018-04-13 14:14:21 - [TEST_STEP][PASSED] - click: Object: 'Object Repository/Create Chart View/Page_Canvas World/span_Initiate' is clicked on

2018-04-13 14:14:22 - [MESSAGE][PASSED] - Object: 'Object Repository/Create Chart View/Page_Canvas World/span_Initiate' is clicked on

2018-04-13 14:14:22 - [TEST_STEP][PASSED] - click: Object: 'Object Repository/Create Chart View/Page_Canvas World/span_Create  New View' is clicked on

2018-04-13 14:14:22 - [MESSAGE][PASSED] - Object: 'Object Repository/Create Chart View/Page_Canvas World/span_Create  New View' is clicked on

2018-04-13 14:14:22 - [TEST_STEP][PASSED] - setText: Text 'AUTOMATION_CHART_VIEW01' is set on object 'Object Repository/Create Chart View/Page_Canvas World/input_VIEW_ID'

2018-04-13 14:14:26 - [MESSAGE][PASSED] - Text 'AUTOMATION_CHART_VIEW01' is set on object 'Object Repository/Create Chart View/Page_Canvas World/input_VIEW_ID'

2018-04-13 14:14:26 - [TEST_STEP][PASSED] - setText: Text 'AUTOMATION_CHART_VIEW01' is set on object 'Object Repository/Create Chart View/Page_Canvas World/input_VIEW_DISPLAY_NM'

2018-04-13 14:14:28 - [MESSAGE][PASSED] - Text 'AUTOMATION_CHART_VIEW01' is set on object 'Object Repository/Create Chart View/Page_Canvas World/input_VIEW_DISPLAY_NM'

2018-04-13 14:14:28 - [TEST_STEP][PASSED] - selectOptionByValue: All options with value 'CHART' are selected in object 'Object Repository/Create Chart View/Page_Canvas World/select_Select Advertisements V'  using regular expression

2018-04-13 14:14:29 - [MESSAGE][PASSED] - All options with value 'CHART' are selected in object 'Object Repository/Create Chart View/Page_Canvas World/select_Select Advertisements V'  using regular expression

2018-04-13 14:14:29 - [TEST_STEP][PASSED] - selectOptionByValue: All options with value 'BAR' are selected in object 'Object Repository/Create Chart View/Page_Canvas World/select_Select Angular GaugeAre'  using regular expression

2018-04-13 14:14:30 - [MESSAGE][PASSED] - All options with value 'BAR' are selected in object 'Object Repository/Create Chart View/Page_Canvas World/select_Select Angular GaugeAre'  using regular expression

2018-04-13 14:14:30 - [TEST_STEP][PASSED] - setText: Text 'COMMON' is set on object 'Object Repository/Create Chart View/Page_Canvas World/input_VIEW_BUNDLE_KEY'

2018-04-13 14:14:31 - [MESSAGE][PASSED] - Text 'COMMON' is set on object 'Object Repository/Create Chart View/Page_Canvas World/input_VIEW_BUNDLE_KEY'

2018-04-13 14:14:31 - [TEST_STEP][PASSED] - click: Object: 'Object Repository/Create Chart View/Page_Canvas World/input_CHART_DIMENSION' is clicked on

2018-04-13 14:14:31 - [MESSAGE][PASSED] - Object: 'Object Repository/Create Chart View/Page_Canvas World/input_CHART_DIMENSION' is clicked on

2018-04-13 14:14:31 - [TEST_STEP][PASSED] - click: Object: 'Object Repository/Create Chart View/Page_Canvas World/i_flaticon-magnifying-glass2' is clicked on

2018-04-13 14:14:31 - [MESSAGE][PASSED] - Object: 'Object Repository/Create Chart View/Page_Canvas World/i_flaticon-magnifying-glass2' is clicked on

2018-04-13 14:14:31 - [TEST_STEP][PASSED] - delay: Delayed 2 second(s)

2018-04-13 14:14:33 - [MESSAGE][PASSED] - Delayed 2 second(s)

2018-04-13 14:14:33 - [TEST_STEP][PASSED] - click: Object: 'Object Repository/Create Chart View/Page_Canvas World/span_ct-app__tools flaticon-fi' is clicked on

2018-04-13 14:14:33 - [MESSAGE][PASSED] - Object: 'Object Repository/Create Chart View/Page_Canvas World/span_ct-app__tools flaticon-fi' is clicked on

2018-04-13 14:14:33 - [TEST_STEP][PASSED] - click: Object: 'Object Repository/Create Chart View/Page_Canvas World/a_Data Source Name' is clicked on

2018-04-13 14:14:34 - [MESSAGE][PASSED] - Object: 'Object Repository/Create Chart View/Page_Canvas World/a_Data Source Name' is clicked on

2018-04-13 14:14:34 - [TEST_STEP][PASSED] - delay: Delayed 3 second(s)

2018-04-13 14:14:37 - [MESSAGE][PASSED] - Delayed 3 second(s)

2018-04-13 14:14:37 - [TEST_STEP][PASSED] - setText: Text 'TEST_AUTO_DATASOURCE01' is set on object 'Object Repository/Create Chart View/Page_Canvas World/input_string_contains'

2018-04-13 14:14:37 - [MESSAGE][PASSED] - Text 'TEST_AUTO_DATASOURCE01' is set on object 'Object Repository/Create Chart View/Page_Canvas World/input_string_contains'

2018-04-13 14:14:37 - [TEST_STEP][PASSED] - click: Object: 'Object Repository/Create Chart View/Page_Canvas World/button_SEARCH' is clicked on

2018-04-13 14:14:38 - [MESSAGE][PASSED] - Object: 'Object Repository/Create Chart View/Page_Canvas World/button_SEARCH' is clicked on

2018-04-13 14:14:38 - [TEST_STEP][PASSED] - doubleClick: Object: 'Object Repository/Create Chart View/Page_Canvas World/span_TEST_AUTO_DATASOURCE01' is double clicked on

2018-04-13 14:14:39 - [MESSAGE][PASSED] - Object: 'Object Repository/Create Chart View/Page_Canvas World/span_TEST_AUTO_DATASOURCE01' is double clicked on

2018-04-13 14:14:39 - [TEST_STEP][PASSED] - doubleClick: Object: 'Object Repository/Create Chart View/Page_Canvas World/span_TEST_AUTO_DATASOURCE01' is double clicked on

2018-04-13 14:14:39 - [MESSAGE][PASSED] - Object: 'Object Repository/Create Chart View/Page_Canvas World/span_TEST_AUTO_DATASOURCE01' is double clicked on

2018-04-13 14:14:39 - [TEST_STEP][PASSED] - delay: Delayed 5 second(s)

2018-04-13 14:14:44 - [MESSAGE][PASSED] - Delayed 5 second(s)

2018-04-13 14:14:44 - [TEST_STEP][PASSED] - setText: Text 'com.intellectdesign.modelhouse.views.CTAccSummaryViewsInstruction' is set on object 'Object Repository/Create Chart View/Page_Canvas World/input_INSTRUCTION_CLASS'

2018-04-13 14:14:49 - [MESSAGE][PASSED] - Text 'com.intellectdesign.modelhouse.views.CTAccSummaryViewsInstruction' is set on object 'Object Repository/Create Chart View/Page_Canvas World/input_INSTRUCTION_CLASS'

2018-04-13 14:14:49 - [TEST_STEP][NOT_RUN] - waitForElementVisible: NOT_RUN: waitForElementVisible

2018-04-13 14:14:49 - [MESSAGE][NOT_RUN] - NOT_RUN: waitForElementVisible

2018-04-13 14:14:49 - [TEST_STEP][PASSED] - selectOptionByValue: All options with value 'CUSER' are selected in object 'Object Repository/Create Chart View/Page_Canvas World/select_Select CFFPYMTACCSERCUS'  using regular expression

2018-04-13 14:14:49 - [MESSAGE][PASSED] - All options with value 'CUSER' are selected in object 'Object Repository/Create Chart View/Page_Canvas World/select_Select CFFPYMTACCSERCUS'  using regular expression

2018-04-13 14:14:49 - [TEST_STEP][PASSED] - selectOptionByValue: All options with value 'CUSER' are selected in object 'Object Repository/Create Chart View/Page_Canvas World/select_Select CUSER'  using regular expression

2018-04-13 14:14:50 - [MESSAGE][PASSED] - All options with value 'CUSER' are selected in object 'Object Repository/Create Chart View/Page_Canvas World/select_Select CUSER'  using regular expression

2018-04-13 14:14:50 - [TEST_STEP][PASSED] - selectOptionByValue: All options with value 'VSBLTY' are selected in object 'Object Repository/Create Chart View/Page_Canvas World/select_Select APPROVEINITVIEWV'  using regular expression

2018-04-13 14:14:51 - [MESSAGE][PASSED] - All options with value 'VSBLTY' are selected in object 'Object Repository/Create Chart View/Page_Canvas World/select_Select APPROVEINITVIEWV'  using regular expression

2018-04-13 14:14:51 - [TEST_STEP][PASSED] - click: Object: 'Object Repository/Create Chart View/Page_Canvas World/button_More1' is clicked on

2018-04-13 14:14:51 - [MESSAGE][PASSED] - Object: 'Object Repository/Create Chart View/Page_Canvas World/button_More1' is clicked on

2018-04-13 14:14:51 - [TEST_STEP][PASSED] - delay: Delayed 5 second(s)

2018-04-13 14:14:56 - [MESSAGE][PASSED] - Delayed 5 second(s)

2018-04-13 14:14:56 - [TEST_STEP][PASSED] - click: Object: 'Object Repository/Create Chart View/Page_Canvas World/input_CHART_AXIS_IND' is clicked on

2018-04-13 14:14:56 - [MESSAGE][PASSED] - Object: 'Object Repository/Create Chart View/Page_Canvas World/input_CHART_AXIS_IND' is clicked on

2018-04-13 14:14:56 - [TEST_STEP][PASSED] - click: Object: 'Object Repository/Create Chart View/Page_Canvas World/a_Submit1' is clicked on

2018-04-13 14:14:57 - [MESSAGE][PASSED] - Object: 'Object Repository/Create Chart View/Page_Canvas World/a_Submit1' is clicked on

2018-04-13 14:14:57 - [TEST_STEP][PASSED] - click: Object: 'Object Repository/Create Chart View/Page_Canvas World/button_More2' is clicked on

2018-04-13 14:14:57 - [MESSAGE][PASSED] - Object: 'Object Repository/Create Chart View/Page_Canvas World/button_More2' is clicked on

2018-04-13 14:14:57 - [TEST_STEP][PASSED] - delay: Delayed 5 second(s)

2018-04-13 14:15:02 - [MESSAGE][PASSED] - Delayed 5 second(s)

2018-04-13 14:15:02 - [TEST_STEP][PASSED] - click: Object: 'Object Repository/Create Chart View/Page_Canvas World/input_CHART_AXIS_IND_1' is clicked on

2018-04-13 14:15:03 - [MESSAGE][PASSED] - Object: 'Object Repository/Create Chart View/Page_Canvas World/input_CHART_AXIS_IND_1' is clicked on

2018-04-13 14:15:03 - [TEST_STEP][PASSED] - click: Object: 'Object Repository/Create Chart View/Page_Canvas World/a_Submit2' is clicked on

2018-04-13 14:15:03 - [MESSAGE][PASSED] - Object: 'Object Repository/Create Chart View/Page_Canvas World/a_Submit2' is clicked on

2018-04-13 14:15:03 - [TEST_STEP][PASSED] - delay: Delayed 5 second(s)

2018-04-13 14:15:08 - [MESSAGE][PASSED] - Delayed 5 second(s)

2018-04-13 14:15:08 - [TEST_STEP][PASSED] - click: Object: 'Object Repository/Create Chart View/Page_Canvas World/a_Submit' is clicked on

2018-04-13 14:15:09 - [MESSAGE][PASSED] - Object: 'Object Repository/Create Chart View/Page_Canvas World/a_Submit' is clicked on

2018-04-13 14:15:09 - [TEST_STEP][PASSED] - delay: Delayed 2 second(s)

2018-04-13 14:15:11 - [MESSAGE][PASSED] - Delayed 2 second(s)

2018-04-13 14:15:11 - [TEST_STEP][PASSED] - click: Object: 'Object Repository/Create Chart View/Page_Canvas World/a_Ok' is clicked on

2018-04-13 14:15:11 - [MESSAGE][PASSED] - Object: 'Object Repository/Create Chart View/Page_Canvas World/a_Ok' is clicked on

2018-04-13 14:15:11 - [TEST_STEP][NOT_RUN] - closeBrowser: NOT_RUN: closeBrowser

2018-04-13 14:15:11 - [MESSAGE][NOT_RUN] - NOT_RUN: closeBrowser]]></system-out>
         <system-err><![CDATA[]]></system-err>
      </testcase>
      <testcase name="Test Cases/Studio Smoke Test Cases/Create Form View" classname="Test Cases/Studio Smoke Test Cases/Create Form View" status="PASSED">
         <system-out><![CDATA[2018-04-13 14:15:11 - [TEST_CASE][PASSED] - Test Cases/Studio Smoke Test Cases/Create Form View: Test Cases/Studio Smoke Test Cases/Create Form View

2018-04-13 14:15:11 - [TEST_STEP][NOT_RUN] - openBrowser: NOT_RUN: openBrowser

2018-04-13 14:15:11 - [MESSAGE][NOT_RUN] - NOT_RUN: openBrowser

2018-04-13 14:15:11 - [TEST_STEP][NOT_RUN] - maximizeWindow: NOT_RUN: maximizeWindow

2018-04-13 14:15:11 - [MESSAGE][NOT_RUN] - NOT_RUN: maximizeWindow

2018-04-13 14:15:11 - [TEST_STEP][NOT_RUN] - navigateToUrl: NOT_RUN: navigateToUrl

2018-04-13 14:15:11 - [MESSAGE][NOT_RUN] - NOT_RUN: navigateToUrl

2018-04-13 14:15:11 - [TEST_STEP][NOT_RUN] - setText: NOT_RUN: setText

2018-04-13 14:15:11 - [MESSAGE][NOT_RUN] - NOT_RUN: setText

2018-04-13 14:15:11 - [TEST_STEP][NOT_RUN] - setText: NOT_RUN: setText

2018-04-13 14:15:11 - [MESSAGE][NOT_RUN] - NOT_RUN: setText

2018-04-13 14:15:11 - [TEST_STEP][NOT_RUN] - click: NOT_RUN: click

2018-04-13 14:15:11 - [MESSAGE][NOT_RUN] - NOT_RUN: click

2018-04-13 14:15:11 - [TEST_STEP][PASSED] - delay: Delayed 5 second(s)

2018-04-13 14:15:16 - [MESSAGE][PASSED] - Delayed 5 second(s)

2018-04-13 14:15:16 - [TEST_STEP][PASSED] - click: Object: 'Object Repository/Create Form View/Page_Canvas World/span_Initiate' is clicked on

2018-04-13 14:15:17 - [MESSAGE][PASSED] - Object: 'Object Repository/Create Form View/Page_Canvas World/span_Initiate' is clicked on

2018-04-13 14:15:17 - [TEST_STEP][PASSED] - click: Object: 'Object Repository/Create Form View/Page_Canvas World/span_Create  New View' is clicked on

2018-04-13 14:15:17 - [MESSAGE][PASSED] - Object: 'Object Repository/Create Form View/Page_Canvas World/span_Create  New View' is clicked on

2018-04-13 14:15:17 - [TEST_STEP][PASSED] - setText: Text 'AUTOMATION_FORMVIEW01' is set on object 'Object Repository/Create Form View/Page_Canvas World/input_VIEW_ID'

2018-04-13 14:15:22 - [MESSAGE][PASSED] - Text 'AUTOMATION_FORMVIEW01' is set on object 'Object Repository/Create Form View/Page_Canvas World/input_VIEW_ID'

2018-04-13 14:15:22 - [TEST_STEP][PASSED] - setText: Text 'AUTOMATION_FORMVIEW01' is set on object 'Object Repository/Create Form View/Page_Canvas World/input_VIEW_DISPLAY_NM'

2018-04-13 14:15:24 - [MESSAGE][PASSED] - Text 'AUTOMATION_FORMVIEW01' is set on object 'Object Repository/Create Form View/Page_Canvas World/input_VIEW_DISPLAY_NM'

2018-04-13 14:15:24 - [TEST_STEP][PASSED] - selectOptionByValue: All options with value 'FORM' are selected in object 'Object Repository/Create Form View/Page_Canvas World/select_Select Advertisements V'  using regular expression

2018-04-13 14:15:25 - [MESSAGE][PASSED] - All options with value 'FORM' are selected in object 'Object Repository/Create Form View/Page_Canvas World/select_Select Advertisements V'  using regular expression

2018-04-13 14:15:25 - [TEST_STEP][PASSED] - setText: Text 'COMMON' is set on object 'Object Repository/Create Form View/Page_Canvas World/input_VIEW_BUNDLE_KEY'

2018-04-13 14:15:26 - [MESSAGE][PASSED] - Text 'COMMON' is set on object 'Object Repository/Create Form View/Page_Canvas World/input_VIEW_BUNDLE_KEY'

2018-04-13 14:15:26 - [TEST_STEP][PASSED] - click: Object: 'Object Repository/Create Form View/Page_Canvas World/i_flaticon-magnifying-glass2' is clicked on

2018-04-13 14:15:26 - [MESSAGE][PASSED] - Object: 'Object Repository/Create Form View/Page_Canvas World/i_flaticon-magnifying-glass2' is clicked on

2018-04-13 14:15:26 - [TEST_STEP][PASSED] - delay: Delayed 2 second(s)

2018-04-13 14:15:28 - [MESSAGE][PASSED] - Delayed 2 second(s)

2018-04-13 14:15:28 - [TEST_STEP][PASSED] - doubleClick: Object: 'Object Repository/Create Form View/Page_Canvas World/span_INITIAL_FORM' is double clicked on

2018-04-13 14:15:28 - [MESSAGE][PASSED] - Object: 'Object Repository/Create Form View/Page_Canvas World/span_INITIAL_FORM' is double clicked on

2018-04-13 14:15:28 - [TEST_STEP][PASSED] - doubleClick: Object: 'Object Repository/Create Form View/Page_Canvas World/span_INITIAL_FORM' is double clicked on

2018-04-13 14:15:28 - [MESSAGE][PASSED] - Object: 'Object Repository/Create Form View/Page_Canvas World/span_INITIAL_FORM' is double clicked on

2018-04-13 14:15:28 - [TEST_STEP][PASSED] - selectOptionByValue: All options with value 'CUSER' are selected in object 'Object Repository/Create Form View/Page_Canvas World/select_Select CFFPYMTACCSERCUS'  using regular expression

2018-04-13 14:15:29 - [MESSAGE][PASSED] - All options with value 'CUSER' are selected in object 'Object Repository/Create Form View/Page_Canvas World/select_Select CFFPYMTACCSERCUS'  using regular expression

2018-04-13 14:15:29 - [TEST_STEP][PASSED] - selectOptionByValue: All options with value 'CUSER' are selected in object 'Object Repository/Create Form View/Page_Canvas World/select_Select CUSER'  using regular expression

2018-04-13 14:15:30 - [MESSAGE][PASSED] - All options with value 'CUSER' are selected in object 'Object Repository/Create Form View/Page_Canvas World/select_Select CUSER'  using regular expression

2018-04-13 14:15:30 - [TEST_STEP][PASSED] - selectOptionByValue: All options with value 'VSBLTY' are selected in object 'Object Repository/Create Form View/Page_Canvas World/select_Select APPROVEINITVIEWV'  using regular expression

2018-04-13 14:15:30 - [MESSAGE][PASSED] - All options with value 'VSBLTY' are selected in object 'Object Repository/Create Form View/Page_Canvas World/select_Select APPROVEINITVIEWV'  using regular expression

2018-04-13 14:15:30 - [TEST_STEP][PASSED] - click: Object: 'Object Repository/Create Form View/Page_Canvas World/a_Submit' is clicked on

2018-04-13 14:15:31 - [MESSAGE][PASSED] - Object: 'Object Repository/Create Form View/Page_Canvas World/a_Submit' is clicked on

2018-04-13 14:15:31 - [TEST_STEP][PASSED] - click: Object: 'Object Repository/Create Form View/Page_Canvas World/a_Ok' is clicked on

2018-04-13 14:15:32 - [MESSAGE][PASSED] - Object: 'Object Repository/Create Form View/Page_Canvas World/a_Ok' is clicked on

2018-04-13 14:15:32 - [TEST_STEP][NOT_RUN] - closeBrowser: NOT_RUN: closeBrowser

2018-04-13 14:15:32 - [MESSAGE][NOT_RUN] - NOT_RUN: closeBrowser]]></system-out>
         <system-err><![CDATA[]]></system-err>
      </testcase>
      <testcase name="Test Cases/Studio Smoke Test Cases/Create App Shortcut View" classname="Test Cases/Studio Smoke Test Cases/Create App Shortcut View" status="PASSED">
         <system-out><![CDATA[2018-04-13 14:15:32 - [TEST_CASE][PASSED] - Test Cases/Studio Smoke Test Cases/Create App Shortcut View: Test Cases/Studio Smoke Test Cases/Create App Shortcut View

2018-04-13 14:15:32 - [TEST_STEP][NOT_RUN] - openBrowser: NOT_RUN: openBrowser

2018-04-13 14:15:32 - [MESSAGE][NOT_RUN] - NOT_RUN: openBrowser

2018-04-13 14:15:32 - [TEST_STEP][NOT_RUN] - navigateToUrl: NOT_RUN: navigateToUrl

2018-04-13 14:15:32 - [MESSAGE][NOT_RUN] - NOT_RUN: navigateToUrl

2018-04-13 14:15:32 - [TEST_STEP][NOT_RUN] - setText: NOT_RUN: setText

2018-04-13 14:15:32 - [MESSAGE][NOT_RUN] - NOT_RUN: setText

2018-04-13 14:15:32 - [TEST_STEP][NOT_RUN] - setText: NOT_RUN: setText

2018-04-13 14:15:32 - [MESSAGE][NOT_RUN] - NOT_RUN: setText

2018-04-13 14:15:32 - [TEST_STEP][NOT_RUN] - click: NOT_RUN: click

2018-04-13 14:15:32 - [MESSAGE][NOT_RUN] - NOT_RUN: click

2018-04-13 14:15:32 - [TEST_STEP][NOT_RUN] - delay: NOT_RUN: delay

2018-04-13 14:15:32 - [MESSAGE][NOT_RUN] - NOT_RUN: delay

2018-04-13 14:15:32 - [TEST_STEP][PASSED] - click: Object: 'Object Repository/Create AppShortcut view/Page_Canvas World/span_Initiate' is clicked on

2018-04-13 14:15:33 - [MESSAGE][PASSED] - Object: 'Object Repository/Create AppShortcut view/Page_Canvas World/span_Initiate' is clicked on

2018-04-13 14:15:33 - [TEST_STEP][PASSED] - click: Object: 'Object Repository/Create AppShortcut view/Page_Canvas World/span_Create  New View' is clicked on

2018-04-13 14:15:33 - [MESSAGE][PASSED] - Object: 'Object Repository/Create AppShortcut view/Page_Canvas World/span_Create  New View' is clicked on

2018-04-13 14:15:33 - [TEST_STEP][PASSED] - setText: Text 'AUTOMATION_SHRTCUT_VIEW01' is set on object 'Object Repository/Create AppShortcut view/Page_Canvas World/input_VIEW_ID'

2018-04-13 14:15:37 - [MESSAGE][PASSED] - Text 'AUTOMATION_SHRTCUT_VIEW01' is set on object 'Object Repository/Create AppShortcut view/Page_Canvas World/input_VIEW_ID'

2018-04-13 14:15:37 - [TEST_STEP][PASSED] - setText: Text 'AUTOMATION_SHRTCUT_VIEW01' is set on object 'Object Repository/Create AppShortcut view/Page_Canvas World/input_VIEW_DISPLAY_NM'

2018-04-13 14:15:40 - [MESSAGE][PASSED] - Text 'AUTOMATION_SHRTCUT_VIEW01' is set on object 'Object Repository/Create AppShortcut view/Page_Canvas World/input_VIEW_DISPLAY_NM'

2018-04-13 14:15:40 - [TEST_STEP][PASSED] - selectOptionByValue: All options with value 'APP' are selected in object 'Object Repository/Create AppShortcut view/Page_Canvas World/select_Select Advertisements V'  using regular expression

2018-04-13 14:15:41 - [MESSAGE][PASSED] - All options with value 'APP' are selected in object 'Object Repository/Create AppShortcut view/Page_Canvas World/select_Select Advertisements V'  using regular expression

2018-04-13 14:15:41 - [TEST_STEP][PASSED] - setText: Text 'COMMON' is set on object 'Object Repository/Create AppShortcut view/Page_Canvas World/input_VIEW_BUNDLE_KEY'

2018-04-13 14:15:42 - [MESSAGE][PASSED] - Text 'COMMON' is set on object 'Object Repository/Create AppShortcut view/Page_Canvas World/input_VIEW_BUNDLE_KEY'

2018-04-13 14:15:42 - [TEST_STEP][PASSED] - selectOptionByValue: All options with value 'CUSER' are selected in object 'Object Repository/Create AppShortcut view/Page_Canvas World/select_Select CFFPYMTACCSERCUS'  using regular expression

2018-04-13 14:15:42 - [MESSAGE][PASSED] - All options with value 'CUSER' are selected in object 'Object Repository/Create AppShortcut view/Page_Canvas World/select_Select CFFPYMTACCSERCUS'  using regular expression

2018-04-13 14:15:42 - [TEST_STEP][PASSED] - selectOptionByValue: All options with value 'CUSER' are selected in object 'Object Repository/Create AppShortcut view/Page_Canvas World/select_Select CUSER'  using regular expression

2018-04-13 14:15:43 - [MESSAGE][PASSED] - All options with value 'CUSER' are selected in object 'Object Repository/Create AppShortcut view/Page_Canvas World/select_Select CUSER'  using regular expression

2018-04-13 14:15:43 - [TEST_STEP][PASSED] - selectOptionByValue: All options with value 'VSBLTY' are selected in object 'Object Repository/Create AppShortcut view/Page_Canvas World/select_Select APPROVEINITVIEWV'  using regular expression

2018-04-13 14:15:43 - [MESSAGE][PASSED] - All options with value 'VSBLTY' are selected in object 'Object Repository/Create AppShortcut view/Page_Canvas World/select_Select APPROVEINITVIEWV'  using regular expression

2018-04-13 14:15:43 - [TEST_STEP][PASSED] - click: Object: 'Object Repository/Create AppShortcut view/Page_Canvas World/a_Submit' is clicked on

2018-04-13 14:15:44 - [MESSAGE][PASSED] - Object: 'Object Repository/Create AppShortcut view/Page_Canvas World/a_Submit' is clicked on

2018-04-13 14:15:44 - [TEST_STEP][PASSED] - click: Object: 'Object Repository/Create AppShortcut view/Page_Canvas World/a_Ok' is clicked on

2018-04-13 14:15:46 - [MESSAGE][PASSED] - Object: 'Object Repository/Create AppShortcut view/Page_Canvas World/a_Ok' is clicked on

2018-04-13 14:15:46 - [TEST_STEP][NOT_RUN] - closeBrowser: NOT_RUN: closeBrowser

2018-04-13 14:15:46 - [MESSAGE][NOT_RUN] - NOT_RUN: closeBrowser]]></system-out>
         <system-err><![CDATA[]]></system-err>
      </testcase>
      <testcase name="Test Cases/Studio Smoke Test Cases/App Creation for Grid" classname="Test Cases/Studio Smoke Test Cases/App Creation for Grid" status="PASSED">
         <system-out><![CDATA[2018-04-13 14:15:46 - [TEST_CASE][PASSED] - Test Cases/Studio Smoke Test Cases/App Creation for Grid: Test Cases/Studio Smoke Test Cases/App Creation for Grid

2018-04-13 14:15:46 - [TEST_STEP][NOT_RUN] - openBrowser: NOT_RUN: openBrowser

2018-04-13 14:15:46 - [MESSAGE][NOT_RUN] - NOT_RUN: openBrowser

2018-04-13 14:15:46 - [TEST_STEP][NOT_RUN] - maximizeWindow: NOT_RUN: maximizeWindow

2018-04-13 14:15:46 - [MESSAGE][NOT_RUN] - NOT_RUN: maximizeWindow

2018-04-13 14:15:46 - [TEST_STEP][NOT_RUN] - navigateToUrl: NOT_RUN: navigateToUrl

2018-04-13 14:15:46 - [MESSAGE][NOT_RUN] - NOT_RUN: navigateToUrl

2018-04-13 14:15:46 - [TEST_STEP][NOT_RUN] - setText: NOT_RUN: setText

2018-04-13 14:15:46 - [MESSAGE][NOT_RUN] - NOT_RUN: setText

2018-04-13 14:15:46 - [TEST_STEP][NOT_RUN] - setText: NOT_RUN: setText

2018-04-13 14:15:46 - [MESSAGE][NOT_RUN] - NOT_RUN: setText

2018-04-13 14:15:46 - [TEST_STEP][NOT_RUN] - click: NOT_RUN: click

2018-04-13 14:15:46 - [MESSAGE][NOT_RUN] - NOT_RUN: click

2018-04-13 14:15:46 - [TEST_STEP][PASSED] - click: Object: 'Object Repository/APP for Grid/Page_Canvas World/span_Initiate' is clicked on

2018-04-13 14:15:46 - [MESSAGE][PASSED] - Object: 'Object Repository/APP for Grid/Page_Canvas World/span_Initiate' is clicked on

2018-04-13 14:15:46 - [TEST_STEP][PASSED] - click: Object: 'Object Repository/APP for Grid/Page_Canvas World/span_Create New App' is clicked on

2018-04-13 14:15:47 - [MESSAGE][PASSED] - Object: 'Object Repository/APP for Grid/Page_Canvas World/span_Create New App' is clicked on

2018-04-13 14:15:47 - [TEST_STEP][PASSED] - delay: Delayed 3 second(s)

2018-04-13 14:15:50 - [MESSAGE][PASSED] - Delayed 3 second(s)

2018-04-13 14:15:50 - [TEST_STEP][PASSED] - setText: Text 'AUTOMATION_GRID_APP' is set on object 'Object Repository/APP for Grid/Page_Canvas World/input_WIDGET_ID (1)'

2018-04-13 14:15:51 - [MESSAGE][PASSED] - Text 'AUTOMATION_GRID_APP' is set on object 'Object Repository/APP for Grid/Page_Canvas World/input_WIDGET_ID (1)'

2018-04-13 14:15:51 - [TEST_STEP][PASSED] - setText: Text 'AUTOMATION_GRID_APP' is set on object 'Object Repository/APP for Grid/Page_Canvas World/input_WGT_DISPLAY_NM'

2018-04-13 14:15:53 - [MESSAGE][PASSED] - Text 'AUTOMATION_GRID_APP' is set on object 'Object Repository/APP for Grid/Page_Canvas World/input_WGT_DISPLAY_NM'

2018-04-13 14:15:53 - [TEST_STEP][PASSED] - setText: Text 'COMMON' is set on object 'Object Repository/APP for Grid/Page_Canvas World/input_BUNDLE_KEY'

2018-04-13 14:15:54 - [MESSAGE][PASSED] - Text 'COMMON' is set on object 'Object Repository/APP for Grid/Page_Canvas World/input_BUNDLE_KEY'

2018-04-13 14:15:54 - [TEST_STEP][PASSED] - click: Object: 'Object Repository/APP for Grid/Page_Canvas World/i_flaticon-magnifying-glass2' is clicked on

2018-04-13 14:15:54 - [MESSAGE][PASSED] - Object: 'Object Repository/APP for Grid/Page_Canvas World/i_flaticon-magnifying-glass2' is clicked on

2018-04-13 14:15:54 - [TEST_STEP][PASSED] - click: Object: 'Object Repository/APP for Grid/Page_Canvas World/span_ct-app__tools flaticon-fi' is clicked on

2018-04-13 14:15:56 - [MESSAGE][PASSED] - Object: 'Object Repository/APP for Grid/Page_Canvas World/span_ct-app__tools flaticon-fi' is clicked on

2018-04-13 14:15:56 - [TEST_STEP][PASSED] - click: Object: 'Object Repository/APP for Grid/Page_Canvas World/a_View ID' is clicked on

2018-04-13 14:15:56 - [MESSAGE][PASSED] - Object: 'Object Repository/APP for Grid/Page_Canvas World/a_View ID' is clicked on

2018-04-13 14:15:56 - [TEST_STEP][PASSED] - delay: Delayed 2 second(s)

2018-04-13 14:15:58 - [MESSAGE][PASSED] - Delayed 2 second(s)

2018-04-13 14:15:58 - [TEST_STEP][PASSED] - setText: Text 'AUTOMATION_GRID_VIEW' is set on object 'Object Repository/APP for Grid/Page_Canvas World/input_string_contains'

2018-04-13 14:15:59 - [MESSAGE][PASSED] - Text 'AUTOMATION_GRID_VIEW' is set on object 'Object Repository/APP for Grid/Page_Canvas World/input_string_contains'

2018-04-13 14:15:59 - [TEST_STEP][PASSED] - click: Object: 'Object Repository/APP for Grid/Page_Canvas World/button_SEARCH' is clicked on

2018-04-13 14:15:59 - [MESSAGE][PASSED] - Object: 'Object Repository/APP for Grid/Page_Canvas World/button_SEARCH' is clicked on

2018-04-13 14:15:59 - [TEST_STEP][PASSED] - doubleClick: Object: 'Object Repository/APP for Grid/Page_Canvas World/span_AUTOMATION_GRID_VIEW' is double clicked on

2018-04-13 14:16:00 - [MESSAGE][PASSED] - Object: 'Object Repository/APP for Grid/Page_Canvas World/span_AUTOMATION_GRID_VIEW' is double clicked on

2018-04-13 14:16:00 - [TEST_STEP][PASSED] - doubleClick: Object: 'Object Repository/APP for Grid/Page_Canvas World/span_AUTOMATION_GRID_VIEW' is double clicked on

2018-04-13 14:16:00 - [MESSAGE][PASSED] - Object: 'Object Repository/APP for Grid/Page_Canvas World/span_AUTOMATION_GRID_VIEW' is double clicked on

2018-04-13 14:16:00 - [TEST_STEP][NOT_RUN] - Statement - WebUIKeywords.clickUsingJS(com.kms.katalon.core.testobject.ObjectRepository.findTestObject(APP for Grid/Page_Canvas World/a_Submit), 30): NOT_RUN: Statement - WebUIKeywords.clickUsingJS(com.kms.katalon.core.testobject.ObjectRepository.findTestObject(APP for Grid/Page_Canvas World/a_Submit), 30)

2018-04-13 14:16:00 - [MESSAGE][NOT_RUN] - NOT_RUN: Statement - WebUIKeywords.clickUsingJS(com.kms.katalon.core.testobject.ObjectRepository.findTestObject(APP for Grid/Page_Canvas World/a_Submit), 30)

2018-04-13 14:16:00 - [TEST_STEP][PASSED] - delay: Delayed 5 second(s)

2018-04-13 14:16:05 - [MESSAGE][PASSED] - Delayed 5 second(s)

2018-04-13 14:16:05 - [TEST_STEP][PASSED] - click: Object: 'Object Repository/APP for Grid/Page_Canvas World/a_Submit' is clicked on

2018-04-13 14:16:05 - [MESSAGE][PASSED] - Object: 'Object Repository/APP for Grid/Page_Canvas World/a_Submit' is clicked on

2018-04-13 14:16:05 - [TEST_STEP][NOT_RUN] - waitForElementVisible: NOT_RUN: waitForElementVisible

2018-04-13 14:16:05 - [MESSAGE][NOT_RUN] - NOT_RUN: waitForElementVisible

2018-04-13 14:16:05 - [TEST_STEP][PASSED] - click: Object: 'Object Repository/APP for Grid/Page_Canvas World/a_Ok' is clicked on

2018-04-13 14:16:07 - [MESSAGE][PASSED] - Object: 'Object Repository/APP for Grid/Page_Canvas World/a_Ok' is clicked on

2018-04-13 14:16:07 - [TEST_STEP][NOT_RUN] - closeBrowser: NOT_RUN: closeBrowser

2018-04-13 14:16:07 - [MESSAGE][NOT_RUN] - NOT_RUN: closeBrowser]]></system-out>
         <system-err><![CDATA[]]></system-err>
      </testcase>
      <testcase name="Test Cases/Studio Smoke Test Cases/App Creation for Chart" classname="Test Cases/Studio Smoke Test Cases/App Creation for Chart" status="PASSED">
         <system-out><![CDATA[2018-04-13 14:16:07 - [TEST_CASE][PASSED] - Test Cases/Studio Smoke Test Cases/App Creation for Chart: Test Cases/Studio Smoke Test Cases/App Creation for Chart

2018-04-13 14:16:08 - [TEST_STEP][NOT_RUN] - openBrowser: NOT_RUN: openBrowser

2018-04-13 14:16:08 - [MESSAGE][NOT_RUN] - NOT_RUN: openBrowser

2018-04-13 14:16:08 - [TEST_STEP][NOT_RUN] - maximizeWindow: NOT_RUN: maximizeWindow

2018-04-13 14:16:08 - [MESSAGE][NOT_RUN] - NOT_RUN: maximizeWindow

2018-04-13 14:16:08 - [TEST_STEP][NOT_RUN] - navigateToUrl: NOT_RUN: navigateToUrl

2018-04-13 14:16:08 - [MESSAGE][NOT_RUN] - NOT_RUN: navigateToUrl

2018-04-13 14:16:08 - [TEST_STEP][NOT_RUN] - setText: NOT_RUN: setText

2018-04-13 14:16:08 - [MESSAGE][NOT_RUN] - NOT_RUN: setText

2018-04-13 14:16:08 - [TEST_STEP][NOT_RUN] - setText: NOT_RUN: setText

2018-04-13 14:16:08 - [MESSAGE][NOT_RUN] - NOT_RUN: setText

2018-04-13 14:16:08 - [TEST_STEP][NOT_RUN] - click: NOT_RUN: click

2018-04-13 14:16:08 - [MESSAGE][NOT_RUN] - NOT_RUN: click

2018-04-13 14:16:08 - [TEST_STEP][PASSED] - click: Object: 'Object Repository/APP for Chart/Page_Canvas World/span_Initiate' is clicked on

2018-04-13 14:16:08 - [MESSAGE][PASSED] - Object: 'Object Repository/APP for Chart/Page_Canvas World/span_Initiate' is clicked on

2018-04-13 14:16:08 - [TEST_STEP][PASSED] - click: Object: 'Object Repository/APP for Chart/Page_Canvas World/span_Create New App' is clicked on

2018-04-13 14:16:09 - [MESSAGE][PASSED] - Object: 'Object Repository/APP for Chart/Page_Canvas World/span_Create New App' is clicked on

2018-04-13 14:16:09 - [TEST_STEP][PASSED] - delay: Delayed 3 second(s)

2018-04-13 14:16:12 - [MESSAGE][PASSED] - Delayed 3 second(s)

2018-04-13 14:16:12 - [TEST_STEP][PASSED] - setText: Text 'AUTOMATION_CHART_APP' is set on object 'Object Repository/APP for Chart/Page_Canvas World/input_WIDGET_ID'

2018-04-13 14:16:13 - [MESSAGE][PASSED] - Text 'AUTOMATION_CHART_APP' is set on object 'Object Repository/APP for Chart/Page_Canvas World/input_WIDGET_ID'

2018-04-13 14:16:13 - [TEST_STEP][PASSED] - setText: Text 'AUTOMATION_CHART_APP' is set on object 'Object Repository/APP for Chart/Page_Canvas World/input_WGT_DISPLAY_NM'

2018-04-13 14:16:15 - [MESSAGE][PASSED] - Text 'AUTOMATION_CHART_APP' is set on object 'Object Repository/APP for Chart/Page_Canvas World/input_WGT_DISPLAY_NM'

2018-04-13 14:16:15 - [TEST_STEP][PASSED] - setText: Text 'COMMON' is set on object 'Object Repository/APP for Chart/Page_Canvas World/input_BUNDLE_KEY'

2018-04-13 14:16:16 - [MESSAGE][PASSED] - Text 'COMMON' is set on object 'Object Repository/APP for Chart/Page_Canvas World/input_BUNDLE_KEY'

2018-04-13 14:16:16 - [TEST_STEP][PASSED] - click: Object: 'Object Repository/APP for Chart/Page_Canvas World/i_flaticon-magnifying-glass2' is clicked on

2018-04-13 14:16:16 - [MESSAGE][PASSED] - Object: 'Object Repository/APP for Chart/Page_Canvas World/i_flaticon-magnifying-glass2' is clicked on

2018-04-13 14:16:16 - [TEST_STEP][PASSED] - click: Object: 'Object Repository/APP for Chart/Page_Canvas World/span_ct-app__tools flaticon-fi' is clicked on

2018-04-13 14:16:18 - [MESSAGE][PASSED] - Object: 'Object Repository/APP for Chart/Page_Canvas World/span_ct-app__tools flaticon-fi' is clicked on

2018-04-13 14:16:18 - [TEST_STEP][PASSED] - click: Object: 'Object Repository/APP for Chart/Page_Canvas World/a_View ID' is clicked on

2018-04-13 14:16:18 - [MESSAGE][PASSED] - Object: 'Object Repository/APP for Chart/Page_Canvas World/a_View ID' is clicked on

2018-04-13 14:16:18 - [TEST_STEP][PASSED] - delay: Delayed 3 second(s)

2018-04-13 14:16:21 - [MESSAGE][PASSED] - Delayed 3 second(s)

2018-04-13 14:16:21 - [TEST_STEP][PASSED] - setText: Text 'AUTOMATION_CHART_VIEW01' is set on object 'Object Repository/APP for Chart/Page_Canvas World/input_string_contains'

2018-04-13 14:16:22 - [MESSAGE][PASSED] - Text 'AUTOMATION_CHART_VIEW01' is set on object 'Object Repository/APP for Chart/Page_Canvas World/input_string_contains'

2018-04-13 14:16:22 - [TEST_STEP][PASSED] - click: Object: 'Object Repository/APP for Chart/Page_Canvas World/button_SEARCH' is clicked on

2018-04-13 14:16:22 - [MESSAGE][PASSED] - Object: 'Object Repository/APP for Chart/Page_Canvas World/button_SEARCH' is clicked on

2018-04-13 14:16:22 - [TEST_STEP][PASSED] - doubleClick: Object: 'Object Repository/APP for Chart/Page_Canvas World/span_AUTO_CHART_VIEW01' is double clicked on

2018-04-13 14:16:23 - [MESSAGE][PASSED] - Object: 'Object Repository/APP for Chart/Page_Canvas World/span_AUTO_CHART_VIEW01' is double clicked on

2018-04-13 14:16:23 - [TEST_STEP][PASSED] - doubleClick: Object: 'Object Repository/APP for Chart/Page_Canvas World/span_AUTO_CHART_VIEW01' is double clicked on

2018-04-13 14:16:23 - [MESSAGE][PASSED] - Object: 'Object Repository/APP for Chart/Page_Canvas World/span_AUTO_CHART_VIEW01' is double clicked on

2018-04-13 14:16:23 - [TEST_STEP][PASSED] - delay: Delayed 2 second(s)

2018-04-13 14:16:25 - [MESSAGE][PASSED] - Delayed 2 second(s)

2018-04-13 14:16:25 - [TEST_STEP][PASSED] - click: Object: 'Object Repository/APP for Chart/Page_Canvas World/a_Submit' is clicked on

2018-04-13 14:16:26 - [MESSAGE][PASSED] - Object: 'Object Repository/APP for Chart/Page_Canvas World/a_Submit' is clicked on

2018-04-13 14:16:26 - [TEST_STEP][PASSED] - click: Object: 'Object Repository/APP for Chart/Page_Canvas World/a_Ok' is clicked on

2018-04-13 14:16:28 - [MESSAGE][PASSED] - Object: 'Object Repository/APP for Chart/Page_Canvas World/a_Ok' is clicked on

2018-04-13 14:16:28 - [TEST_STEP][PASSED] - delay: Delayed 2 second(s)

2018-04-13 14:16:30 - [MESSAGE][PASSED] - Delayed 2 second(s)

2018-04-13 14:16:30 - [TEST_STEP][NOT_RUN] - closeBrowser: NOT_RUN: closeBrowser

2018-04-13 14:16:30 - [MESSAGE][NOT_RUN] - NOT_RUN: closeBrowser]]></system-out>
         <system-err><![CDATA[]]></system-err>
      </testcase>
      <testcase name="Test Cases/Studio Smoke Test Cases/APP Creation for Form" classname="Test Cases/Studio Smoke Test Cases/APP Creation for Form" status="PASSED">
         <system-out><![CDATA[2018-04-13 14:16:30 - [TEST_CASE][PASSED] - Test Cases/Studio Smoke Test Cases/APP Creation for Form: Test Cases/Studio Smoke Test Cases/APP Creation for Form

2018-04-13 14:16:30 - [TEST_STEP][NOT_RUN] - openBrowser: NOT_RUN: openBrowser

2018-04-13 14:16:30 - [MESSAGE][NOT_RUN] - NOT_RUN: openBrowser

2018-04-13 14:16:30 - [TEST_STEP][NOT_RUN] - maximizeWindow: NOT_RUN: maximizeWindow

2018-04-13 14:16:30 - [MESSAGE][NOT_RUN] - NOT_RUN: maximizeWindow

2018-04-13 14:16:30 - [TEST_STEP][NOT_RUN] - navigateToUrl: NOT_RUN: navigateToUrl

2018-04-13 14:16:30 - [MESSAGE][NOT_RUN] - NOT_RUN: navigateToUrl

2018-04-13 14:16:30 - [TEST_STEP][NOT_RUN] - setText: NOT_RUN: setText

2018-04-13 14:16:30 - [MESSAGE][NOT_RUN] - NOT_RUN: setText

2018-04-13 14:16:30 - [TEST_STEP][NOT_RUN] - setText: NOT_RUN: setText

2018-04-13 14:16:30 - [MESSAGE][NOT_RUN] - NOT_RUN: setText

2018-04-13 14:16:30 - [TEST_STEP][NOT_RUN] - click: NOT_RUN: click

2018-04-13 14:16:30 - [MESSAGE][NOT_RUN] - NOT_RUN: click

2018-04-13 14:16:30 - [TEST_STEP][PASSED] - click: Object: 'Object Repository/APP for Form/Page_Canvas World/span_Initiate' is clicked on

2018-04-13 14:16:30 - [MESSAGE][PASSED] - Object: 'Object Repository/APP for Form/Page_Canvas World/span_Initiate' is clicked on

2018-04-13 14:16:30 - [TEST_STEP][PASSED] - click: Object: 'Object Repository/APP for Form/Page_Canvas World/span_Create New App' is clicked on

2018-04-13 14:16:31 - [MESSAGE][PASSED] - Object: 'Object Repository/APP for Form/Page_Canvas World/span_Create New App' is clicked on

2018-04-13 14:16:31 - [TEST_STEP][PASSED] - delay: Delayed 2 second(s)

2018-04-13 14:16:33 - [MESSAGE][PASSED] - Delayed 2 second(s)

2018-04-13 14:16:33 - [TEST_STEP][PASSED] - setText: Text 'AUTOMATION_FORM_APP' is set on object 'Object Repository/APP for Form/Page_Canvas World/input_WIDGET_ID'

2018-04-13 14:16:35 - [MESSAGE][PASSED] - Text 'AUTOMATION_FORM_APP' is set on object 'Object Repository/APP for Form/Page_Canvas World/input_WIDGET_ID'

2018-04-13 14:16:35 - [TEST_STEP][PASSED] - setText: Text 'AUTOMATION_FORM_APP' is set on object 'Object Repository/APP for Form/Page_Canvas World/input_WGT_DISPLAY_NM'

2018-04-13 14:16:36 - [MESSAGE][PASSED] - Text 'AUTOMATION_FORM_APP' is set on object 'Object Repository/APP for Form/Page_Canvas World/input_WGT_DISPLAY_NM'

2018-04-13 14:16:36 - [TEST_STEP][PASSED] - setText: Text 'COMMON' is set on object 'Object Repository/APP for Form/Page_Canvas World/input_BUNDLE_KEY'

2018-04-13 14:16:37 - [MESSAGE][PASSED] - Text 'COMMON' is set on object 'Object Repository/APP for Form/Page_Canvas World/input_BUNDLE_KEY'

2018-04-13 14:16:37 - [TEST_STEP][PASSED] - click: Object: 'Object Repository/APP for Form/Page_Canvas World/i_flaticon-magnifying-glass2' is clicked on

2018-04-13 14:16:37 - [MESSAGE][PASSED] - Object: 'Object Repository/APP for Form/Page_Canvas World/i_flaticon-magnifying-glass2' is clicked on

2018-04-13 14:16:37 - [TEST_STEP][PASSED] - click: Object: 'Object Repository/APP for Form/Page_Canvas World/span_ct-app__tools flaticon-fi' is clicked on

2018-04-13 14:16:38 - [MESSAGE][PASSED] - Object: 'Object Repository/APP for Form/Page_Canvas World/span_ct-app__tools flaticon-fi' is clicked on

2018-04-13 14:16:38 - [TEST_STEP][PASSED] - click: Object: 'Object Repository/APP for Form/Page_Canvas World/a_View ID' is clicked on

2018-04-13 14:16:38 - [MESSAGE][PASSED] - Object: 'Object Repository/APP for Form/Page_Canvas World/a_View ID' is clicked on

2018-04-13 14:16:38 - [TEST_STEP][PASSED] - delay: Delayed 2 second(s)

2018-04-13 14:16:40 - [MESSAGE][PASSED] - Delayed 2 second(s)

2018-04-13 14:16:40 - [TEST_STEP][PASSED] - setText: Text 'AUTOMATION_FORMVIEW01' is set on object 'Object Repository/APP for Form/Page_Canvas World/input_string_contains'

2018-04-13 14:16:42 - [MESSAGE][PASSED] - Text 'AUTOMATION_FORMVIEW01' is set on object 'Object Repository/APP for Form/Page_Canvas World/input_string_contains'

2018-04-13 14:16:42 - [TEST_STEP][PASSED] - click: Object: 'Object Repository/APP for Form/Page_Canvas World/button_SEARCH' is clicked on

2018-04-13 14:16:42 - [MESSAGE][PASSED] - Object: 'Object Repository/APP for Form/Page_Canvas World/button_SEARCH' is clicked on

2018-04-13 14:16:42 - [TEST_STEP][PASSED] - doubleClick: Object: 'Object Repository/APP for Form/Page_Canvas World/span_TEST_AUTO_FORMVIEW01' is double clicked on

2018-04-13 14:16:43 - [MESSAGE][PASSED] - Object: 'Object Repository/APP for Form/Page_Canvas World/span_TEST_AUTO_FORMVIEW01' is double clicked on

2018-04-13 14:16:43 - [TEST_STEP][PASSED] - doubleClick: Object: 'Object Repository/APP for Form/Page_Canvas World/span_TEST_AUTO_FORMVIEW01' is double clicked on

2018-04-13 14:16:43 - [MESSAGE][PASSED] - Object: 'Object Repository/APP for Form/Page_Canvas World/span_TEST_AUTO_FORMVIEW01' is double clicked on

2018-04-13 14:16:43 - [TEST_STEP][PASSED] - delay: Delayed 5 second(s)

2018-04-13 14:16:48 - [MESSAGE][PASSED] - Delayed 5 second(s)

2018-04-13 14:16:48 - [TEST_STEP][PASSED] - click: Object: 'Object Repository/APP for Form/Page_Canvas World/a_Submit' is clicked on

2018-04-13 14:16:48 - [MESSAGE][PASSED] - Object: 'Object Repository/APP for Form/Page_Canvas World/a_Submit' is clicked on

2018-04-13 14:16:48 - [TEST_STEP][PASSED] - click: Object: 'Object Repository/APP for Form/Page_Canvas World/a_Ok' is clicked on

2018-04-13 14:16:50 - [MESSAGE][PASSED] - Object: 'Object Repository/APP for Form/Page_Canvas World/a_Ok' is clicked on

2018-04-13 14:16:50 - [TEST_STEP][PASSED] - delay: Delayed 2 second(s)

2018-04-13 14:16:52 - [MESSAGE][PASSED] - Delayed 2 second(s)

2018-04-13 14:16:52 - [TEST_STEP][NOT_RUN] - closeBrowser: NOT_RUN: closeBrowser

2018-04-13 14:16:52 - [MESSAGE][NOT_RUN] - NOT_RUN: closeBrowser]]></system-out>
         <system-err><![CDATA[]]></system-err>
      </testcase>
      <testcase name="Test Cases/Studio Smoke Test Cases/Create New FORM Definition" classname="Test Cases/Studio Smoke Test Cases/Create New FORM Definition" status="PASSED">
         <system-out><![CDATA[2018-04-13 14:16:52 - [TEST_CASE][PASSED] - Test Cases/Studio Smoke Test Cases/Create New FORM Definition: Test Cases/Studio Smoke Test Cases/Create New FORM Definition

2018-04-13 14:16:52 - [TEST_STEP][NOT_RUN] - openBrowser: NOT_RUN: openBrowser

2018-04-13 14:16:52 - [MESSAGE][NOT_RUN] - NOT_RUN: openBrowser

2018-04-13 14:16:52 - [TEST_STEP][NOT_RUN] - maximizeWindow: NOT_RUN: maximizeWindow

2018-04-13 14:16:52 - [MESSAGE][NOT_RUN] - NOT_RUN: maximizeWindow

2018-04-13 14:16:52 - [TEST_STEP][NOT_RUN] - navigateToUrl: NOT_RUN: navigateToUrl

2018-04-13 14:16:52 - [MESSAGE][NOT_RUN] - NOT_RUN: navigateToUrl

2018-04-13 14:16:52 - [TEST_STEP][NOT_RUN] - setText: NOT_RUN: setText

2018-04-13 14:16:52 - [MESSAGE][NOT_RUN] - NOT_RUN: setText

2018-04-13 14:16:52 - [TEST_STEP][NOT_RUN] - setText: NOT_RUN: setText

2018-04-13 14:16:52 - [MESSAGE][NOT_RUN] - NOT_RUN: setText

2018-04-13 14:16:52 - [TEST_STEP][NOT_RUN] - click: NOT_RUN: click

2018-04-13 14:16:52 - [MESSAGE][NOT_RUN] - NOT_RUN: click

2018-04-13 14:16:52 - [TEST_STEP][PASSED] - click: Object: 'Object Repository/Create Form Definition/Page_Canvas World/span_Initiate' is clicked on

2018-04-13 14:16:52 - [MESSAGE][PASSED] - Object: 'Object Repository/Create Form Definition/Page_Canvas World/span_Initiate' is clicked on

2018-04-13 14:16:52 - [TEST_STEP][PASSED] - click: Object: 'Object Repository/Create Form Definition/Page_Canvas World/span_Create New Form' is clicked on

2018-04-13 14:16:53 - [MESSAGE][PASSED] - Object: 'Object Repository/Create Form Definition/Page_Canvas World/span_Create New Form' is clicked on

2018-04-13 14:16:53 - [TEST_STEP][PASSED] - delay: Delayed 3 second(s)

2018-04-13 14:16:56 - [MESSAGE][PASSED] - Delayed 3 second(s)

2018-04-13 14:16:56 - [TEST_STEP][PASSED] - click: Object: 'Object Repository/Create Form Definition/Page_Canvas World/span_designer-item-icon form-i' is clicked on

2018-04-13 14:16:56 - [MESSAGE][PASSED] - Object: 'Object Repository/Create Form Definition/Page_Canvas World/span_designer-item-icon form-i' is clicked on

2018-04-13 14:16:56 - [TEST_STEP][NOT_RUN] - click: NOT_RUN: click

2018-04-13 14:16:56 - [MESSAGE][NOT_RUN] - NOT_RUN: click

2018-04-13 14:16:56 - [TEST_STEP][PASSED] - delay: Delayed 3 second(s)

2018-04-13 14:16:59 - [MESSAGE][PASSED] - Delayed 3 second(s)

2018-04-13 14:16:59 - [TEST_STEP][PASSED] - click: Object: 'Object Repository/Create Form Definition/Page_Canvas World/span_2' is clicked on

2018-04-13 14:17:00 - [MESSAGE][PASSED] - Object: 'Object Repository/Create Form Definition/Page_Canvas World/span_2' is clicked on

2018-04-13 14:17:00 - [TEST_STEP][NOT_RUN] - clearText: NOT_RUN: clearText

2018-04-13 14:17:00 - [MESSAGE][NOT_RUN] - NOT_RUN: clearText

2018-04-13 14:17:00 - [TEST_STEP][PASSED] - sendKeys: Keys 'AUTOMATION TEST FORM' sent to object: 'Object Repository/Create Form Definition/Page_Canvas World/input_input-text'

2018-04-13 14:17:00 - [MESSAGE][PASSED] - Keys 'AUTOMATION TEST FORM' sent to object: 'Object Repository/Create Form Definition/Page_Canvas World/input_input-text'

2018-04-13 14:17:00 - [TEST_STEP][PASSED] - click: Object: 'Object Repository/Create Form Definition/Page_Canvas World/span_designer-item-icon form-i_1' is clicked on

2018-04-13 14:17:01 - [MESSAGE][PASSED] - Object: 'Object Repository/Create Form Definition/Page_Canvas World/span_designer-item-icon form-i_1' is clicked on

2018-04-13 14:17:01 - [TEST_STEP][PASSED] - waitForElementVisible: Object 'Object Repository/Create Form Definition/Page_Canvas World/span_2' is visible

2018-04-13 14:17:01 - [MESSAGE][PASSED] - Object 'Object Repository/Create Form Definition/Page_Canvas World/span_2' is visible

2018-04-13 14:17:01 - [TEST_STEP][PASSED] - click: Object: 'Object Repository/Create Form Definition/Page_Canvas World/span_2' is clicked on

2018-04-13 14:17:01 - [MESSAGE][PASSED] - Object: 'Object Repository/Create Form Definition/Page_Canvas World/span_2' is clicked on

2018-04-13 14:17:01 - [TEST_STEP][NOT_RUN] - clearText: NOT_RUN: clearText

2018-04-13 14:17:01 - [MESSAGE][NOT_RUN] - NOT_RUN: clearText

2018-04-13 14:17:01 - [TEST_STEP][PASSED] - sendKeys: Keys 'FIRST NAME' sent to object: 'Object Repository/Create Form Definition/Page_Canvas World/input_input-text'

2018-04-13 14:17:02 - [MESSAGE][PASSED] - Keys 'FIRST NAME' sent to object: 'Object Repository/Create Form Definition/Page_Canvas World/input_input-text'

2018-04-13 14:17:02 - [TEST_STEP][PASSED] - click: Object: 'Object Repository/Create Form Definition/Page_Canvas World/span_designer-item-icon form-i_2' is clicked on

2018-04-13 14:17:02 - [MESSAGE][PASSED] - Object: 'Object Repository/Create Form Definition/Page_Canvas World/span_designer-item-icon form-i_2' is clicked on

2018-04-13 14:17:02 - [TEST_STEP][PASSED] - waitForElementVisible: Object 'Object Repository/Create Form Definition/Page_Canvas World/span_2' is visible

2018-04-13 14:17:02 - [MESSAGE][PASSED] - Object 'Object Repository/Create Form Definition/Page_Canvas World/span_2' is visible

2018-04-13 14:17:02 - [TEST_STEP][PASSED] - click: Object: 'Object Repository/Create Form Definition/Page_Canvas World/span_2' is clicked on

2018-04-13 14:17:02 - [MESSAGE][PASSED] - Object: 'Object Repository/Create Form Definition/Page_Canvas World/span_2' is clicked on

2018-04-13 14:17:02 - [TEST_STEP][NOT_RUN] - clearText: NOT_RUN: clearText

2018-04-13 14:17:02 - [MESSAGE][NOT_RUN] - NOT_RUN: clearText

2018-04-13 14:17:02 - [TEST_STEP][PASSED] - sendKeys: Keys 'ADDRESS' sent to object: 'Object Repository/Create Form Definition/Page_Canvas World/input_input-text'

2018-04-13 14:17:03 - [MESSAGE][PASSED] - Keys 'ADDRESS' sent to object: 'Object Repository/Create Form Definition/Page_Canvas World/input_input-text'

2018-04-13 14:17:03 - [TEST_STEP][PASSED] - click: Object: 'Object Repository/Create Form Definition/Page_Canvas World/span_designer-item-icon form-i_3' is clicked on

2018-04-13 14:17:03 - [MESSAGE][PASSED] - Object: 'Object Repository/Create Form Definition/Page_Canvas World/span_designer-item-icon form-i_3' is clicked on

2018-04-13 14:17:03 - [TEST_STEP][PASSED] - waitForElementVisible: Object 'Object Repository/Create Form Definition/Page_Canvas World/span_2' is visible

2018-04-13 14:17:04 - [MESSAGE][PASSED] - Object 'Object Repository/Create Form Definition/Page_Canvas World/span_2' is visible

2018-04-13 14:17:04 - [TEST_STEP][PASSED] - click: Object: 'Object Repository/Create Form Definition/Page_Canvas World/span_2' is clicked on

2018-04-13 14:17:04 - [MESSAGE][PASSED] - Object: 'Object Repository/Create Form Definition/Page_Canvas World/span_2' is clicked on

2018-04-13 14:17:04 - [TEST_STEP][NOT_RUN] - clearText: NOT_RUN: clearText

2018-04-13 14:17:04 - [MESSAGE][NOT_RUN] - NOT_RUN: clearText

2018-04-13 14:17:04 - [TEST_STEP][PASSED] - sendKeys: Keys 'SUBMIT' sent to object: 'Object Repository/Create Form Definition/Page_Canvas World/input_input-text'

2018-04-13 14:17:04 - [MESSAGE][PASSED] - Keys 'SUBMIT' sent to object: 'Object Repository/Create Form Definition/Page_Canvas World/input_input-text'

2018-04-13 14:17:04 - [TEST_STEP][PASSED] - click: Object: 'Object Repository/Create Form Definition/Page_Canvas World/input_designer-btn save-btn' is clicked on

2018-04-13 14:17:05 - [MESSAGE][PASSED] - Object: 'Object Repository/Create Form Definition/Page_Canvas World/input_designer-btn save-btn' is clicked on

2018-04-13 14:17:05 - [TEST_STEP][PASSED] - click: Object: 'Object Repository/Create Form Definition/Page_Canvas World/a_Ok' is clicked on

2018-04-13 14:17:07 - [MESSAGE][PASSED] - Object: 'Object Repository/Create Form Definition/Page_Canvas World/a_Ok' is clicked on

2018-04-13 14:17:07 - [TEST_STEP][NOT_RUN] - closeBrowser: NOT_RUN: closeBrowser

2018-04-13 14:17:07 - [MESSAGE][NOT_RUN] - NOT_RUN: closeBrowser]]></system-out>
         <system-err><![CDATA[]]></system-err>
      </testcase>
      <testcase name="Test Cases/Studio Smoke Test Cases/APP Creation for Shortcut" classname="Test Cases/Studio Smoke Test Cases/APP Creation for Shortcut" status="PASSED">
         <system-out><![CDATA[2018-04-13 14:17:07 - [TEST_CASE][PASSED] - Test Cases/Studio Smoke Test Cases/APP Creation for Shortcut: Test Cases/Studio Smoke Test Cases/APP Creation for Shortcut

2018-04-13 14:17:07 - [TEST_STEP][NOT_RUN] - openBrowser: NOT_RUN: openBrowser

2018-04-13 14:17:07 - [MESSAGE][NOT_RUN] - NOT_RUN: openBrowser

2018-04-13 14:17:07 - [TEST_STEP][NOT_RUN] - navigateToUrl: NOT_RUN: navigateToUrl

2018-04-13 14:17:07 - [MESSAGE][NOT_RUN] - NOT_RUN: navigateToUrl

2018-04-13 14:17:07 - [TEST_STEP][NOT_RUN] - setText: NOT_RUN: setText

2018-04-13 14:17:07 - [MESSAGE][NOT_RUN] - NOT_RUN: setText

2018-04-13 14:17:07 - [TEST_STEP][NOT_RUN] - setText: NOT_RUN: setText

2018-04-13 14:17:07 - [MESSAGE][NOT_RUN] - NOT_RUN: setText

2018-04-13 14:17:07 - [TEST_STEP][NOT_RUN] - click: NOT_RUN: click

2018-04-13 14:17:07 - [MESSAGE][NOT_RUN] - NOT_RUN: click

2018-04-13 14:17:07 - [TEST_STEP][PASSED] - click: Object: 'Object Repository/APP for Shortcut/Page_Canvas World/span_Initiate' is clicked on

2018-04-13 14:17:07 - [MESSAGE][PASSED] - Object: 'Object Repository/APP for Shortcut/Page_Canvas World/span_Initiate' is clicked on

2018-04-13 14:17:07 - [TEST_STEP][PASSED] - click: Object: 'Object Repository/APP for Shortcut/Page_Canvas World/span_Create New App' is clicked on

2018-04-13 14:17:08 - [MESSAGE][PASSED] - Object: 'Object Repository/APP for Shortcut/Page_Canvas World/span_Create New App' is clicked on

2018-04-13 14:17:08 - [TEST_STEP][PASSED] - delay: Delayed 2 second(s)

2018-04-13 14:17:10 - [MESSAGE][PASSED] - Delayed 2 second(s)

2018-04-13 14:17:10 - [TEST_STEP][PASSED] - setText: Text 'AUTOMATION_SHORTCUT_APP' is set on object 'Object Repository/APP for Shortcut/Page_Canvas World/input_WIDGET_ID'

2018-04-13 14:17:12 - [MESSAGE][PASSED] - Text 'AUTOMATION_SHORTCUT_APP' is set on object 'Object Repository/APP for Shortcut/Page_Canvas World/input_WIDGET_ID'

2018-04-13 14:17:12 - [TEST_STEP][PASSED] - setText: Text 'AUTOMATION_SHORTCUT_APP' is set on object 'Object Repository/APP for Shortcut/Page_Canvas World/input_WGT_DISPLAY_NM'

2018-04-13 14:17:14 - [MESSAGE][PASSED] - Text 'AUTOMATION_SHORTCUT_APP' is set on object 'Object Repository/APP for Shortcut/Page_Canvas World/input_WGT_DISPLAY_NM'

2018-04-13 14:17:14 - [TEST_STEP][PASSED] - setText: Text 'COMMON' is set on object 'Object Repository/APP for Shortcut/Page_Canvas World/input_BUNDLE_KEY'

2018-04-13 14:17:15 - [MESSAGE][PASSED] - Text 'COMMON' is set on object 'Object Repository/APP for Shortcut/Page_Canvas World/input_BUNDLE_KEY'

2018-04-13 14:17:15 - [TEST_STEP][PASSED] - click: Object: 'Object Repository/APP for Shortcut/Page_Canvas World/i_flaticon-magnifying-glass2' is clicked on

2018-04-13 14:17:15 - [MESSAGE][PASSED] - Object: 'Object Repository/APP for Shortcut/Page_Canvas World/i_flaticon-magnifying-glass2' is clicked on

2018-04-13 14:17:15 - [TEST_STEP][PASSED] - click: Object: 'Object Repository/APP for Shortcut/Page_Canvas World/span_ct-app__tools flaticon-fi' is clicked on

2018-04-13 14:17:16 - [MESSAGE][PASSED] - Object: 'Object Repository/APP for Shortcut/Page_Canvas World/span_ct-app__tools flaticon-fi' is clicked on

2018-04-13 14:17:16 - [TEST_STEP][PASSED] - click: Object: 'Object Repository/APP for Shortcut/Page_Canvas World/a_View ID' is clicked on

2018-04-13 14:17:16 - [MESSAGE][PASSED] - Object: 'Object Repository/APP for Shortcut/Page_Canvas World/a_View ID' is clicked on

2018-04-13 14:17:16 - [TEST_STEP][PASSED] - delay: Delayed 2 second(s)

2018-04-13 14:17:18 - [MESSAGE][PASSED] - Delayed 2 second(s)

2018-04-13 14:17:18 - [TEST_STEP][PASSED] - setText: Text 'AUTOMATION_SHRTCUT_VIEW01' is set on object 'Object Repository/APP for Shortcut/Page_Canvas World/input_string_contains'

2018-04-13 14:17:19 - [MESSAGE][PASSED] - Text 'AUTOMATION_SHRTCUT_VIEW01' is set on object 'Object Repository/APP for Shortcut/Page_Canvas World/input_string_contains'

2018-04-13 14:17:19 - [TEST_STEP][PASSED] - click: Object: 'Object Repository/APP for Shortcut/Page_Canvas World/button_SEARCH' is clicked on

2018-04-13 14:17:20 - [MESSAGE][PASSED] - Object: 'Object Repository/APP for Shortcut/Page_Canvas World/button_SEARCH' is clicked on

2018-04-13 14:17:20 - [TEST_STEP][PASSED] - doubleClick: Object: 'Object Repository/APP for Shortcut/Page_Canvas World/span_TEST_AUTO_APPSHRTCUT01' is double clicked on

2018-04-13 14:17:21 - [MESSAGE][PASSED] - Object: 'Object Repository/APP for Shortcut/Page_Canvas World/span_TEST_AUTO_APPSHRTCUT01' is double clicked on

2018-04-13 14:17:21 - [TEST_STEP][PASSED] - doubleClick: Object: 'Object Repository/APP for Shortcut/Page_Canvas World/span_TEST_AUTO_APPSHRTCUT01' is double clicked on

2018-04-13 14:17:21 - [MESSAGE][PASSED] - Object: 'Object Repository/APP for Shortcut/Page_Canvas World/span_TEST_AUTO_APPSHRTCUT01' is double clicked on

2018-04-13 14:17:21 - [TEST_STEP][PASSED] - delay: Delayed 5 second(s)

2018-04-13 14:17:26 - [MESSAGE][PASSED] - Delayed 5 second(s)

2018-04-13 14:17:26 - [TEST_STEP][PASSED] - click: Object: 'Object Repository/APP for Shortcut/Page_Canvas World/a_Submit' is clicked on

2018-04-13 14:17:26 - [MESSAGE][PASSED] - Object: 'Object Repository/APP for Shortcut/Page_Canvas World/a_Submit' is clicked on

2018-04-13 14:17:26 - [TEST_STEP][PASSED] - click: Object: 'Object Repository/APP for Shortcut/Page_Canvas World/a_Ok' is clicked on

2018-04-13 14:17:28 - [MESSAGE][PASSED] - Object: 'Object Repository/APP for Shortcut/Page_Canvas World/a_Ok' is clicked on

2018-04-13 14:17:28 - [TEST_STEP][PASSED] - delay: Delayed 2 second(s)

2018-04-13 14:17:30 - [MESSAGE][PASSED] - Delayed 2 second(s)

2018-04-13 14:17:30 - [TEST_STEP][NOT_RUN] - closeBrowser: NOT_RUN: closeBrowser

2018-04-13 14:17:30 - [MESSAGE][NOT_RUN] - NOT_RUN: closeBrowser]]></system-out>
         <system-err><![CDATA[]]></system-err>
      </testcase>
      <testcase name="Test Cases/Studio Smoke Test Cases/Create Workspace Shortcut" classname="Test Cases/Studio Smoke Test Cases/Create Workspace Shortcut" status="PASSED">
         <system-out><![CDATA[2018-04-13 14:17:30 - [TEST_CASE][PASSED] - Test Cases/Studio Smoke Test Cases/Create Workspace Shortcut: Test Cases/Studio Smoke Test Cases/Create Workspace Shortcut

2018-04-13 14:17:30 - [TEST_STEP][NOT_RUN] - openBrowser: NOT_RUN: openBrowser

2018-04-13 14:17:30 - [MESSAGE][NOT_RUN] - NOT_RUN: openBrowser

2018-04-13 14:17:30 - [TEST_STEP][NOT_RUN] - maximizeWindow: NOT_RUN: maximizeWindow

2018-04-13 14:17:30 - [MESSAGE][NOT_RUN] - NOT_RUN: maximizeWindow

2018-04-13 14:17:30 - [TEST_STEP][NOT_RUN] - navigateToUrl: NOT_RUN: navigateToUrl

2018-04-13 14:17:30 - [MESSAGE][NOT_RUN] - NOT_RUN: navigateToUrl

2018-04-13 14:17:30 - [TEST_STEP][NOT_RUN] - setText: NOT_RUN: setText

2018-04-13 14:17:30 - [MESSAGE][NOT_RUN] - NOT_RUN: setText

2018-04-13 14:17:30 - [TEST_STEP][NOT_RUN] - setText: NOT_RUN: setText

2018-04-13 14:17:30 - [MESSAGE][NOT_RUN] - NOT_RUN: setText

2018-04-13 14:17:30 - [TEST_STEP][NOT_RUN] - click: NOT_RUN: click

2018-04-13 14:17:30 - [MESSAGE][NOT_RUN] - NOT_RUN: click

2018-04-13 14:17:30 - [TEST_STEP][PASSED] - delay: Delayed 2 second(s)

2018-04-13 14:17:32 - [MESSAGE][PASSED] - Delayed 2 second(s)

2018-04-13 14:17:32 - [TEST_STEP][PASSED] - click: Object: 'Object Repository/Create SHORTCUTS/Page_Canvas World/span_Initiate' is clicked on

2018-04-13 14:17:32 - [MESSAGE][PASSED] - Object: 'Object Repository/Create SHORTCUTS/Page_Canvas World/span_Initiate' is clicked on

2018-04-13 14:17:32 - [TEST_STEP][PASSED] - click: Object: 'Object Repository/Create SHORTCUTS/Page_Canvas World/span_Create Shortcuts' is clicked on

2018-04-13 14:17:33 - [MESSAGE][PASSED] - Object: 'Object Repository/Create SHORTCUTS/Page_Canvas World/span_Create Shortcuts' is clicked on

2018-04-13 14:17:33 - [TEST_STEP][PASSED] - delay: Delayed 3 second(s)

2018-04-13 14:17:36 - [MESSAGE][PASSED] - Delayed 3 second(s)

2018-04-13 14:17:36 - [TEST_STEP][PASSED] - click: Object: 'Object Repository/Create SHORTCUTS/Page_Canvas World/workspace search lookup' is clicked on

2018-04-13 14:17:36 - [MESSAGE][PASSED] - Object: 'Object Repository/Create SHORTCUTS/Page_Canvas World/workspace search lookup' is clicked on

2018-04-13 14:17:36 - [TEST_STEP][NOT_RUN] - waitForElementPresent: NOT_RUN: waitForElementPresent

2018-04-13 14:17:36 - [MESSAGE][NOT_RUN] - NOT_RUN: waitForElementPresent

2018-04-13 14:17:36 - [TEST_STEP][PASSED] - delay: Delayed 2 second(s)

2018-04-13 14:17:38 - [MESSAGE][PASSED] - Delayed 2 second(s)

2018-04-13 14:17:38 - [TEST_STEP][PASSED] - doubleClick: Object: 'Object Repository/Create SHORTCUTS/Page_Canvas World/span_PAYMENT_WS' is double clicked on

2018-04-13 14:17:38 - [MESSAGE][PASSED] - Object: 'Object Repository/Create SHORTCUTS/Page_Canvas World/span_PAYMENT_WS' is double clicked on

2018-04-13 14:17:38 - [TEST_STEP][PASSED] - doubleClick: Object: 'Object Repository/Create SHORTCUTS/Page_Canvas World/span_PAYMENT_WS' is double clicked on

2018-04-13 14:17:38 - [MESSAGE][PASSED] - Object: 'Object Repository/Create SHORTCUTS/Page_Canvas World/span_PAYMENT_WS' is double clicked on

2018-04-13 14:17:38 - [TEST_STEP][PASSED] - selectOptionByValue: All options with value 'CUSER' are selected in object 'Object Repository/Create SHORTCUTS/Page_Canvas World/select_Select CFFPYMTACCSERCUS'  using regular expression

2018-04-13 14:17:39 - [MESSAGE][PASSED] - All options with value 'CUSER' are selected in object 'Object Repository/Create SHORTCUTS/Page_Canvas World/select_Select CFFPYMTACCSERCUS'  using regular expression

2018-04-13 14:17:39 - [TEST_STEP][PASSED] - selectOptionByValue: All options with value 'CUSER' are selected in object 'Object Repository/Create SHORTCUTS/Page_Canvas World/select_Select CUSER'  using regular expression

2018-04-13 14:17:39 - [MESSAGE][PASSED] - All options with value 'CUSER' are selected in object 'Object Repository/Create SHORTCUTS/Page_Canvas World/select_Select CUSER'  using regular expression

2018-04-13 14:17:39 - [TEST_STEP][PASSED] - setText: Text 'PAYMENT_WS_SHORTCUT' is set on object 'Object Repository/Create SHORTCUTS/Page_Canvas World/input_APP_ID'

2018-04-13 14:17:40 - [MESSAGE][PASSED] - Text 'PAYMENT_WS_SHORTCUT' is set on object 'Object Repository/Create SHORTCUTS/Page_Canvas World/input_APP_ID'

2018-04-13 14:17:40 - [TEST_STEP][PASSED] - setText: Text 'PAYMENT_WS_SHORTCUT' is set on object 'Object Repository/Create SHORTCUTS/Page_Canvas World/input_APP_DISPLAY_NM_KEY'

2018-04-13 14:17:41 - [MESSAGE][PASSED] - Text 'PAYMENT_WS_SHORTCUT' is set on object 'Object Repository/Create SHORTCUTS/Page_Canvas World/input_APP_DISPLAY_NM_KEY'

2018-04-13 14:17:41 - [TEST_STEP][PASSED] - click: Object: 'Object Repository/Create SHORTCUTS/Page_Canvas World/a_Save' is clicked on

2018-04-13 14:17:41 - [MESSAGE][PASSED] - Object: 'Object Repository/Create SHORTCUTS/Page_Canvas World/a_Save' is clicked on

2018-04-13 14:17:41 - [TEST_STEP][PASSED] - delay: Delayed 2 second(s)

2018-04-13 14:17:43 - [MESSAGE][PASSED] - Delayed 2 second(s)

2018-04-13 14:17:43 - [TEST_STEP][PASSED] - click: Object: 'Object Repository/Create SHORTCUTS/Page_Canvas World/a_Ok' is clicked on

2018-04-13 14:17:44 - [MESSAGE][PASSED] - Object: 'Object Repository/Create SHORTCUTS/Page_Canvas World/a_Ok' is clicked on

2018-04-13 14:17:44 - [TEST_STEP][NOT_RUN] - closeBrowser: NOT_RUN: closeBrowser

2018-04-13 14:17:44 - [MESSAGE][NOT_RUN] - NOT_RUN: closeBrowser]]></system-out>
         <system-err><![CDATA[]]></system-err>
      </testcase>
      <testcase name="Test Cases/Studio Smoke Test Cases/Create Template" classname="Test Cases/Studio Smoke Test Cases/Create Template" status="PASSED">
         <system-out><![CDATA[2018-04-13 14:17:44 - [TEST_CASE][PASSED] - Test Cases/Studio Smoke Test Cases/Create Template: Test Cases/Studio Smoke Test Cases/Create Template

2018-04-13 14:17:44 - [TEST_STEP][NOT_RUN] - openBrowser: NOT_RUN: openBrowser

2018-04-13 14:17:44 - [MESSAGE][NOT_RUN] - NOT_RUN: openBrowser

2018-04-13 14:17:44 - [TEST_STEP][NOT_RUN] - maximizeWindow: NOT_RUN: maximizeWindow

2018-04-13 14:17:44 - [MESSAGE][NOT_RUN] - NOT_RUN: maximizeWindow

2018-04-13 14:17:44 - [TEST_STEP][NOT_RUN] - navigateToUrl: NOT_RUN: navigateToUrl

2018-04-13 14:17:44 - [MESSAGE][NOT_RUN] - NOT_RUN: navigateToUrl

2018-04-13 14:17:44 - [TEST_STEP][NOT_RUN] - setText: NOT_RUN: setText

2018-04-13 14:17:44 - [MESSAGE][NOT_RUN] - NOT_RUN: setText

2018-04-13 14:17:44 - [TEST_STEP][NOT_RUN] - setText: NOT_RUN: setText

2018-04-13 14:17:44 - [MESSAGE][NOT_RUN] - NOT_RUN: setText

2018-04-13 14:17:44 - [TEST_STEP][NOT_RUN] - click: NOT_RUN: click

2018-04-13 14:17:44 - [MESSAGE][NOT_RUN] - NOT_RUN: click

2018-04-13 14:17:44 - [TEST_STEP][PASSED] - click: Object: 'Object Repository/Create Template/Page_Canvas World/span_Initiate' is clicked on

2018-04-13 14:17:44 - [MESSAGE][PASSED] - Object: 'Object Repository/Create Template/Page_Canvas World/span_Initiate' is clicked on

2018-04-13 14:17:44 - [TEST_STEP][PASSED] - click: Object: 'Object Repository/Create Template/Page_Canvas World/span_Create New Template' is clicked on

2018-04-13 14:17:44 - [MESSAGE][PASSED] - Object: 'Object Repository/Create Template/Page_Canvas World/span_Create New Template' is clicked on

2018-04-13 14:17:44 - [TEST_STEP][PASSED] - delay: Delayed 2 second(s)

2018-04-13 14:17:46 - [MESSAGE][PASSED] - Delayed 2 second(s)

2018-04-13 14:17:46 - [TEST_STEP][PASSED] - setText: Text 'AUTOMATION_TEMPLATE' is set on object 'Object Repository/Create Template/Page_Canvas World/input_TEMPLATE_ID'

2018-04-13 14:17:47 - [MESSAGE][PASSED] - Text 'AUTOMATION_TEMPLATE' is set on object 'Object Repository/Create Template/Page_Canvas World/input_TEMPLATE_ID'

2018-04-13 14:17:47 - [TEST_STEP][PASSED] - delay: Delayed 2 second(s)

2018-04-13 14:17:49 - [MESSAGE][PASSED] - Delayed 2 second(s)

2018-04-13 14:17:49 - [TEST_STEP][PASSED] - setText: Text 'AUTOMATION_TEMPLATE' is set on object 'Object Repository/Create Template/Page_Canvas World/input_TEMPLATE_DESC'

2018-04-13 14:17:50 - [MESSAGE][PASSED] - Text 'AUTOMATION_TEMPLATE' is set on object 'Object Repository/Create Template/Page_Canvas World/input_TEMPLATE_DESC'

2018-04-13 14:17:50 - [TEST_STEP][PASSED] - click: Object: 'Object Repository/Create Template/Page_Canvas World/label_Yes' is clicked on

2018-04-13 14:17:50 - [MESSAGE][PASSED] - Object: 'Object Repository/Create Template/Page_Canvas World/label_Yes' is clicked on

2018-04-13 14:17:50 - [TEST_STEP][PASSED] - setText: Text 'templates/html/index.html' is set on object 'Object Repository/Create Template/Page_Canvas World/textarea_TEMPLATE_CONFIG'

2018-04-13 14:17:51 - [MESSAGE][PASSED] - Text 'templates/html/index.html' is set on object 'Object Repository/Create Template/Page_Canvas World/textarea_TEMPLATE_CONFIG'

2018-04-13 14:17:51 - [TEST_STEP][PASSED] - click: Object: 'Object Repository/Create Template/Page_Canvas World/a_Submit' is clicked on

2018-04-13 14:17:52 - [MESSAGE][PASSED] - Object: 'Object Repository/Create Template/Page_Canvas World/a_Submit' is clicked on

2018-04-13 14:17:52 - [TEST_STEP][PASSED] - click: Object: 'Object Repository/Create Template/Page_Canvas World/a_Ok' is clicked on

2018-04-13 14:17:53 - [MESSAGE][PASSED] - Object: 'Object Repository/Create Template/Page_Canvas World/a_Ok' is clicked on

2018-04-13 14:17:53 - [TEST_STEP][NOT_RUN] - closeBrowser: NOT_RUN: closeBrowser

2018-04-13 14:17:53 - [MESSAGE][NOT_RUN] - NOT_RUN: closeBrowser]]></system-out>
         <system-err><![CDATA[]]></system-err>
      </testcase>
      <testcase name="Test Cases/Studio Smoke Test Cases/Create Request Modeler" classname="Test Cases/Studio Smoke Test Cases/Create Request Modeler" status="PASSED">
         <system-out><![CDATA[2018-04-13 14:17:53 - [TEST_CASE][PASSED] - Test Cases/Studio Smoke Test Cases/Create Request Modeler: Test Cases/Studio Smoke Test Cases/Create Request Modeler

2018-04-13 14:17:54 - [TEST_STEP][NOT_RUN] - openBrowser: NOT_RUN: openBrowser

2018-04-13 14:17:54 - [MESSAGE][NOT_RUN] - NOT_RUN: openBrowser

2018-04-13 14:17:54 - [TEST_STEP][NOT_RUN] - maximizeWindow: NOT_RUN: maximizeWindow

2018-04-13 14:17:54 - [MESSAGE][NOT_RUN] - NOT_RUN: maximizeWindow

2018-04-13 14:17:54 - [TEST_STEP][NOT_RUN] - navigateToUrl: NOT_RUN: navigateToUrl

2018-04-13 14:17:54 - [MESSAGE][NOT_RUN] - NOT_RUN: navigateToUrl

2018-04-13 14:17:54 - [TEST_STEP][NOT_RUN] - setText: NOT_RUN: setText

2018-04-13 14:17:54 - [MESSAGE][NOT_RUN] - NOT_RUN: setText

2018-04-13 14:17:54 - [TEST_STEP][NOT_RUN] - setText: NOT_RUN: setText

2018-04-13 14:17:54 - [MESSAGE][NOT_RUN] - NOT_RUN: setText

2018-04-13 14:17:54 - [TEST_STEP][NOT_RUN] - click: NOT_RUN: click

2018-04-13 14:17:54 - [MESSAGE][NOT_RUN] - NOT_RUN: click

2018-04-13 14:17:54 - [TEST_STEP][PASSED] - delay: Delayed 3 second(s)

2018-04-13 14:17:57 - [MESSAGE][PASSED] - Delayed 3 second(s)

2018-04-13 14:17:57 - [TEST_STEP][PASSED] - click: Object: 'Object Repository/Create Request Modeler/Page_Canvas World/span_Initiate' is clicked on

2018-04-13 14:17:57 - [MESSAGE][PASSED] - Object: 'Object Repository/Create Request Modeler/Page_Canvas World/span_Initiate' is clicked on

2018-04-13 14:17:57 - [TEST_STEP][PASSED] - click: Object: 'Object Repository/Create Request Modeler/Page_Canvas World/span_Create  New Request' is clicked on

2018-04-13 14:17:57 - [MESSAGE][PASSED] - Object: 'Object Repository/Create Request Modeler/Page_Canvas World/span_Create  New Request' is clicked on

2018-04-13 14:17:57 - [TEST_STEP][PASSED] - delay: Delayed 3 second(s)

2018-04-13 14:18:00 - [MESSAGE][PASSED] - Delayed 3 second(s)

2018-04-13 14:18:00 - [TEST_STEP][PASSED] - setText: Text 'AUTO_REQMOD01' is set on object 'Object Repository/Create Request Modeler/Page_Canvas World/input_REQ_ID'

2018-04-13 14:18:01 - [MESSAGE][PASSED] - Text 'AUTO_REQMOD01' is set on object 'Object Repository/Create Request Modeler/Page_Canvas World/input_REQ_ID'

2018-04-13 14:18:01 - [TEST_STEP][PASSED] - setText: Text 'AUTOMATION_REQUESTMODELER' is set on object 'Object Repository/Create Request Modeler/Page_Canvas World/input_REQ_DISPLAY_NM'

2018-04-13 14:18:02 - [MESSAGE][PASSED] - Text 'AUTOMATION_REQUESTMODELER' is set on object 'Object Repository/Create Request Modeler/Page_Canvas World/input_REQ_DISPLAY_NM'

2018-04-13 14:18:02 - [TEST_STEP][PASSED] - click: Object: 'Object Repository/Create Request Modeler/Page_Canvas World/label_Admin' is clicked on

2018-04-13 14:18:02 - [MESSAGE][PASSED] - Object: 'Object Repository/Create Request Modeler/Page_Canvas World/label_Admin' is clicked on

2018-04-13 14:18:02 - [TEST_STEP][PASSED] - setText: Text 'COMMON' is set on object 'Object Repository/Create Request Modeler/Page_Canvas World/input_BUNDLE'

2018-04-13 14:18:03 - [MESSAGE][PASSED] - Text 'COMMON' is set on object 'Object Repository/Create Request Modeler/Page_Canvas World/input_BUNDLE'

2018-04-13 14:18:03 - [TEST_STEP][PASSED] - click: Object: 'Object Repository/Create Request Modeler/Page_Canvas World/label_Public' is clicked on

2018-04-13 14:18:03 - [MESSAGE][PASSED] - Object: 'Object Repository/Create Request Modeler/Page_Canvas World/label_Public' is clicked on

2018-04-13 14:18:03 - [TEST_STEP][PASSED] - selectOptionByValue: All options with value 'LIBRARY' are selected in object 'Object Repository/Create Request Modeler/Page_Canvas World/select_Select LibraryService R'  using regular expression

2018-04-13 14:18:04 - [MESSAGE][PASSED] - All options with value 'LIBRARY' are selected in object 'Object Repository/Create Request Modeler/Page_Canvas World/select_Select LibraryService R'  using regular expression

2018-04-13 14:18:04 - [TEST_STEP][PASSED] - setText: Text 'AUTOMATION REQUEST MODELER' is set on object 'Object Repository/Create Request Modeler/Page_Canvas World/textarea_REQ_DESC'

2018-04-13 14:18:05 - [MESSAGE][PASSED] - Text 'AUTOMATION REQUEST MODELER' is set on object 'Object Repository/Create Request Modeler/Page_Canvas World/textarea_REQ_DESC'

2018-04-13 14:18:05 - [TEST_STEP][PASSED] - click: Object: 'Object Repository/Create Request Modeler/Page_Canvas World/i_flaticon-magnifying-glass2' is clicked on

2018-04-13 14:18:05 - [MESSAGE][PASSED] - Object: 'Object Repository/Create Request Modeler/Page_Canvas World/i_flaticon-magnifying-glass2' is clicked on

2018-04-13 14:18:05 - [TEST_STEP][PASSED] - doubleClick: Object: 'Object Repository/Create Request Modeler/Page_Canvas World/span_TEST_AUTOMATION_CONN' is double clicked on

2018-04-13 14:18:06 - [MESSAGE][PASSED] - Object: 'Object Repository/Create Request Modeler/Page_Canvas World/span_TEST_AUTOMATION_CONN' is double clicked on

2018-04-13 14:18:06 - [TEST_STEP][PASSED] - doubleClick: Object: 'Object Repository/Create Request Modeler/Page_Canvas World/span_TEST_AUTOMATION_CONN' is double clicked on

2018-04-13 14:18:06 - [MESSAGE][PASSED] - Object: 'Object Repository/Create Request Modeler/Page_Canvas World/span_TEST_AUTOMATION_CONN' is double clicked on

2018-04-13 14:18:06 - [TEST_STEP][PASSED] - selectOptionByValue: All options with value 'CUSER' are selected in object 'Object Repository/Create Request Modeler/Page_Canvas World/Select_Cuser_Init'  using regular expression

2018-04-13 14:18:08 - [MESSAGE][PASSED] - All options with value 'CUSER' are selected in object 'Object Repository/Create Request Modeler/Page_Canvas World/Select_Cuser_Init'  using regular expression

2018-04-13 14:18:08 - [TEST_STEP][PASSED] - selectOptionByValue: All options with value 'CUSER' are selected in object 'Object Repository/Create Request Modeler/Page_Canvas World/Select_SP_init'  using regular expression

2018-04-13 14:18:08 - [MESSAGE][PASSED] - All options with value 'CUSER' are selected in object 'Object Repository/Create Request Modeler/Page_Canvas World/Select_SP_init'  using regular expression

2018-04-13 14:18:08 - [TEST_STEP][PASSED] - selectOptionByValue: All options with value 'INIT' are selected in object 'Object Repository/Create Request Modeler/Page_Canvas World/select_function_INIT'  using regular expression

2018-04-13 14:18:09 - [MESSAGE][PASSED] - All options with value 'INIT' are selected in object 'Object Repository/Create Request Modeler/Page_Canvas World/select_function_INIT'  using regular expression

2018-04-13 14:18:09 - [TEST_STEP][PASSED] - selectOptionByValue: All options with value 'CUSER' are selected in object 'Object Repository/Create Request Modeler/Page_Canvas World/Select_Cuser_Approve'  using regular expression

2018-04-13 14:18:09 - [MESSAGE][PASSED] - All options with value 'CUSER' are selected in object 'Object Repository/Create Request Modeler/Page_Canvas World/Select_Cuser_Approve'  using regular expression

2018-04-13 14:18:09 - [TEST_STEP][PASSED] - selectOptionByValue: All options with value 'CUSER' are selected in object 'Object Repository/Create Request Modeler/Page_Canvas World/Select_SP_approve'  using regular expression

2018-04-13 14:18:10 - [MESSAGE][PASSED] - All options with value 'CUSER' are selected in object 'Object Repository/Create Request Modeler/Page_Canvas World/Select_SP_approve'  using regular expression

2018-04-13 14:18:10 - [TEST_STEP][PASSED] - selectOptionByValue: All options with value 'APPROVE' are selected in object 'Object Repository/Create Request Modeler/Page_Canvas World/select_function_Approve'  using regular expression

2018-04-13 14:18:10 - [MESSAGE][PASSED] - All options with value 'APPROVE' are selected in object 'Object Repository/Create Request Modeler/Page_Canvas World/select_function_Approve'  using regular expression

2018-04-13 14:18:10 - [TEST_STEP][PASSED] - selectOptionByValue: All options with value 'CUSER' are selected in object 'Object Repository/Create Request Modeler/Page_Canvas World/Select_Cuser_View'  using regular expression

2018-04-13 14:18:11 - [MESSAGE][PASSED] - All options with value 'CUSER' are selected in object 'Object Repository/Create Request Modeler/Page_Canvas World/Select_Cuser_View'  using regular expression

2018-04-13 14:18:11 - [TEST_STEP][PASSED] - selectOptionByValue: All options with value 'CUSER' are selected in object 'Object Repository/Create Request Modeler/Page_Canvas World/Select_SP_view'  using regular expression

2018-04-13 14:18:11 - [MESSAGE][PASSED] - All options with value 'CUSER' are selected in object 'Object Repository/Create Request Modeler/Page_Canvas World/Select_SP_view'  using regular expression

2018-04-13 14:18:11 - [TEST_STEP][PASSED] - selectOptionByValue: All options with value 'VIEW' are selected in object 'Object Repository/Create Request Modeler/Page_Canvas World/select_function_view'  using regular expression

2018-04-13 14:18:12 - [MESSAGE][PASSED] - All options with value 'VIEW' are selected in object 'Object Repository/Create Request Modeler/Page_Canvas World/select_function_view'  using regular expression

2018-04-13 14:18:12 - [TEST_STEP][PASSED] - click: Object: 'Object Repository/Create Request Modeler/Page_Canvas World/button_Add Table' is clicked on

2018-04-13 14:18:13 - [MESSAGE][PASSED] - Object: 'Object Repository/Create Request Modeler/Page_Canvas World/button_Add Table' is clicked on

2018-04-13 14:18:13 - [TEST_STEP][PASSED] - click: Object: 'Object Repository/Create Request Modeler/Page_Canvas World/Table_Filter icon' is clicked on

2018-04-13 14:18:15 - [MESSAGE][PASSED] - Object: 'Object Repository/Create Request Modeler/Page_Canvas World/Table_Filter icon' is clicked on

2018-04-13 14:18:15 - [TEST_STEP][PASSED] - click: Object: 'Object Repository/Create Request Modeler/Page_Canvas World/Table_Filter_tablenameSelect' is clicked on

2018-04-13 14:18:15 - [MESSAGE][PASSED] - Object: 'Object Repository/Create Request Modeler/Page_Canvas World/Table_Filter_tablenameSelect' is clicked on

2018-04-13 14:18:15 - [TEST_STEP][PASSED] - delay: Delayed 2 second(s)

2018-04-13 14:18:17 - [MESSAGE][PASSED] - Delayed 2 second(s)

2018-04-13 14:18:17 - [TEST_STEP][PASSED] - setText: Text 'USER_ONLINE_REGISTRATION' is set on object 'Object Repository/Create Request Modeler/Page_Canvas World/Table_search textbox'

2018-04-13 14:18:18 - [MESSAGE][PASSED] - Text 'USER_ONLINE_REGISTRATION' is set on object 'Object Repository/Create Request Modeler/Page_Canvas World/Table_search textbox'

2018-04-13 14:18:18 - [TEST_STEP][PASSED] - delay: Delayed 2 second(s)

2018-04-13 14:18:20 - [MESSAGE][PASSED] - Delayed 2 second(s)

2018-04-13 14:18:20 - [TEST_STEP][PASSED] - click: Object: 'Object Repository/Create Request Modeler/Page_Canvas World/Table Search' is clicked on

2018-04-13 14:18:20 - [MESSAGE][PASSED] - Object: 'Object Repository/Create Request Modeler/Page_Canvas World/Table Search' is clicked on

2018-04-13 14:18:20 - [TEST_STEP][PASSED] - doubleClick: Object: 'Object Repository/Create Request Modeler/Page_Canvas World/span_USER_ONLINE_REGISTER' is double clicked on

2018-04-13 14:18:20 - [MESSAGE][PASSED] - Object: 'Object Repository/Create Request Modeler/Page_Canvas World/span_USER_ONLINE_REGISTER' is double clicked on

2018-04-13 14:18:20 - [TEST_STEP][PASSED] - doubleClick: Object: 'Object Repository/Create Request Modeler/Page_Canvas World/span_USER_ONLINE_REGISTER' is double clicked on

2018-04-13 14:18:20 - [MESSAGE][PASSED] - Object: 'Object Repository/Create Request Modeler/Page_Canvas World/span_USER_ONLINE_REGISTER' is double clicked on

2018-04-13 14:18:20 - [TEST_STEP][PASSED] - delay: Delayed 5 second(s)

2018-04-13 14:18:25 - [MESSAGE][PASSED] - Delayed 5 second(s)

2018-04-13 14:18:25 - [TEST_STEP][NOT_RUN] - click: NOT_RUN: click

2018-04-13 14:18:25 - [MESSAGE][NOT_RUN] - NOT_RUN: click

2018-04-13 14:18:25 - [TEST_STEP][NOT_RUN] - doubleClick: NOT_RUN: doubleClick

2018-04-13 14:18:25 - [MESSAGE][NOT_RUN] - NOT_RUN: doubleClick

2018-04-13 14:18:25 - [TEST_STEP][PASSED] - scrollToElement: Scroll to object 'Object Repository/Create Request Modeler/Page_Canvas World/SummaryColumn' successfully

2018-04-13 14:18:26 - [MESSAGE][PASSED] - Scroll to object 'Object Repository/Create Request Modeler/Page_Canvas World/SummaryColumn' successfully

2018-04-13 14:18:26 - [TEST_STEP][PASSED] - focus: Object: 'Object Repository/Create Request Modeler/Page_Canvas World/SummaryColumn' is focused

2018-04-13 14:18:26 - [MESSAGE][PASSED] - Object: 'Object Repository/Create Request Modeler/Page_Canvas World/SummaryColumn' is focused

2018-04-13 14:18:26 - [TEST_STEP][PASSED] - sendKeys: Keys 'BANK_NAME' sent to object: 'Object Repository/Create Request Modeler/Page_Canvas World/SummaryColumn'

2018-04-13 14:18:27 - [MESSAGE][PASSED] - Keys 'BANK_NAME' sent to object: 'Object Repository/Create Request Modeler/Page_Canvas World/SummaryColumn'

2018-04-13 14:18:27 - [TEST_STEP][PASSED] - delay: Delayed 3 second(s)

2018-04-13 14:18:30 - [MESSAGE][PASSED] - Delayed 3 second(s)

2018-04-13 14:18:30 - [TEST_STEP][PASSED] - sendKeys: Keys 'DOWN + ' sent to object: 'Object Repository/Create Request Modeler/Page_Canvas World/SummaryColumn'

2018-04-13 14:18:30 - [MESSAGE][PASSED] - Keys 'DOWN + ' sent to object: 'Object Repository/Create Request Modeler/Page_Canvas World/SummaryColumn'

2018-04-13 14:18:30 - [TEST_STEP][PASSED] - sendKeys: Keys 'ENTER + ' sent to object: 'Object Repository/Create Request Modeler/Page_Canvas World/SummaryColumn'

2018-04-13 14:18:30 - [MESSAGE][PASSED] - Keys 'ENTER + ' sent to object: 'Object Repository/Create Request Modeler/Page_Canvas World/SummaryColumn'

2018-04-13 14:18:30 - [TEST_STEP][NOT_RUN] - click: NOT_RUN: click

2018-04-13 14:18:30 - [MESSAGE][NOT_RUN] - NOT_RUN: click

2018-04-13 14:18:30 - [TEST_STEP][PASSED] - focus: Object: 'Object Repository/Create Request Modeler/Page_Canvas World/SummaryColumn' is focused

2018-04-13 14:18:30 - [MESSAGE][PASSED] - Object: 'Object Repository/Create Request Modeler/Page_Canvas World/SummaryColumn' is focused

2018-04-13 14:18:30 - [TEST_STEP][PASSED] - sendKeys: Keys 'IFSC_CODE' sent to object: 'Object Repository/Create Request Modeler/Page_Canvas World/SummaryColumn'

2018-04-13 14:18:31 - [MESSAGE][PASSED] - Keys 'IFSC_CODE' sent to object: 'Object Repository/Create Request Modeler/Page_Canvas World/SummaryColumn'

2018-04-13 14:18:31 - [TEST_STEP][PASSED] - delay: Delayed 3 second(s)

2018-04-13 14:18:34 - [MESSAGE][PASSED] - Delayed 3 second(s)

2018-04-13 14:18:34 - [TEST_STEP][PASSED] - sendKeys: Keys 'DOWN + ' sent to object: 'Object Repository/Create Request Modeler/Page_Canvas World/SummaryColumn'

2018-04-13 14:18:34 - [MESSAGE][PASSED] - Keys 'DOWN + ' sent to object: 'Object Repository/Create Request Modeler/Page_Canvas World/SummaryColumn'

2018-04-13 14:18:34 - [TEST_STEP][PASSED] - sendKeys: Keys 'ENTER + ' sent to object: 'Object Repository/Create Request Modeler/Page_Canvas World/SummaryColumn'

2018-04-13 14:18:34 - [MESSAGE][PASSED] - Keys 'ENTER + ' sent to object: 'Object Repository/Create Request Modeler/Page_Canvas World/SummaryColumn'

2018-04-13 14:18:34 - [TEST_STEP][PASSED] - click: Object: 'Object Repository/Create Request Modeler/Page_Canvas World/a_SAVE_TableSelect' is clicked on

2018-04-13 14:18:35 - [MESSAGE][PASSED] - Object: 'Object Repository/Create Request Modeler/Page_Canvas World/a_SAVE_TableSelect' is clicked on

2018-04-13 14:18:35 - [TEST_STEP][PASSED] - delay: Delayed 2 second(s)

2018-04-13 14:18:37 - [MESSAGE][PASSED] - Delayed 2 second(s)

2018-04-13 14:18:37 - [TEST_STEP][PASSED] - setText: Text '{}' is set on object 'Object Repository/Create Request Modeler/Page_Canvas World/textarea_VALID_JSON_RULE'

2018-04-13 14:18:38 - [MESSAGE][PASSED] - Text '{}' is set on object 'Object Repository/Create Request Modeler/Page_Canvas World/textarea_VALID_JSON_RULE'

2018-04-13 14:18:38 - [TEST_STEP][PASSED] - click: Object: 'Object Repository/Create Request Modeler/Page_Canvas World/a_SAVE' is clicked on

2018-04-13 14:18:38 - [MESSAGE][PASSED] - Object: 'Object Repository/Create Request Modeler/Page_Canvas World/a_SAVE' is clicked on

2018-04-13 14:18:38 - [TEST_STEP][PASSED] - delay: Delayed 4 second(s)

2018-04-13 14:18:42 - [MESSAGE][PASSED] - Delayed 4 second(s)

2018-04-13 14:18:42 - [TEST_STEP][PASSED] - setText: Text 'PAYMENT_WS' is set on object 'Object Repository/Create Request Modeler/Page_Canvas World/WorkspaceId_Searchtextbox'

2018-04-13 14:18:43 - [MESSAGE][PASSED] - Text 'PAYMENT_WS' is set on object 'Object Repository/Create Request Modeler/Page_Canvas World/WorkspaceId_Searchtextbox'

2018-04-13 14:18:43 - [TEST_STEP][PASSED] - delay: Delayed 2 second(s)

2018-04-13 14:18:45 - [MESSAGE][PASSED] - Delayed 2 second(s)

2018-04-13 14:18:45 - [TEST_STEP][PASSED] - sendKeys: Keys 'DOWN + ' sent to object: 'Object Repository/Create Request Modeler/Page_Canvas World/WorkspaceId_Searchtextbox'

2018-04-13 14:18:45 - [MESSAGE][PASSED] - Keys 'DOWN + ' sent to object: 'Object Repository/Create Request Modeler/Page_Canvas World/WorkspaceId_Searchtextbox'

2018-04-13 14:18:45 - [TEST_STEP][NOT_RUN] - click: NOT_RUN: click

2018-04-13 14:18:45 - [MESSAGE][NOT_RUN] - NOT_RUN: click

2018-04-13 14:18:45 - [TEST_STEP][PASSED] - sendKeys: Keys 'TAB + ' sent to object: 'Object Repository/Create Request Modeler/Page_Canvas World/WorkspaceId_Searchtextbox'

2018-04-13 14:18:45 - [MESSAGE][PASSED] - Keys 'TAB + ' sent to object: 'Object Repository/Create Request Modeler/Page_Canvas World/WorkspaceId_Searchtextbox'

2018-04-13 14:18:45 - [TEST_STEP][NOT_RUN] - selectOptionByIndex: NOT_RUN: selectOptionByIndex

2018-04-13 14:18:45 - [MESSAGE][NOT_RUN] - NOT_RUN: selectOptionByIndex

2018-04-13 14:18:45 - [TEST_STEP][NOT_RUN] - click: NOT_RUN: click

2018-04-13 14:18:45 - [MESSAGE][NOT_RUN] - NOT_RUN: click

2018-04-13 14:18:45 - [TEST_STEP][PASSED] - delay: Delayed 5 second(s)

2018-04-13 14:18:50 - [MESSAGE][PASSED] - Delayed 5 second(s)

2018-04-13 14:18:50 - [TEST_STEP][NOT_RUN] - selectOptionByIndex: NOT_RUN: selectOptionByIndex

2018-04-13 14:18:50 - [MESSAGE][NOT_RUN] - NOT_RUN: selectOptionByIndex

2018-04-13 14:18:50 - [TEST_STEP][PASSED] - click: Object: 'Object Repository/Create Request Modeler/Page_Canvas World/WorkspaceMenuSavebutton' is clicked on

2018-04-13 14:18:51 - [MESSAGE][PASSED] - Object: 'Object Repository/Create Request Modeler/Page_Canvas World/WorkspaceMenuSavebutton' is clicked on

2018-04-13 14:18:51 - [TEST_STEP][PASSED] - delay: Delayed 2 second(s)

2018-04-13 14:18:53 - [MESSAGE][PASSED] - Delayed 2 second(s)

2018-04-13 14:18:53 - [TEST_STEP][NOT_RUN] - click: NOT_RUN: click

2018-04-13 14:18:53 - [MESSAGE][NOT_RUN] - NOT_RUN: click

2018-04-13 14:18:53 - [TEST_STEP][PASSED] - verifyElementText: Actual text and expected text of test object 'Object Repository/Create Request Modeler/Page_Canvas World/SuccessPopupMessage' are matched.

2018-04-13 14:18:53 - [MESSAGE][PASSED] - Actual text and expected text of test object 'Object Repository/Create Request Modeler/Page_Canvas World/SuccessPopupMessage' are matched.

2018-04-13 14:18:53 - [TEST_STEP][PASSED] - delay: Delayed 3 second(s)

2018-04-13 14:18:56 - [MESSAGE][PASSED] - Delayed 3 second(s)

2018-04-13 14:18:56 - [TEST_STEP][PASSED] - click: Object: 'Object Repository/Create Request Modeler/Page_Canvas World/a_Ok' is clicked on

2018-04-13 14:18:56 - [MESSAGE][PASSED] - Object: 'Object Repository/Create Request Modeler/Page_Canvas World/a_Ok' is clicked on

2018-04-13 14:18:56 - [TEST_STEP][NOT_RUN] - closeBrowser: NOT_RUN: closeBrowser

2018-04-13 14:18:56 - [MESSAGE][NOT_RUN] - NOT_RUN: closeBrowser]]></system-out>
         <system-err><![CDATA[]]></system-err>
      </testcase>
      <testcase name="Test Cases/Studio Smoke Test Cases/Create Workspace Designer" classname="Test Cases/Studio Smoke Test Cases/Create Workspace Designer" status="PASSED">
         <system-out><![CDATA[2018-04-13 14:18:56 - [TEST_CASE][PASSED] - Test Cases/Studio Smoke Test Cases/Create Workspace Designer: Test Cases/Studio Smoke Test Cases/Create Workspace Designer

2018-04-13 14:18:56 - [TEST_STEP][NOT_RUN] - openBrowser: NOT_RUN: openBrowser

2018-04-13 14:18:56 - [MESSAGE][NOT_RUN] - NOT_RUN: openBrowser

2018-04-13 14:18:56 - [TEST_STEP][NOT_RUN] - maximizeWindow: NOT_RUN: maximizeWindow

2018-04-13 14:18:56 - [MESSAGE][NOT_RUN] - NOT_RUN: maximizeWindow

2018-04-13 14:18:56 - [TEST_STEP][NOT_RUN] - navigateToUrl: NOT_RUN: navigateToUrl

2018-04-13 14:18:56 - [MESSAGE][NOT_RUN] - NOT_RUN: navigateToUrl

2018-04-13 14:18:56 - [TEST_STEP][NOT_RUN] - setText: NOT_RUN: setText

2018-04-13 14:18:56 - [MESSAGE][NOT_RUN] - NOT_RUN: setText

2018-04-13 14:18:56 - [TEST_STEP][NOT_RUN] - setText: NOT_RUN: setText

2018-04-13 14:18:56 - [MESSAGE][NOT_RUN] - NOT_RUN: setText

2018-04-13 14:18:56 - [TEST_STEP][NOT_RUN] - click: NOT_RUN: click

2018-04-13 14:18:56 - [MESSAGE][NOT_RUN] - NOT_RUN: click

2018-04-13 14:18:56 - [TEST_STEP][PASSED] - click: Object: 'Object Repository/Create Workspace Designer/Page_Canvas World/span_Initiate' is clicked on

2018-04-13 14:18:57 - [MESSAGE][PASSED] - Object: 'Object Repository/Create Workspace Designer/Page_Canvas World/span_Initiate' is clicked on

2018-04-13 14:18:57 - [TEST_STEP][PASSED] - click: Object: 'Object Repository/Create Workspace Designer/Page_Canvas World/span_Workspace designer' is clicked on

2018-04-13 14:18:57 - [MESSAGE][PASSED] - Object: 'Object Repository/Create Workspace Designer/Page_Canvas World/span_Workspace designer' is clicked on

2018-04-13 14:18:57 - [TEST_STEP][PASSED] - delay: Delayed 2 second(s)

2018-04-13 14:18:59 - [MESSAGE][PASSED] - Delayed 2 second(s)

2018-04-13 14:18:59 - [TEST_STEP][PASSED] - click: Object: 'Object Repository/Create Workspace Designer/Page_Canvas World/button_Create new' is clicked on

2018-04-13 14:19:00 - [MESSAGE][PASSED] - Object: 'Object Repository/Create Workspace Designer/Page_Canvas World/button_Create new' is clicked on

2018-04-13 14:19:00 - [TEST_STEP][PASSED] - setText: Text 'AUTO_WS_DESIGNER' is set on object 'Object Repository/Create Workspace Designer/Page_Canvas World/input_workspaceDisplayName'

2018-04-13 14:19:03 - [MESSAGE][PASSED] - Text 'AUTO_WS_DESIGNER' is set on object 'Object Repository/Create Workspace Designer/Page_Canvas World/input_workspaceDisplayName'

2018-04-13 14:19:03 - [TEST_STEP][PASSED] - setText: Text 'COMMON' is set on object 'Object Repository/Create Workspace Designer/Page_Canvas World/input_bundleKey'

2018-04-13 14:19:04 - [MESSAGE][PASSED] - Text 'COMMON' is set on object 'Object Repository/Create Workspace Designer/Page_Canvas World/input_bundleKey'

2018-04-13 14:19:04 - [TEST_STEP][PASSED] - selectOptionByValue: All options with value 'CUSER' are selected in object 'Object Repository/Create Workspace Designer/Page_Canvas World/select_Select             CFF'  using regular expression

2018-04-13 14:19:05 - [MESSAGE][PASSED] - All options with value 'CUSER' are selected in object 'Object Repository/Create Workspace Designer/Page_Canvas World/select_Select             CFF'  using regular expression

2018-04-13 14:19:05 - [TEST_STEP][PASSED] - selectOptionByValue: All options with value 'CUSER' are selected in object 'Object Repository/Create Workspace Designer/Page_Canvas World/select_SelectCUSER'  using regular expression

2018-04-13 14:19:05 - [MESSAGE][PASSED] - All options with value 'CUSER' are selected in object 'Object Repository/Create Workspace Designer/Page_Canvas World/select_SelectCUSER'  using regular expression

2018-04-13 14:19:05 - [TEST_STEP][PASSED] - click: Object: 'Object Repository/Create Workspace Designer/Page_Canvas World/span_Proceed' is clicked on

2018-04-13 14:19:05 - [MESSAGE][PASSED] - Object: 'Object Repository/Create Workspace Designer/Page_Canvas World/span_Proceed' is clicked on

2018-04-13 14:19:05 - [TEST_STEP][PASSED] - delay: Delayed 2 second(s)

2018-04-13 14:19:07 - [MESSAGE][PASSED] - Delayed 2 second(s)

2018-04-13 14:19:07 - [TEST_STEP][PASSED] - click: Object: 'Object Repository/Create Workspace Designer/Page_Canvas World/button_wsfontbtns btn-addapp-s' is clicked on

2018-04-13 14:19:08 - [MESSAGE][PASSED] - Object: 'Object Repository/Create Workspace Designer/Page_Canvas World/button_wsfontbtns btn-addapp-s' is clicked on

2018-04-13 14:19:08 - [TEST_STEP][PASSED] - delay: Delayed 2 second(s)

2018-04-13 14:19:10 - [MESSAGE][PASSED] - Delayed 2 second(s)

2018-04-13 14:19:10 - [TEST_STEP][PASSED] - setText: Text 'AUTOMATION_SWS' is set on object 'Object Repository/Create Workspace Designer/Page_Canvas World/input_subWorkspaceDisplayName'

2018-04-13 14:19:10 - [MESSAGE][PASSED] - Text 'AUTOMATION_SWS' is set on object 'Object Repository/Create Workspace Designer/Page_Canvas World/input_subWorkspaceDisplayName'

2018-04-13 14:19:10 - [TEST_STEP][PASSED] - selectOptionByValue: All options with value 'CUSER' are selected in object 'Object Repository/Create Workspace Designer/Page_Canvas World/select_Select'  using regular expression

2018-04-13 14:19:11 - [MESSAGE][PASSED] - All options with value 'CUSER' are selected in object 'Object Repository/Create Workspace Designer/Page_Canvas World/select_Select'  using regular expression

2018-04-13 14:19:11 - [TEST_STEP][PASSED] - click: Object: 'Object Repository/Create Workspace Designer/Page_Canvas World/span_Proceed' is clicked on

2018-04-13 14:19:11 - [MESSAGE][PASSED] - Object: 'Object Repository/Create Workspace Designer/Page_Canvas World/span_Proceed' is clicked on

2018-04-13 14:19:11 - [TEST_STEP][PASSED] - click: Object: 'Object Repository/Create Workspace Designer/Page_Canvas World/button_wsfontbtns btn-lookup-s' is clicked on

2018-04-13 14:19:13 - [MESSAGE][PASSED] - Object: 'Object Repository/Create Workspace Designer/Page_Canvas World/button_wsfontbtns btn-lookup-s' is clicked on

2018-04-13 14:19:13 - [TEST_STEP][PASSED] - delay: Delayed 2 second(s)

2018-04-13 14:19:15 - [MESSAGE][PASSED] - Delayed 2 second(s)

2018-04-13 14:19:15 - [TEST_STEP][PASSED] - click: Object: 'Object Repository/Create Workspace Designer/Page_Canvas World/label_AUTOMATION_CHART_APP' is clicked on

2018-04-13 14:19:15 - [MESSAGE][PASSED] - Object: 'Object Repository/Create Workspace Designer/Page_Canvas World/label_AUTOMATION_CHART_APP' is clicked on

2018-04-13 14:19:15 - [TEST_STEP][PASSED] - delay: Delayed 2 second(s)

2018-04-13 14:19:17 - [MESSAGE][PASSED] - Delayed 2 second(s)

2018-04-13 14:19:17 - [TEST_STEP][PASSED] - click: Object: 'Object Repository/Create Workspace Designer/Page_Canvas World/label_AUTOMATION_SHORTCUT_APP' is clicked on

2018-04-13 14:19:18 - [MESSAGE][PASSED] - Object: 'Object Repository/Create Workspace Designer/Page_Canvas World/label_AUTOMATION_SHORTCUT_APP' is clicked on

2018-04-13 14:19:18 - [TEST_STEP][PASSED] - delay: Delayed 2 second(s)

2018-04-13 14:19:20 - [MESSAGE][PASSED] - Delayed 2 second(s)

2018-04-13 14:19:20 - [TEST_STEP][PASSED] - click: Object: 'Object Repository/Create Workspace Designer/Page_Canvas World/label_AUTOMATION_GRID_APP' is clicked on

2018-04-13 14:19:20 - [MESSAGE][PASSED] - Object: 'Object Repository/Create Workspace Designer/Page_Canvas World/label_AUTOMATION_GRID_APP' is clicked on

2018-04-13 14:19:20 - [TEST_STEP][PASSED] - delay: Delayed 2 second(s)

2018-04-13 14:19:22 - [MESSAGE][PASSED] - Delayed 2 second(s)

2018-04-13 14:19:22 - [TEST_STEP][PASSED] - click: Object: 'Object Repository/Create Workspace Designer/Page_Canvas World/label_AUTOMATION_FORM_APP' is clicked on

2018-04-13 14:19:23 - [MESSAGE][PASSED] - Object: 'Object Repository/Create Workspace Designer/Page_Canvas World/label_AUTOMATION_FORM_APP' is clicked on

2018-04-13 14:19:23 - [TEST_STEP][PASSED] - click: Object: 'Object Repository/Create Workspace Designer/Page_Canvas World/span_Add' is clicked on

2018-04-13 14:19:23 - [MESSAGE][PASSED] - Object: 'Object Repository/Create Workspace Designer/Page_Canvas World/span_Add' is clicked on

2018-04-13 14:19:23 - [TEST_STEP][PASSED] - click: Object: 'Object Repository/Create Workspace Designer/Page_Canvas World/button_wsfontbtns btn-sws-save' is clicked on

2018-04-13 14:19:24 - [MESSAGE][PASSED] - Object: 'Object Repository/Create Workspace Designer/Page_Canvas World/button_wsfontbtns btn-sws-save' is clicked on

2018-04-13 14:19:24 - [TEST_STEP][PASSED] - delay: Delayed 2 second(s)

2018-04-13 14:19:26 - [MESSAGE][PASSED] - Delayed 2 second(s)

2018-04-13 14:19:26 - [TEST_STEP][PASSED] - click: Object: 'Object Repository/Create Workspace Designer/Page_Canvas World/a_Ok' is clicked on

2018-04-13 14:19:26 - [MESSAGE][PASSED] - Object: 'Object Repository/Create Workspace Designer/Page_Canvas World/a_Ok' is clicked on

2018-04-13 14:19:26 - [TEST_STEP][PASSED] - click: Object: 'Object Repository/Create Workspace Designer/Page_Canvas World/WorkspaceDesigner_closeicon' is clicked on

2018-04-13 14:19:26 - [MESSAGE][PASSED] - Object: 'Object Repository/Create Workspace Designer/Page_Canvas World/WorkspaceDesigner_closeicon' is clicked on

2018-04-13 14:19:26 - [TEST_STEP][PASSED] - click: Object: 'Object Repository/Create Workspace Designer/Page_Canvas World/WSD_closedialog_OKbutton' is clicked on

2018-04-13 14:19:27 - [MESSAGE][PASSED] - Object: 'Object Repository/Create Workspace Designer/Page_Canvas World/WSD_closedialog_OKbutton' is clicked on

2018-04-13 14:19:27 - [TEST_STEP][NOT_RUN] - closeBrowser: NOT_RUN: closeBrowser

2018-04-13 14:19:27 - [MESSAGE][NOT_RUN] - NOT_RUN: closeBrowser]]></system-out>
         <system-err><![CDATA[]]></system-err>
      </testcase>
      <testcase name="Test Cases/Studio Smoke Test Cases/Create Workspace" classname="Test Cases/Studio Smoke Test Cases/Create Workspace" status="FAILED">
         <failure type="FAILED" message="Unable to click on object 'Object Repository/Create Workspace Designer/Page_Canvas World/WSD_closedialog_OKbutton' (Root cause: com.kms.katalon.core.webui.exception.WebElementNotFoundException: Web element with id: 'Object Repository/Create Workspace Designer/Page_Canvas World/WSD_closedialog_OKbutton' located by 'By.xpath: .//a[@data-item-id='dialogBtnOk']' not found)"/>
         <system-out><![CDATA[2018-04-13 14:19:27 - [TEST_CASE][FAILED] - Test Cases/Studio Smoke Test Cases/Create Workspace: Test Cases/Studio Smoke Test Cases/Create Workspace FAILED because (of) Unable to click on object 'Object Repository/Create Workspace Designer/Page_Canvas World/WSD_closedialog_OKbutton' (Root cause: com.kms.katalon.core.webui.exception.WebElementNotFoundException: Web element with id: 'Object Repository/Create Workspace Designer/Page_Canvas World/WSD_closedialog_OKbutton' located by 'By.xpath: .//a[@data-item-id='dialogBtnOk']' not found)

2018-04-13 14:19:28 - [TEST_STEP][NOT_RUN] - openBrowser: NOT_RUN: openBrowser

2018-04-13 14:19:28 - [MESSAGE][NOT_RUN] - NOT_RUN: openBrowser

2018-04-13 14:19:28 - [TEST_STEP][NOT_RUN] - maximizeWindow: NOT_RUN: maximizeWindow

2018-04-13 14:19:28 - [MESSAGE][NOT_RUN] - NOT_RUN: maximizeWindow

2018-04-13 14:19:28 - [TEST_STEP][NOT_RUN] - navigateToUrl: NOT_RUN: navigateToUrl

2018-04-13 14:19:28 - [MESSAGE][NOT_RUN] - NOT_RUN: navigateToUrl

2018-04-13 14:19:28 - [TEST_STEP][NOT_RUN] - setText: NOT_RUN: setText

2018-04-13 14:19:28 - [MESSAGE][NOT_RUN] - NOT_RUN: setText

2018-04-13 14:19:28 - [TEST_STEP][NOT_RUN] - setText: NOT_RUN: setText

2018-04-13 14:19:28 - [MESSAGE][NOT_RUN] - NOT_RUN: setText

2018-04-13 14:19:28 - [TEST_STEP][NOT_RUN] - click: NOT_RUN: click

2018-04-13 14:19:28 - [MESSAGE][NOT_RUN] - NOT_RUN: click

2018-04-13 14:19:28 - [TEST_STEP][PASSED] - click: Object: 'Object Repository/Create Workspace/Page_Canvas World/span_Initiate' is clicked on

2018-04-13 14:19:28 - [MESSAGE][PASSED] - Object: 'Object Repository/Create Workspace/Page_Canvas World/span_Initiate' is clicked on

2018-04-13 14:19:28 - [TEST_STEP][PASSED] - click: Object: 'Object Repository/Create Workspace/Page_Canvas World/span_Create New Canvas' is clicked on

2018-04-13 14:19:29 - [MESSAGE][PASSED] - Object: 'Object Repository/Create Workspace/Page_Canvas World/span_Create New Canvas' is clicked on

2018-04-13 14:19:29 - [TEST_STEP][PASSED] - delay: Delayed 2 second(s)

2018-04-13 14:19:31 - [MESSAGE][PASSED] - Delayed 2 second(s)

2018-04-13 14:19:31 - [TEST_STEP][PASSED] - setText: Text 'AUTOMATION_WORKSPACE' is set on object 'Object Repository/Create Workspace/Page_Canvas World/input_WS_ID'

2018-04-13 14:19:32 - [MESSAGE][PASSED] - Text 'AUTOMATION_WORKSPACE' is set on object 'Object Repository/Create Workspace/Page_Canvas World/input_WS_ID'

2018-04-13 14:19:32 - [TEST_STEP][PASSED] - setText: Text 'AUTOMATION_WORKSPACE' is set on object 'Object Repository/Create Workspace/Page_Canvas World/input_WS_NM_KEY'

2018-04-13 14:19:33 - [MESSAGE][PASSED] - Text 'AUTOMATION_WORKSPACE' is set on object 'Object Repository/Create Workspace/Page_Canvas World/input_WS_NM_KEY'

2018-04-13 14:19:33 - [TEST_STEP][PASSED] - setText: Text 'COMMON' is set on object 'Object Repository/Create Workspace/Page_Canvas World/input_WS_RB'

2018-04-13 14:19:33 - [MESSAGE][PASSED] - Text 'COMMON' is set on object 'Object Repository/Create Workspace/Page_Canvas World/input_WS_RB'

2018-04-13 14:19:33 - [TEST_STEP][PASSED] - setText: Text '1' is set on object 'Object Repository/Create Workspace/Page_Canvas World/input_WS_POSITION'

2018-04-13 14:19:34 - [MESSAGE][PASSED] - Text '1' is set on object 'Object Repository/Create Workspace/Page_Canvas World/input_WS_POSITION'

2018-04-13 14:19:34 - [TEST_STEP][PASSED] - selectOptionByValue: All options with value 'CUSER' are selected in object 'Object Repository/Create Workspace/Page_Canvas World/select_Select CFFPYMTACCSERCUS'  using regular expression

2018-04-13 14:19:34 - [MESSAGE][PASSED] - All options with value 'CUSER' are selected in object 'Object Repository/Create Workspace/Page_Canvas World/select_Select CFFPYMTACCSERCUS'  using regular expression

2018-04-13 14:19:34 - [TEST_STEP][PASSED] - selectOptionByValue: All options with value 'CUSER' are selected in object 'Object Repository/Create Workspace/Page_Canvas World/select_Select CUSER'  using regular expression

2018-04-13 14:19:35 - [MESSAGE][PASSED] - All options with value 'CUSER' are selected in object 'Object Repository/Create Workspace/Page_Canvas World/select_Select CUSER'  using regular expression

2018-04-13 14:19:35 - [TEST_STEP][PASSED] - selectOptionByValue: All options with value 'STACK' are selected in object 'Object Repository/Create Workspace/Page_Canvas World/select_Select L-MENUR-MENUSTAC'  using regular expression

2018-04-13 14:19:36 - [MESSAGE][PASSED] - All options with value 'STACK' are selected in object 'Object Repository/Create Workspace/Page_Canvas World/select_Select L-MENUR-MENUSTAC'  using regular expression

2018-04-13 14:19:36 - [TEST_STEP][PASSED] - click: Object: 'Object Repository/Create Workspace/Page_Canvas World/button_Create a Sub Workspace' is clicked on

2018-04-13 14:19:36 - [MESSAGE][PASSED] - Object: 'Object Repository/Create Workspace/Page_Canvas World/button_Create a Sub Workspace' is clicked on

2018-04-13 14:19:36 - [TEST_STEP][PASSED] - delay: Delayed 3 second(s)

2018-04-13 14:19:39 - [MESSAGE][PASSED] - Delayed 3 second(s)

2018-04-13 14:19:39 - [TEST_STEP][PASSED] - setText: Text 'AUTOMATION_SUBWORKSPACE' is set on object 'Object Repository/Create Workspace/Page_Canvas World/input_SUBWS_ID'

2018-04-13 14:19:40 - [MESSAGE][PASSED] - Text 'AUTOMATION_SUBWORKSPACE' is set on object 'Object Repository/Create Workspace/Page_Canvas World/input_SUBWS_ID'

2018-04-13 14:19:40 - [TEST_STEP][PASSED] - setText: Text 'AUTOMATION_SUBWORKSPACE' is set on object 'Object Repository/Create Workspace/Page_Canvas World/input_SUBWS_NM_KEY'

2018-04-13 14:19:41 - [MESSAGE][PASSED] - Text 'AUTOMATION_SUBWORKSPACE' is set on object 'Object Repository/Create Workspace/Page_Canvas World/input_SUBWS_NM_KEY'

2018-04-13 14:19:41 - [TEST_STEP][PASSED] - setText: Text 'COMMON' is set on object 'Object Repository/Create Workspace/Page_Canvas World/input_SUBWS_RB'

2018-04-13 14:19:42 - [MESSAGE][PASSED] - Text 'COMMON' is set on object 'Object Repository/Create Workspace/Page_Canvas World/input_SUBWS_RB'

2018-04-13 14:19:42 - [TEST_STEP][PASSED] - selectOptionByValue: All options with value 'CUSER' are selected in object 'Object Repository/Create Workspace/Page_Canvas World/select_Select CFFPYMTACCSERCUS_1'  using regular expression

2018-04-13 14:19:42 - [MESSAGE][PASSED] - All options with value 'CUSER' are selected in object 'Object Repository/Create Workspace/Page_Canvas World/select_Select CFFPYMTACCSERCUS_1'  using regular expression

2018-04-13 14:19:42 - [TEST_STEP][PASSED] - selectOptionByValue: All options with value 'CUSER' are selected in object 'Object Repository/Create Workspace/Page_Canvas World/select_Select CUSER_1'  using regular expression

2018-04-13 14:19:43 - [MESSAGE][PASSED] - All options with value 'CUSER' are selected in object 'Object Repository/Create Workspace/Page_Canvas World/select_Select CUSER_1'  using regular expression

2018-04-13 14:19:43 - [TEST_STEP][PASSED] - click: Object: 'Object Repository/Create Workspace/Page_Canvas World/button_Add Child App' is clicked on

2018-04-13 14:19:43 - [MESSAGE][PASSED] - Object: 'Object Repository/Create Workspace/Page_Canvas World/button_Add Child App' is clicked on

2018-04-13 14:19:43 - [TEST_STEP][PASSED] - delay: Delayed 2 second(s)

2018-04-13 14:19:45 - [MESSAGE][PASSED] - Delayed 2 second(s)

2018-04-13 14:19:45 - [TEST_STEP][PASSED] - click: Object: 'Object Repository/Create Workspace/Page_Canvas World/span_ct-app__tools flaticon-fi' is clicked on

2018-04-13 14:19:46 - [MESSAGE][PASSED] - Object: 'Object Repository/Create Workspace/Page_Canvas World/span_ct-app__tools flaticon-fi' is clicked on

2018-04-13 14:19:46 - [TEST_STEP][PASSED] - click: Object: 'Object Repository/Create Workspace/Page_Canvas World/a_App ID' is clicked on

2018-04-13 14:19:46 - [MESSAGE][PASSED] - Object: 'Object Repository/Create Workspace/Page_Canvas World/a_App ID' is clicked on

2018-04-13 14:19:46 - [TEST_STEP][PASSED] - delay: Delayed 2 second(s)

2018-04-13 14:19:48 - [MESSAGE][PASSED] - Delayed 2 second(s)

2018-04-13 14:19:48 - [TEST_STEP][PASSED] - setText: Text 'AUTOMATION_GRID_APP' is set on object 'Object Repository/Create Workspace/Page_Canvas World/input_string_contains'

2018-04-13 14:19:49 - [MESSAGE][PASSED] - Text 'AUTOMATION_GRID_APP' is set on object 'Object Repository/Create Workspace/Page_Canvas World/input_string_contains'

2018-04-13 14:19:49 - [TEST_STEP][PASSED] - click: Object: 'Object Repository/Create Workspace/Page_Canvas World/button_SEARCH' is clicked on

2018-04-13 14:19:49 - [MESSAGE][PASSED] - Object: 'Object Repository/Create Workspace/Page_Canvas World/button_SEARCH' is clicked on

2018-04-13 14:19:49 - [TEST_STEP][PASSED] - doubleClick: Object: 'Object Repository/Create Workspace/Page_Canvas World/span_AUTOMATION_GRID_APP' is double clicked on

2018-04-13 14:19:50 - [MESSAGE][PASSED] - Object: 'Object Repository/Create Workspace/Page_Canvas World/span_AUTOMATION_GRID_APP' is double clicked on

2018-04-13 14:19:50 - [TEST_STEP][PASSED] - doubleClick: Object: 'Object Repository/Create Workspace/Page_Canvas World/span_AUTOMATION_GRID_APP' is double clicked on

2018-04-13 14:19:50 - [MESSAGE][PASSED] - Object: 'Object Repository/Create Workspace/Page_Canvas World/span_AUTOMATION_GRID_APP' is double clicked on

2018-04-13 14:19:50 - [TEST_STEP][NOT_RUN] - waitForPageLoad: NOT_RUN: waitForPageLoad

2018-04-13 14:19:50 - [MESSAGE][NOT_RUN] - NOT_RUN: waitForPageLoad

2018-04-13 14:19:50 - [TEST_STEP][PASSED] - delay: Delayed 10 second(s)

2018-04-13 14:20:00 - [MESSAGE][PASSED] - Delayed 10 second(s)

2018-04-13 14:20:00 - [TEST_STEP][PASSED] - verifyElementClickable: Object 'Object Repository/Create Workspace/Page_Canvas World/button_Add Child App' is clickable

2018-04-13 14:20:00 - [MESSAGE][PASSED] - Object 'Object Repository/Create Workspace/Page_Canvas World/button_Add Child App' is clickable

2018-04-13 14:20:00 - [TEST_STEP][PASSED] - click: Object: 'Object Repository/Create Workspace/Page_Canvas World/button_Add Child App' is clicked on

2018-04-13 14:20:00 - [MESSAGE][PASSED] - Object: 'Object Repository/Create Workspace/Page_Canvas World/button_Add Child App' is clicked on

2018-04-13 14:20:00 - [TEST_STEP][PASSED] - click: Object: 'Object Repository/Create Workspace/Page_Canvas World/span_ct-app__tools flaticon-fi' is clicked on

2018-04-13 14:20:02 - [MESSAGE][PASSED] - Object: 'Object Repository/Create Workspace/Page_Canvas World/span_ct-app__tools flaticon-fi' is clicked on

2018-04-13 14:20:02 - [TEST_STEP][PASSED] - click: Object: 'Object Repository/Create Workspace/Page_Canvas World/a_App ID' is clicked on

2018-04-13 14:20:02 - [MESSAGE][PASSED] - Object: 'Object Repository/Create Workspace/Page_Canvas World/a_App ID' is clicked on

2018-04-13 14:20:02 - [TEST_STEP][PASSED] - setText: Text 'AUTOMATION_CHART_APP' is set on object 'Object Repository/Create Workspace/Page_Canvas World/input_string_contains'

2018-04-13 14:20:04 - [MESSAGE][PASSED] - Text 'AUTOMATION_CHART_APP' is set on object 'Object Repository/Create Workspace/Page_Canvas World/input_string_contains'

2018-04-13 14:20:04 - [TEST_STEP][PASSED] - click: Object: 'Object Repository/Create Workspace/Page_Canvas World/button_SEARCH' is clicked on

2018-04-13 14:20:04 - [MESSAGE][PASSED] - Object: 'Object Repository/Create Workspace/Page_Canvas World/button_SEARCH' is clicked on

2018-04-13 14:20:04 - [TEST_STEP][PASSED] - doubleClick: Object: 'Object Repository/Create Workspace/Page_Canvas World/span_AUTOMATION_CHART_APP' is double clicked on

2018-04-13 14:20:05 - [MESSAGE][PASSED] - Object: 'Object Repository/Create Workspace/Page_Canvas World/span_AUTOMATION_CHART_APP' is double clicked on

2018-04-13 14:20:05 - [TEST_STEP][PASSED] - doubleClick: Object: 'Object Repository/Create Workspace/Page_Canvas World/span_AUTOMATION_CHART_APP' is double clicked on

2018-04-13 14:20:05 - [MESSAGE][PASSED] - Object: 'Object Repository/Create Workspace/Page_Canvas World/span_AUTOMATION_CHART_APP' is double clicked on

2018-04-13 14:20:05 - [TEST_STEP][NOT_RUN] - verifyElementClickable: NOT_RUN: verifyElementClickable

2018-04-13 14:20:05 - [MESSAGE][NOT_RUN] - NOT_RUN: verifyElementClickable

2018-04-13 14:20:05 - [TEST_STEP][NOT_RUN] - waitForPageLoad: NOT_RUN: waitForPageLoad

2018-04-13 14:20:05 - [MESSAGE][NOT_RUN] - NOT_RUN: waitForPageLoad

2018-04-13 14:20:05 - [TEST_STEP][NOT_RUN] - waitForElementPresent: NOT_RUN: waitForElementPresent

2018-04-13 14:20:05 - [MESSAGE][NOT_RUN] - NOT_RUN: waitForElementPresent

2018-04-13 14:20:05 - [TEST_STEP][PASSED] - delay: Delayed 10 second(s)

2018-04-13 14:20:15 - [MESSAGE][PASSED] - Delayed 10 second(s)

2018-04-13 14:20:15 - [TEST_STEP][PASSED] - click: Object: 'Object Repository/Create Workspace/Page_Canvas World/button_Add Child App' is clicked on

2018-04-13 14:20:15 - [MESSAGE][PASSED] - Object: 'Object Repository/Create Workspace/Page_Canvas World/button_Add Child App' is clicked on

2018-04-13 14:20:15 - [TEST_STEP][PASSED] - click: Object: 'Object Repository/Create Workspace/Page_Canvas World/span_ct-app__tools flaticon-fi' is clicked on

2018-04-13 14:20:17 - [MESSAGE][PASSED] - Object: 'Object Repository/Create Workspace/Page_Canvas World/span_ct-app__tools flaticon-fi' is clicked on

2018-04-13 14:20:17 - [TEST_STEP][PASSED] - click: Object: 'Object Repository/Create Workspace/Page_Canvas World/a_App ID' is clicked on

2018-04-13 14:20:17 - [MESSAGE][PASSED] - Object: 'Object Repository/Create Workspace/Page_Canvas World/a_App ID' is clicked on

2018-04-13 14:20:17 - [TEST_STEP][PASSED] - setText: Text 'AUTOMATION_FORM_APP' is set on object 'Object Repository/Create Workspace/Page_Canvas World/input_string_contains'

2018-04-13 14:20:19 - [MESSAGE][PASSED] - Text 'AUTOMATION_FORM_APP' is set on object 'Object Repository/Create Workspace/Page_Canvas World/input_string_contains'

2018-04-13 14:20:19 - [TEST_STEP][PASSED] - click: Object: 'Object Repository/Create Workspace/Page_Canvas World/button_SEARCH' is clicked on

2018-04-13 14:20:20 - [MESSAGE][PASSED] - Object: 'Object Repository/Create Workspace/Page_Canvas World/button_SEARCH' is clicked on

2018-04-13 14:20:20 - [TEST_STEP][PASSED] - doubleClick: Object: 'Object Repository/Create Workspace/Page_Canvas World/span_AUTOMATION_FORM_APP' is double clicked on

2018-04-13 14:20:20 - [MESSAGE][PASSED] - Object: 'Object Repository/Create Workspace/Page_Canvas World/span_AUTOMATION_FORM_APP' is double clicked on

2018-04-13 14:20:20 - [TEST_STEP][PASSED] - doubleClick: Object: 'Object Repository/Create Workspace/Page_Canvas World/span_AUTOMATION_FORM_APP' is double clicked on

2018-04-13 14:20:20 - [MESSAGE][PASSED] - Object: 'Object Repository/Create Workspace/Page_Canvas World/span_AUTOMATION_FORM_APP' is double clicked on

2018-04-13 14:20:20 - [TEST_STEP][NOT_RUN] - waitForElementPresent: NOT_RUN: waitForElementPresent

2018-04-13 14:20:20 - [MESSAGE][NOT_RUN] - NOT_RUN: waitForElementPresent

2018-04-13 14:20:20 - [TEST_STEP][NOT_RUN] - waitForPageLoad: NOT_RUN: waitForPageLoad

2018-04-13 14:20:20 - [MESSAGE][NOT_RUN] - NOT_RUN: waitForPageLoad

2018-04-13 14:20:20 - [TEST_STEP][PASSED] - delay: Delayed 10 second(s)

2018-04-13 14:20:30 - [MESSAGE][PASSED] - Delayed 10 second(s)

2018-04-13 14:20:30 - [TEST_STEP][PASSED] - click: Object: 'Object Repository/Create Workspace/Page_Canvas World/button_Add Child App' is clicked on

2018-04-13 14:20:31 - [MESSAGE][PASSED] - Object: 'Object Repository/Create Workspace/Page_Canvas World/button_Add Child App' is clicked on

2018-04-13 14:20:31 - [TEST_STEP][PASSED] - click: Object: 'Object Repository/Create Workspace/Page_Canvas World/span_ct-app__tools flaticon-fi' is clicked on

2018-04-13 14:20:32 - [MESSAGE][PASSED] - Object: 'Object Repository/Create Workspace/Page_Canvas World/span_ct-app__tools flaticon-fi' is clicked on

2018-04-13 14:20:32 - [TEST_STEP][PASSED] - click: Object: 'Object Repository/Create Workspace/Page_Canvas World/a_App ID' is clicked on

2018-04-13 14:20:33 - [MESSAGE][PASSED] - Object: 'Object Repository/Create Workspace/Page_Canvas World/a_App ID' is clicked on

2018-04-13 14:20:33 - [TEST_STEP][PASSED] - setText: Text 'AUTOMATION_SHORTCUT_APP' is set on object 'Object Repository/Create Workspace/Page_Canvas World/input_string_contains'

2018-04-13 14:20:34 - [MESSAGE][PASSED] - Text 'AUTOMATION_SHORTCUT_APP' is set on object 'Object Repository/Create Workspace/Page_Canvas World/input_string_contains'

2018-04-13 14:20:34 - [TEST_STEP][PASSED] - click: Object: 'Object Repository/Create Workspace/Page_Canvas World/button_SEARCH' is clicked on

2018-04-13 14:20:34 - [MESSAGE][PASSED] - Object: 'Object Repository/Create Workspace/Page_Canvas World/button_SEARCH' is clicked on

2018-04-13 14:20:34 - [TEST_STEP][PASSED] - doubleClick: Object: 'Object Repository/Create Workspace/Page_Canvas World/span_AUTOMATION_SHORTCUT_APP' is double clicked on

2018-04-13 14:20:35 - [MESSAGE][PASSED] - Object: 'Object Repository/Create Workspace/Page_Canvas World/span_AUTOMATION_SHORTCUT_APP' is double clicked on

2018-04-13 14:20:35 - [TEST_STEP][PASSED] - doubleClick: Object: 'Object Repository/Create Workspace/Page_Canvas World/span_AUTOMATION_SHORTCUT_APP' is double clicked on

2018-04-13 14:20:35 - [MESSAGE][PASSED] - Object: 'Object Repository/Create Workspace/Page_Canvas World/span_AUTOMATION_SHORTCUT_APP' is double clicked on

2018-04-13 14:20:35 - [TEST_STEP][NOT_RUN] - waitForElementPresent: NOT_RUN: waitForElementPresent

2018-04-13 14:20:35 - [MESSAGE][NOT_RUN] - NOT_RUN: waitForElementPresent

2018-04-13 14:20:35 - [TEST_STEP][NOT_RUN] - waitForPageLoad: NOT_RUN: waitForPageLoad

2018-04-13 14:20:35 - [MESSAGE][NOT_RUN] - NOT_RUN: waitForPageLoad

2018-04-13 14:20:35 - [TEST_STEP][NOT_RUN] - scrollToElement: NOT_RUN: scrollToElement

2018-04-13 14:20:35 - [MESSAGE][NOT_RUN] - NOT_RUN: scrollToElement

2018-04-13 14:20:35 - [TEST_STEP][PASSED] - delay: Delayed 10 second(s)

2018-04-13 14:20:45 - [MESSAGE][PASSED] - Delayed 10 second(s)

2018-04-13 14:20:45 - [TEST_STEP][PASSED] - click: Object: 'Object Repository/Create Workspace/Page_Canvas World/sws_Submit' is clicked on

2018-04-13 14:20:46 - [MESSAGE][PASSED] - Object: 'Object Repository/Create Workspace/Page_Canvas World/sws_Submit' is clicked on

2018-04-13 14:20:46 - [TEST_STEP][PASSED] - delay: Delayed 5 second(s)

2018-04-13 14:20:51 - [MESSAGE][PASSED] - Delayed 5 second(s)

2018-04-13 14:20:51 - [TEST_STEP][PASSED] - click: Object: 'Object Repository/Create Workspace/Page_Canvas World/WS_Submit' is clicked on

2018-04-13 14:20:51 - [MESSAGE][PASSED] - Object: 'Object Repository/Create Workspace/Page_Canvas World/WS_Submit' is clicked on

2018-04-13 14:20:51 - [TEST_STEP][PASSED] - delay: Delayed 2 second(s)

2018-04-13 14:20:53 - [MESSAGE][PASSED] - Delayed 2 second(s)

2018-04-13 14:20:53 - [TEST_STEP][PASSED] - click: Object: 'Object Repository/Create Workspace Designer/Page_Canvas World/a_Ok' is clicked on

2018-04-13 14:20:54 - [MESSAGE][PASSED] - Object: 'Object Repository/Create Workspace Designer/Page_Canvas World/a_Ok' is clicked on

2018-04-13 14:20:54 - [TEST_STEP][NOT_RUN] - click: NOT_RUN: click

2018-04-13 14:20:54 - [MESSAGE][NOT_RUN] - NOT_RUN: click

2018-04-13 14:20:54 - [TEST_STEP][FAILED] - click: Unable to click on object 'Object Repository/Create Workspace Designer/Page_Canvas World/WSD_closedialog_OKbutton' (Root cause: com.kms.katalon.core.webui.exception.WebElementNotFoundException: Web element with id: 'Object Repository/Create Workspace Designer/Page_Canvas World/WSD_closedialog_OKbutton' located by 'By.xpath: .//a[@data-item-id='dialogBtnOk']' not found)

2018-04-13 14:21:26 - [MESSAGE][FAILED] - Unable to click on object 'Object Repository/Create Workspace Designer/Page_Canvas World/WSD_closedialog_OKbutton' (Root cause: com.kms.katalon.core.webui.exception.WebElementNotFoundException: Web element with id: 'Object Repository/Create Workspace Designer/Page_Canvas World/WSD_closedialog_OKbutton' located by 'By.xpath: .//a[@data-item-id='dialogBtnOk']' not found)
[[ATTACHMENT|D:\\KATALON_STUDIO\\Studio Smoke Test\\Reports\\Smoke Test Suite\\20180413_141217\\1523609485536.png]]

2018-04-13 14:21:26 - [TEST_STEP][PASSED] - closeBrowser: Browser is closed

2018-04-13 14:21:27 - [MESSAGE][PASSED] - Browser is closed]]></system-out>
         <system-err><![CDATA[2018-04-13 14:19:27 - [TEST_CASE][FAILED] - Test Cases/Studio Smoke Test Cases/Create Workspace: Test Cases/Studio Smoke Test Cases/Create Workspace FAILED because (of) Unable to click on object 'Object Repository/Create Workspace Designer/Page_Canvas World/WSD_closedialog_OKbutton' (Root cause: com.kms.katalon.core.webui.exception.WebElementNotFoundException: Web element with id: 'Object Repository/Create Workspace Designer/Page_Canvas World/WSD_closedialog_OKbutton' located by 'By.xpath: .//a[@data-item-id='dialogBtnOk']' not found)]]></system-err>
      </testcase>
      <testcase name="Test Cases/Studio Smoke Test Cases/ModelHouse Application Validation" classname="Test Cases/Studio Smoke Test Cases/ModelHouse Application Validation" status="PASSED">
         <system-out><![CDATA[2018-04-13 14:21:27 - [TEST_CASE][PASSED] - Test Cases/Studio Smoke Test Cases/ModelHouse Application Validation: Test Cases/Studio Smoke Test Cases/ModelHouse Application Validation

2018-04-13 14:21:27 - [TEST_STEP][PASSED] - openBrowser: Browser is opened with url: ''

2018-04-13 14:21:32 - [MESSAGE][PASSED] - Browser is opened with url: ''

2018-04-13 14:21:32 - [TEST_STEP][PASSED] - navigateToUrl: Navigate to 'http://localhost:8082/ctmodelhouse/cacheReset.jsp' successfully

2018-04-13 14:21:34 - [MESSAGE][PASSED] - Navigate to 'http://localhost:8082/ctmodelhouse/cacheReset.jsp' successfully

2018-04-13 14:21:34 - [TEST_STEP][PASSED] - delay: Delayed 2 second(s)

2018-04-13 14:21:36 - [MESSAGE][PASSED] - Delayed 2 second(s)

2018-04-13 14:21:36 - [TEST_STEP][PASSED] - closeBrowser: Browser is closed

2018-04-13 14:21:37 - [MESSAGE][PASSED] - Browser is closed

2018-04-13 14:21:37 - [TEST_STEP][PASSED] - openBrowser: Browser is opened with url: ''

2018-04-13 14:21:41 - [MESSAGE][PASSED] - Browser is opened with url: ''

2018-04-13 14:21:41 - [TEST_STEP][PASSED] - maximizeWindow: Current window maximized

2018-04-13 14:21:42 - [MESSAGE][PASSED] - Current window maximized

2018-04-13 14:21:42 - [TEST_STEP][PASSED] - navigateToUrl: Navigate to 'http://localhost:8082/ctmodelhouse/' successfully

2018-04-13 14:21:43 - [MESSAGE][PASSED] - Navigate to 'http://localhost:8082/ctmodelhouse/' successfully

2018-04-13 14:21:43 - [TEST_STEP][PASSED] - setText: Text 'terrim' is set on object 'Object Repository/Model House Application/Page_Welcome to Canvas Technology/input_ctLoginID'

2018-04-13 14:21:43 - [MESSAGE][PASSED] - Text 'terrim' is set on object 'Object Repository/Model House Application/Page_Welcome to Canvas Technology/input_ctLoginID'

2018-04-13 14:21:43 - [TEST_STEP][PASSED] - setText: Text 'canvas' is set on object 'Object Repository/Model House Application/Page_Welcome to Canvas Technology/input_loginPSW'

2018-04-13 14:21:43 - [MESSAGE][PASSED] - Text 'canvas' is set on object 'Object Repository/Model House Application/Page_Welcome to Canvas Technology/input_loginPSW'

2018-04-13 14:21:43 - [TEST_STEP][PASSED] - click: Object: 'Object Repository/Model House Application/Page_Welcome to Canvas Technology/input_commit' is clicked on

2018-04-13 14:21:51 - [MESSAGE][PASSED] - Object: 'Object Repository/Model House Application/Page_Welcome to Canvas Technology/input_commit' is clicked on

2018-04-13 14:21:51 - [TEST_STEP][PASSED] - Statement - If (com.kms.katalon.core.webui.keyword.WebUiBuiltInKeywords.verifyElementText(com.kms.katalon.core.testobject.ObjectRepository.findTestObject(Model House Application/Page_Canvas Technology/div_col-md-12 flaticon-default), "AUTO_WS_DESIGNER")): Object: 'Object Repository/Model House Application/Page_Canvas Technology/div_col-md-12 flaticon-default' is clicked on

2018-04-13 14:21:51 - [MESSAGE][PASSED] - Actual text and expected text of test object 'Object Repository/Model House Application/Page_Canvas Technology/div_col-md-12 flaticon-default' are matched.

2018-04-13 14:21:51 - [TEST_STEP][PASSED] - click: Object: 'Object Repository/Model House Application/Page_Canvas Technology/div_col-md-12 flaticon-default' is clicked on

2018-04-13 14:21:51 - [MESSAGE][PASSED] - Object: 'Object Repository/Model House Application/Page_Canvas Technology/div_col-md-12 flaticon-default' is clicked on

2018-04-13 14:21:51 - [TEST_STEP][PASSED] - verifyElementText: Actual text and expected text of test object 'Object Repository/Model House Application/Page_Canvas Technology/div_clearfix' are matched.

2018-04-13 14:21:58 - [MESSAGE][PASSED] - Actual text and expected text of test object 'Object Repository/Model House Application/Page_Canvas Technology/div_clearfix' are matched.

2018-04-13 14:21:58 - [TEST_STEP][PASSED] - verifyElementText: Actual text and expected text of test object 'Object Repository/Model House Application/Page_Canvas Technology/div_clearfix_1' are matched.

2018-04-13 14:21:59 - [MESSAGE][PASSED] - Actual text and expected text of test object 'Object Repository/Model House Application/Page_Canvas Technology/div_clearfix_1' are matched.

2018-04-13 14:21:59 - [TEST_STEP][PASSED] - verifyElementText: Actual text and expected text of test object 'Object Repository/Model House Application/Page_Canvas Technology/div_clearfix_2' are matched.

2018-04-13 14:21:59 - [MESSAGE][PASSED] - Actual text and expected text of test object 'Object Repository/Model House Application/Page_Canvas Technology/div_clearfix_2' are matched.

2018-04-13 14:21:59 - [TEST_STEP][PASSED] - verifyElementText: Actual text and expected text of test object 'Object Repository/Model House Application/Page_Canvas Technology/div_clearfix_3' are matched.

2018-04-13 14:21:59 - [MESSAGE][PASSED] - Actual text and expected text of test object 'Object Repository/Model House Application/Page_Canvas Technology/div_clearfix_3' are matched.

2018-04-13 14:21:59 - [TEST_STEP][PASSED] - delay: Delayed 10 second(s)

2018-04-13 14:22:09 - [MESSAGE][PASSED] - Delayed 10 second(s)

2018-04-13 14:22:09 - [TEST_STEP][PASSED] - scrollToPosition: Browser is scrolled to position x = 500, y = 500

2018-04-13 14:22:09 - [MESSAGE][PASSED] - Browser is scrolled to position x = 500, y = 500

2018-04-13 14:22:09 - [TEST_STEP][PASSED] - delay: Delayed 2 second(s)

2018-04-13 14:22:11 - [MESSAGE][PASSED] - Delayed 2 second(s)

2018-04-13 14:22:11 - [TEST_STEP][PASSED] - click: Object: 'Object Repository/Model House Application/Page_Canvas Technology/Logo icon' is clicked on

2018-04-13 14:22:11 - [MESSAGE][PASSED] - Object: 'Object Repository/Model House Application/Page_Canvas Technology/Logo icon' is clicked on

2018-04-13 14:22:11 - [TEST_STEP][PASSED] - delay: Delayed 2 second(s)

2018-04-13 14:22:13 - [MESSAGE][PASSED] - Delayed 2 second(s)

2018-04-13 14:22:13 - [TEST_STEP][PASSED] - click: Object: 'Object Repository/Model House Application/Page_Canvas Technology/PaymentWorkspace' is clicked on

2018-04-13 14:22:14 - [MESSAGE][PASSED] - Object: 'Object Repository/Model House Application/Page_Canvas Technology/PaymentWorkspace' is clicked on

2018-04-13 14:22:14 - [TEST_STEP][PASSED] - delay: Delayed 2 second(s)

2018-04-13 14:22:16 - [MESSAGE][PASSED] - Delayed 2 second(s)

2018-04-13 14:22:16 - [TEST_STEP][PASSED] - click: Object: 'Object Repository/Model House Application/Page_Canvas Technology/RequestModelerMenu' is clicked on

2018-04-13 14:22:16 - [MESSAGE][PASSED] - Object: 'Object Repository/Model House Application/Page_Canvas Technology/RequestModelerMenu' is clicked on

2018-04-13 14:22:16 - [TEST_STEP][PASSED] - delay: Delayed 4 second(s)

2018-04-13 14:22:20 - [MESSAGE][PASSED] - Delayed 4 second(s)

2018-04-13 14:22:20 - [TEST_STEP][PASSED] - setText: Text 'MUGUN' is set on object 'Object Repository/Model House Application/Page_Canvas Technology/Username'

2018-04-13 14:22:21 - [MESSAGE][PASSED] - Text 'MUGUN' is set on object 'Object Repository/Model House Application/Page_Canvas Technology/Username'

2018-04-13 14:22:21 - [TEST_STEP][PASSED] - setText: Text 'TEST123' is set on object 'Object Repository/Model House Application/Page_Canvas Technology/Password'

2018-04-13 14:22:21 - [MESSAGE][PASSED] - Text 'TEST123' is set on object 'Object Repository/Model House Application/Page_Canvas Technology/Password'

2018-04-13 14:22:21 - [TEST_STEP][PASSED] - setText: Text 'TEST123' is set on object 'Object Repository/Model House Application/Page_Canvas Technology/Confirmpassword'

2018-04-13 14:22:21 - [MESSAGE][PASSED] - Text 'TEST123' is set on object 'Object Repository/Model House Application/Page_Canvas Technology/Confirmpassword'

2018-04-13 14:22:21 - [TEST_STEP][PASSED] - setText: Text 'TESTACC12345' is set on object 'Object Repository/Model House Application/Page_Canvas Technology/AccountId'

2018-04-13 14:22:22 - [MESSAGE][PASSED] - Text 'TESTACC12345' is set on object 'Object Repository/Model House Application/Page_Canvas Technology/AccountId'

2018-04-13 14:22:22 - [TEST_STEP][PASSED] - setText: Text 'MUGUNTHAN' is set on object 'Object Repository/Model House Application/Page_Canvas Technology/Namefield'

2018-04-13 14:22:22 - [MESSAGE][PASSED] - Text 'MUGUNTHAN' is set on object 'Object Repository/Model House Application/Page_Canvas Technology/Namefield'

2018-04-13 14:22:22 - [TEST_STEP][PASSED] - setText: Text 'TEST@GMAIL.COM' is set on object 'Object Repository/Model House Application/Page_Canvas Technology/Emailfield'

2018-04-13 14:22:23 - [MESSAGE][PASSED] - Text 'TEST@GMAIL.COM' is set on object 'Object Repository/Model House Application/Page_Canvas Technology/Emailfield'

2018-04-13 14:22:23 - [TEST_STEP][PASSED] - setText: Text '0987654321' is set on object 'Object Repository/Model House Application/Page_Canvas Technology/Phone'

2018-04-13 14:22:24 - [MESSAGE][PASSED] - Text '0987654321' is set on object 'Object Repository/Model House Application/Page_Canvas Technology/Phone'

2018-04-13 14:22:24 - [TEST_STEP][PASSED] - setText: Text 'MALE' is set on object 'Object Repository/Model House Application/Page_Canvas Technology/Gender'

2018-04-13 14:22:24 - [MESSAGE][PASSED] - Text 'MALE' is set on object 'Object Repository/Model House Application/Page_Canvas Technology/Gender'

2018-04-13 14:22:24 - [TEST_STEP][PASSED] - setText: Text 'CHENNAI' is set on object 'Object Repository/Model House Application/Page_Canvas Technology/Address'

2018-04-13 14:22:25 - [MESSAGE][PASSED] - Text 'CHENNAI' is set on object 'Object Repository/Model House Application/Page_Canvas Technology/Address'

2018-04-13 14:22:25 - [TEST_STEP][PASSED] - setText: Text '654321' is set on object 'Object Repository/Model House Application/Page_Canvas Technology/zipcode'

2018-04-13 14:22:26 - [MESSAGE][PASSED] - Text '654321' is set on object 'Object Repository/Model House Application/Page_Canvas Technology/zipcode'

2018-04-13 14:22:26 - [TEST_STEP][PASSED] - setText: Text 'INDIA' is set on object 'Object Repository/Model House Application/Page_Canvas Technology/Country'

2018-04-13 14:22:26 - [MESSAGE][PASSED] - Text 'INDIA' is set on object 'Object Repository/Model House Application/Page_Canvas Technology/Country'

2018-04-13 14:22:26 - [TEST_STEP][PASSED] - setText: Text 'HDFC' is set on object 'Object Repository/Model House Application/Page_Canvas Technology/Bankname'

2018-04-13 14:22:26 - [MESSAGE][PASSED] - Text 'HDFC' is set on object 'Object Repository/Model House Application/Page_Canvas Technology/Bankname'

2018-04-13 14:22:26 - [TEST_STEP][PASSED] - setText: Text 'OMR' is set on object 'Object Repository/Model House Application/Page_Canvas Technology/Branchname'

2018-04-13 14:22:27 - [MESSAGE][PASSED] - Text 'OMR' is set on object 'Object Repository/Model House Application/Page_Canvas Technology/Branchname'

2018-04-13 14:22:27 - [TEST_STEP][PASSED] - setText: Text 'OMR12345' is set on object 'Object Repository/Model House Application/Page_Canvas Technology/IfscCode'

2018-04-13 14:22:27 - [MESSAGE][PASSED] - Text 'OMR12345' is set on object 'Object Repository/Model House Application/Page_Canvas Technology/IfscCode'

2018-04-13 14:22:27 - [TEST_STEP][PASSED] - setText: Text 'YES' is set on object 'Object Repository/Model House Application/Page_Canvas Technology/AddNominee'

2018-04-13 14:22:28 - [MESSAGE][PASSED] - Text 'YES' is set on object 'Object Repository/Model House Application/Page_Canvas Technology/AddNominee'

2018-04-13 14:22:28 - [TEST_STEP][PASSED] - setText: Text 'TESTNOMINEE' is set on object 'Object Repository/Model House Application/Page_Canvas Technology/Nomineename'

2018-04-13 14:22:30 - [MESSAGE][PASSED] - Text 'TESTNOMINEE' is set on object 'Object Repository/Model House Application/Page_Canvas Technology/Nomineename'

2018-04-13 14:22:30 - [TEST_STEP][PASSED] - setText: Text 'NO' is set on object 'Object Repository/Model House Application/Page_Canvas Technology/Nomineeminor'

2018-04-13 14:22:30 - [MESSAGE][PASSED] - Text 'NO' is set on object 'Object Repository/Model House Application/Page_Canvas Technology/Nomineeminor'

2018-04-13 14:22:30 - [TEST_STEP][PASSED] - setText: Text 'FATHER' is set on object 'Object Repository/Model House Application/Page_Canvas Technology/Nomineerelationship'

2018-04-13 14:22:31 - [MESSAGE][PASSED] - Text 'FATHER' is set on object 'Object Repository/Model House Application/Page_Canvas Technology/Nomineerelationship'

2018-04-13 14:22:31 - [TEST_STEP][PASSED] - setText: Text 'CHENNAI' is set on object 'Object Repository/Model House Application/Page_Canvas Technology/Nomineeaddress'

2018-04-13 14:22:32 - [MESSAGE][PASSED] - Text 'CHENNAI' is set on object 'Object Repository/Model House Application/Page_Canvas Technology/Nomineeaddress'

2018-04-13 14:22:32 - [TEST_STEP][PASSED] - setText: Text 'PAN9876543' is set on object 'Object Repository/Model House Application/Page_Canvas Technology/Nomineepancard'

2018-04-13 14:22:33 - [MESSAGE][PASSED] - Text 'PAN9876543' is set on object 'Object Repository/Model House Application/Page_Canvas Technology/Nomineepancard'

2018-04-13 14:22:33 - [TEST_STEP][PASSED] - setText: Text 'FRR43RTY65EW' is set on object 'Object Repository/Model House Application/Page_Canvas Technology/NomineeSSN'

2018-04-13 14:22:34 - [MESSAGE][PASSED] - Text 'FRR43RTY65EW' is set on object 'Object Repository/Model House Application/Page_Canvas Technology/NomineeSSN'

2018-04-13 14:22:34 - [TEST_STEP][PASSED] - click: Object: 'Object Repository/Model House Application/Page_Canvas Technology/InitSubmit' is clicked on

2018-04-13 14:22:34 - [MESSAGE][PASSED] - Object: 'Object Repository/Model House Application/Page_Canvas Technology/InitSubmit' is clicked on

2018-04-13 14:22:34 - [TEST_STEP][PASSED] - delay: Delayed 3 second(s)

2018-04-13 14:22:37 - [MESSAGE][PASSED] - Delayed 3 second(s)

2018-04-13 14:22:37 - [TEST_STEP][PASSED] - scrollToPosition: Browser is scrolled to position x = 500, y = 500

2018-04-13 14:22:37 - [MESSAGE][PASSED] - Browser is scrolled to position x = 500, y = 500

2018-04-13 14:22:37 - [TEST_STEP][PASSED] - click: Object: 'Object Repository/Model House Application/Page_Canvas Technology/InitSubmitConfirmation' is clicked on

2018-04-13 14:22:38 - [MESSAGE][PASSED] - Object: 'Object Repository/Model House Application/Page_Canvas Technology/InitSubmitConfirmation' is clicked on

2018-04-13 14:22:38 - [TEST_STEP][PASSED] - delay: Delayed 2 second(s)

2018-04-13 14:22:40 - [MESSAGE][PASSED] - Delayed 2 second(s)

2018-04-13 14:22:40 - [TEST_STEP][PASSED] - click: Object: 'Object Repository/Model House Application/Page_Canvas Technology/Confirmation OK button' is clicked on

2018-04-13 14:22:40 - [MESSAGE][PASSED] - Object: 'Object Repository/Model House Application/Page_Canvas Technology/Confirmation OK button' is clicked on

2018-04-13 14:22:40 - [TEST_STEP][NOT_RUN] - closeBrowser: NOT_RUN: closeBrowser

2018-04-13 14:22:40 - [MESSAGE][NOT_RUN] - NOT_RUN: closeBrowser]]></system-out>
         <system-err><![CDATA[]]></system-err>
      </testcase>
      <system-out><![CDATA[2018-04-13 14:12:21 - [TEST_SUITE][FAILED] - Smoke Test Suite: Test Cases/Studio Smoke Test Cases/Create Workspace FAILED because (of) Unable to click on object 'Object Repository/Create Workspace Designer/Page_Canvas World/WSD_closedialog_OKbutton' (Root cause: com.kms.katalon.core.webui.exception.WebElementNotFoundException: Web element with id: 'Object Repository/Create Workspace Designer/Page_Canvas World/WSD_closedialog_OKbutton' located by 'By.xpath: .//a[@data-item-id='dialogBtnOk']' not found)]]></system-out>
      <system-err><![CDATA[2018-04-13 14:12:21 - [TEST_SUITE][FAILED] - Smoke Test Suite: Test Cases/Studio Smoke Test Cases/Create Workspace FAILED because (of) Unable to click on object 'Object Repository/Create Workspace Designer/Page_Canvas World/WSD_closedialog_OKbutton' (Root cause: com.kms.katalon.core.webui.exception.WebElementNotFoundException: Web element with id: 'Object Repository/Create Workspace Designer/Page_Canvas World/WSD_closedialog_OKbutton' located by 'By.xpath: .//a[@data-item-id='dialogBtnOk']' not found)]]></system-err>
   </testsuite>
</testsuites>
