<?xml version="1.0" encoding="UTF-8"?>
<testsuites name="Grid_Suite" time="1253" tests="7" failures="2" errors="0">
   <testsuite name="Grid_Suite" tests="7" failures="2" errors="0" time="1253" timestamp="2018-07-04 14:56:42" hostname="arokia.raj - N9449.intellectdesign.com" id="Test Suites/Grid_Suite">
      <properties>
         <property name="deviceName" value=""/>
         <property name="devicePlatform" value=""/>
         <property name="logFolder" value="D:\\Sheepa\\Katalon\\Studio Smoke Test\\Studio Smoke Test\\Reports\\Grid_Suite\\20180704_145639"/>
         <property name="logFiles" value="D:\\Sheepa\\Katalon\\Studio Smoke Test\\Studio Smoke Test\\Reports\\Grid_Suite\\20180704_145639\\execution0.log"/>
         <property name="attachments" value="D:\\Sheepa\\Katalon\\Studio Smoke Test\\Studio Smoke Test\\Reports\\Grid_Suite\\20180704_145639\\1530696778734.png, D:\\Sheepa\\Katalon\\Studio Smoke Test\\Studio Smoke Test\\Reports\\Grid_Suite\\20180704_145639\\1530696814404.png, D:\\Sheepa\\Katalon\\Studio Smoke Test\\Studio Smoke Test\\Reports\\Grid_Suite\\20180704_145639\\1530696815345.png, D:\\Sheepa\\Katalon\\Studio Smoke Test\\Studio Smoke Test\\Reports\\Grid_Suite\\20180704_145639\\1530696815894.png, D:\\Sheepa\\Katalon\\Studio Smoke Test\\Studio Smoke Test\\Reports\\Grid_Suite\\20180704_145639\\1530696821527.png, D:\\Sheepa\\Katalon\\Studio Smoke Test\\Studio Smoke Test\\Reports\\Grid_Suite\\20180704_145639\\1530696822023.png, D:\\Sheepa\\Katalon\\Studio Smoke Test\\Studio Smoke Test\\Reports\\Grid_Suite\\20180704_145639\\1530696822570.png, D:\\Sheepa\\Katalon\\Studio Smoke Test\\Studio Smoke Test\\Reports\\Grid_Suite\\20180704_145639\\1530696823045.png, D:\\Sheepa\\Katalon\\Studio Smoke Test\\Studio Smoke Test\\Reports\\Grid_Suite\\20180704_145639\\1530696823559.png, D:\\Sheepa\\Katalon\\Studio Smoke Test\\Studio Smoke Test\\Reports\\Grid_Suite\\20180704_145639\\1530696824222.png, D:\\Sheepa\\Katalon\\Studio Smoke Test\\Studio Smoke Test\\Reports\\Grid_Suite\\20180704_145639\\1530696831228.png, D:\\Sheepa\\Katalon\\Studio Smoke Test\\Studio Smoke Test\\Reports\\Grid_Suite\\20180704_145639\\1530696866356.png, D:\\Sheepa\\Katalon\\Studio Smoke Test\\Studio Smoke Test\\Reports\\Grid_Suite\\20180704_145639\\1530696866786.png, D:\\Sheepa\\Katalon\\Studio Smoke Test\\Studio Smoke Test\\Reports\\Grid_Suite\\20180704_145639\\1530696867178.png, D:\\Sheepa\\Katalon\\Studio Smoke Test\\Studio Smoke Test\\Reports\\Grid_Suite\\20180704_145639\\1530696908877.png, D:\\Sheepa\\Katalon\\Studio Smoke Test\\Studio Smoke Test\\Reports\\Grid_Suite\\20180704_145639\\1530696940481.png, D:\\Sheepa\\Katalon\\Studio Smoke Test\\Studio Smoke Test\\Reports\\Grid_Suite\\20180704_145639\\1530696947044.png, D:\\Sheepa\\Katalon\\Studio Smoke Test\\Studio Smoke Test\\Reports\\Grid_Suite\\20180704_145639\\1530696950577.png, D:\\Sheepa\\Katalon\\Studio Smoke Test\\Studio Smoke Test\\Reports\\Grid_Suite\\20180704_145639\\1530696951066.png, D:\\Sheepa\\Katalon\\Studio Smoke Test\\Studio Smoke Test\\Reports\\Grid_Suite\\20180704_145639\\1530696951548.png, D:\\Sheepa\\Katalon\\Studio Smoke Test\\Studio Smoke Test\\Reports\\Grid_Suite\\20180704_145639\\1530696957184.png, D:\\Sheepa\\Katalon\\Studio Smoke Test\\Studio Smoke Test\\Reports\\Grid_Suite\\20180704_145639\\1530696957792.png, D:\\Sheepa\\Katalon\\Studio Smoke Test\\Studio Smoke Test\\Reports\\Grid_Suite\\20180704_145639\\1530696958382.png, D:\\Sheepa\\Katalon\\Studio Smoke Test\\Studio Smoke Test\\Reports\\Grid_Suite\\20180704_145639\\1530696958948.png, D:\\Sheepa\\Katalon\\Studio Smoke Test\\Studio Smoke Test\\Reports\\Grid_Suite\\20180704_145639\\1530696959533.png, D:\\Sheepa\\Katalon\\Studio Smoke Test\\Studio Smoke Test\\Reports\\Grid_Suite\\20180704_145639\\1530696960110.png, D:\\Sheepa\\Katalon\\Studio Smoke Test\\Studio Smoke Test\\Reports\\Grid_Suite\\20180704_145639\\1530697244279.png, D:\\Sheepa\\Katalon\\Studio Smoke Test\\Studio Smoke Test\\Reports\\Grid_Suite\\20180704_145639\\1530697276395.png, D:\\Sheepa\\Katalon\\Studio Smoke Test\\Studio Smoke Test\\Reports\\Grid_Suite\\20180704_145639\\1530697286961.png, D:\\Sheepa\\Katalon\\Studio Smoke Test\\Studio Smoke Test\\Reports\\Grid_Suite\\20180704_145639\\1530697327476.png, D:\\Sheepa\\Katalon\\Studio Smoke Test\\Studio Smoke Test\\Reports\\Grid_Suite\\20180704_145639\\1530697360027.png, D:\\Sheepa\\Katalon\\Studio Smoke Test\\Studio Smoke Test\\Reports\\Grid_Suite\\20180704_145639\\1530697370909.png, D:\\Sheepa\\Katalon\\Studio Smoke Test\\Studio Smoke Test\\Reports\\Grid_Suite\\20180704_145639\\1530697411292.png, D:\\Sheepa\\Katalon\\Studio Smoke Test\\Studio Smoke Test\\Reports\\Grid_Suite\\20180704_145639\\1530697443733.png, D:\\Sheepa\\Katalon\\Studio Smoke Test\\Studio Smoke Test\\Reports\\Grid_Suite\\20180704_145639\\1530697454295.png, D:\\Sheepa\\Katalon\\Studio Smoke Test\\Studio Smoke Test\\Reports\\Grid_Suite\\20180704_145639\\1530697495192.png, D:\\Sheepa\\Katalon\\Studio Smoke Test\\Studio Smoke Test\\Reports\\Grid_Suite\\20180704_145639\\1530697527409.png, D:\\Sheepa\\Katalon\\Studio Smoke Test\\Studio Smoke Test\\Reports\\Grid_Suite\\20180704_145639\\1530697537997.png, D:\\Sheepa\\Katalon\\Studio Smoke Test\\Studio Smoke Test\\Reports\\Grid_Suite\\20180704_145639\\1530697578499.png, D:\\Sheepa\\Katalon\\Studio Smoke Test\\Studio Smoke Test\\Reports\\Grid_Suite\\20180704_145639\\1530697610805.png, D:\\Sheepa\\Katalon\\Studio Smoke Test\\Studio Smoke Test\\Reports\\Grid_Suite\\20180704_145639\\1530697621529.png, D:\\Sheepa\\Katalon\\Studio Smoke Test\\Studio Smoke Test\\Reports\\Grid_Suite\\20180704_145639\\1530697622139.png, D:\\Sheepa\\Katalon\\Studio Smoke Test\\Studio Smoke Test\\Reports\\Grid_Suite\\20180704_145639\\1530697654369.png"/>
         <property name="hostName" value="arokia.raj - N9449.intellectdesign.com"/>
         <property name="os" value="Windows 7 64bit"/>
         <property name="katalonVersion" value="5.4.1.1"/>
         <property name="browser" value="Chrome 67.0.3396.99"/>
         <property name="hostAddress" value="172.29.24.220"/>
         <property name="sessionId" value="0facb7742e09cde550432202c7b9d8a9"/>
         <property name="seleniumVersion" value="3.7.1"/>
         <property name="proxyInformation" value="ProxyInformation{proxyOption=NO_PROXY, proxyServerType=HTTP, password=, proxyServerAddress=, proxyServerPort=0}"/>
         <property name="platform" value="Windows 7"/>
      </properties>
      <testcase name="Test Cases/Smoke Test/Delete Grid Views" classname="Test Cases/Smoke Test/Delete Grid Views" status="PASSED">
         <system-out><![CDATA[2018-07-04 14:56:42 - [TEST_CASE][PASSED] - Test Cases/Smoke Test/Delete Grid Views: Test Cases/Smoke Test/Delete Grid Views

2018-07-04 14:56:43 - [TEST_STEP][PASSED] - openBrowser: Browser is opened with url: ''

2018-07-04 14:56:48 - [MESSAGE][PASSED] - Browser is opened with url: ''

2018-07-04 14:56:48 - [TEST_STEP][PASSED] - maximizeWindow: Current window maximized

2018-07-04 14:56:50 - [MESSAGE][PASSED] - Current window maximized

2018-07-04 14:56:50 - [TEST_STEP][PASSED] - navigateToUrl: Navigate to 'http://localhost:8082/expertctstudio' successfully

2018-07-04 14:57:11 - [MESSAGE][PASSED] - Navigate to 'http://localhost:8082/expertctstudio' successfully

2018-07-04 14:57:11 - [TEST_STEP][PASSED] - setText: Text 'CTSTUD1' is set on object 'Object Repository/New_Test_Create_Form/Page_Expert CT Studio/input_loginID'

2018-07-04 14:57:11 - [MESSAGE][PASSED] - Text 'CTSTUD1' is set on object 'Object Repository/New_Test_Create_Form/Page_Expert CT Studio/input_loginID'

2018-07-04 14:57:11 - [TEST_STEP][PASSED] - setText: Text 'TEST123' is set on object 'Object Repository/New_Test_Create_Form/Page_Expert CT Studio/input_loginPSW'

2018-07-04 14:57:12 - [MESSAGE][PASSED] - Text 'TEST123' is set on object 'Object Repository/New_Test_Create_Form/Page_Expert CT Studio/input_loginPSW'

2018-07-04 14:57:12 - [TEST_STEP][PASSED] - click: Object: 'Object Repository/New_Test_Create_Form/Page_Expert CT Studio/input_commit' is clicked on

2018-07-04 14:57:13 - [MESSAGE][PASSED] - Object: 'Object Repository/New_Test_Create_Form/Page_Expert CT Studio/input_commit' is clicked on

2018-07-04 14:57:13 - [TEST_STEP][PASSED] - waitForPageLoad: Wait for page load successfully

2018-07-04 14:57:14 - [MESSAGE][PASSED] - Wait for page load successfully

2018-07-04 14:57:14 - [TEST_STEP][PASSED] - click: Object: 'Object Repository/New_Test_Create_List_Grid/Page_Canvas World/click_view_def' is clicked on

2018-07-04 14:57:15 - [MESSAGE][PASSED] - Object: 'Object Repository/New_Test_Create_List_Grid/Page_Canvas World/click_view_def' is clicked on

2018-07-04 14:57:15 - [TEST_STEP][PASSED] - waitForPageLoad: Wait for page load successfully

2018-07-04 14:57:15 - [MESSAGE][PASSED] - Wait for page load successfully

2018-07-04 14:57:15 - [TEST_STEP][PASSED] - Statement - returnVal_View = delete(5): null

2018-07-04 14:57:15 - [TEST_STEP][PASSED] - Statement - path = "D:\Sheepa\Katalon\Studio Smoke Test\Studio Smoke Test\Data Files\Grid_view_id.xls": null

2018-07-04 14:57:15 - [TEST_STEP][PASSED] - Statement - fis = new java.io.FileInputStream(path): null

2018-07-04 14:57:15 - [TEST_STEP][PASSED] - Statement - hssfWorkbook = new org.apache.poi.hssf.usermodel.HSSFWorkbook(fis): null

2018-07-04 14:57:15 - [TEST_STEP][PASSED] - Statement - sc = hssfWorkbook.getNumberOfSheets(): null

2018-07-04 14:57:15 - [TEST_STEP][PASSED] - Statement - println(sc): null

2018-07-04 14:57:15 - [TEST_STEP][PASSED] - Statement - hssfSheet = hssfWorkbook.getSheetAt(0): null

2018-07-04 14:57:15 - [TEST_STEP][PASSED] - Statement - hssfRow = hssfSheet.getRow(1): null

2018-07-04 14:57:15 - [TEST_STEP][PASSED] - Statement - For ([i = 0, i <= j, (i++)]): null

2018-07-04 14:57:15 - [TEST_STEP][PASSED] - Statement - id = hssfRow.getCell(i): null

2018-07-04 14:57:15 - [TEST_STEP][PASSED] - Statement - selectForm = "//span[contains(text(),'" + java.lang.String.valueOf(id) + "')]/preceding::td[2]/span/input[@data-item-id='ct_rowSelector']": null

2018-07-04 14:57:15 - [TEST_STEP][PASSED] - Statement - println(selectForm): null

2018-07-04 14:57:15 - [TEST_STEP][PASSED] - Statement - dynamicObject = new com.kms.katalon.core.testobject.TestObject(selectForm).addProperty("xpath", EQUALS, selectForm, true): null

2018-07-04 14:57:15 - [TEST_STEP][PASSED] - delay: Delayed 5 second(s)

2018-07-04 14:57:20 - [MESSAGE][PASSED] - Delayed 5 second(s)

2018-07-04 14:57:20 - [TEST_STEP][PASSED] - Statement - present = com.kms.katalon.core.webui.keyword.WebUiBuiltInKeywords.verifyElementNotPresent(dynamicObject, 4, CONTINUE_ON_FAILURE): Web element with id: '//span[contains(text(),'A001')]/preceding::td[2]/span/input[@data-item-id='ct_rowSelector']' located by 'By.xpath: //span[contains(text(),'A001')]/preceding::td[2]/span/input[@data-item-id='ct_rowSelector']' is not present after '4' second(s)

2018-07-04 14:57:20 - [MESSAGE][PASSED] - Web element with id: '//span[contains(text(),'A001')]/preceding::td[2]/span/input[@data-item-id='ct_rowSelector']' located by 'By.xpath: //span[contains(text(),'A001')]/preceding::td[2]/span/input[@data-item-id='ct_rowSelector']' is not present after '4' second(s)

2018-07-04 14:57:20 - [TEST_STEP][PASSED] - Statement - If (java.lang.String.valueOf(present) == "false"): null

2018-07-04 14:57:20 - [TEST_STEP][PASSED] - Statement - Else: null

2018-07-04 14:57:20 - [TEST_STEP][PASSED] - Statement - println("No View exist"): null

2018-07-04 14:57:20 - [TEST_STEP][PASSED] - Statement - id = hssfRow.getCell(i): null

2018-07-04 14:57:20 - [TEST_STEP][PASSED] - Statement - selectForm = "//span[contains(text(),'" + java.lang.String.valueOf(id) + "')]/preceding::td[2]/span/input[@data-item-id='ct_rowSelector']": null

2018-07-04 14:57:20 - [TEST_STEP][PASSED] - Statement - println(selectForm): null

2018-07-04 14:57:20 - [TEST_STEP][PASSED] - Statement - dynamicObject = new com.kms.katalon.core.testobject.TestObject(selectForm).addProperty("xpath", EQUALS, selectForm, true): null

2018-07-04 14:57:20 - [TEST_STEP][PASSED] - delay: Delayed 5 second(s)

2018-07-04 14:57:26 - [MESSAGE][PASSED] - Delayed 5 second(s)

2018-07-04 14:57:26 - [TEST_STEP][PASSED] - Statement - present = com.kms.katalon.core.webui.keyword.WebUiBuiltInKeywords.verifyElementNotPresent(dynamicObject, 4, CONTINUE_ON_FAILURE): Web element with id: '//span[contains(text(),'A002')]/preceding::td[2]/span/input[@data-item-id='ct_rowSelector']' located by 'By.xpath: //span[contains(text(),'A002')]/preceding::td[2]/span/input[@data-item-id='ct_rowSelector']' is not present after '4' second(s)

2018-07-04 14:57:26 - [MESSAGE][PASSED] - Web element with id: '//span[contains(text(),'A002')]/preceding::td[2]/span/input[@data-item-id='ct_rowSelector']' located by 'By.xpath: //span[contains(text(),'A002')]/preceding::td[2]/span/input[@data-item-id='ct_rowSelector']' is not present after '4' second(s)

2018-07-04 14:57:26 - [TEST_STEP][PASSED] - Statement - If (java.lang.String.valueOf(present) == "false"): null

2018-07-04 14:57:26 - [TEST_STEP][PASSED] - Statement - Else: null

2018-07-04 14:57:26 - [TEST_STEP][PASSED] - Statement - println("No View exist"): null

2018-07-04 14:57:26 - [TEST_STEP][PASSED] - Statement - id = hssfRow.getCell(i): null

2018-07-04 14:57:26 - [TEST_STEP][PASSED] - Statement - selectForm = "//span[contains(text(),'" + java.lang.String.valueOf(id) + "')]/preceding::td[2]/span/input[@data-item-id='ct_rowSelector']": null

2018-07-04 14:57:26 - [TEST_STEP][PASSED] - Statement - println(selectForm): null

2018-07-04 14:57:26 - [TEST_STEP][PASSED] - Statement - dynamicObject = new com.kms.katalon.core.testobject.TestObject(selectForm).addProperty("xpath", EQUALS, selectForm, true): null

2018-07-04 14:57:26 - [TEST_STEP][PASSED] - delay: Delayed 5 second(s)

2018-07-04 14:57:31 - [MESSAGE][PASSED] - Delayed 5 second(s)

2018-07-04 14:57:31 - [TEST_STEP][PASSED] - Statement - present = com.kms.katalon.core.webui.keyword.WebUiBuiltInKeywords.verifyElementNotPresent(dynamicObject, 4, CONTINUE_ON_FAILURE): Web element with id: '//span[contains(text(),'A003')]/preceding::td[2]/span/input[@data-item-id='ct_rowSelector']' located by 'By.xpath: //span[contains(text(),'A003')]/preceding::td[2]/span/input[@data-item-id='ct_rowSelector']' is not present after '4' second(s)

2018-07-04 14:57:31 - [MESSAGE][PASSED] - Web element with id: '//span[contains(text(),'A003')]/preceding::td[2]/span/input[@data-item-id='ct_rowSelector']' located by 'By.xpath: //span[contains(text(),'A003')]/preceding::td[2]/span/input[@data-item-id='ct_rowSelector']' is not present after '4' second(s)

2018-07-04 14:57:31 - [TEST_STEP][PASSED] - Statement - If (java.lang.String.valueOf(present) == "false"): null

2018-07-04 14:57:31 - [TEST_STEP][PASSED] - Statement - Else: null

2018-07-04 14:57:31 - [TEST_STEP][PASSED] - Statement - println("No View exist"): null

2018-07-04 14:57:31 - [TEST_STEP][PASSED] - Statement - id = hssfRow.getCell(i): null

2018-07-04 14:57:31 - [TEST_STEP][PASSED] - Statement - selectForm = "//span[contains(text(),'" + java.lang.String.valueOf(id) + "')]/preceding::td[2]/span/input[@data-item-id='ct_rowSelector']": null

2018-07-04 14:57:31 - [TEST_STEP][PASSED] - Statement - println(selectForm): null

2018-07-04 14:57:31 - [TEST_STEP][PASSED] - Statement - dynamicObject = new com.kms.katalon.core.testobject.TestObject(selectForm).addProperty("xpath", EQUALS, selectForm, true): null

2018-07-04 14:57:31 - [TEST_STEP][PASSED] - delay: Delayed 5 second(s)

2018-07-04 14:57:36 - [MESSAGE][PASSED] - Delayed 5 second(s)

2018-07-04 14:57:36 - [TEST_STEP][PASSED] - Statement - present = com.kms.katalon.core.webui.keyword.WebUiBuiltInKeywords.verifyElementNotPresent(dynamicObject, 4, CONTINUE_ON_FAILURE): Web element with id: '//span[contains(text(),'A004')]/preceding::td[2]/span/input[@data-item-id='ct_rowSelector']' located by 'By.xpath: //span[contains(text(),'A004')]/preceding::td[2]/span/input[@data-item-id='ct_rowSelector']' is not present after '4' second(s)

2018-07-04 14:57:36 - [MESSAGE][PASSED] - Web element with id: '//span[contains(text(),'A004')]/preceding::td[2]/span/input[@data-item-id='ct_rowSelector']' located by 'By.xpath: //span[contains(text(),'A004')]/preceding::td[2]/span/input[@data-item-id='ct_rowSelector']' is not present after '4' second(s)

2018-07-04 14:57:36 - [TEST_STEP][PASSED] - Statement - If (java.lang.String.valueOf(present) == "false"): null

2018-07-04 14:57:36 - [TEST_STEP][PASSED] - Statement - Else: null

2018-07-04 14:57:36 - [TEST_STEP][PASSED] - Statement - println("No View exist"): null

2018-07-04 14:57:36 - [TEST_STEP][PASSED] - Statement - id = hssfRow.getCell(i): null

2018-07-04 14:57:36 - [TEST_STEP][PASSED] - Statement - selectForm = "//span[contains(text(),'" + java.lang.String.valueOf(id) + "')]/preceding::td[2]/span/input[@data-item-id='ct_rowSelector']": null

2018-07-04 14:57:36 - [TEST_STEP][PASSED] - Statement - println(selectForm): null

2018-07-04 14:57:36 - [TEST_STEP][PASSED] - Statement - dynamicObject = new com.kms.katalon.core.testobject.TestObject(selectForm).addProperty("xpath", EQUALS, selectForm, true): null

2018-07-04 14:57:36 - [TEST_STEP][PASSED] - delay: Delayed 5 second(s)

2018-07-04 14:57:41 - [MESSAGE][PASSED] - Delayed 5 second(s)

2018-07-04 14:57:41 - [TEST_STEP][PASSED] - Statement - present = com.kms.katalon.core.webui.keyword.WebUiBuiltInKeywords.verifyElementNotPresent(dynamicObject, 4, CONTINUE_ON_FAILURE): Web element with id: '//span[contains(text(),'A005')]/preceding::td[2]/span/input[@data-item-id='ct_rowSelector']' located by 'By.xpath: //span[contains(text(),'A005')]/preceding::td[2]/span/input[@data-item-id='ct_rowSelector']' is not present after '4' second(s)

2018-07-04 14:57:41 - [MESSAGE][PASSED] - Web element with id: '//span[contains(text(),'A005')]/preceding::td[2]/span/input[@data-item-id='ct_rowSelector']' located by 'By.xpath: //span[contains(text(),'A005')]/preceding::td[2]/span/input[@data-item-id='ct_rowSelector']' is not present after '4' second(s)

2018-07-04 14:57:41 - [TEST_STEP][PASSED] - Statement - If (java.lang.String.valueOf(present) == "false"): null

2018-07-04 14:57:41 - [TEST_STEP][PASSED] - Statement - Else: null

2018-07-04 14:57:41 - [TEST_STEP][PASSED] - Statement - println("No View exist"): null

2018-07-04 14:57:41 - [TEST_STEP][PASSED] - Statement - id = hssfRow.getCell(i): null

2018-07-04 14:57:41 - [TEST_STEP][PASSED] - Statement - selectForm = "//span[contains(text(),'" + java.lang.String.valueOf(id) + "')]/preceding::td[2]/span/input[@data-item-id='ct_rowSelector']": null

2018-07-04 14:57:41 - [TEST_STEP][PASSED] - Statement - println(selectForm): null

2018-07-04 14:57:41 - [TEST_STEP][PASSED] - Statement - dynamicObject = new com.kms.katalon.core.testobject.TestObject(selectForm).addProperty("xpath", EQUALS, selectForm, true): null

2018-07-04 14:57:41 - [TEST_STEP][PASSED] - delay: Delayed 5 second(s)

2018-07-04 14:57:46 - [MESSAGE][PASSED] - Delayed 5 second(s)

2018-07-04 14:57:46 - [TEST_STEP][PASSED] - Statement - present = com.kms.katalon.core.webui.keyword.WebUiBuiltInKeywords.verifyElementNotPresent(dynamicObject, 4, CONTINUE_ON_FAILURE): Web element with id: '//span[contains(text(),'A006')]/preceding::td[2]/span/input[@data-item-id='ct_rowSelector']' located by 'By.xpath: //span[contains(text(),'A006')]/preceding::td[2]/span/input[@data-item-id='ct_rowSelector']' is not present after '4' second(s)

2018-07-04 14:57:46 - [MESSAGE][PASSED] - Web element with id: '//span[contains(text(),'A006')]/preceding::td[2]/span/input[@data-item-id='ct_rowSelector']' located by 'By.xpath: //span[contains(text(),'A006')]/preceding::td[2]/span/input[@data-item-id='ct_rowSelector']' is not present after '4' second(s)

2018-07-04 14:57:46 - [TEST_STEP][PASSED] - Statement - If (java.lang.String.valueOf(present) == "false"): null

2018-07-04 14:57:46 - [TEST_STEP][PASSED] - Statement - Else: null

2018-07-04 14:57:46 - [TEST_STEP][PASSED] - Statement - println("No View exist"): null

2018-07-04 14:57:46 - [TEST_STEP][PASSED] - Statement - return done: null

2018-07-04 14:57:46 - [TEST_STEP][PASSED] - Statement - println("View " + returnVal_View): null

2018-07-04 14:57:46 - [TEST_STEP][PASSED] - delay: Delayed 5 second(s)

2018-07-04 14:57:51 - [MESSAGE][PASSED] - Delayed 5 second(s)

2018-07-04 14:57:51 - [TEST_STEP][PASSED] - click: Object: 'Object Repository/New_Test_Create_List_Grid/Page_Canvas World/click_app_def' is clicked on

2018-07-04 14:57:51 - [MESSAGE][PASSED] - Object: 'Object Repository/New_Test_Create_List_Grid/Page_Canvas World/click_app_def' is clicked on

2018-07-04 14:57:51 - [TEST_STEP][PASSED] - waitForPageLoad: Wait for page load successfully

2018-07-04 14:57:51 - [MESSAGE][PASSED] - Wait for page load successfully

2018-07-04 14:57:51 - [TEST_STEP][PASSED] - Statement - returnVal_App = deleteApp(6): null

2018-07-04 14:57:51 - [TEST_STEP][PASSED] - Statement - path = "D:\Sheepa\Katalon\Studio Smoke Test\Studio Smoke Test\Data Files\Grid_view_id.xls": null

2018-07-04 14:57:51 - [TEST_STEP][PASSED] - Statement - fis = new java.io.FileInputStream(path): null

2018-07-04 14:57:51 - [TEST_STEP][PASSED] - Statement - hssfWorkbook = new org.apache.poi.hssf.usermodel.HSSFWorkbook(fis): null

2018-07-04 14:57:51 - [TEST_STEP][PASSED] - Statement - sc = hssfWorkbook.getNumberOfSheets(): null

2018-07-04 14:57:51 - [TEST_STEP][PASSED] - Statement - println(sc): null

2018-07-04 14:57:51 - [TEST_STEP][PASSED] - Statement - hssfSheet = hssfWorkbook.getSheetAt(0): null

2018-07-04 14:57:51 - [TEST_STEP][PASSED] - Statement - hssfRow = hssfSheet.getRow(1): null

2018-07-04 14:57:51 - [TEST_STEP][PASSED] - Statement - For ([i = 0, i <= j, (i++)]): null

2018-07-04 14:57:51 - [TEST_STEP][PASSED] - Statement - id = hssfRow.getCell(i): null

2018-07-04 14:57:51 - [TEST_STEP][PASSED] - Statement - selectForm = "(//span[contains(text(),'" + java.lang.String.valueOf(id) + "')])[1]": null

2018-07-04 14:57:51 - [TEST_STEP][PASSED] - Statement - println(selectForm): null

2018-07-04 14:57:51 - [TEST_STEP][PASSED] - Statement - dynamicObject = new com.kms.katalon.core.testobject.TestObject(selectForm).addProperty("xpath", EQUALS, selectForm, true): null

2018-07-04 14:57:51 - [TEST_STEP][PASSED] - delay: Delayed 5 second(s)

2018-07-04 14:57:56 - [MESSAGE][PASSED] - Delayed 5 second(s)

2018-07-04 14:57:56 - [TEST_STEP][PASSED] - Statement - present = com.kms.katalon.core.webui.keyword.WebUiBuiltInKeywords.verifyElementNotPresent(dynamicObject, 4, CONTINUE_ON_FAILURE): Web element with id: '(//span[contains(text(),'A001')])[1]' located by 'By.xpath: (//span[contains(text(),'A001')])[1]' is not present after '4' second(s)

2018-07-04 14:57:56 - [MESSAGE][PASSED] - Web element with id: '(//span[contains(text(),'A001')])[1]' located by 'By.xpath: (//span[contains(text(),'A001')])[1]' is not present after '4' second(s)

2018-07-04 14:57:56 - [TEST_STEP][PASSED] - Statement - If (java.lang.String.valueOf(present) == "false"): null

2018-07-04 14:57:56 - [TEST_STEP][PASSED] - Statement - Else: null

2018-07-04 14:57:56 - [TEST_STEP][PASSED] - Statement - println("No View exist"): null

2018-07-04 14:57:56 - [TEST_STEP][PASSED] - Statement - id = hssfRow.getCell(i): null

2018-07-04 14:57:56 - [TEST_STEP][PASSED] - Statement - selectForm = "(//span[contains(text(),'" + java.lang.String.valueOf(id) + "')])[1]": null

2018-07-04 14:57:56 - [TEST_STEP][PASSED] - Statement - println(selectForm): null

2018-07-04 14:57:56 - [TEST_STEP][PASSED] - Statement - dynamicObject = new com.kms.katalon.core.testobject.TestObject(selectForm).addProperty("xpath", EQUALS, selectForm, true): null

2018-07-04 14:57:56 - [TEST_STEP][PASSED] - delay: Delayed 5 second(s)

2018-07-04 14:58:01 - [MESSAGE][PASSED] - Delayed 5 second(s)

2018-07-04 14:58:01 - [TEST_STEP][PASSED] - Statement - present = com.kms.katalon.core.webui.keyword.WebUiBuiltInKeywords.verifyElementNotPresent(dynamicObject, 4, CONTINUE_ON_FAILURE): Web element with id: '(//span[contains(text(),'A002')])[1]' located by 'By.xpath: (//span[contains(text(),'A002')])[1]' is not present after '4' second(s)

2018-07-04 14:58:01 - [MESSAGE][PASSED] - Web element with id: '(//span[contains(text(),'A002')])[1]' located by 'By.xpath: (//span[contains(text(),'A002')])[1]' is not present after '4' second(s)

2018-07-04 14:58:01 - [TEST_STEP][PASSED] - Statement - If (java.lang.String.valueOf(present) == "false"): null

2018-07-04 14:58:01 - [TEST_STEP][PASSED] - Statement - Else: null

2018-07-04 14:58:01 - [TEST_STEP][PASSED] - Statement - println("No View exist"): null

2018-07-04 14:58:01 - [TEST_STEP][PASSED] - Statement - id = hssfRow.getCell(i): null

2018-07-04 14:58:01 - [TEST_STEP][PASSED] - Statement - selectForm = "(//span[contains(text(),'" + java.lang.String.valueOf(id) + "')])[1]": null

2018-07-04 14:58:01 - [TEST_STEP][PASSED] - Statement - println(selectForm): null

2018-07-04 14:58:01 - [TEST_STEP][PASSED] - Statement - dynamicObject = new com.kms.katalon.core.testobject.TestObject(selectForm).addProperty("xpath", EQUALS, selectForm, true): null

2018-07-04 14:58:01 - [TEST_STEP][PASSED] - delay: Delayed 5 second(s)

2018-07-04 14:58:06 - [MESSAGE][PASSED] - Delayed 5 second(s)

2018-07-04 14:58:06 - [TEST_STEP][PASSED] - Statement - present = com.kms.katalon.core.webui.keyword.WebUiBuiltInKeywords.verifyElementNotPresent(dynamicObject, 4, CONTINUE_ON_FAILURE): Web element with id: '(//span[contains(text(),'A003')])[1]' located by 'By.xpath: (//span[contains(text(),'A003')])[1]' is not present after '4' second(s)

2018-07-04 14:58:06 - [MESSAGE][PASSED] - Web element with id: '(//span[contains(text(),'A003')])[1]' located by 'By.xpath: (//span[contains(text(),'A003')])[1]' is not present after '4' second(s)

2018-07-04 14:58:06 - [TEST_STEP][PASSED] - Statement - If (java.lang.String.valueOf(present) == "false"): null

2018-07-04 14:58:06 - [TEST_STEP][PASSED] - Statement - Else: null

2018-07-04 14:58:06 - [TEST_STEP][PASSED] - Statement - println("No View exist"): null

2018-07-04 14:58:06 - [TEST_STEP][PASSED] - Statement - id = hssfRow.getCell(i): null

2018-07-04 14:58:06 - [TEST_STEP][PASSED] - Statement - selectForm = "(//span[contains(text(),'" + java.lang.String.valueOf(id) + "')])[1]": null

2018-07-04 14:58:06 - [TEST_STEP][PASSED] - Statement - println(selectForm): null

2018-07-04 14:58:06 - [TEST_STEP][PASSED] - Statement - dynamicObject = new com.kms.katalon.core.testobject.TestObject(selectForm).addProperty("xpath", EQUALS, selectForm, true): null

2018-07-04 14:58:06 - [TEST_STEP][PASSED] - delay: Delayed 5 second(s)

2018-07-04 14:58:11 - [MESSAGE][PASSED] - Delayed 5 second(s)

2018-07-04 14:58:11 - [TEST_STEP][PASSED] - Statement - present = com.kms.katalon.core.webui.keyword.WebUiBuiltInKeywords.verifyElementNotPresent(dynamicObject, 4, CONTINUE_ON_FAILURE): Web element with id: '(//span[contains(text(),'A004')])[1]' located by 'By.xpath: (//span[contains(text(),'A004')])[1]' is not present after '4' second(s)

2018-07-04 14:58:11 - [MESSAGE][PASSED] - Web element with id: '(//span[contains(text(),'A004')])[1]' located by 'By.xpath: (//span[contains(text(),'A004')])[1]' is not present after '4' second(s)

2018-07-04 14:58:11 - [TEST_STEP][PASSED] - Statement - If (java.lang.String.valueOf(present) == "false"): null

2018-07-04 14:58:11 - [TEST_STEP][PASSED] - Statement - Else: null

2018-07-04 14:58:11 - [TEST_STEP][PASSED] - Statement - println("No View exist"): null

2018-07-04 14:58:11 - [TEST_STEP][PASSED] - Statement - id = hssfRow.getCell(i): null

2018-07-04 14:58:11 - [TEST_STEP][PASSED] - Statement - selectForm = "(//span[contains(text(),'" + java.lang.String.valueOf(id) + "')])[1]": null

2018-07-04 14:58:11 - [TEST_STEP][PASSED] - Statement - println(selectForm): null

2018-07-04 14:58:11 - [TEST_STEP][PASSED] - Statement - dynamicObject = new com.kms.katalon.core.testobject.TestObject(selectForm).addProperty("xpath", EQUALS, selectForm, true): null

2018-07-04 14:58:11 - [TEST_STEP][PASSED] - delay: Delayed 5 second(s)

2018-07-04 14:58:16 - [MESSAGE][PASSED] - Delayed 5 second(s)

2018-07-04 14:58:16 - [TEST_STEP][PASSED] - Statement - present = com.kms.katalon.core.webui.keyword.WebUiBuiltInKeywords.verifyElementNotPresent(dynamicObject, 4, CONTINUE_ON_FAILURE): Web element with id: '(//span[contains(text(),'A005')])[1]' located by 'By.xpath: (//span[contains(text(),'A005')])[1]' is not present after '4' second(s)

2018-07-04 14:58:16 - [MESSAGE][PASSED] - Web element with id: '(//span[contains(text(),'A005')])[1]' located by 'By.xpath: (//span[contains(text(),'A005')])[1]' is not present after '4' second(s)

2018-07-04 14:58:16 - [TEST_STEP][PASSED] - Statement - If (java.lang.String.valueOf(present) == "false"): null

2018-07-04 14:58:16 - [TEST_STEP][PASSED] - Statement - Else: null

2018-07-04 14:58:16 - [TEST_STEP][PASSED] - Statement - println("No View exist"): null

2018-07-04 14:58:16 - [TEST_STEP][PASSED] - Statement - id = hssfRow.getCell(i): null

2018-07-04 14:58:16 - [TEST_STEP][PASSED] - Statement - selectForm = "(//span[contains(text(),'" + java.lang.String.valueOf(id) + "')])[1]": null

2018-07-04 14:58:16 - [TEST_STEP][PASSED] - Statement - println(selectForm): null

2018-07-04 14:58:16 - [TEST_STEP][PASSED] - Statement - dynamicObject = new com.kms.katalon.core.testobject.TestObject(selectForm).addProperty("xpath", EQUALS, selectForm, true): null

2018-07-04 14:58:16 - [TEST_STEP][PASSED] - delay: Delayed 5 second(s)

2018-07-04 14:58:21 - [MESSAGE][PASSED] - Delayed 5 second(s)

2018-07-04 14:58:21 - [TEST_STEP][PASSED] - Statement - present = com.kms.katalon.core.webui.keyword.WebUiBuiltInKeywords.verifyElementNotPresent(dynamicObject, 4, CONTINUE_ON_FAILURE): Web element with id: '(//span[contains(text(),'A006')])[1]' located by 'By.xpath: (//span[contains(text(),'A006')])[1]' is not present after '4' second(s)

2018-07-04 14:58:21 - [MESSAGE][PASSED] - Web element with id: '(//span[contains(text(),'A006')])[1]' located by 'By.xpath: (//span[contains(text(),'A006')])[1]' is not present after '4' second(s)

2018-07-04 14:58:21 - [TEST_STEP][PASSED] - Statement - If (java.lang.String.valueOf(present) == "false"): null

2018-07-04 14:58:21 - [TEST_STEP][PASSED] - Statement - Else: null

2018-07-04 14:58:21 - [TEST_STEP][PASSED] - Statement - println("No View exist"): null

2018-07-04 14:58:21 - [TEST_STEP][PASSED] - Statement - id = hssfRow.getCell(i): null

2018-07-04 14:58:21 - [TEST_STEP][PASSED] - Statement - selectForm = "(//span[contains(text(),'" + java.lang.String.valueOf(id) + "')])[1]": null

2018-07-04 14:58:21 - [TEST_STEP][PASSED] - Statement - println(selectForm): null

2018-07-04 14:58:21 - [TEST_STEP][PASSED] - Statement - dynamicObject = new com.kms.katalon.core.testobject.TestObject(selectForm).addProperty("xpath", EQUALS, selectForm, true): null

2018-07-04 14:58:21 - [TEST_STEP][PASSED] - delay: Delayed 5 second(s)

2018-07-04 14:58:26 - [MESSAGE][PASSED] - Delayed 5 second(s)

2018-07-04 14:58:27 - [TEST_STEP][PASSED] - Statement - present = com.kms.katalon.core.webui.keyword.WebUiBuiltInKeywords.verifyElementNotPresent(dynamicObject, 4, CONTINUE_ON_FAILURE): Web element with id: '(//span[contains(text(),'A007')])[1]' located by 'By.xpath: (//span[contains(text(),'A007')])[1]' is not present after '4' second(s)

2018-07-04 14:58:27 - [MESSAGE][PASSED] - Web element with id: '(//span[contains(text(),'A007')])[1]' located by 'By.xpath: (//span[contains(text(),'A007')])[1]' is not present after '4' second(s)

2018-07-04 14:58:27 - [TEST_STEP][PASSED] - Statement - If (java.lang.String.valueOf(present) == "false"): null

2018-07-04 14:58:27 - [TEST_STEP][PASSED] - Statement - Else: null

2018-07-04 14:58:27 - [TEST_STEP][PASSED] - Statement - println("No View exist"): null

2018-07-04 14:58:27 - [TEST_STEP][PASSED] - Statement - return done: null

2018-07-04 14:58:27 - [TEST_STEP][PASSED] - Statement - println("App " + returnVal_App): null

2018-07-04 14:58:27 - [TEST_STEP][PASSED] - delay: Delayed 3 second(s)

2018-07-04 14:58:30 - [MESSAGE][PASSED] - Delayed 3 second(s)

2018-07-04 14:58:30 - [TEST_STEP][PASSED] - click: Object: 'Object Repository/New_Test_Create_List_Grid/Page_Canvas World/click_WS_def' is clicked on

2018-07-04 14:58:30 - [MESSAGE][PASSED] - Object: 'Object Repository/New_Test_Create_List_Grid/Page_Canvas World/click_WS_def' is clicked on

2018-07-04 14:58:30 - [TEST_STEP][PASSED] - waitForPageLoad: Wait for page load successfully

2018-07-04 14:58:30 - [MESSAGE][PASSED] - Wait for page load successfully

2018-07-04 14:58:30 - [TEST_STEP][PASSED] - Statement - returnVal_WS = deleteWS(): null

2018-07-04 14:58:30 - [TEST_STEP][PASSED] - Statement - path = "D:\Sheepa\Katalon\Studio Smoke Test\Studio Smoke Test\Data Files\Grid_view_id.xls": null

2018-07-04 14:58:30 - [TEST_STEP][PASSED] - Statement - fis = new java.io.FileInputStream(path): null

2018-07-04 14:58:30 - [TEST_STEP][PASSED] - Statement - hssfWorkbook = new org.apache.poi.hssf.usermodel.HSSFWorkbook(fis): null

2018-07-04 14:58:30 - [TEST_STEP][PASSED] - Statement - sc = hssfWorkbook.getNumberOfSheets(): null

2018-07-04 14:58:30 - [TEST_STEP][PASSED] - Statement - println(sc): null

2018-07-04 14:58:30 - [TEST_STEP][PASSED] - Statement - hssfSheet = hssfWorkbook.getSheetAt(0): null

2018-07-04 14:58:30 - [TEST_STEP][PASSED] - Statement - hssfRow = hssfSheet.getRow(1): null

2018-07-04 14:58:30 - [TEST_STEP][PASSED] - Statement - id = hssfRow.getCell(6): null

2018-07-04 14:58:30 - [TEST_STEP][PASSED] - Statement - selectWS = "//span[contains(text(),'" + id + "')]": null

2018-07-04 14:58:30 - [TEST_STEP][PASSED] - Statement - println(selectWS): null

2018-07-04 14:58:30 - [TEST_STEP][PASSED] - Statement - ws = new com.kms.katalon.core.testobject.TestObject(selectWS).addProperty("xpath", EQUALS, selectWS, true): null

2018-07-04 14:58:30 - [TEST_STEP][PASSED] - delay: Delayed 3 second(s)

2018-07-04 14:58:33 - [MESSAGE][PASSED] - Delayed 3 second(s)

2018-07-04 14:58:33 - [TEST_STEP][PASSED] - Statement - present = com.kms.katalon.core.webui.keyword.WebUiBuiltInKeywords.verifyElementNotPresent(ws, 4, CONTINUE_ON_FAILURE): Web element with id: '//span[contains(text(),'A007')]' located by 'By.xpath: //span[contains(text(),'A007')]' is not present after '4' second(s)

2018-07-04 14:58:33 - [MESSAGE][PASSED] - Web element with id: '//span[contains(text(),'A007')]' located by 'By.xpath: //span[contains(text(),'A007')]' is not present after '4' second(s)

2018-07-04 14:58:33 - [TEST_STEP][PASSED] - Statement - If (java.lang.String.valueOf(present) == "false"): null

2018-07-04 14:58:33 - [TEST_STEP][PASSED] - Statement - Else: null

2018-07-04 14:58:33 - [TEST_STEP][PASSED] - Statement - println("No WS exist"): null

2018-07-04 14:58:33 - [TEST_STEP][PASSED] - Statement - return done: null

2018-07-04 14:58:33 - [TEST_STEP][PASSED] - Statement - println("WS " + returnVal_WS): null]]></system-out>
         <system-err><![CDATA[]]></system-err>
      </testcase>
      <testcase name="Test Cases/Smoke Test/New_Create_List_Grid_Simple" classname="Test Cases/Smoke Test/New_Create_List_Grid_Simple" status="PASSED">
         <system-out><![CDATA[2018-07-04 14:58:33 - [TEST_CASE][PASSED] - Test Cases/Smoke Test/New_Create_List_Grid_Simple: Test Cases/Smoke Test/New_Create_List_Grid_Simple

2018-07-04 14:58:33 - [TEST_STEP][PASSED] - waitForPageLoad: Wait for page load successfully

2018-07-04 14:58:33 - [MESSAGE][PASSED] - Wait for page load successfully

2018-07-04 14:58:33 - [TEST_STEP][PASSED] - Statement - common = com.kms.katalon.core.webui.keyword.WebUiBuiltInKeywords.callTestCase(com.kms.katalon.core.testcase.TestCaseFactory.findTestCase(Test Cases/Studio Smoke Test Cases/ReadExcel), [:]): Call Test Case 'Test Cases/Studio Smoke Test Cases/ReadExcel' successfully

2018-07-04 14:58:33 - [TEST_CASE][PASSED] - Test Cases/Studio Smoke Test Cases/ReadExcel: Test Cases/Studio Smoke Test Cases/ReadExcel

2018-07-04 14:58:34 - [TEST_STEP][PASSED] - Statement - path = "D:\Sheepa\Katalon\Studio Smoke Test\Studio Smoke Test\Data Files\Data Input.xls": null

2018-07-04 14:58:34 - [TEST_STEP][PASSED] - Statement - fis = new java.io.FileInputStream(path): null

2018-07-04 14:58:34 - [TEST_STEP][PASSED] - Statement - hssfWorkbook = new org.apache.poi.hssf.usermodel.HSSFWorkbook(fis): null

2018-07-04 14:58:34 - [TEST_STEP][PASSED] - Statement - sc = hssfWorkbook.getNumberOfSheets(): null

2018-07-04 14:58:34 - [TEST_STEP][PASSED] - Statement - println(sc): null

2018-07-04 14:58:34 - [TEST_STEP][PASSED] - Statement - hssfSheet = hssfWorkbook.getSheetAt(0): null

2018-07-04 14:58:34 - [TEST_STEP][PASSED] - Statement - hssfRow = hssfSheet.getRow(1): null

2018-07-04 14:58:34 - [TEST_STEP][PASSED] - Statement - fid = hssfRow.getCell(0): null

2018-07-04 14:58:34 - [TEST_STEP][PASSED] - Statement - vid = hssfRow.getCell(1): null

2018-07-04 14:58:34 - [TEST_STEP][PASSED] - Statement - aid = hssfRow.getCell(2): null

2018-07-04 14:58:34 - [TEST_STEP][PASSED] - Statement - subid = hssfRow.getCell(3): null

2018-07-04 14:58:34 - [TEST_STEP][PASSED] - Statement - wsid = hssfRow.getCell(4): null

2018-07-04 14:58:34 - [TEST_STEP][PASSED] - Statement - reqid = hssfRow.getCell(5): null

2018-07-04 14:58:34 - [TEST_STEP][PASSED] - Statement - accNo = hssfRow.getCell(6): null

2018-07-04 14:58:34 - [TEST_STEP][PASSED] - Statement - println(vid): null

2018-07-04 14:58:34 - [TEST_STEP][PASSED] - Statement - map = [:]: null

2018-07-04 14:58:34 - [TEST_STEP][PASSED] - Statement - map.put("formID", fid): null

2018-07-04 14:58:34 - [TEST_STEP][PASSED] - Statement - map.put("viewID", vid): null

2018-07-04 14:58:34 - [TEST_STEP][PASSED] - Statement - map.put("appID", aid): null

2018-07-04 14:58:34 - [TEST_STEP][PASSED] - Statement - map.put("subWSID", subid): null

2018-07-04 14:58:34 - [TEST_STEP][PASSED] - Statement - map.put("WSID", wsid): null

2018-07-04 14:58:34 - [TEST_STEP][PASSED] - Statement - map.put("REQID", reqid): null

2018-07-04 14:58:34 - [TEST_STEP][PASSED] - Statement - map.put("AccNo", accNo): null

2018-07-04 14:58:34 - [TEST_STEP][PASSED] - Statement - return map: null

2018-07-04 14:58:34 - [MESSAGE][PASSED] - Call Test Case 'Test Cases/Studio Smoke Test Cases/ReadExcel' successfully

2018-07-04 14:58:34 - [TEST_STEP][PASSED] - Statement - form_id = common["formID"]: null

2018-07-04 14:58:34 - [TEST_STEP][PASSED] - Statement - println(form_id): null

2018-07-04 14:58:34 - [TEST_STEP][PASSED] - Statement - view_id = common["viewID"]: null

2018-07-04 14:58:34 - [TEST_STEP][PASSED] - Statement - println(view_id): null

2018-07-04 14:58:34 - [TEST_STEP][PASSED] - click: Object: 'Object Repository/New_Test_Create_Form/Page_Canvas World/span_Create' is clicked on

2018-07-04 14:58:34 - [MESSAGE][PASSED] - Object: 'Object Repository/New_Test_Create_Form/Page_Canvas World/span_Create' is clicked on

2018-07-04 14:58:34 - [TEST_STEP][PASSED] - click: Object: 'Object Repository/New_Test_Create_View/Page_Canvas World/span_View' is clicked on

2018-07-04 14:58:34 - [MESSAGE][PASSED] - Object: 'Object Repository/New_Test_Create_View/Page_Canvas World/span_View' is clicked on

2018-07-04 14:58:34 - [TEST_STEP][PASSED] - waitForPageLoad: Wait for page load successfully

2018-07-04 14:58:34 - [MESSAGE][PASSED] - Wait for page load successfully

2018-07-04 14:58:34 - [TEST_STEP][PASSED] - click: Object: 'Object Repository/New_Test_Create_View/Page_Canvas World/enter_ViewId' is clicked on

2018-07-04 14:58:39 - [MESSAGE][PASSED] - Object: 'Object Repository/New_Test_Create_View/Page_Canvas World/enter_ViewId' is clicked on

2018-07-04 14:58:39 - [TEST_STEP][PASSED] - setText: Text 'A001' is set on object 'Object Repository/New_Test_Create_View/Page_Canvas World/enter_ViewId'

2018-07-04 14:58:39 - [MESSAGE][PASSED] - Text 'A001' is set on object 'Object Repository/New_Test_Create_View/Page_Canvas World/enter_ViewId'

2018-07-04 14:58:39 - [TEST_STEP][PASSED] - click: Object: 'Object Repository/New_Test_Create_View/Page_Canvas World/view_DisplayName' is clicked on

2018-07-04 14:58:40 - [MESSAGE][PASSED] - Object: 'Object Repository/New_Test_Create_View/Page_Canvas World/view_DisplayName' is clicked on

2018-07-04 14:58:40 - [TEST_STEP][PASSED] - setText: Text 'A001' is set on object 'Object Repository/New_Test_Create_View/Page_Canvas World/view_DisplayName'

2018-07-04 14:58:40 - [MESSAGE][PASSED] - Text 'A001' is set on object 'Object Repository/New_Test_Create_View/Page_Canvas World/view_DisplayName'

2018-07-04 14:58:40 - [TEST_STEP][PASSED] - selectOptionByValue: All options with value 'CLASSIC_GRID' are selected in object 'Object Repository/New_Test_Create_View/Page_Canvas World/select_ViewType' 

2018-07-04 14:58:40 - [MESSAGE][PASSED] - All options with value 'CLASSIC_GRID' are selected in object 'Object Repository/New_Test_Create_View/Page_Canvas World/select_ViewType' 

2018-07-04 14:58:40 - [TEST_STEP][PASSED] - click: Object: 'Object Repository/New_Test_Create_View/Page_Canvas World/enter_ResourceBundle' is clicked on

2018-07-04 14:58:41 - [MESSAGE][PASSED] - Object: 'Object Repository/New_Test_Create_View/Page_Canvas World/enter_ResourceBundle' is clicked on

2018-07-04 14:58:41 - [TEST_STEP][PASSED] - setText: Text 'common' is set on object 'Object Repository/New_Test_Create_View/Page_Canvas World/enter_ResourceBundle'

2018-07-04 14:58:41 - [MESSAGE][PASSED] - Text 'common' is set on object 'Object Repository/New_Test_Create_View/Page_Canvas World/enter_ResourceBundle'

2018-07-04 14:58:41 - [TEST_STEP][PASSED] - delay: Delayed 10 second(s)

2018-07-04 14:58:51 - [MESSAGE][PASSED] - Delayed 10 second(s)

2018-07-04 14:58:51 - [TEST_STEP][PASSED] - waitForElementVisible: Object 'Object Repository/New_Test_Create_List_Grid/Page_Canvas World/click_selectForm' is visible

2018-07-04 14:58:51 - [MESSAGE][PASSED] - Object 'Object Repository/New_Test_Create_List_Grid/Page_Canvas World/click_selectForm' is visible

2018-07-04 14:58:51 - [TEST_STEP][PASSED] - click: Object: 'Object Repository/New_Test_Create_List_Grid/Page_Canvas World/click_selectForm' is clicked on

2018-07-04 14:58:51 - [MESSAGE][PASSED] - Object: 'Object Repository/New_Test_Create_List_Grid/Page_Canvas World/click_selectForm' is clicked on

2018-07-04 14:58:51 - [TEST_STEP][PASSED] - Statement - selectForm = "//span[starts-with(text(), '" + "ACCOUNT_TABLE" + "')]": null

2018-07-04 14:58:51 - [TEST_STEP][PASSED] - Statement - println(selectForm): null

2018-07-04 14:58:51 - [TEST_STEP][PASSED] - Statement - dynamicObject = new com.kms.katalon.core.testobject.TestObject(selectForm).addProperty("xpath", EQUALS, selectForm, true): null

2018-07-04 14:58:51 - [TEST_STEP][PASSED] - waitForElementVisible: Object '//span[starts-with(text(), 'ACCOUNT_TABLE')]' is visible

2018-07-04 14:58:52 - [MESSAGE][PASSED] - Object '//span[starts-with(text(), 'ACCOUNT_TABLE')]' is visible

2018-07-04 14:58:52 - [TEST_STEP][PASSED] - doubleClick: Object: '//span[starts-with(text(), 'ACCOUNT_TABLE')]' is double clicked on

2018-07-04 14:58:52 - [MESSAGE][PASSED] - Object: '//span[starts-with(text(), 'ACCOUNT_TABLE')]' is double clicked on

2018-07-04 14:58:52 - [TEST_STEP][PASSED] - doubleClick: Object: '//span[starts-with(text(), 'ACCOUNT_TABLE')]' is double clicked on

2018-07-04 14:58:52 - [MESSAGE][PASSED] - Object: '//span[starts-with(text(), 'ACCOUNT_TABLE')]' is double clicked on

2018-07-04 14:58:52 - [TEST_STEP][PASSED] - delay: Delayed 3 second(s)

2018-07-04 14:58:55 - [MESSAGE][PASSED] - Delayed 3 second(s)

2018-07-04 14:58:55 - [TEST_STEP][PASSED] - click: Object: 'Object Repository/New_Test_Create_List_Grid/Page_Canvas World/click_default_ins_yes' is clicked on

2018-07-04 14:58:56 - [MESSAGE][PASSED] - Object: 'Object Repository/New_Test_Create_List_Grid/Page_Canvas World/click_default_ins_yes' is clicked on

2018-07-04 14:58:56 - [TEST_STEP][PASSED] - selectOptionByValue: All options with value 'CUSER' are selected in object 'Object Repository/New_Test_Create_View/Page_Canvas World/select_ProductCode' 

2018-07-04 14:58:56 - [MESSAGE][PASSED] - All options with value 'CUSER' are selected in object 'Object Repository/New_Test_Create_View/Page_Canvas World/select_ProductCode' 

2018-07-04 14:58:56 - [TEST_STEP][PASSED] - selectOptionByValue: All options with value 'CUSER' are selected in object 'Object Repository/New_Test_Create_View/Page_Canvas World/select_SubProductCode' 

2018-07-04 14:58:57 - [MESSAGE][PASSED] - All options with value 'CUSER' are selected in object 'Object Repository/New_Test_Create_View/Page_Canvas World/select_SubProductCode' 

2018-07-04 14:58:57 - [TEST_STEP][PASSED] - selectOptionByValue: All options with value 'VSBLTY' are selected in object 'Object Repository/New_Test_Create_View/Page_Canvas World/select_FunctionCode' 

2018-07-04 14:58:57 - [MESSAGE][PASSED] - All options with value 'VSBLTY' are selected in object 'Object Repository/New_Test_Create_View/Page_Canvas World/select_FunctionCode' 

2018-07-04 14:58:57 - [TEST_STEP][PASSED] - delay: Delayed 3 second(s)

2018-07-04 14:59:00 - [MESSAGE][PASSED] - Delayed 3 second(s)

2018-07-04 14:59:00 - [TEST_STEP][PASSED] - click: Object: 'Object Repository/New_Test_Create_List_Grid/Page_Canvas World/expand_gridConfig' is clicked on

2018-07-04 14:59:00 - [MESSAGE][PASSED] - Object: 'Object Repository/New_Test_Create_List_Grid/Page_Canvas World/expand_gridConfig' is clicked on

2018-07-04 14:59:00 - [TEST_STEP][PASSED] - setText: Text '2' is set on object 'Object Repository/New_Test_Create_List_Grid/Page_Canvas World/enter_numberPerPage'

2018-07-04 14:59:01 - [MESSAGE][PASSED] - Text '2' is set on object 'Object Repository/New_Test_Create_List_Grid/Page_Canvas World/enter_numberPerPage'

2018-07-04 14:59:01 - [TEST_STEP][PASSED] - delay: Delayed 3 second(s)

2018-07-04 14:59:04 - [MESSAGE][PASSED] - Delayed 3 second(s)

2018-07-04 14:59:04 - [TEST_STEP][PASSED] - click: Object: 'Object Repository/New_Test_Create_View/Page_Canvas World/view_Submit' is clicked on

2018-07-04 14:59:04 - [MESSAGE][PASSED] - Object: 'Object Repository/New_Test_Create_View/Page_Canvas World/view_Submit' is clicked on

2018-07-04 14:59:04 - [TEST_STEP][PASSED] - click: Object: 'Object Repository/New_Test_Create_View/Page_Canvas World/view_Submission' is clicked on

2018-07-04 14:59:06 - [MESSAGE][PASSED] - Object: 'Object Repository/New_Test_Create_View/Page_Canvas World/view_Submission' is clicked on]]></system-out>
         <system-err><![CDATA[]]></system-err>
      </testcase>
      <testcase name="Test Cases/Smoke Test/New_Create_List_Grid_Property" classname="Test Cases/Smoke Test/New_Create_List_Grid_Property" status="PASSED">
         <system-out><![CDATA[2018-07-04 14:59:06 - [TEST_CASE][PASSED] - Test Cases/Smoke Test/New_Create_List_Grid_Property: Test Cases/Smoke Test/New_Create_List_Grid_Property

2018-07-04 14:59:06 - [TEST_STEP][PASSED] - Statement - common = com.kms.katalon.core.webui.keyword.WebUiBuiltInKeywords.callTestCase(com.kms.katalon.core.testcase.TestCaseFactory.findTestCase(Test Cases/Studio Smoke Test Cases/ReadExcel), [:]): Call Test Case 'Test Cases/Studio Smoke Test Cases/ReadExcel' successfully

2018-07-04 14:59:06 - [TEST_CASE][PASSED] - Test Cases/Studio Smoke Test Cases/ReadExcel: Test Cases/Studio Smoke Test Cases/ReadExcel

2018-07-04 14:59:06 - [TEST_STEP][PASSED] - Statement - path = "D:\Sheepa\Katalon\Studio Smoke Test\Studio Smoke Test\Data Files\Data Input.xls": null

2018-07-04 14:59:06 - [TEST_STEP][PASSED] - Statement - fis = new java.io.FileInputStream(path): null

2018-07-04 14:59:06 - [TEST_STEP][PASSED] - Statement - hssfWorkbook = new org.apache.poi.hssf.usermodel.HSSFWorkbook(fis): null

2018-07-04 14:59:06 - [TEST_STEP][PASSED] - Statement - sc = hssfWorkbook.getNumberOfSheets(): null

2018-07-04 14:59:06 - [TEST_STEP][PASSED] - Statement - println(sc): null

2018-07-04 14:59:06 - [TEST_STEP][PASSED] - Statement - hssfSheet = hssfWorkbook.getSheetAt(0): null

2018-07-04 14:59:06 - [TEST_STEP][PASSED] - Statement - hssfRow = hssfSheet.getRow(1): null

2018-07-04 14:59:06 - [TEST_STEP][PASSED] - Statement - fid = hssfRow.getCell(0): null

2018-07-04 14:59:06 - [TEST_STEP][PASSED] - Statement - vid = hssfRow.getCell(1): null

2018-07-04 14:59:06 - [TEST_STEP][PASSED] - Statement - aid = hssfRow.getCell(2): null

2018-07-04 14:59:06 - [TEST_STEP][PASSED] - Statement - subid = hssfRow.getCell(3): null

2018-07-04 14:59:06 - [TEST_STEP][PASSED] - Statement - wsid = hssfRow.getCell(4): null

2018-07-04 14:59:06 - [TEST_STEP][PASSED] - Statement - reqid = hssfRow.getCell(5): null

2018-07-04 14:59:06 - [TEST_STEP][PASSED] - Statement - accNo = hssfRow.getCell(6): null

2018-07-04 14:59:06 - [TEST_STEP][PASSED] - Statement - println(vid): null

2018-07-04 14:59:06 - [TEST_STEP][PASSED] - Statement - map = [:]: null

2018-07-04 14:59:06 - [TEST_STEP][PASSED] - Statement - map.put("formID", fid): null

2018-07-04 14:59:06 - [TEST_STEP][PASSED] - Statement - map.put("viewID", vid): null

2018-07-04 14:59:06 - [TEST_STEP][PASSED] - Statement - map.put("appID", aid): null

2018-07-04 14:59:06 - [TEST_STEP][PASSED] - Statement - map.put("subWSID", subid): null

2018-07-04 14:59:06 - [TEST_STEP][PASSED] - Statement - map.put("WSID", wsid): null

2018-07-04 14:59:06 - [TEST_STEP][PASSED] - Statement - map.put("REQID", reqid): null

2018-07-04 14:59:06 - [TEST_STEP][PASSED] - Statement - map.put("AccNo", accNo): null

2018-07-04 14:59:06 - [TEST_STEP][PASSED] - Statement - return map: null

2018-07-04 14:59:06 - [MESSAGE][PASSED] - Call Test Case 'Test Cases/Studio Smoke Test Cases/ReadExcel' successfully

2018-07-04 14:59:06 - [TEST_STEP][PASSED] - Statement - form_id = common["formID"]: null

2018-07-04 14:59:06 - [TEST_STEP][PASSED] - Statement - println(form_id): null

2018-07-04 14:59:06 - [TEST_STEP][PASSED] - Statement - view_id = common["viewID"]: null

2018-07-04 14:59:06 - [TEST_STEP][PASSED] - Statement - println(view_id): null

2018-07-04 14:59:06 - [TEST_STEP][PASSED] - click: Object: 'Object Repository/New_Test_Create_Form/Page_Canvas World/span_Create' is clicked on

2018-07-04 14:59:07 - [MESSAGE][PASSED] - Object: 'Object Repository/New_Test_Create_Form/Page_Canvas World/span_Create' is clicked on

2018-07-04 14:59:07 - [TEST_STEP][PASSED] - click: Object: 'Object Repository/New_Test_Create_View/Page_Canvas World/span_View' is clicked on

2018-07-04 14:59:07 - [MESSAGE][PASSED] - Object: 'Object Repository/New_Test_Create_View/Page_Canvas World/span_View' is clicked on

2018-07-04 14:59:07 - [TEST_STEP][PASSED] - waitForPageLoad: Wait for page load successfully

2018-07-04 14:59:07 - [MESSAGE][PASSED] - Wait for page load successfully

2018-07-04 14:59:07 - [TEST_STEP][PASSED] - click: Object: 'Object Repository/New_Test_Create_View/Page_Canvas World/enter_ViewId' is clicked on

2018-07-04 14:59:09 - [MESSAGE][PASSED] - Object: 'Object Repository/New_Test_Create_View/Page_Canvas World/enter_ViewId' is clicked on

2018-07-04 14:59:09 - [TEST_STEP][PASSED] - setText: Text 'A004' is set on object 'Object Repository/New_Test_Create_View/Page_Canvas World/enter_ViewId'

2018-07-04 14:59:09 - [MESSAGE][PASSED] - Text 'A004' is set on object 'Object Repository/New_Test_Create_View/Page_Canvas World/enter_ViewId'

2018-07-04 14:59:09 - [TEST_STEP][PASSED] - click: Object: 'Object Repository/New_Test_Create_View/Page_Canvas World/view_DisplayName' is clicked on

2018-07-04 14:59:09 - [MESSAGE][PASSED] - Object: 'Object Repository/New_Test_Create_View/Page_Canvas World/view_DisplayName' is clicked on

2018-07-04 14:59:09 - [TEST_STEP][PASSED] - setText: Text 'A004' is set on object 'Object Repository/New_Test_Create_View/Page_Canvas World/view_DisplayName'

2018-07-04 14:59:10 - [MESSAGE][PASSED] - Text 'A004' is set on object 'Object Repository/New_Test_Create_View/Page_Canvas World/view_DisplayName'

2018-07-04 14:59:10 - [TEST_STEP][PASSED] - selectOptionByValue: All options with value 'PROPERTY' are selected in object 'Object Repository/New_Test_Create_View/Page_Canvas World/select_ViewType' 

2018-07-04 14:59:10 - [MESSAGE][PASSED] - All options with value 'PROPERTY' are selected in object 'Object Repository/New_Test_Create_View/Page_Canvas World/select_ViewType' 

2018-07-04 14:59:10 - [TEST_STEP][PASSED] - click: Object: 'Object Repository/New_Test_Create_View/Page_Canvas World/enter_ResourceBundle' is clicked on

2018-07-04 14:59:10 - [MESSAGE][PASSED] - Object: 'Object Repository/New_Test_Create_View/Page_Canvas World/enter_ResourceBundle' is clicked on

2018-07-04 14:59:10 - [TEST_STEP][PASSED] - setText: Text 'common' is set on object 'Object Repository/New_Test_Create_View/Page_Canvas World/enter_ResourceBundle'

2018-07-04 14:59:11 - [MESSAGE][PASSED] - Text 'common' is set on object 'Object Repository/New_Test_Create_View/Page_Canvas World/enter_ResourceBundle'

2018-07-04 14:59:11 - [TEST_STEP][PASSED] - waitForElementVisible: Object 'Object Repository/New_Test_Create_List_Grid/Page_Canvas World/click_selectForm' is visible

2018-07-04 14:59:11 - [MESSAGE][PASSED] - Object 'Object Repository/New_Test_Create_List_Grid/Page_Canvas World/click_selectForm' is visible

2018-07-04 14:59:11 - [TEST_STEP][PASSED] - click: Object: 'Object Repository/New_Test_Create_List_Grid/Page_Canvas World/click_selectForm' is clicked on

2018-07-04 14:59:11 - [MESSAGE][PASSED] - Object: 'Object Repository/New_Test_Create_List_Grid/Page_Canvas World/click_selectForm' is clicked on

2018-07-04 14:59:11 - [TEST_STEP][PASSED] - Statement - selectForm = "//span[starts-with(text(), '" + "ACCOUNT_TABLE" + "')]": null

2018-07-04 14:59:11 - [TEST_STEP][PASSED] - Statement - println(selectForm): null

2018-07-04 14:59:11 - [TEST_STEP][PASSED] - Statement - dynamicObject = new com.kms.katalon.core.testobject.TestObject(selectForm).addProperty("xpath", EQUALS, selectForm, true): null

2018-07-04 14:59:11 - [TEST_STEP][PASSED] - waitForElementVisible: Object '//span[starts-with(text(), 'ACCOUNT_TABLE')]' is visible

2018-07-04 14:59:12 - [MESSAGE][PASSED] - Object '//span[starts-with(text(), 'ACCOUNT_TABLE')]' is visible

2018-07-04 14:59:12 - [TEST_STEP][PASSED] - doubleClick: Object: '//span[starts-with(text(), 'ACCOUNT_TABLE')]' is double clicked on

2018-07-04 14:59:12 - [MESSAGE][PASSED] - Object: '//span[starts-with(text(), 'ACCOUNT_TABLE')]' is double clicked on

2018-07-04 14:59:12 - [TEST_STEP][PASSED] - doubleClick: Object: '//span[starts-with(text(), 'ACCOUNT_TABLE')]' is double clicked on

2018-07-04 14:59:12 - [MESSAGE][PASSED] - Object: '//span[starts-with(text(), 'ACCOUNT_TABLE')]' is double clicked on

2018-07-04 14:59:12 - [TEST_STEP][PASSED] - delay: Delayed 3 second(s)

2018-07-04 14:59:15 - [MESSAGE][PASSED] - Delayed 3 second(s)

2018-07-04 14:59:15 - [TEST_STEP][PASSED] - click: Object: 'Object Repository/New_Test_Create_List_Grid/Page_Canvas World/click_default_ins_yes' is clicked on

2018-07-04 14:59:15 - [MESSAGE][PASSED] - Object: 'Object Repository/New_Test_Create_List_Grid/Page_Canvas World/click_default_ins_yes' is clicked on

2018-07-04 14:59:15 - [TEST_STEP][PASSED] - selectOptionByValue: All options with value 'CUSER' are selected in object 'Object Repository/New_Test_Create_View/Page_Canvas World/select_ProductCode' 

2018-07-04 14:59:15 - [MESSAGE][PASSED] - All options with value 'CUSER' are selected in object 'Object Repository/New_Test_Create_View/Page_Canvas World/select_ProductCode' 

2018-07-04 14:59:15 - [TEST_STEP][PASSED] - selectOptionByValue: All options with value 'CUSER' are selected in object 'Object Repository/New_Test_Create_View/Page_Canvas World/select_SubProductCode' 

2018-07-04 14:59:15 - [MESSAGE][PASSED] - All options with value 'CUSER' are selected in object 'Object Repository/New_Test_Create_View/Page_Canvas World/select_SubProductCode' 

2018-07-04 14:59:15 - [TEST_STEP][PASSED] - selectOptionByValue: All options with value 'VSBLTY' are selected in object 'Object Repository/New_Test_Create_View/Page_Canvas World/select_FunctionCode' 

2018-07-04 14:59:16 - [MESSAGE][PASSED] - All options with value 'VSBLTY' are selected in object 'Object Repository/New_Test_Create_View/Page_Canvas World/select_FunctionCode' 

2018-07-04 14:59:16 - [TEST_STEP][PASSED] - delay: Delayed 3 second(s)

2018-07-04 14:59:19 - [MESSAGE][PASSED] - Delayed 3 second(s)

2018-07-04 14:59:19 - [TEST_STEP][PASSED] - click: Object: 'Object Repository/New_Test_Create_View/Page_Canvas World/view_Submit' is clicked on

2018-07-04 14:59:19 - [MESSAGE][PASSED] - Object: 'Object Repository/New_Test_Create_View/Page_Canvas World/view_Submit' is clicked on

2018-07-04 14:59:19 - [TEST_STEP][PASSED] - click: Object: 'Object Repository/New_Test_Create_View/Page_Canvas World/view_Submission' is clicked on

2018-07-04 14:59:21 - [MESSAGE][PASSED] - Object: 'Object Repository/New_Test_Create_View/Page_Canvas World/view_Submission' is clicked on]]></system-out>
         <system-err><![CDATA[]]></system-err>
      </testcase>
      <testcase name="Test Cases/Smoke Test/New_Create_List_Grid_Paging" classname="Test Cases/Smoke Test/New_Create_List_Grid_Paging" status="PASSED">
         <system-out><![CDATA[2018-07-04 14:59:21 - [TEST_CASE][PASSED] - Test Cases/Smoke Test/New_Create_List_Grid_Paging: Test Cases/Smoke Test/New_Create_List_Grid_Paging

2018-07-04 14:59:21 - [TEST_STEP][PASSED] - waitForPageLoad: Wait for page load successfully

2018-07-04 14:59:21 - [MESSAGE][PASSED] - Wait for page load successfully

2018-07-04 14:59:21 - [TEST_STEP][PASSED] - Statement - common = com.kms.katalon.core.webui.keyword.WebUiBuiltInKeywords.callTestCase(com.kms.katalon.core.testcase.TestCaseFactory.findTestCase(Test Cases/Studio Smoke Test Cases/ReadExcel), [:]): Call Test Case 'Test Cases/Studio Smoke Test Cases/ReadExcel' successfully

2018-07-04 14:59:21 - [TEST_CASE][PASSED] - Test Cases/Studio Smoke Test Cases/ReadExcel: Test Cases/Studio Smoke Test Cases/ReadExcel

2018-07-04 14:59:21 - [TEST_STEP][PASSED] - Statement - path = "D:\Sheepa\Katalon\Studio Smoke Test\Studio Smoke Test\Data Files\Data Input.xls": null

2018-07-04 14:59:21 - [TEST_STEP][PASSED] - Statement - fis = new java.io.FileInputStream(path): null

2018-07-04 14:59:21 - [TEST_STEP][PASSED] - Statement - hssfWorkbook = new org.apache.poi.hssf.usermodel.HSSFWorkbook(fis): null

2018-07-04 14:59:21 - [TEST_STEP][PASSED] - Statement - sc = hssfWorkbook.getNumberOfSheets(): null

2018-07-04 14:59:21 - [TEST_STEP][PASSED] - Statement - println(sc): null

2018-07-04 14:59:22 - [TEST_STEP][PASSED] - Statement - hssfSheet = hssfWorkbook.getSheetAt(0): null

2018-07-04 14:59:22 - [TEST_STEP][PASSED] - Statement - hssfRow = hssfSheet.getRow(1): null

2018-07-04 14:59:22 - [TEST_STEP][PASSED] - Statement - fid = hssfRow.getCell(0): null

2018-07-04 14:59:22 - [TEST_STEP][PASSED] - Statement - vid = hssfRow.getCell(1): null

2018-07-04 14:59:22 - [TEST_STEP][PASSED] - Statement - aid = hssfRow.getCell(2): null

2018-07-04 14:59:22 - [TEST_STEP][PASSED] - Statement - subid = hssfRow.getCell(3): null

2018-07-04 14:59:22 - [TEST_STEP][PASSED] - Statement - wsid = hssfRow.getCell(4): null

2018-07-04 14:59:22 - [TEST_STEP][PASSED] - Statement - reqid = hssfRow.getCell(5): null

2018-07-04 14:59:22 - [TEST_STEP][PASSED] - Statement - accNo = hssfRow.getCell(6): null

2018-07-04 14:59:22 - [TEST_STEP][PASSED] - Statement - println(vid): null

2018-07-04 14:59:22 - [TEST_STEP][PASSED] - Statement - map = [:]: null

2018-07-04 14:59:22 - [TEST_STEP][PASSED] - Statement - map.put("formID", fid): null

2018-07-04 14:59:22 - [TEST_STEP][PASSED] - Statement - map.put("viewID", vid): null

2018-07-04 14:59:22 - [TEST_STEP][PASSED] - Statement - map.put("appID", aid): null

2018-07-04 14:59:22 - [TEST_STEP][PASSED] - Statement - map.put("subWSID", subid): null

2018-07-04 14:59:22 - [TEST_STEP][PASSED] - Statement - map.put("WSID", wsid): null

2018-07-04 14:59:22 - [TEST_STEP][PASSED] - Statement - map.put("REQID", reqid): null

2018-07-04 14:59:22 - [TEST_STEP][PASSED] - Statement - map.put("AccNo", accNo): null

2018-07-04 14:59:22 - [TEST_STEP][PASSED] - Statement - return map: null

2018-07-04 14:59:22 - [MESSAGE][PASSED] - Call Test Case 'Test Cases/Studio Smoke Test Cases/ReadExcel' successfully

2018-07-04 14:59:22 - [TEST_STEP][PASSED] - Statement - form_id = common["formID"]: null

2018-07-04 14:59:22 - [TEST_STEP][PASSED] - Statement - println(form_id): null

2018-07-04 14:59:22 - [TEST_STEP][PASSED] - Statement - view_id = common["viewID"]: null

2018-07-04 14:59:22 - [TEST_STEP][PASSED] - Statement - println(view_id): null

2018-07-04 14:59:22 - [TEST_STEP][PASSED] - click: Object: 'Object Repository/New_Test_Create_Form/Page_Canvas World/span_Create' is clicked on

2018-07-04 14:59:22 - [MESSAGE][PASSED] - Object: 'Object Repository/New_Test_Create_Form/Page_Canvas World/span_Create' is clicked on

2018-07-04 14:59:22 - [TEST_STEP][PASSED] - click: Object: 'Object Repository/New_Test_Create_View/Page_Canvas World/span_View' is clicked on

2018-07-04 14:59:22 - [MESSAGE][PASSED] - Object: 'Object Repository/New_Test_Create_View/Page_Canvas World/span_View' is clicked on

2018-07-04 14:59:22 - [TEST_STEP][PASSED] - waitForPageLoad: Wait for page load successfully

2018-07-04 14:59:23 - [MESSAGE][PASSED] - Wait for page load successfully

2018-07-04 14:59:23 - [TEST_STEP][PASSED] - click: Object: 'Object Repository/New_Test_Create_View/Page_Canvas World/enter_ViewId' is clicked on

2018-07-04 14:59:24 - [MESSAGE][PASSED] - Object: 'Object Repository/New_Test_Create_View/Page_Canvas World/enter_ViewId' is clicked on

2018-07-04 14:59:24 - [TEST_STEP][PASSED] - setText: Text 'A003' is set on object 'Object Repository/New_Test_Create_View/Page_Canvas World/enter_ViewId'

2018-07-04 14:59:24 - [MESSAGE][PASSED] - Text 'A003' is set on object 'Object Repository/New_Test_Create_View/Page_Canvas World/enter_ViewId'

2018-07-04 14:59:24 - [TEST_STEP][PASSED] - click: Object: 'Object Repository/New_Test_Create_View/Page_Canvas World/view_DisplayName' is clicked on

2018-07-04 14:59:24 - [MESSAGE][PASSED] - Object: 'Object Repository/New_Test_Create_View/Page_Canvas World/view_DisplayName' is clicked on

2018-07-04 14:59:24 - [TEST_STEP][PASSED] - setText: Text 'A003' is set on object 'Object Repository/New_Test_Create_View/Page_Canvas World/view_DisplayName'

2018-07-04 14:59:25 - [MESSAGE][PASSED] - Text 'A003' is set on object 'Object Repository/New_Test_Create_View/Page_Canvas World/view_DisplayName'

2018-07-04 14:59:25 - [TEST_STEP][PASSED] - selectOptionByValue: All options with value 'PAGING' are selected in object 'Object Repository/New_Test_Create_View/Page_Canvas World/select_ViewType' 

2018-07-04 14:59:25 - [MESSAGE][PASSED] - All options with value 'PAGING' are selected in object 'Object Repository/New_Test_Create_View/Page_Canvas World/select_ViewType' 

2018-07-04 14:59:25 - [TEST_STEP][PASSED] - click: Object: 'Object Repository/New_Test_Create_View/Page_Canvas World/enter_ResourceBundle' is clicked on

2018-07-04 14:59:25 - [MESSAGE][PASSED] - Object: 'Object Repository/New_Test_Create_View/Page_Canvas World/enter_ResourceBundle' is clicked on

2018-07-04 14:59:25 - [TEST_STEP][PASSED] - setText: Text 'common' is set on object 'Object Repository/New_Test_Create_View/Page_Canvas World/enter_ResourceBundle'

2018-07-04 14:59:25 - [MESSAGE][PASSED] - Text 'common' is set on object 'Object Repository/New_Test_Create_View/Page_Canvas World/enter_ResourceBundle'

2018-07-04 14:59:25 - [TEST_STEP][PASSED] - delay: Delayed 10 second(s)

2018-07-04 14:59:35 - [MESSAGE][PASSED] - Delayed 10 second(s)

2018-07-04 14:59:35 - [TEST_STEP][PASSED] - waitForElementVisible: Object 'Object Repository/New_Test_Create_List_Grid/Page_Canvas World/click_selectForm' is visible

2018-07-04 14:59:36 - [MESSAGE][PASSED] - Object 'Object Repository/New_Test_Create_List_Grid/Page_Canvas World/click_selectForm' is visible

2018-07-04 14:59:36 - [TEST_STEP][PASSED] - click: Object: 'Object Repository/New_Test_Create_List_Grid/Page_Canvas World/click_selectForm' is clicked on

2018-07-04 14:59:36 - [MESSAGE][PASSED] - Object: 'Object Repository/New_Test_Create_List_Grid/Page_Canvas World/click_selectForm' is clicked on

2018-07-04 14:59:36 - [TEST_STEP][PASSED] - Statement - selectForm = "//span[starts-with(text(), '" + "ACCOUNT_TABLE" + "')]": null

2018-07-04 14:59:36 - [TEST_STEP][PASSED] - Statement - println(selectForm): null

2018-07-04 14:59:36 - [TEST_STEP][PASSED] - Statement - dynamicObject = new com.kms.katalon.core.testobject.TestObject(selectForm).addProperty("xpath", EQUALS, selectForm, true): null

2018-07-04 14:59:36 - [TEST_STEP][PASSED] - waitForElementVisible: Object '//span[starts-with(text(), 'ACCOUNT_TABLE')]' is visible

2018-07-04 14:59:36 - [MESSAGE][PASSED] - Object '//span[starts-with(text(), 'ACCOUNT_TABLE')]' is visible

2018-07-04 14:59:36 - [TEST_STEP][PASSED] - doubleClick: Object: '//span[starts-with(text(), 'ACCOUNT_TABLE')]' is double clicked on

2018-07-04 14:59:36 - [MESSAGE][PASSED] - Object: '//span[starts-with(text(), 'ACCOUNT_TABLE')]' is double clicked on

2018-07-04 14:59:36 - [TEST_STEP][PASSED] - doubleClick: Object: '//span[starts-with(text(), 'ACCOUNT_TABLE')]' is double clicked on

2018-07-04 14:59:37 - [MESSAGE][PASSED] - Object: '//span[starts-with(text(), 'ACCOUNT_TABLE')]' is double clicked on

2018-07-04 14:59:37 - [TEST_STEP][PASSED] - delay: Delayed 3 second(s)

2018-07-04 14:59:40 - [MESSAGE][PASSED] - Delayed 3 second(s)

2018-07-04 14:59:40 - [TEST_STEP][PASSED] - click: Object: 'Object Repository/New_Test_Create_List_Grid/Page_Canvas World/click_default_ins_yes' is clicked on

2018-07-04 14:59:40 - [MESSAGE][PASSED] - Object: 'Object Repository/New_Test_Create_List_Grid/Page_Canvas World/click_default_ins_yes' is clicked on

2018-07-04 14:59:40 - [TEST_STEP][PASSED] - selectOptionByValue: All options with value 'CUSER' are selected in object 'Object Repository/New_Test_Create_View/Page_Canvas World/select_ProductCode' 

2018-07-04 14:59:40 - [MESSAGE][PASSED] - All options with value 'CUSER' are selected in object 'Object Repository/New_Test_Create_View/Page_Canvas World/select_ProductCode' 

2018-07-04 14:59:40 - [TEST_STEP][PASSED] - selectOptionByValue: All options with value 'CUSER' are selected in object 'Object Repository/New_Test_Create_View/Page_Canvas World/select_SubProductCode' 

2018-07-04 14:59:40 - [MESSAGE][PASSED] - All options with value 'CUSER' are selected in object 'Object Repository/New_Test_Create_View/Page_Canvas World/select_SubProductCode' 

2018-07-04 14:59:40 - [TEST_STEP][PASSED] - selectOptionByValue: All options with value 'VSBLTY' are selected in object 'Object Repository/New_Test_Create_View/Page_Canvas World/select_FunctionCode' 

2018-07-04 14:59:40 - [MESSAGE][PASSED] - All options with value 'VSBLTY' are selected in object 'Object Repository/New_Test_Create_View/Page_Canvas World/select_FunctionCode' 

2018-07-04 14:59:40 - [TEST_STEP][PASSED] - delay: Delayed 3 second(s)

2018-07-04 14:59:43 - [MESSAGE][PASSED] - Delayed 3 second(s)

2018-07-04 14:59:43 - [TEST_STEP][PASSED] - click: Object: 'Object Repository/New_Test_Create_List_Grid/Page_Canvas World/expand_gridConfig' is clicked on

2018-07-04 14:59:44 - [MESSAGE][PASSED] - Object: 'Object Repository/New_Test_Create_List_Grid/Page_Canvas World/expand_gridConfig' is clicked on

2018-07-04 14:59:44 - [TEST_STEP][PASSED] - setText: Text '2' is set on object 'Object Repository/New_Test_Create_List_Grid/Page_Canvas World/enter_numberPerPage'

2018-07-04 14:59:44 - [MESSAGE][PASSED] - Text '2' is set on object 'Object Repository/New_Test_Create_List_Grid/Page_Canvas World/enter_numberPerPage'

2018-07-04 14:59:44 - [TEST_STEP][PASSED] - delay: Delayed 3 second(s)

2018-07-04 14:59:47 - [MESSAGE][PASSED] - Delayed 3 second(s)

2018-07-04 14:59:47 - [TEST_STEP][PASSED] - click: Object: 'Object Repository/New_Test_Create_View/Page_Canvas World/view_Submit' is clicked on

2018-07-04 14:59:47 - [MESSAGE][PASSED] - Object: 'Object Repository/New_Test_Create_View/Page_Canvas World/view_Submit' is clicked on

2018-07-04 14:59:47 - [TEST_STEP][PASSED] - click: Object: 'Object Repository/New_Test_Create_View/Page_Canvas World/view_Submission' is clicked on

2018-07-04 14:59:49 - [MESSAGE][PASSED] - Object: 'Object Repository/New_Test_Create_View/Page_Canvas World/view_Submission' is clicked on]]></system-out>
         <system-err><![CDATA[]]></system-err>
      </testcase>
      <testcase name="Test Cases/Smoke Test/New_Create_List_Grid" classname="Test Cases/Smoke Test/New_Create_List_Grid" status="PASSED">
         <system-out><![CDATA[2018-07-04 14:59:49 - [TEST_CASE][PASSED] - Test Cases/Smoke Test/New_Create_List_Grid: Test Cases/Smoke Test/New_Create_List_Grid

2018-07-04 14:59:50 - [TEST_STEP][PASSED] - waitForPageLoad: Wait for page load successfully

2018-07-04 14:59:50 - [MESSAGE][PASSED] - Wait for page load successfully

2018-07-04 14:59:50 - [TEST_STEP][PASSED] - Statement - common = com.kms.katalon.core.webui.keyword.WebUiBuiltInKeywords.callTestCase(com.kms.katalon.core.testcase.TestCaseFactory.findTestCase(Test Cases/Studio Smoke Test Cases/ReadExcel), [:]): Call Test Case 'Test Cases/Studio Smoke Test Cases/ReadExcel' successfully

2018-07-04 14:59:50 - [TEST_CASE][PASSED] - Test Cases/Studio Smoke Test Cases/ReadExcel: Test Cases/Studio Smoke Test Cases/ReadExcel

2018-07-04 14:59:50 - [TEST_STEP][PASSED] - Statement - path = "D:\Sheepa\Katalon\Studio Smoke Test\Studio Smoke Test\Data Files\Data Input.xls": null

2018-07-04 14:59:50 - [TEST_STEP][PASSED] - Statement - fis = new java.io.FileInputStream(path): null

2018-07-04 14:59:50 - [TEST_STEP][PASSED] - Statement - hssfWorkbook = new org.apache.poi.hssf.usermodel.HSSFWorkbook(fis): null

2018-07-04 14:59:50 - [TEST_STEP][PASSED] - Statement - sc = hssfWorkbook.getNumberOfSheets(): null

2018-07-04 14:59:50 - [TEST_STEP][PASSED] - Statement - println(sc): null

2018-07-04 14:59:50 - [TEST_STEP][PASSED] - Statement - hssfSheet = hssfWorkbook.getSheetAt(0): null

2018-07-04 14:59:50 - [TEST_STEP][PASSED] - Statement - hssfRow = hssfSheet.getRow(1): null

2018-07-04 14:59:50 - [TEST_STEP][PASSED] - Statement - fid = hssfRow.getCell(0): null

2018-07-04 14:59:50 - [TEST_STEP][PASSED] - Statement - vid = hssfRow.getCell(1): null

2018-07-04 14:59:50 - [TEST_STEP][PASSED] - Statement - aid = hssfRow.getCell(2): null

2018-07-04 14:59:50 - [TEST_STEP][PASSED] - Statement - subid = hssfRow.getCell(3): null

2018-07-04 14:59:50 - [TEST_STEP][PASSED] - Statement - wsid = hssfRow.getCell(4): null

2018-07-04 14:59:50 - [TEST_STEP][PASSED] - Statement - reqid = hssfRow.getCell(5): null

2018-07-04 14:59:50 - [TEST_STEP][PASSED] - Statement - accNo = hssfRow.getCell(6): null

2018-07-04 14:59:50 - [TEST_STEP][PASSED] - Statement - println(vid): null

2018-07-04 14:59:50 - [TEST_STEP][PASSED] - Statement - map = [:]: null

2018-07-04 14:59:50 - [TEST_STEP][PASSED] - Statement - map.put("formID", fid): null

2018-07-04 14:59:50 - [TEST_STEP][PASSED] - Statement - map.put("viewID", vid): null

2018-07-04 14:59:50 - [TEST_STEP][PASSED] - Statement - map.put("appID", aid): null

2018-07-04 14:59:50 - [TEST_STEP][PASSED] - Statement - map.put("subWSID", subid): null

2018-07-04 14:59:50 - [TEST_STEP][PASSED] - Statement - map.put("WSID", wsid): null

2018-07-04 14:59:50 - [TEST_STEP][PASSED] - Statement - map.put("REQID", reqid): null

2018-07-04 14:59:50 - [TEST_STEP][PASSED] - Statement - map.put("AccNo", accNo): null

2018-07-04 14:59:50 - [TEST_STEP][PASSED] - Statement - return map: null

2018-07-04 14:59:50 - [MESSAGE][PASSED] - Call Test Case 'Test Cases/Studio Smoke Test Cases/ReadExcel' successfully

2018-07-04 14:59:50 - [TEST_STEP][PASSED] - Statement - form_id = common["formID"]: null

2018-07-04 14:59:50 - [TEST_STEP][PASSED] - Statement - println(form_id): null

2018-07-04 14:59:50 - [TEST_STEP][PASSED] - Statement - view_id = common["viewID"]: null

2018-07-04 14:59:50 - [TEST_STEP][PASSED] - Statement - println(view_id): null

2018-07-04 14:59:50 - [TEST_STEP][PASSED] - click: Object: 'Object Repository/New_Test_Create_Form/Page_Canvas World/span_Create' is clicked on

2018-07-04 14:59:50 - [MESSAGE][PASSED] - Object: 'Object Repository/New_Test_Create_Form/Page_Canvas World/span_Create' is clicked on

2018-07-04 14:59:50 - [TEST_STEP][PASSED] - click: Object: 'Object Repository/New_Test_Create_View/Page_Canvas World/span_View' is clicked on

2018-07-04 14:59:50 - [MESSAGE][PASSED] - Object: 'Object Repository/New_Test_Create_View/Page_Canvas World/span_View' is clicked on

2018-07-04 14:59:50 - [TEST_STEP][PASSED] - waitForPageLoad: Wait for page load successfully

2018-07-04 14:59:51 - [MESSAGE][PASSED] - Wait for page load successfully

2018-07-04 14:59:51 - [TEST_STEP][PASSED] - click: Object: 'Object Repository/New_Test_Create_View/Page_Canvas World/enter_ViewId' is clicked on

2018-07-04 14:59:52 - [MESSAGE][PASSED] - Object: 'Object Repository/New_Test_Create_View/Page_Canvas World/enter_ViewId' is clicked on

2018-07-04 14:59:52 - [TEST_STEP][PASSED] - setText: Text 'A002' is set on object 'Object Repository/New_Test_Create_View/Page_Canvas World/enter_ViewId'

2018-07-04 14:59:53 - [MESSAGE][PASSED] - Text 'A002' is set on object 'Object Repository/New_Test_Create_View/Page_Canvas World/enter_ViewId'

2018-07-04 14:59:53 - [TEST_STEP][PASSED] - click: Object: 'Object Repository/New_Test_Create_View/Page_Canvas World/view_DisplayName' is clicked on

2018-07-04 14:59:53 - [MESSAGE][PASSED] - Object: 'Object Repository/New_Test_Create_View/Page_Canvas World/view_DisplayName' is clicked on

2018-07-04 14:59:53 - [TEST_STEP][PASSED] - setText: Text 'A002' is set on object 'Object Repository/New_Test_Create_View/Page_Canvas World/view_DisplayName'

2018-07-04 14:59:53 - [MESSAGE][PASSED] - Text 'A002' is set on object 'Object Repository/New_Test_Create_View/Page_Canvas World/view_DisplayName'

2018-07-04 14:59:53 - [TEST_STEP][PASSED] - selectOptionByValue: All options with value 'LIST' are selected in object 'Object Repository/New_Test_Create_View/Page_Canvas World/select_ViewType' 

2018-07-04 14:59:53 - [MESSAGE][PASSED] - All options with value 'LIST' are selected in object 'Object Repository/New_Test_Create_View/Page_Canvas World/select_ViewType' 

2018-07-04 14:59:53 - [TEST_STEP][PASSED] - click: Object: 'Object Repository/New_Test_Create_View/Page_Canvas World/enter_ResourceBundle' is clicked on

2018-07-04 14:59:53 - [MESSAGE][PASSED] - Object: 'Object Repository/New_Test_Create_View/Page_Canvas World/enter_ResourceBundle' is clicked on

2018-07-04 14:59:53 - [TEST_STEP][PASSED] - setText: Text 'common' is set on object 'Object Repository/New_Test_Create_View/Page_Canvas World/enter_ResourceBundle'

2018-07-04 14:59:54 - [MESSAGE][PASSED] - Text 'common' is set on object 'Object Repository/New_Test_Create_View/Page_Canvas World/enter_ResourceBundle'

2018-07-04 14:59:54 - [TEST_STEP][PASSED] - delay: Delayed 10 second(s)

2018-07-04 15:00:04 - [MESSAGE][PASSED] - Delayed 10 second(s)

2018-07-04 15:00:04 - [TEST_STEP][PASSED] - waitForElementVisible: Object 'Object Repository/New_Test_Create_List_Grid/Page_Canvas World/click_selectForm' is visible

2018-07-04 15:00:04 - [MESSAGE][PASSED] - Object 'Object Repository/New_Test_Create_List_Grid/Page_Canvas World/click_selectForm' is visible

2018-07-04 15:00:04 - [TEST_STEP][PASSED] - click: Object: 'Object Repository/New_Test_Create_List_Grid/Page_Canvas World/click_selectForm' is clicked on

2018-07-04 15:00:04 - [MESSAGE][PASSED] - Object: 'Object Repository/New_Test_Create_List_Grid/Page_Canvas World/click_selectForm' is clicked on

2018-07-04 15:00:04 - [TEST_STEP][PASSED] - Statement - selectForm = "//span[starts-with(text(), '" + "ACCOUNT_TABLE" + "')]": null

2018-07-04 15:00:04 - [TEST_STEP][PASSED] - Statement - println(selectForm): null

2018-07-04 15:00:04 - [TEST_STEP][PASSED] - Statement - dynamicObject = new com.kms.katalon.core.testobject.TestObject(selectForm).addProperty("xpath", EQUALS, selectForm, true): null

2018-07-04 15:00:04 - [TEST_STEP][PASSED] - waitForElementVisible: Object '//span[starts-with(text(), 'ACCOUNT_TABLE')]' is visible

2018-07-04 15:00:05 - [MESSAGE][PASSED] - Object '//span[starts-with(text(), 'ACCOUNT_TABLE')]' is visible

2018-07-04 15:00:05 - [TEST_STEP][PASSED] - doubleClick: Object: '//span[starts-with(text(), 'ACCOUNT_TABLE')]' is double clicked on

2018-07-04 15:00:05 - [MESSAGE][PASSED] - Object: '//span[starts-with(text(), 'ACCOUNT_TABLE')]' is double clicked on

2018-07-04 15:00:05 - [TEST_STEP][PASSED] - doubleClick: Object: '//span[starts-with(text(), 'ACCOUNT_TABLE')]' is double clicked on

2018-07-04 15:00:05 - [MESSAGE][PASSED] - Object: '//span[starts-with(text(), 'ACCOUNT_TABLE')]' is double clicked on

2018-07-04 15:00:05 - [TEST_STEP][PASSED] - delay: Delayed 3 second(s)

2018-07-04 15:00:08 - [MESSAGE][PASSED] - Delayed 3 second(s)

2018-07-04 15:00:08 - [TEST_STEP][PASSED] - click: Object: 'Object Repository/New_Test_Create_List_Grid/Page_Canvas World/click_default_ins_yes' is clicked on

2018-07-04 15:00:09 - [MESSAGE][PASSED] - Object: 'Object Repository/New_Test_Create_List_Grid/Page_Canvas World/click_default_ins_yes' is clicked on

2018-07-04 15:00:09 - [TEST_STEP][PASSED] - selectOptionByValue: All options with value 'CUSER' are selected in object 'Object Repository/New_Test_Create_View/Page_Canvas World/select_ProductCode' 

2018-07-04 15:00:09 - [MESSAGE][PASSED] - All options with value 'CUSER' are selected in object 'Object Repository/New_Test_Create_View/Page_Canvas World/select_ProductCode' 

2018-07-04 15:00:09 - [TEST_STEP][PASSED] - selectOptionByValue: All options with value 'CUSER' are selected in object 'Object Repository/New_Test_Create_View/Page_Canvas World/select_SubProductCode' 

2018-07-04 15:00:09 - [MESSAGE][PASSED] - All options with value 'CUSER' are selected in object 'Object Repository/New_Test_Create_View/Page_Canvas World/select_SubProductCode' 

2018-07-04 15:00:09 - [TEST_STEP][PASSED] - selectOptionByValue: All options with value 'VSBLTY' are selected in object 'Object Repository/New_Test_Create_View/Page_Canvas World/select_FunctionCode' 

2018-07-04 15:00:09 - [MESSAGE][PASSED] - All options with value 'VSBLTY' are selected in object 'Object Repository/New_Test_Create_View/Page_Canvas World/select_FunctionCode' 

2018-07-04 15:00:09 - [TEST_STEP][PASSED] - delay: Delayed 3 second(s)

2018-07-04 15:00:12 - [MESSAGE][PASSED] - Delayed 3 second(s)

2018-07-04 15:00:12 - [TEST_STEP][PASSED] - click: Object: 'Object Repository/New_Test_Create_List_Grid/Page_Canvas World/expand_gridConfig' is clicked on

2018-07-04 15:00:13 - [MESSAGE][PASSED] - Object: 'Object Repository/New_Test_Create_List_Grid/Page_Canvas World/expand_gridConfig' is clicked on

2018-07-04 15:00:13 - [TEST_STEP][PASSED] - setText: Text '2' is set on object 'Object Repository/New_Test_Create_List_Grid/Page_Canvas World/enter_numberPerPage'

2018-07-04 15:00:13 - [MESSAGE][PASSED] - Text '2' is set on object 'Object Repository/New_Test_Create_List_Grid/Page_Canvas World/enter_numberPerPage'

2018-07-04 15:00:13 - [TEST_STEP][PASSED] - delay: Delayed 3 second(s)

2018-07-04 15:00:16 - [MESSAGE][PASSED] - Delayed 3 second(s)

2018-07-04 15:00:16 - [TEST_STEP][PASSED] - click: Object: 'Object Repository/New_Test_Create_View/Page_Canvas World/view_Submit' is clicked on

2018-07-04 15:00:16 - [MESSAGE][PASSED] - Object: 'Object Repository/New_Test_Create_View/Page_Canvas World/view_Submit' is clicked on

2018-07-04 15:00:16 - [TEST_STEP][PASSED] - click: Object: 'Object Repository/New_Test_Create_View/Page_Canvas World/view_Submission' is clicked on

2018-07-04 15:00:19 - [MESSAGE][PASSED] - Object: 'Object Repository/New_Test_Create_View/Page_Canvas World/view_Submission' is clicked on]]></system-out>
         <system-err><![CDATA[]]></system-err>
      </testcase>
      <testcase name="Test Cases/Smoke Test/New_Create_Group_Single" classname="Test Cases/Smoke Test/New_Create_Group_Single" status="PASSED">
         <system-out><![CDATA[2018-07-04 15:00:19 - [TEST_CASE][PASSED] - Test Cases/Smoke Test/New_Create_Group_Single: Test Cases/Smoke Test/New_Create_Group_Single

2018-07-04 15:00:19 - [TEST_STEP][PASSED] - waitForPageLoad: Wait for page load successfully

2018-07-04 15:00:19 - [MESSAGE][PASSED] - Wait for page load successfully

2018-07-04 15:00:19 - [TEST_STEP][PASSED] - Statement - common = com.kms.katalon.core.webui.keyword.WebUiBuiltInKeywords.callTestCase(com.kms.katalon.core.testcase.TestCaseFactory.findTestCase(Test Cases/Studio Smoke Test Cases/ReadExcel), [:]): Call Test Case 'Test Cases/Studio Smoke Test Cases/ReadExcel' successfully

2018-07-04 15:00:19 - [TEST_CASE][PASSED] - Test Cases/Studio Smoke Test Cases/ReadExcel: Test Cases/Studio Smoke Test Cases/ReadExcel

2018-07-04 15:00:19 - [TEST_STEP][PASSED] - Statement - path = "D:\Sheepa\Katalon\Studio Smoke Test\Studio Smoke Test\Data Files\Data Input.xls": null

2018-07-04 15:00:19 - [TEST_STEP][PASSED] - Statement - fis = new java.io.FileInputStream(path): null

2018-07-04 15:00:19 - [TEST_STEP][PASSED] - Statement - hssfWorkbook = new org.apache.poi.hssf.usermodel.HSSFWorkbook(fis): null

2018-07-04 15:00:19 - [TEST_STEP][PASSED] - Statement - sc = hssfWorkbook.getNumberOfSheets(): null

2018-07-04 15:00:19 - [TEST_STEP][PASSED] - Statement - println(sc): null

2018-07-04 15:00:19 - [TEST_STEP][PASSED] - Statement - hssfSheet = hssfWorkbook.getSheetAt(0): null

2018-07-04 15:00:19 - [TEST_STEP][PASSED] - Statement - hssfRow = hssfSheet.getRow(1): null

2018-07-04 15:00:19 - [TEST_STEP][PASSED] - Statement - fid = hssfRow.getCell(0): null

2018-07-04 15:00:19 - [TEST_STEP][PASSED] - Statement - vid = hssfRow.getCell(1): null

2018-07-04 15:00:19 - [TEST_STEP][PASSED] - Statement - aid = hssfRow.getCell(2): null

2018-07-04 15:00:19 - [TEST_STEP][PASSED] - Statement - subid = hssfRow.getCell(3): null

2018-07-04 15:00:19 - [TEST_STEP][PASSED] - Statement - wsid = hssfRow.getCell(4): null

2018-07-04 15:00:19 - [TEST_STEP][PASSED] - Statement - reqid = hssfRow.getCell(5): null

2018-07-04 15:00:19 - [TEST_STEP][PASSED] - Statement - accNo = hssfRow.getCell(6): null

2018-07-04 15:00:19 - [TEST_STEP][PASSED] - Statement - println(vid): null

2018-07-04 15:00:19 - [TEST_STEP][PASSED] - Statement - map = [:]: null

2018-07-04 15:00:19 - [TEST_STEP][PASSED] - Statement - map.put("formID", fid): null

2018-07-04 15:00:19 - [TEST_STEP][PASSED] - Statement - map.put("viewID", vid): null

2018-07-04 15:00:19 - [TEST_STEP][PASSED] - Statement - map.put("appID", aid): null

2018-07-04 15:00:19 - [TEST_STEP][PASSED] - Statement - map.put("subWSID", subid): null

2018-07-04 15:00:19 - [TEST_STEP][PASSED] - Statement - map.put("WSID", wsid): null

2018-07-04 15:00:19 - [TEST_STEP][PASSED] - Statement - map.put("REQID", reqid): null

2018-07-04 15:00:19 - [TEST_STEP][PASSED] - Statement - map.put("AccNo", accNo): null

2018-07-04 15:00:19 - [TEST_STEP][PASSED] - Statement - return map: null

2018-07-04 15:00:19 - [MESSAGE][PASSED] - Call Test Case 'Test Cases/Studio Smoke Test Cases/ReadExcel' successfully

2018-07-04 15:00:19 - [TEST_STEP][PASSED] - Statement - form_id = common["formID"]: null

2018-07-04 15:00:19 - [TEST_STEP][PASSED] - Statement - println(form_id): null

2018-07-04 15:00:19 - [TEST_STEP][PASSED] - Statement - view_id = common["viewID"]: null

2018-07-04 15:00:19 - [TEST_STEP][PASSED] - Statement - println(view_id): null

2018-07-04 15:00:19 - [TEST_STEP][PASSED] - click: Object: 'Object Repository/New_Test_Create_Form/Page_Canvas World/span_Create' is clicked on

2018-07-04 15:00:19 - [MESSAGE][PASSED] - Object: 'Object Repository/New_Test_Create_Form/Page_Canvas World/span_Create' is clicked on

2018-07-04 15:00:19 - [TEST_STEP][PASSED] - click: Object: 'Object Repository/New_Test_Create_View/Page_Canvas World/span_View' is clicked on

2018-07-04 15:00:20 - [MESSAGE][PASSED] - Object: 'Object Repository/New_Test_Create_View/Page_Canvas World/span_View' is clicked on

2018-07-04 15:00:20 - [TEST_STEP][PASSED] - waitForPageLoad: Wait for page load successfully

2018-07-04 15:00:21 - [MESSAGE][PASSED] - Wait for page load successfully

2018-07-04 15:00:21 - [TEST_STEP][PASSED] - click: Object: 'Object Repository/New_Test_Create_View/Page_Canvas World/enter_ViewId' is clicked on

2018-07-04 15:00:21 - [MESSAGE][PASSED] - Object: 'Object Repository/New_Test_Create_View/Page_Canvas World/enter_ViewId' is clicked on

2018-07-04 15:00:21 - [TEST_STEP][PASSED] - setText: Text 'A005' is set on object 'Object Repository/New_Test_Create_View/Page_Canvas World/enter_ViewId'

2018-07-04 15:00:22 - [MESSAGE][PASSED] - Text 'A005' is set on object 'Object Repository/New_Test_Create_View/Page_Canvas World/enter_ViewId'

2018-07-04 15:00:22 - [TEST_STEP][PASSED] - click: Object: 'Object Repository/New_Test_Create_View/Page_Canvas World/view_DisplayName' is clicked on

2018-07-04 15:00:22 - [MESSAGE][PASSED] - Object: 'Object Repository/New_Test_Create_View/Page_Canvas World/view_DisplayName' is clicked on

2018-07-04 15:00:22 - [TEST_STEP][PASSED] - setText: Text 'A005' is set on object 'Object Repository/New_Test_Create_View/Page_Canvas World/view_DisplayName'

2018-07-04 15:00:22 - [MESSAGE][PASSED] - Text 'A005' is set on object 'Object Repository/New_Test_Create_View/Page_Canvas World/view_DisplayName'

2018-07-04 15:00:22 - [TEST_STEP][PASSED] - selectOptionByValue: All options with value 'GROUP' are selected in object 'Object Repository/New_Test_Create_View/Page_Canvas World/select_ViewType' 

2018-07-04 15:00:23 - [MESSAGE][PASSED] - All options with value 'GROUP' are selected in object 'Object Repository/New_Test_Create_View/Page_Canvas World/select_ViewType' 

2018-07-04 15:00:23 - [TEST_STEP][PASSED] - click: Object: 'Object Repository/New_Test_Create_View/Page_Canvas World/enter_ResourceBundle' is clicked on

2018-07-04 15:00:23 - [MESSAGE][PASSED] - Object: 'Object Repository/New_Test_Create_View/Page_Canvas World/enter_ResourceBundle' is clicked on

2018-07-04 15:00:23 - [TEST_STEP][PASSED] - setText: Text 'common' is set on object 'Object Repository/New_Test_Create_View/Page_Canvas World/enter_ResourceBundle'

2018-07-04 15:00:23 - [MESSAGE][PASSED] - Text 'common' is set on object 'Object Repository/New_Test_Create_View/Page_Canvas World/enter_ResourceBundle'

2018-07-04 15:00:23 - [TEST_STEP][PASSED] - delay: Delayed 10 second(s)

2018-07-04 15:00:33 - [MESSAGE][PASSED] - Delayed 10 second(s)

2018-07-04 15:00:33 - [TEST_STEP][PASSED] - waitForElementVisible: Object 'Object Repository/New_Test_Create_List_Grid/Page_Canvas World/click_selectForm' is visible

2018-07-04 15:00:33 - [MESSAGE][PASSED] - Object 'Object Repository/New_Test_Create_List_Grid/Page_Canvas World/click_selectForm' is visible

2018-07-04 15:00:33 - [TEST_STEP][PASSED] - click: Object: 'Object Repository/New_Test_Create_List_Grid/Page_Canvas World/click_selectForm' is clicked on

2018-07-04 15:00:33 - [MESSAGE][PASSED] - Object: 'Object Repository/New_Test_Create_List_Grid/Page_Canvas World/click_selectForm' is clicked on

2018-07-04 15:00:33 - [TEST_STEP][PASSED] - Statement - selectForm = "//span[starts-with(text(), '" + "ACCOUNT_TABLE" + "')]": null

2018-07-04 15:00:33 - [TEST_STEP][PASSED] - Statement - println(selectForm): null

2018-07-04 15:00:33 - [TEST_STEP][PASSED] - Statement - dynamicObject = new com.kms.katalon.core.testobject.TestObject(selectForm).addProperty("xpath", EQUALS, selectForm, true): null

2018-07-04 15:00:33 - [TEST_STEP][PASSED] - waitForElementVisible: Object '//span[starts-with(text(), 'ACCOUNT_TABLE')]' is visible

2018-07-04 15:00:35 - [MESSAGE][PASSED] - Object '//span[starts-with(text(), 'ACCOUNT_TABLE')]' is visible

2018-07-04 15:00:35 - [TEST_STEP][PASSED] - doubleClick: Object: '//span[starts-with(text(), 'ACCOUNT_TABLE')]' is double clicked on

2018-07-04 15:00:35 - [MESSAGE][PASSED] - Object: '//span[starts-with(text(), 'ACCOUNT_TABLE')]' is double clicked on

2018-07-04 15:00:35 - [TEST_STEP][PASSED] - doubleClick: Object: '//span[starts-with(text(), 'ACCOUNT_TABLE')]' is double clicked on

2018-07-04 15:00:35 - [MESSAGE][PASSED] - Object: '//span[starts-with(text(), 'ACCOUNT_TABLE')]' is double clicked on

2018-07-04 15:00:35 - [TEST_STEP][PASSED] - delay: Delayed 3 second(s)

2018-07-04 15:00:38 - [MESSAGE][PASSED] - Delayed 3 second(s)

2018-07-04 15:00:38 - [TEST_STEP][PASSED] - click: Object: 'Object Repository/New_Test_Create_List_Grid/Page_Canvas World/click_default_ins_yes' is clicked on

2018-07-04 15:00:38 - [MESSAGE][PASSED] - Object: 'Object Repository/New_Test_Create_List_Grid/Page_Canvas World/click_default_ins_yes' is clicked on

2018-07-04 15:00:38 - [TEST_STEP][PASSED] - selectOptionByValue: All options with value 'CUSER' are selected in object 'Object Repository/New_Test_Create_View/Page_Canvas World/select_ProductCode' 

2018-07-04 15:00:38 - [MESSAGE][PASSED] - All options with value 'CUSER' are selected in object 'Object Repository/New_Test_Create_View/Page_Canvas World/select_ProductCode' 

2018-07-04 15:00:38 - [TEST_STEP][PASSED] - selectOptionByValue: All options with value 'CUSER' are selected in object 'Object Repository/New_Test_Create_View/Page_Canvas World/select_SubProductCode' 

2018-07-04 15:00:38 - [MESSAGE][PASSED] - All options with value 'CUSER' are selected in object 'Object Repository/New_Test_Create_View/Page_Canvas World/select_SubProductCode' 

2018-07-04 15:00:38 - [TEST_STEP][PASSED] - selectOptionByValue: All options with value 'VSBLTY' are selected in object 'Object Repository/New_Test_Create_View/Page_Canvas World/select_FunctionCode' 

2018-07-04 15:00:39 - [MESSAGE][PASSED] - All options with value 'VSBLTY' are selected in object 'Object Repository/New_Test_Create_View/Page_Canvas World/select_FunctionCode' 

2018-07-04 15:00:39 - [TEST_STEP][PASSED] - delay: Delayed 3 second(s)

2018-07-04 15:00:42 - [MESSAGE][PASSED] - Delayed 3 second(s)

2018-07-04 15:00:42 - [TEST_STEP][PASSED] - click: Object: 'Object Repository/New_Test_Create_List_Grid/Page_Canvas World/expand_gridConfig' is clicked on

2018-07-04 15:00:42 - [MESSAGE][PASSED] - Object: 'Object Repository/New_Test_Create_List_Grid/Page_Canvas World/expand_gridConfig' is clicked on

2018-07-04 15:00:42 - [TEST_STEP][PASSED] - setText: Text '2' is set on object 'Object Repository/New_Test_Create_List_Grid/Page_Canvas World/enter_numberPerPage'

2018-07-04 15:00:42 - [MESSAGE][PASSED] - Text '2' is set on object 'Object Repository/New_Test_Create_List_Grid/Page_Canvas World/enter_numberPerPage'

2018-07-04 15:00:42 - [TEST_STEP][PASSED] - delay: Delayed 3 second(s)

2018-07-04 15:00:45 - [MESSAGE][PASSED] - Delayed 3 second(s)

2018-07-04 15:00:45 - [TEST_STEP][PASSED] - click: Object: 'Object Repository/New_Test_Create_List_Grid/Page_Canvas World/button_more' is clicked on

2018-07-04 15:00:46 - [MESSAGE][PASSED] - Object: 'Object Repository/New_Test_Create_List_Grid/Page_Canvas World/button_more' is clicked on

2018-07-04 15:00:46 - [TEST_STEP][PASSED] - click: Object: 'Object Repository/New_Test_Create_List_Grid/Page_Canvas World/is_grpable' is clicked on

2018-07-04 15:00:47 - [MESSAGE][PASSED] - Object: 'Object Repository/New_Test_Create_List_Grid/Page_Canvas World/is_grpable' is clicked on

2018-07-04 15:00:47 - [TEST_STEP][PASSED] - click: Object: 'Object Repository/New_Test_Create_List_Grid/Page_Canvas World/is_grpd' is clicked on

2018-07-04 15:00:48 - [MESSAGE][PASSED] - Object: 'Object Repository/New_Test_Create_List_Grid/Page_Canvas World/is_grpd' is clicked on

2018-07-04 15:00:48 - [TEST_STEP][PASSED] - delay: Delayed 3 second(s)

2018-07-04 15:00:51 - [MESSAGE][PASSED] - Delayed 3 second(s)

2018-07-04 15:00:51 - [TEST_STEP][PASSED] - click: Object: 'Object Repository/New_Test_Create_List_Grid/Page_Canvas World/view_item_submit' is clicked on

2018-07-04 15:00:51 - [MESSAGE][PASSED] - Object: 'Object Repository/New_Test_Create_List_Grid/Page_Canvas World/view_item_submit' is clicked on

2018-07-04 15:00:51 - [TEST_STEP][PASSED] - delay: Delayed 3 second(s)

2018-07-04 15:00:54 - [MESSAGE][PASSED] - Delayed 3 second(s)

2018-07-04 15:00:54 - [TEST_STEP][PASSED] - click: Object: 'Object Repository/New_Test_Create_View/Page_Canvas World/view_Submit' is clicked on

2018-07-04 15:00:54 - [MESSAGE][PASSED] - Object: 'Object Repository/New_Test_Create_View/Page_Canvas World/view_Submit' is clicked on

2018-07-04 15:00:54 - [TEST_STEP][PASSED] - delay: Delayed 3 second(s)

2018-07-04 15:00:57 - [MESSAGE][PASSED] - Delayed 3 second(s)

2018-07-04 15:00:57 - [TEST_STEP][PASSED] - click: Object: 'Object Repository/New_Test_Create_View/Page_Canvas World/view_Submission' is clicked on

2018-07-04 15:00:57 - [MESSAGE][PASSED] - Object: 'Object Repository/New_Test_Create_View/Page_Canvas World/view_Submission' is clicked on]]></system-out>
         <system-err><![CDATA[]]></system-err>
      </testcase>
      <testcase name="Test Cases/Smoke Test/New_Create_Group_Multi" classname="Test Cases/Smoke Test/New_Create_Group_Multi" status="PASSED">
         <system-out><![CDATA[2018-07-04 15:00:57 - [TEST_CASE][PASSED] - Test Cases/Smoke Test/New_Create_Group_Multi: Test Cases/Smoke Test/New_Create_Group_Multi

2018-07-04 15:00:58 - [TEST_STEP][PASSED] - waitForPageLoad: Wait for page load successfully

2018-07-04 15:00:58 - [MESSAGE][PASSED] - Wait for page load successfully

2018-07-04 15:00:58 - [TEST_STEP][PASSED] - Statement - common = com.kms.katalon.core.webui.keyword.WebUiBuiltInKeywords.callTestCase(com.kms.katalon.core.testcase.TestCaseFactory.findTestCase(Test Cases/Studio Smoke Test Cases/ReadExcel), [:]): Call Test Case 'Test Cases/Studio Smoke Test Cases/ReadExcel' successfully

2018-07-04 15:00:58 - [TEST_CASE][PASSED] - Test Cases/Studio Smoke Test Cases/ReadExcel: Test Cases/Studio Smoke Test Cases/ReadExcel

2018-07-04 15:00:58 - [TEST_STEP][PASSED] - Statement - path = "D:\Sheepa\Katalon\Studio Smoke Test\Studio Smoke Test\Data Files\Data Input.xls": null

2018-07-04 15:00:58 - [TEST_STEP][PASSED] - Statement - fis = new java.io.FileInputStream(path): null

2018-07-04 15:00:58 - [TEST_STEP][PASSED] - Statement - hssfWorkbook = new org.apache.poi.hssf.usermodel.HSSFWorkbook(fis): null

2018-07-04 15:00:58 - [TEST_STEP][PASSED] - Statement - sc = hssfWorkbook.getNumberOfSheets(): null

2018-07-04 15:00:58 - [TEST_STEP][PASSED] - Statement - println(sc): null

2018-07-04 15:00:58 - [TEST_STEP][PASSED] - Statement - hssfSheet = hssfWorkbook.getSheetAt(0): null

2018-07-04 15:00:58 - [TEST_STEP][PASSED] - Statement - hssfRow = hssfSheet.getRow(1): null

2018-07-04 15:00:58 - [TEST_STEP][PASSED] - Statement - fid = hssfRow.getCell(0): null

2018-07-04 15:00:58 - [TEST_STEP][PASSED] - Statement - vid = hssfRow.getCell(1): null

2018-07-04 15:00:58 - [TEST_STEP][PASSED] - Statement - aid = hssfRow.getCell(2): null

2018-07-04 15:00:58 - [TEST_STEP][PASSED] - Statement - subid = hssfRow.getCell(3): null

2018-07-04 15:00:58 - [TEST_STEP][PASSED] - Statement - wsid = hssfRow.getCell(4): null

2018-07-04 15:00:58 - [TEST_STEP][PASSED] - Statement - reqid = hssfRow.getCell(5): null

2018-07-04 15:00:58 - [TEST_STEP][PASSED] - Statement - accNo = hssfRow.getCell(6): null

2018-07-04 15:00:58 - [TEST_STEP][PASSED] - Statement - println(vid): null

2018-07-04 15:00:58 - [TEST_STEP][PASSED] - Statement - map = [:]: null

2018-07-04 15:00:58 - [TEST_STEP][PASSED] - Statement - map.put("formID", fid): null

2018-07-04 15:00:58 - [TEST_STEP][PASSED] - Statement - map.put("viewID", vid): null

2018-07-04 15:00:58 - [TEST_STEP][PASSED] - Statement - map.put("appID", aid): null

2018-07-04 15:00:58 - [TEST_STEP][PASSED] - Statement - map.put("subWSID", subid): null

2018-07-04 15:00:58 - [TEST_STEP][PASSED] - Statement - map.put("WSID", wsid): null

2018-07-04 15:00:58 - [TEST_STEP][PASSED] - Statement - map.put("REQID", reqid): null

2018-07-04 15:00:58 - [TEST_STEP][PASSED] - Statement - map.put("AccNo", accNo): null

2018-07-04 15:00:58 - [TEST_STEP][PASSED] - Statement - return map: null

2018-07-04 15:00:58 - [MESSAGE][PASSED] - Call Test Case 'Test Cases/Studio Smoke Test Cases/ReadExcel' successfully

2018-07-04 15:00:58 - [TEST_STEP][PASSED] - Statement - form_id = common["formID"]: null

2018-07-04 15:00:58 - [TEST_STEP][PASSED] - Statement - println(form_id): null

2018-07-04 15:00:58 - [TEST_STEP][PASSED] - Statement - view_id = common["viewID"]: null

2018-07-04 15:00:58 - [TEST_STEP][PASSED] - Statement - println(view_id): null

2018-07-04 15:00:58 - [TEST_STEP][PASSED] - click: Object: 'Object Repository/New_Test_Create_Form/Page_Canvas World/span_Create' is clicked on

2018-07-04 15:00:58 - [MESSAGE][PASSED] - Object: 'Object Repository/New_Test_Create_Form/Page_Canvas World/span_Create' is clicked on

2018-07-04 15:00:58 - [TEST_STEP][PASSED] - click: Object: 'Object Repository/New_Test_Create_View/Page_Canvas World/span_View' is clicked on

2018-07-04 15:00:58 - [MESSAGE][PASSED] - Object: 'Object Repository/New_Test_Create_View/Page_Canvas World/span_View' is clicked on

2018-07-04 15:00:58 - [TEST_STEP][PASSED] - waitForPageLoad: Wait for page load successfully

2018-07-04 15:00:59 - [MESSAGE][PASSED] - Wait for page load successfully

2018-07-04 15:00:59 - [TEST_STEP][PASSED] - click: Object: 'Object Repository/New_Test_Create_View/Page_Canvas World/enter_ViewId' is clicked on

2018-07-04 15:01:00 - [MESSAGE][PASSED] - Object: 'Object Repository/New_Test_Create_View/Page_Canvas World/enter_ViewId' is clicked on

2018-07-04 15:01:00 - [TEST_STEP][PASSED] - setText: Text 'A006' is set on object 'Object Repository/New_Test_Create_View/Page_Canvas World/enter_ViewId'

2018-07-04 15:01:01 - [MESSAGE][PASSED] - Text 'A006' is set on object 'Object Repository/New_Test_Create_View/Page_Canvas World/enter_ViewId'

2018-07-04 15:01:01 - [TEST_STEP][PASSED] - click: Object: 'Object Repository/New_Test_Create_View/Page_Canvas World/view_DisplayName' is clicked on

2018-07-04 15:01:01 - [MESSAGE][PASSED] - Object: 'Object Repository/New_Test_Create_View/Page_Canvas World/view_DisplayName' is clicked on

2018-07-04 15:01:01 - [TEST_STEP][PASSED] - setText: Text 'A006' is set on object 'Object Repository/New_Test_Create_View/Page_Canvas World/view_DisplayName'

2018-07-04 15:01:01 - [MESSAGE][PASSED] - Text 'A006' is set on object 'Object Repository/New_Test_Create_View/Page_Canvas World/view_DisplayName'

2018-07-04 15:01:01 - [TEST_STEP][PASSED] - selectOptionByValue: All options with value 'ADVGROUP' are selected in object 'Object Repository/New_Test_Create_View/Page_Canvas World/select_ViewType' 

2018-07-04 15:01:02 - [MESSAGE][PASSED] - All options with value 'ADVGROUP' are selected in object 'Object Repository/New_Test_Create_View/Page_Canvas World/select_ViewType' 

2018-07-04 15:01:02 - [TEST_STEP][PASSED] - click: Object: 'Object Repository/New_Test_Create_View/Page_Canvas World/enter_ResourceBundle' is clicked on

2018-07-04 15:01:02 - [MESSAGE][PASSED] - Object: 'Object Repository/New_Test_Create_View/Page_Canvas World/enter_ResourceBundle' is clicked on

2018-07-04 15:01:02 - [TEST_STEP][PASSED] - setText: Text 'common' is set on object 'Object Repository/New_Test_Create_View/Page_Canvas World/enter_ResourceBundle'

2018-07-04 15:01:02 - [MESSAGE][PASSED] - Text 'common' is set on object 'Object Repository/New_Test_Create_View/Page_Canvas World/enter_ResourceBundle'

2018-07-04 15:01:02 - [TEST_STEP][PASSED] - delay: Delayed 10 second(s)

2018-07-04 15:01:12 - [MESSAGE][PASSED] - Delayed 10 second(s)

2018-07-04 15:01:12 - [TEST_STEP][PASSED] - waitForElementVisible: Object 'Object Repository/New_Test_Create_List_Grid/Page_Canvas World/click_selectForm' is visible

2018-07-04 15:01:12 - [MESSAGE][PASSED] - Object 'Object Repository/New_Test_Create_List_Grid/Page_Canvas World/click_selectForm' is visible

2018-07-04 15:01:12 - [TEST_STEP][PASSED] - click: Object: 'Object Repository/New_Test_Create_List_Grid/Page_Canvas World/click_selectForm' is clicked on

2018-07-04 15:01:13 - [MESSAGE][PASSED] - Object: 'Object Repository/New_Test_Create_List_Grid/Page_Canvas World/click_selectForm' is clicked on

2018-07-04 15:01:13 - [TEST_STEP][PASSED] - Statement - selectForm = "//span[starts-with(text(), '" + "ACCOUNT_TABLE" + "')]": null

2018-07-04 15:01:13 - [TEST_STEP][PASSED] - Statement - println(selectForm): null

2018-07-04 15:01:13 - [TEST_STEP][PASSED] - Statement - dynamicObject = new com.kms.katalon.core.testobject.TestObject(selectForm).addProperty("xpath", EQUALS, selectForm, true): null

2018-07-04 15:01:13 - [TEST_STEP][PASSED] - waitForElementVisible: Object '//span[starts-with(text(), 'ACCOUNT_TABLE')]' is visible

2018-07-04 15:01:14 - [MESSAGE][PASSED] - Object '//span[starts-with(text(), 'ACCOUNT_TABLE')]' is visible

2018-07-04 15:01:14 - [TEST_STEP][PASSED] - doubleClick: Object: '//span[starts-with(text(), 'ACCOUNT_TABLE')]' is double clicked on

2018-07-04 15:01:14 - [MESSAGE][PASSED] - Object: '//span[starts-with(text(), 'ACCOUNT_TABLE')]' is double clicked on

2018-07-04 15:01:14 - [TEST_STEP][PASSED] - doubleClick: Object: '//span[starts-with(text(), 'ACCOUNT_TABLE')]' is double clicked on

2018-07-04 15:01:14 - [MESSAGE][PASSED] - Object: '//span[starts-with(text(), 'ACCOUNT_TABLE')]' is double clicked on

2018-07-04 15:01:14 - [TEST_STEP][PASSED] - delay: Delayed 3 second(s)

2018-07-04 15:01:17 - [MESSAGE][PASSED] - Delayed 3 second(s)

2018-07-04 15:01:17 - [TEST_STEP][PASSED] - click: Object: 'Object Repository/New_Test_Create_List_Grid/Page_Canvas World/click_default_ins_yes' is clicked on

2018-07-04 15:01:17 - [MESSAGE][PASSED] - Object: 'Object Repository/New_Test_Create_List_Grid/Page_Canvas World/click_default_ins_yes' is clicked on

2018-07-04 15:01:17 - [TEST_STEP][PASSED] - selectOptionByValue: All options with value 'CUSER' are selected in object 'Object Repository/New_Test_Create_View/Page_Canvas World/select_ProductCode' 

2018-07-04 15:01:18 - [MESSAGE][PASSED] - All options with value 'CUSER' are selected in object 'Object Repository/New_Test_Create_View/Page_Canvas World/select_ProductCode' 

2018-07-04 15:01:18 - [TEST_STEP][PASSED] - selectOptionByValue: All options with value 'CUSER' are selected in object 'Object Repository/New_Test_Create_View/Page_Canvas World/select_SubProductCode' 

2018-07-04 15:01:18 - [MESSAGE][PASSED] - All options with value 'CUSER' are selected in object 'Object Repository/New_Test_Create_View/Page_Canvas World/select_SubProductCode' 

2018-07-04 15:01:18 - [TEST_STEP][PASSED] - selectOptionByValue: All options with value 'VSBLTY' are selected in object 'Object Repository/New_Test_Create_View/Page_Canvas World/select_FunctionCode' 

2018-07-04 15:01:18 - [MESSAGE][PASSED] - All options with value 'VSBLTY' are selected in object 'Object Repository/New_Test_Create_View/Page_Canvas World/select_FunctionCode' 

2018-07-04 15:01:18 - [TEST_STEP][PASSED] - delay: Delayed 3 second(s)

2018-07-04 15:01:21 - [MESSAGE][PASSED] - Delayed 3 second(s)

2018-07-04 15:01:21 - [TEST_STEP][PASSED] - click: Object: 'Object Repository/New_Test_Create_List_Grid/Page_Canvas World/expand_gridConfig' is clicked on

2018-07-04 15:01:21 - [MESSAGE][PASSED] - Object: 'Object Repository/New_Test_Create_List_Grid/Page_Canvas World/expand_gridConfig' is clicked on

2018-07-04 15:01:21 - [TEST_STEP][PASSED] - setText: Text '2' is set on object 'Object Repository/New_Test_Create_List_Grid/Page_Canvas World/enter_numberPerPage'

2018-07-04 15:01:22 - [MESSAGE][PASSED] - Text '2' is set on object 'Object Repository/New_Test_Create_List_Grid/Page_Canvas World/enter_numberPerPage'

2018-07-04 15:01:22 - [TEST_STEP][PASSED] - delay: Delayed 3 second(s)

2018-07-04 15:01:25 - [MESSAGE][PASSED] - Delayed 3 second(s)

2018-07-04 15:01:25 - [TEST_STEP][PASSED] - click: Object: 'Object Repository/New_Test_Create_List_Grid/Page_Canvas World/button_more' is clicked on

2018-07-04 15:01:25 - [MESSAGE][PASSED] - Object: 'Object Repository/New_Test_Create_List_Grid/Page_Canvas World/button_more' is clicked on

2018-07-04 15:01:25 - [TEST_STEP][PASSED] - click: Object: 'Object Repository/New_Test_Create_List_Grid/Page_Canvas World/is_grpable' is clicked on

2018-07-04 15:01:27 - [MESSAGE][PASSED] - Object: 'Object Repository/New_Test_Create_List_Grid/Page_Canvas World/is_grpable' is clicked on

2018-07-04 15:01:27 - [TEST_STEP][PASSED] - click: Object: 'Object Repository/New_Test_Create_List_Grid/Page_Canvas World/is_grpd' is clicked on

2018-07-04 15:01:27 - [MESSAGE][PASSED] - Object: 'Object Repository/New_Test_Create_List_Grid/Page_Canvas World/is_grpd' is clicked on

2018-07-04 15:01:27 - [TEST_STEP][PASSED] - delay: Delayed 1 second(s)

2018-07-04 15:01:28 - [MESSAGE][PASSED] - Delayed 1 second(s)

2018-07-04 15:01:28 - [TEST_STEP][PASSED] - selectOptionByValue: All options with value 'COUNT' are selected in object 'Object Repository/New_Test_Create_List_Grid/Page_Canvas World/aggregate_using' 

2018-07-04 15:01:28 - [MESSAGE][PASSED] - All options with value 'COUNT' are selected in object 'Object Repository/New_Test_Create_List_Grid/Page_Canvas World/aggregate_using' 

2018-07-04 15:01:28 - [TEST_STEP][PASSED] - delay: Delayed 1 second(s)

2018-07-04 15:01:29 - [MESSAGE][PASSED] - Delayed 1 second(s)

2018-07-04 15:01:29 - [TEST_STEP][PASSED] - click: Object: 'Object Repository/New_Test_Create_List_Grid/Page_Canvas World/view_item_submit' is clicked on

2018-07-04 15:01:29 - [MESSAGE][PASSED] - Object: 'Object Repository/New_Test_Create_List_Grid/Page_Canvas World/view_item_submit' is clicked on

2018-07-04 15:01:29 - [TEST_STEP][PASSED] - delay: Delayed 3 second(s)

2018-07-04 15:01:32 - [MESSAGE][PASSED] - Delayed 3 second(s)

2018-07-04 15:01:32 - [TEST_STEP][PASSED] - click: Object: 'Object Repository/New_Test_Create_List_Grid/Page_Canvas World/currency_more' is clicked on

2018-07-04 15:01:33 - [MESSAGE][PASSED] - Object: 'Object Repository/New_Test_Create_List_Grid/Page_Canvas World/currency_more' is clicked on

2018-07-04 15:01:33 - [TEST_STEP][PASSED] - click: Object: 'Object Repository/New_Test_Create_List_Grid/Page_Canvas World/is_grpable' is clicked on

2018-07-04 15:01:34 - [MESSAGE][PASSED] - Object: 'Object Repository/New_Test_Create_List_Grid/Page_Canvas World/is_grpable' is clicked on

2018-07-04 15:01:34 - [TEST_STEP][PASSED] - click: Object: 'Object Repository/New_Test_Create_List_Grid/Page_Canvas World/is_grpd' is clicked on

2018-07-04 15:01:34 - [MESSAGE][PASSED] - Object: 'Object Repository/New_Test_Create_List_Grid/Page_Canvas World/is_grpd' is clicked on

2018-07-04 15:01:34 - [TEST_STEP][PASSED] - delay: Delayed 3 second(s)

2018-07-04 15:01:37 - [MESSAGE][PASSED] - Delayed 3 second(s)

2018-07-04 15:01:37 - [TEST_STEP][PASSED] - selectOptionByValue: All options with value 'COUNT' are selected in object 'Object Repository/New_Test_Create_List_Grid/Page_Canvas World/aggregate_using' 

2018-07-04 15:01:37 - [MESSAGE][PASSED] - All options with value 'COUNT' are selected in object 'Object Repository/New_Test_Create_List_Grid/Page_Canvas World/aggregate_using' 

2018-07-04 15:01:37 - [TEST_STEP][PASSED] - delay: Delayed 3 second(s)

2018-07-04 15:01:40 - [MESSAGE][PASSED] - Delayed 3 second(s)

2018-07-04 15:01:40 - [TEST_STEP][PASSED] - click: Object: 'Object Repository/New_Test_Create_List_Grid/Page_Canvas World/view_item_submit' is clicked on

2018-07-04 15:01:41 - [MESSAGE][PASSED] - Object: 'Object Repository/New_Test_Create_List_Grid/Page_Canvas World/view_item_submit' is clicked on

2018-07-04 15:01:41 - [TEST_STEP][PASSED] - delay: Delayed 3 second(s)

2018-07-04 15:01:44 - [MESSAGE][PASSED] - Delayed 3 second(s)

2018-07-04 15:01:44 - [TEST_STEP][PASSED] - click: Object: 'Object Repository/New_Test_Create_View/Page_Canvas World/view_Submit' is clicked on

2018-07-04 15:01:44 - [MESSAGE][PASSED] - Object: 'Object Repository/New_Test_Create_View/Page_Canvas World/view_Submit' is clicked on

2018-07-04 15:01:44 - [TEST_STEP][PASSED] - delay: Delayed 3 second(s)

2018-07-04 15:01:47 - [MESSAGE][PASSED] - Delayed 3 second(s)

2018-07-04 15:01:47 - [TEST_STEP][PASSED] - click: Object: 'Object Repository/New_Test_Create_View/Page_Canvas World/view_Submission' is clicked on

2018-07-04 15:01:47 - [MESSAGE][PASSED] - Object: 'Object Repository/New_Test_Create_View/Page_Canvas World/view_Submission' is clicked on]]></system-out>
         <system-err><![CDATA[]]></system-err>
      </testcase>
      <testcase name="Test Cases/Smoke Test/New_App_Grid" classname="Test Cases/Smoke Test/New_App_Grid" status="FAILED">
         <failure type="FAILED" message="Unable to click on object 'Object Repository/New_Test_Create_App/Page_Canvas World/app_Submit' (Root cause: org.openqa.selenium.WebDriverException: unknown error: Element &lt;a data-item-id=&quot;FORM_APP_SAVE&quot; data-item-type=&quot;formCont_button&quot; class=&quot;btn btn-default ct_btn ct-left-btn FORM_APP_SAVE&quot;>...&lt;/a> is not clickable at point (1304, 591). Other element would receive the click: &lt;td data-grid-record=&quot;&quot; class=&quot;hidden-xs&quot; data-item-data=&quot;SUB_PRODUCT|9&quot; data-col-index=&quot;SUB_PRODUCT|9&quot; data-item-id=&quot;SUB_PRODUCT&quot;>...&lt;/td>
  (Session info: chrome=67.0.3396.99)
  (Driver info: chromedriver=2.35.528161 (5b82f2d2aae0ca24b877009200ced9065a772e73),platform=Windows NT 6.1.7601 SP1 x86_64) (WARNING: The server did not provide any stacktrace information)
Command duration or timeout: 0 milliseconds
Build info: version: '3.7.1', revision: '8a0099a', time: '2017-11-06T21:07:36.161Z'
System info: host: 'N9449', ip: '172.29.24.220', os.name: 'Windows 7', os.arch: 'amd64', os.version: '6.1', java.version: '1.8.0_102'
Driver info: com.kms.katalon.selenium.driver.CChromeDriver
Capabilities {acceptInsecureCerts: false, acceptSslCerts: false, applicationCacheEnabled: false, browserConnectionEnabled: false, browserName: chrome, chrome: {chromedriverVersion: 2.35.528161 (5b82f2d2aae0ca..., userDataDir: C:\Users\arokia.raj\AppData...}, cssSelectorsEnabled: true, databaseEnabled: false, handlesAlerts: true, hasTouchScreen: false, javascriptEnabled: true, locationContextEnabled: true, mobileEmulationEnabled: false, nativeEvents: true, networkConnectionEnabled: false, pageLoadStrategy: normal, platform: XP, platformName: XP, rotatable: false, setWindowRect: true, takesHeapSnapshot: true, takesScreenshot: true, unexpectedAlertBehaviour: , unhandledPromptBehavior: , version: 67.0.3396.99, webStorageEnabled: true}
Session ID: 06dd61c3f0890b28a52efc57b3bc66bd)"/>
         <system-out><![CDATA[2018-07-04 15:01:47 - [TEST_CASE][FAILED] - Test Cases/Smoke Test/New_App_Grid: Test Cases/Smoke Test/New_App_Grid FAILED because (of) Unable to click on object 'Object Repository/New_Test_Create_App/Page_Canvas World/app_Submit' (Root cause: org.openqa.selenium.WebDriverException: unknown error: Element <a data-item-id="FORM_APP_SAVE" data-item-type="formCont_button" class="btn btn-default ct_btn ct-left-btn FORM_APP_SAVE">...</a> is not clickable at point (1304, 591). Other element would receive the click: <td data-grid-record="" class="hidden-xs" data-item-data="SUB_PRODUCT|9" data-col-index="SUB_PRODUCT|9" data-item-id="SUB_PRODUCT">...</td>
  (Session info: chrome=67.0.3396.99)
  (Driver info: chromedriver=2.35.528161 (5b82f2d2aae0ca24b877009200ced9065a772e73),platform=Windows NT 6.1.7601 SP1 x86_64) (WARNING: The server did not provide any stacktrace information)
Command duration or timeout: 0 milliseconds
Build info: version: '3.7.1', revision: '8a0099a', time: '2017-11-06T21:07:36.161Z'
System info: host: 'N9449', ip: '172.29.24.220', os.name: 'Windows 7', os.arch: 'amd64', os.version: '6.1', java.version: '1.8.0_102'
Driver info: com.kms.katalon.selenium.driver.CChromeDriver
Capabilities {acceptInsecureCerts: false, acceptSslCerts: false, applicationCacheEnabled: false, browserConnectionEnabled: false, browserName: chrome, chrome: {chromedriverVersion: 2.35.528161 (5b82f2d2aae0ca..., userDataDir: C:\Users\arokia.raj\AppData...}, cssSelectorsEnabled: true, databaseEnabled: false, handlesAlerts: true, hasTouchScreen: false, javascriptEnabled: true, locationContextEnabled: true, mobileEmulationEnabled: false, nativeEvents: true, networkConnectionEnabled: false, pageLoadStrategy: normal, platform: XP, platformName: XP, rotatable: false, setWindowRect: true, takesHeapSnapshot: true, takesScreenshot: true, unexpectedAlertBehaviour: , unhandledPromptBehavior: , version: 67.0.3396.99, webStorageEnabled: true}
Session ID: 06dd61c3f0890b28a52efc57b3bc66bd)

2018-07-04 15:01:47 - [TEST_STEP][PASSED] - Statement - path = "D:\Sheepa\Katalon\Studio Smoke Test\Studio Smoke Test\Data Files\Grid_view_id.xls": null

2018-07-04 15:01:47 - [TEST_STEP][PASSED] - Statement - fis = new java.io.FileInputStream(path): null

2018-07-04 15:01:47 - [TEST_STEP][PASSED] - Statement - hssfWorkbook = new org.apache.poi.hssf.usermodel.HSSFWorkbook(fis): null

2018-07-04 15:01:47 - [TEST_STEP][PASSED] - Statement - sc = hssfWorkbook.getNumberOfSheets(): null

2018-07-04 15:01:47 - [TEST_STEP][PASSED] - Statement - println(sc): null

2018-07-04 15:01:47 - [TEST_STEP][PASSED] - Statement - hssfSheet = hssfWorkbook.getSheetAt(0): null

2018-07-04 15:01:47 - [TEST_STEP][PASSED] - Statement - hssfRow = hssfSheet.getRow(1): null

2018-07-04 15:01:47 - [TEST_STEP][PASSED] - openBrowser: Browser is opened with url: ''

2018-07-04 15:01:47 - [MESSAGE][WARNING] - A browser is already opened. Closing browser and opening a new one

2018-07-04 15:01:54 - [MESSAGE][PASSED] - Browser is opened with url: ''

2018-07-04 15:01:54 - [TEST_STEP][PASSED] - maximizeWindow: Current window maximized

2018-07-04 15:01:55 - [MESSAGE][PASSED] - Current window maximized

2018-07-04 15:01:55 - [TEST_STEP][PASSED] - navigateToUrl: Navigate to 'http://localhost:8082/expertctstudio/' successfully

2018-07-04 15:02:17 - [MESSAGE][PASSED] - Navigate to 'http://localhost:8082/expertctstudio/' successfully

2018-07-04 15:02:17 - [TEST_STEP][PASSED] - setText: Text 'CTSTUD1' is set on object 'Object Repository/New_Test_Create_Form/Page_Expert CT Studio/input_loginID'

2018-07-04 15:02:17 - [MESSAGE][PASSED] - Text 'CTSTUD1' is set on object 'Object Repository/New_Test_Create_Form/Page_Expert CT Studio/input_loginID'

2018-07-04 15:02:17 - [TEST_STEP][PASSED] - setText: Text 'TEST123' is set on object 'Object Repository/New_Test_Create_Form/Page_Expert CT Studio/input_loginPSW'

2018-07-04 15:02:17 - [MESSAGE][PASSED] - Text 'TEST123' is set on object 'Object Repository/New_Test_Create_Form/Page_Expert CT Studio/input_loginPSW'

2018-07-04 15:02:17 - [TEST_STEP][PASSED] - click: Object: 'Object Repository/New_Test_Create_Form/Page_Expert CT Studio/input_commit' is clicked on

2018-07-04 15:02:20 - [MESSAGE][PASSED] - Object: 'Object Repository/New_Test_Create_Form/Page_Expert CT Studio/input_commit' is clicked on

2018-07-04 15:02:20 - [TEST_STEP][PASSED] - waitForPageLoad: Wait for page load successfully

2018-07-04 15:02:20 - [MESSAGE][PASSED] - Wait for page load successfully

2018-07-04 15:02:20 - [TEST_STEP][FAILED] - Statement - For ([i = 0, i <= 5, (i++)]): Unable to click on object 'Object Repository/New_Test_Create_App/Page_Canvas World/app_submission' (Root cause: org.openqa.selenium.WebDriverException: chrome not reachable
  (Session info: chrome=67.0.3396.99)
  (Driver info: chromedriver=2.35.528161 (5b82f2d2aae0ca24b877009200ced9065a772e73),platform=Windows NT 6.1.7601 SP1 x86_64) (WARNING: The server did not provide any stacktrace information)
Command duration or timeout: 0 milliseconds
Build info: version: '3.7.1', revision: '8a0099a', time: '2017-11-06T21:07:36.161Z'
System info: host: 'N9449', ip: '172.29.24.220', os.name: 'Windows 7', os.arch: 'amd64', os.version: '6.1', java.version: '1.8.0_102'
Driver info: com.kms.katalon.selenium.driver.CChromeDriver
Capabilities {acceptInsecureCerts: false, acceptSslCerts: false, applicationCacheEnabled: false, browserConnectionEnabled: false, browserName: chrome, chrome: {chromedriverVersion: 2.35.528161 (5b82f2d2aae0ca..., userDataDir: C:\Users\arokia.raj\AppData...}, cssSelectorsEnabled: true, databaseEnabled: false, handlesAlerts: true, hasTouchScreen: false, javascriptEnabled: true, locationContextEnabled: true, mobileEmulationEnabled: false, nativeEvents: true, networkConnectionEnabled: false, pageLoadStrategy: normal, platform: XP, platformName: XP, rotatable: false, setWindowRect: true, takesHeapSnapshot: true, takesScreenshot: true, unexpectedAlertBehaviour: , unhandledPromptBehavior: , version: 67.0.3396.99, webStorageEnabled: true}
Session ID: 06dd61c3f0890b28a52efc57b3bc66bd
*** Element info: {Using=xpath, value=//a[contains(text(),'Ok')]})

2018-07-04 15:02:20 - [TEST_STEP][PASSED] - Statement - id = hssfRow.getCell(i): null

2018-07-04 15:02:20 - [TEST_STEP][PASSED] - click: Object: 'Object Repository/New_Test_Create_Form/Page_Canvas World/span_Create' is clicked on

2018-07-04 15:02:20 - [MESSAGE][PASSED] - Object: 'Object Repository/New_Test_Create_Form/Page_Canvas World/span_Create' is clicked on

2018-07-04 15:02:20 - [TEST_STEP][PASSED] - click: Object: 'Object Repository/New_Test_Create_App/Page_Canvas World/span_App' is clicked on

2018-07-04 15:02:21 - [MESSAGE][PASSED] - Object: 'Object Repository/New_Test_Create_App/Page_Canvas World/span_App' is clicked on

2018-07-04 15:02:21 - [TEST_STEP][PASSED] - waitForPageLoad: Wait for page load successfully

2018-07-04 15:02:21 - [MESSAGE][PASSED] - Wait for page load successfully

2018-07-04 15:02:21 - [TEST_STEP][PASSED] - delay: Delayed 5 second(s)

2018-07-04 15:02:26 - [MESSAGE][PASSED] - Delayed 5 second(s)

2018-07-04 15:02:26 - [TEST_STEP][PASSED] - setText: Text 'A001' is set on object 'Object Repository/New_Test_Create_App/Page_Canvas World/enter_AppId'

2018-07-04 15:02:26 - [MESSAGE][PASSED] - Text 'A001' is set on object 'Object Repository/New_Test_Create_App/Page_Canvas World/enter_AppId'

2018-07-04 15:02:26 - [TEST_STEP][PASSED] - click: Object: 'Object Repository/New_Test_Create_App/Page_Canvas World/enter_AppDisplayName' is clicked on

2018-07-04 15:02:26 - [MESSAGE][PASSED] - Object: 'Object Repository/New_Test_Create_App/Page_Canvas World/enter_AppDisplayName' is clicked on

2018-07-04 15:02:26 - [TEST_STEP][PASSED] - setText: Text 'A001' is set on object 'Object Repository/New_Test_Create_App/Page_Canvas World/enter_AppDisplayName'

2018-07-04 15:02:27 - [MESSAGE][PASSED] - Text 'A001' is set on object 'Object Repository/New_Test_Create_App/Page_Canvas World/enter_AppDisplayName'

2018-07-04 15:02:27 - [TEST_STEP][PASSED] - click: Object: 'Object Repository/New_Test_Create_App/Page_Canvas World/enter_AppBundleKey' is clicked on

2018-07-04 15:02:27 - [MESSAGE][PASSED] - Object: 'Object Repository/New_Test_Create_App/Page_Canvas World/enter_AppBundleKey' is clicked on

2018-07-04 15:02:27 - [TEST_STEP][PASSED] - setText: Text 'common' is set on object 'Object Repository/New_Test_Create_App/Page_Canvas World/enter_AppBundleKey'

2018-07-04 15:02:28 - [MESSAGE][PASSED] - Text 'common' is set on object 'Object Repository/New_Test_Create_App/Page_Canvas World/enter_AppBundleKey'

2018-07-04 15:02:28 - [TEST_STEP][PASSED] - click: Object: 'Object Repository/New_Test_Create_App/Page_Canvas World/enter_View_Link_App' is clicked on

2018-07-04 15:02:28 - [MESSAGE][PASSED] - Object: 'Object Repository/New_Test_Create_App/Page_Canvas World/enter_View_Link_App' is clicked on

2018-07-04 15:02:28 - [TEST_STEP][PASSED] - Statement - selectview = "//span[starts-with(text(), '" + java.lang.String.valueOf(id) + "')]": null

2018-07-04 15:02:28 - [TEST_STEP][PASSED] - Statement - println(selectview): null

2018-07-04 15:02:28 - [TEST_STEP][PASSED] - Statement - dynamicObject = new com.kms.katalon.core.testobject.TestObject(selectview).addProperty("xpath", EQUALS, selectview, true): null

2018-07-04 15:02:28 - [TEST_STEP][PASSED] - waitForElementVisible: Object '//span[starts-with(text(), 'A001')]' is visible

2018-07-04 15:02:29 - [MESSAGE][PASSED] - Object '//span[starts-with(text(), 'A001')]' is visible

2018-07-04 15:02:29 - [TEST_STEP][PASSED] - doubleClick: Object: '//span[starts-with(text(), 'A001')]' is double clicked on

2018-07-04 15:02:29 - [MESSAGE][PASSED] - Object: '//span[starts-with(text(), 'A001')]' is double clicked on

2018-07-04 15:02:29 - [TEST_STEP][PASSED] - doubleClick: Object: '//span[starts-with(text(), 'A001')]' is double clicked on

2018-07-04 15:02:30 - [MESSAGE][PASSED] - Object: '//span[starts-with(text(), 'A001')]' is double clicked on

2018-07-04 15:02:30 - [TEST_STEP][PASSED] - delay: Delayed 3 second(s)

2018-07-04 15:02:33 - [MESSAGE][PASSED] - Delayed 3 second(s)

2018-07-04 15:02:33 - [TEST_STEP][NOT_RUN] - click: NOT_RUN: click

2018-07-04 15:02:33 - [MESSAGE][NOT_RUN] - NOT_RUN: click

2018-07-04 15:02:33 - [TEST_STEP][NOT_RUN] - doubleClick: NOT_RUN: doubleClick

2018-07-04 15:02:33 - [MESSAGE][NOT_RUN] - NOT_RUN: doubleClick

2018-07-04 15:02:33 - [TEST_STEP][PASSED] - delay: Delayed 3 second(s)

2018-07-04 15:02:36 - [MESSAGE][PASSED] - Delayed 3 second(s)

2018-07-04 15:02:36 - [TEST_STEP][PASSED] - click: Object: 'Object Repository/New_Test_Create_App/Page_Canvas World/app_Submit' is clicked on

2018-07-04 15:02:36 - [MESSAGE][PASSED] - Object: 'Object Repository/New_Test_Create_App/Page_Canvas World/app_Submit' is clicked on

2018-07-04 15:02:36 - [TEST_STEP][PASSED] - delay: Delayed 3 second(s)

2018-07-04 15:02:39 - [MESSAGE][PASSED] - Delayed 3 second(s)

2018-07-04 15:02:39 - [TEST_STEP][PASSED] - click: Object: 'Object Repository/New_Test_Create_App/Page_Canvas World/app_submission' is clicked on

2018-07-04 15:02:39 - [MESSAGE][PASSED] - Object: 'Object Repository/New_Test_Create_App/Page_Canvas World/app_submission' is clicked on

2018-07-04 15:02:39 - [TEST_STEP][PASSED] - Statement - id = hssfRow.getCell(i): null

2018-07-04 15:02:39 - [TEST_STEP][PASSED] - click: Object: 'Object Repository/New_Test_Create_Form/Page_Canvas World/span_Create' is clicked on

2018-07-04 15:02:39 - [MESSAGE][PASSED] - Object: 'Object Repository/New_Test_Create_Form/Page_Canvas World/span_Create' is clicked on

2018-07-04 15:02:39 - [TEST_STEP][PASSED] - click: Object: 'Object Repository/New_Test_Create_App/Page_Canvas World/span_App' is clicked on

2018-07-04 15:02:40 - [MESSAGE][PASSED] - Object: 'Object Repository/New_Test_Create_App/Page_Canvas World/span_App' is clicked on

2018-07-04 15:02:40 - [TEST_STEP][PASSED] - waitForPageLoad: Wait for page load successfully

2018-07-04 15:02:40 - [MESSAGE][PASSED] - Wait for page load successfully

2018-07-04 15:02:40 - [TEST_STEP][PASSED] - delay: Delayed 5 second(s)

2018-07-04 15:02:45 - [MESSAGE][PASSED] - Delayed 5 second(s)

2018-07-04 15:02:45 - [TEST_STEP][PASSED] - setText: Text 'A002' is set on object 'Object Repository/New_Test_Create_App/Page_Canvas World/enter_AppId'

2018-07-04 15:02:46 - [MESSAGE][PASSED] - Text 'A002' is set on object 'Object Repository/New_Test_Create_App/Page_Canvas World/enter_AppId'

2018-07-04 15:02:46 - [TEST_STEP][PASSED] - click: Object: 'Object Repository/New_Test_Create_App/Page_Canvas World/enter_AppDisplayName' is clicked on

2018-07-04 15:02:47 - [MESSAGE][PASSED] - Object: 'Object Repository/New_Test_Create_App/Page_Canvas World/enter_AppDisplayName' is clicked on

2018-07-04 15:02:47 - [TEST_STEP][PASSED] - setText: Text 'A002' is set on object 'Object Repository/New_Test_Create_App/Page_Canvas World/enter_AppDisplayName'

2018-07-04 15:02:48 - [MESSAGE][PASSED] - Text 'A002' is set on object 'Object Repository/New_Test_Create_App/Page_Canvas World/enter_AppDisplayName'

2018-07-04 15:02:48 - [TEST_STEP][PASSED] - click: Object: 'Object Repository/New_Test_Create_App/Page_Canvas World/enter_AppBundleKey' is clicked on

2018-07-04 15:02:48 - [MESSAGE][PASSED] - Object: 'Object Repository/New_Test_Create_App/Page_Canvas World/enter_AppBundleKey' is clicked on

2018-07-04 15:02:48 - [TEST_STEP][PASSED] - setText: Text 'common' is set on object 'Object Repository/New_Test_Create_App/Page_Canvas World/enter_AppBundleKey'

2018-07-04 15:02:49 - [MESSAGE][PASSED] - Text 'common' is set on object 'Object Repository/New_Test_Create_App/Page_Canvas World/enter_AppBundleKey'

2018-07-04 15:02:49 - [TEST_STEP][PASSED] - click: Object: 'Object Repository/New_Test_Create_App/Page_Canvas World/enter_View_Link_App' is clicked on

2018-07-04 15:02:50 - [MESSAGE][PASSED] - Object: 'Object Repository/New_Test_Create_App/Page_Canvas World/enter_View_Link_App' is clicked on

2018-07-04 15:02:50 - [TEST_STEP][PASSED] - Statement - selectview = "//span[starts-with(text(), '" + java.lang.String.valueOf(id) + "')]": null

2018-07-04 15:02:50 - [TEST_STEP][PASSED] - Statement - println(selectview): null

2018-07-04 15:02:50 - [TEST_STEP][PASSED] - Statement - dynamicObject = new com.kms.katalon.core.testobject.TestObject(selectview).addProperty("xpath", EQUALS, selectview, true): null

2018-07-04 15:02:50 - [TEST_STEP][PASSED] - waitForElementVisible: Object '//span[starts-with(text(), 'A002')]' is visible

2018-07-04 15:02:51 - [MESSAGE][PASSED] - Object '//span[starts-with(text(), 'A002')]' is visible

2018-07-04 15:02:51 - [TEST_STEP][PASSED] - doubleClick: Object: '//span[starts-with(text(), 'A002')]' is double clicked on

2018-07-04 15:02:52 - [MESSAGE][PASSED] - Object: '//span[starts-with(text(), 'A002')]' is double clicked on

2018-07-04 15:02:52 - [TEST_STEP][PASSED] - doubleClick: Object: '//span[starts-with(text(), 'A002')]' is double clicked on

2018-07-04 15:02:52 - [MESSAGE][PASSED] - Object: '//span[starts-with(text(), 'A002')]' is double clicked on

2018-07-04 15:02:52 - [TEST_STEP][PASSED] - delay: Delayed 3 second(s)

2018-07-04 15:02:55 - [MESSAGE][PASSED] - Delayed 3 second(s)

2018-07-04 15:02:55 - [TEST_STEP][NOT_RUN] - click: NOT_RUN: click

2018-07-04 15:02:55 - [MESSAGE][NOT_RUN] - NOT_RUN: click

2018-07-04 15:02:55 - [TEST_STEP][NOT_RUN] - doubleClick: NOT_RUN: doubleClick

2018-07-04 15:02:55 - [MESSAGE][NOT_RUN] - NOT_RUN: doubleClick

2018-07-04 15:02:55 - [TEST_STEP][PASSED] - delay: Delayed 3 second(s)

2018-07-04 15:02:58 - [MESSAGE][PASSED] - Delayed 3 second(s)

2018-07-04 15:02:58 - [TEST_STEP][FAILED] - click: Unable to click on object 'Object Repository/New_Test_Create_App/Page_Canvas World/app_Submit' (Root cause: org.openqa.selenium.WebDriverException: unknown error: Element <a data-item-id="FORM_APP_SAVE" data-item-type="formCont_button" class="btn btn-default ct_btn ct-left-btn FORM_APP_SAVE">...</a> is not clickable at point (1304, 591). Other element would receive the click: <td data-grid-record="" class="hidden-xs" data-item-data="SUB_PRODUCT|9" data-col-index="SUB_PRODUCT|9" data-item-id="SUB_PRODUCT">...</td>
  (Session info: chrome=67.0.3396.99)
  (Driver info: chromedriver=2.35.528161 (5b82f2d2aae0ca24b877009200ced9065a772e73),platform=Windows NT 6.1.7601 SP1 x86_64) (WARNING: The server did not provide any stacktrace information)
Command duration or timeout: 0 milliseconds
Build info: version: '3.7.1', revision: '8a0099a', time: '2017-11-06T21:07:36.161Z'
System info: host: 'N9449', ip: '172.29.24.220', os.name: 'Windows 7', os.arch: 'amd64', os.version: '6.1', java.version: '1.8.0_102'
Driver info: com.kms.katalon.selenium.driver.CChromeDriver
Capabilities {acceptInsecureCerts: false, acceptSslCerts: false, applicationCacheEnabled: false, browserConnectionEnabled: false, browserName: chrome, chrome: {chromedriverVersion: 2.35.528161 (5b82f2d2aae0ca..., userDataDir: C:\Users\arokia.raj\AppData...}, cssSelectorsEnabled: true, databaseEnabled: false, handlesAlerts: true, hasTouchScreen: false, javascriptEnabled: true, locationContextEnabled: true, mobileEmulationEnabled: false, nativeEvents: true, networkConnectionEnabled: false, pageLoadStrategy: normal, platform: XP, platformName: XP, rotatable: false, setWindowRect: true, takesHeapSnapshot: true, takesScreenshot: true, unexpectedAlertBehaviour: , unhandledPromptBehavior: , version: 67.0.3396.99, webStorageEnabled: true}
Session ID: 06dd61c3f0890b28a52efc57b3bc66bd)

2018-07-04 15:02:59 - [MESSAGE][FAILED] - Unable to click on object 'Object Repository/New_Test_Create_App/Page_Canvas World/app_Submit' (Root cause: org.openqa.selenium.WebDriverException: unknown error: Element <a data-item-id="FORM_APP_SAVE" data-item-type="formCont_button" class="btn btn-default ct_btn ct-left-btn FORM_APP_SAVE">...</a> is not clickable at point (1304, 591). Other element would receive the click: <td data-grid-record="" class="hidden-xs" data-item-data="SUB_PRODUCT|9" data-col-index="SUB_PRODUCT|9" data-item-id="SUB_PRODUCT">...</td>
  (Session info: chrome=67.0.3396.99)
  (Driver info: chromedriver=2.35.528161 (5b82f2d2aae0ca24b877009200ced9065a772e73),platform=Windows NT 6.1.7601 SP1 x86_64) (WARNING: The server did not provide any stacktrace information)
Command duration or timeout: 0 milliseconds
Build info: version: '3.7.1', revision: '8a0099a', time: '2017-11-06T21:07:36.161Z'
System info: host: 'N9449', ip: '172.29.24.220', os.name: 'Windows 7', os.arch: 'amd64', os.version: '6.1', java.version: '1.8.0_102'
Driver info: com.kms.katalon.selenium.driver.CChromeDriver
Capabilities {acceptInsecureCerts: false, acceptSslCerts: false, applicationCacheEnabled: false, browserConnectionEnabled: false, browserName: chrome, chrome: {chromedriverVersion: 2.35.528161 (5b82f2d2aae0ca..., userDataDir: C:\Users\arokia.raj\AppData...}, cssSelectorsEnabled: true, databaseEnabled: false, handlesAlerts: true, hasTouchScreen: false, javascriptEnabled: true, locationContextEnabled: true, mobileEmulationEnabled: false, nativeEvents: true, networkConnectionEnabled: false, pageLoadStrategy: normal, platform: XP, platformName: XP, rotatable: false, setWindowRect: true, takesHeapSnapshot: true, takesScreenshot: true, unexpectedAlertBehaviour: , unhandledPromptBehavior: , version: 67.0.3396.99, webStorageEnabled: true}
Session ID: 06dd61c3f0890b28a52efc57b3bc66bd)
[[ATTACHMENT|D:\\Sheepa\\Katalon\\Studio Smoke Test\\Studio Smoke Test\\Reports\\Grid_Suite\\20180704_145639\\1530696778734.png]]

2018-07-04 15:02:59 - [TEST_STEP][PASSED] - delay: Delayed 3 second(s)

2018-07-04 15:03:02 - [MESSAGE][PASSED] - Delayed 3 second(s)

2018-07-04 15:03:02 - [TEST_STEP][FAILED] - click: Unable to click on object 'Object Repository/New_Test_Create_App/Page_Canvas World/app_submission' (Root cause: com.kms.katalon.core.webui.exception.WebElementNotFoundException: Web element with id: 'Object Repository/New_Test_Create_App/Page_Canvas World/app_submission' located by 'By.xpath: //a[contains(text(),'Ok')]' not found)

2018-07-04 15:03:35 - [MESSAGE][FAILED] - Unable to click on object 'Object Repository/New_Test_Create_App/Page_Canvas World/app_submission' (Root cause: com.kms.katalon.core.webui.exception.WebElementNotFoundException: Web element with id: 'Object Repository/New_Test_Create_App/Page_Canvas World/app_submission' located by 'By.xpath: //a[contains(text(),'Ok')]' not found)
[[ATTACHMENT|D:\\Sheepa\\Katalon\\Studio Smoke Test\\Studio Smoke Test\\Reports\\Grid_Suite\\20180704_145639\\1530696814404.png]]

2018-07-04 15:03:35 - [TEST_STEP][PASSED] - Statement - id = hssfRow.getCell(i): null

2018-07-04 15:03:35 - [TEST_STEP][FAILED] - click: Unable to click on object 'Object Repository/New_Test_Create_Form/Page_Canvas World/span_Create' (Root cause: org.openqa.selenium.WebDriverException: unknown error: Element <span class="workspace_label workspace_label-INIT_WDK">...</span> is not clickable at point (896, 18). Other element would receive the click: <div class="clearfix"></div>
  (Session info: chrome=67.0.3396.99)
  (Driver info: chromedriver=2.35.528161 (5b82f2d2aae0ca24b877009200ced9065a772e73),platform=Windows NT 6.1.7601 SP1 x86_64) (WARNING: The server did not provide any stacktrace information)
Command duration or timeout: 0 milliseconds
Build info: version: '3.7.1', revision: '8a0099a', time: '2017-11-06T21:07:36.161Z'
System info: host: 'N9449', ip: '172.29.24.220', os.name: 'Windows 7', os.arch: 'amd64', os.version: '6.1', java.version: '1.8.0_102'
Driver info: com.kms.katalon.selenium.driver.CChromeDriver
Capabilities {acceptInsecureCerts: false, acceptSslCerts: false, applicationCacheEnabled: false, browserConnectionEnabled: false, browserName: chrome, chrome: {chromedriverVersion: 2.35.528161 (5b82f2d2aae0ca..., userDataDir: C:\Users\arokia.raj\AppData...}, cssSelectorsEnabled: true, databaseEnabled: false, handlesAlerts: true, hasTouchScreen: false, javascriptEnabled: true, locationContextEnabled: true, mobileEmulationEnabled: false, nativeEvents: true, networkConnectionEnabled: false, pageLoadStrategy: normal, platform: XP, platformName: XP, rotatable: false, setWindowRect: true, takesHeapSnapshot: true, takesScreenshot: true, unexpectedAlertBehaviour: , unhandledPromptBehavior: , version: 67.0.3396.99, webStorageEnabled: true}
Session ID: 06dd61c3f0890b28a52efc57b3bc66bd)

2018-07-04 15:03:35 - [MESSAGE][FAILED] - Unable to click on object 'Object Repository/New_Test_Create_Form/Page_Canvas World/span_Create' (Root cause: org.openqa.selenium.WebDriverException: unknown error: Element <span class="workspace_label workspace_label-INIT_WDK">...</span> is not clickable at point (896, 18). Other element would receive the click: <div class="clearfix"></div>
  (Session info: chrome=67.0.3396.99)
  (Driver info: chromedriver=2.35.528161 (5b82f2d2aae0ca24b877009200ced9065a772e73),platform=Windows NT 6.1.7601 SP1 x86_64) (WARNING: The server did not provide any stacktrace information)
Command duration or timeout: 0 milliseconds
Build info: version: '3.7.1', revision: '8a0099a', time: '2017-11-06T21:07:36.161Z'
System info: host: 'N9449', ip: '172.29.24.220', os.name: 'Windows 7', os.arch: 'amd64', os.version: '6.1', java.version: '1.8.0_102'
Driver info: com.kms.katalon.selenium.driver.CChromeDriver
Capabilities {acceptInsecureCerts: false, acceptSslCerts: false, applicationCacheEnabled: false, browserConnectionEnabled: false, browserName: chrome, chrome: {chromedriverVersion: 2.35.528161 (5b82f2d2aae0ca..., userDataDir: C:\Users\arokia.raj\AppData...}, cssSelectorsEnabled: true, databaseEnabled: false, handlesAlerts: true, hasTouchScreen: false, javascriptEnabled: true, locationContextEnabled: true, mobileEmulationEnabled: false, nativeEvents: true, networkConnectionEnabled: false, pageLoadStrategy: normal, platform: XP, platformName: XP, rotatable: false, setWindowRect: true, takesHeapSnapshot: true, takesScreenshot: true, unexpectedAlertBehaviour: , unhandledPromptBehavior: , version: 67.0.3396.99, webStorageEnabled: true}
Session ID: 06dd61c3f0890b28a52efc57b3bc66bd)
[[ATTACHMENT|D:\\Sheepa\\Katalon\\Studio Smoke Test\\Studio Smoke Test\\Reports\\Grid_Suite\\20180704_145639\\1530696815345.png]]

2018-07-04 15:03:35 - [TEST_STEP][FAILED] - click: Unable to click on object 'Object Repository/New_Test_Create_App/Page_Canvas World/span_App' (Root cause: org.openqa.selenium.ElementNotVisibleException: element not visible
  (Session info: chrome=67.0.3396.99)
  (Driver info: chromedriver=2.35.528161 (5b82f2d2aae0ca24b877009200ced9065a772e73),platform=Windows NT 6.1.7601 SP1 x86_64) (WARNING: The server did not provide any stacktrace information)
Command duration or timeout: 0 milliseconds
Build info: version: '3.7.1', revision: '8a0099a', time: '2017-11-06T21:07:36.161Z'
System info: host: 'N9449', ip: '172.29.24.220', os.name: 'Windows 7', os.arch: 'amd64', os.version: '6.1', java.version: '1.8.0_102'
Driver info: com.kms.katalon.selenium.driver.CChromeDriver
Capabilities {acceptInsecureCerts: false, acceptSslCerts: false, applicationCacheEnabled: false, browserConnectionEnabled: false, browserName: chrome, chrome: {chromedriverVersion: 2.35.528161 (5b82f2d2aae0ca..., userDataDir: C:\Users\arokia.raj\AppData...}, cssSelectorsEnabled: true, databaseEnabled: false, handlesAlerts: true, hasTouchScreen: false, javascriptEnabled: true, locationContextEnabled: true, mobileEmulationEnabled: false, nativeEvents: true, networkConnectionEnabled: false, pageLoadStrategy: normal, platform: XP, platformName: XP, rotatable: false, setWindowRect: true, takesHeapSnapshot: true, takesScreenshot: true, unexpectedAlertBehaviour: , unhandledPromptBehavior: , version: 67.0.3396.99, webStorageEnabled: true}
Session ID: 06dd61c3f0890b28a52efc57b3bc66bd)

2018-07-04 15:03:36 - [MESSAGE][FAILED] - Unable to click on object 'Object Repository/New_Test_Create_App/Page_Canvas World/span_App' (Root cause: org.openqa.selenium.ElementNotVisibleException: element not visible
  (Session info: chrome=67.0.3396.99)
  (Driver info: chromedriver=2.35.528161 (5b82f2d2aae0ca24b877009200ced9065a772e73),platform=Windows NT 6.1.7601 SP1 x86_64) (WARNING: The server did not provide any stacktrace information)
Command duration or timeout: 0 milliseconds
Build info: version: '3.7.1', revision: '8a0099a', time: '2017-11-06T21:07:36.161Z'
System info: host: 'N9449', ip: '172.29.24.220', os.name: 'Windows 7', os.arch: 'amd64', os.version: '6.1', java.version: '1.8.0_102'
Driver info: com.kms.katalon.selenium.driver.CChromeDriver
Capabilities {acceptInsecureCerts: false, acceptSslCerts: false, applicationCacheEnabled: false, browserConnectionEnabled: false, browserName: chrome, chrome: {chromedriverVersion: 2.35.528161 (5b82f2d2aae0ca..., userDataDir: C:\Users\arokia.raj\AppData...}, cssSelectorsEnabled: true, databaseEnabled: false, handlesAlerts: true, hasTouchScreen: false, javascriptEnabled: true, locationContextEnabled: true, mobileEmulationEnabled: false, nativeEvents: true, networkConnectionEnabled: false, pageLoadStrategy: normal, platform: XP, platformName: XP, rotatable: false, setWindowRect: true, takesHeapSnapshot: true, takesScreenshot: true, unexpectedAlertBehaviour: , unhandledPromptBehavior: , version: 67.0.3396.99, webStorageEnabled: true}
Session ID: 06dd61c3f0890b28a52efc57b3bc66bd)
[[ATTACHMENT|D:\\Sheepa\\Katalon\\Studio Smoke Test\\Studio Smoke Test\\Reports\\Grid_Suite\\20180704_145639\\1530696815894.png]]

2018-07-04 15:03:36 - [TEST_STEP][PASSED] - waitForPageLoad: Wait for page load successfully

2018-07-04 15:03:36 - [MESSAGE][PASSED] - Wait for page load successfully

2018-07-04 15:03:36 - [TEST_STEP][PASSED] - delay: Delayed 5 second(s)

2018-07-04 15:03:41 - [MESSAGE][PASSED] - Delayed 5 second(s)

2018-07-04 15:03:41 - [TEST_STEP][FAILED] - setText: Unable to set text 'A003' of object 'Object Repository/New_Test_Create_App/Page_Canvas World/enter_AppId' (Root cause: org.openqa.selenium.WebDriverException: unknown error: cannot focus element
  (Session info: chrome=67.0.3396.99)
  (Driver info: chromedriver=2.35.528161 (5b82f2d2aae0ca24b877009200ced9065a772e73),platform=Windows NT 6.1.7601 SP1 x86_64) (WARNING: The server did not provide any stacktrace information)
Command duration or timeout: 0 milliseconds
Build info: version: '3.7.1', revision: '8a0099a', time: '2017-11-06T21:07:36.161Z'
System info: host: 'N9449', ip: '172.29.24.220', os.name: 'Windows 7', os.arch: 'amd64', os.version: '6.1', java.version: '1.8.0_102'
Driver info: com.kms.katalon.selenium.driver.CChromeDriver
Capabilities {acceptInsecureCerts: false, acceptSslCerts: false, applicationCacheEnabled: false, browserConnectionEnabled: false, browserName: chrome, chrome: {chromedriverVersion: 2.35.528161 (5b82f2d2aae0ca..., userDataDir: C:\Users\arokia.raj\AppData...}, cssSelectorsEnabled: true, databaseEnabled: false, handlesAlerts: true, hasTouchScreen: false, javascriptEnabled: true, locationContextEnabled: true, mobileEmulationEnabled: false, nativeEvents: true, networkConnectionEnabled: false, pageLoadStrategy: normal, platform: XP, platformName: XP, rotatable: false, setWindowRect: true, takesHeapSnapshot: true, takesScreenshot: true, unexpectedAlertBehaviour: , unhandledPromptBehavior: , version: 67.0.3396.99, webStorageEnabled: true}
Session ID: 06dd61c3f0890b28a52efc57b3bc66bd)

2018-07-04 15:03:41 - [MESSAGE][FAILED] - Unable to set text 'A003' of object 'Object Repository/New_Test_Create_App/Page_Canvas World/enter_AppId' (Root cause: org.openqa.selenium.WebDriverException: unknown error: cannot focus element
  (Session info: chrome=67.0.3396.99)
  (Driver info: chromedriver=2.35.528161 (5b82f2d2aae0ca24b877009200ced9065a772e73),platform=Windows NT 6.1.7601 SP1 x86_64) (WARNING: The server did not provide any stacktrace information)
Command duration or timeout: 0 milliseconds
Build info: version: '3.7.1', revision: '8a0099a', time: '2017-11-06T21:07:36.161Z'
System info: host: 'N9449', ip: '172.29.24.220', os.name: 'Windows 7', os.arch: 'amd64', os.version: '6.1', java.version: '1.8.0_102'
Driver info: com.kms.katalon.selenium.driver.CChromeDriver
Capabilities {acceptInsecureCerts: false, acceptSslCerts: false, applicationCacheEnabled: false, browserConnectionEnabled: false, browserName: chrome, chrome: {chromedriverVersion: 2.35.528161 (5b82f2d2aae0ca..., userDataDir: C:\Users\arokia.raj\AppData...}, cssSelectorsEnabled: true, databaseEnabled: false, handlesAlerts: true, hasTouchScreen: false, javascriptEnabled: true, locationContextEnabled: true, mobileEmulationEnabled: false, nativeEvents: true, networkConnectionEnabled: false, pageLoadStrategy: normal, platform: XP, platformName: XP, rotatable: false, setWindowRect: true, takesHeapSnapshot: true, takesScreenshot: true, unexpectedAlertBehaviour: , unhandledPromptBehavior: , version: 67.0.3396.99, webStorageEnabled: true}
Session ID: 06dd61c3f0890b28a52efc57b3bc66bd)
[[ATTACHMENT|D:\\Sheepa\\Katalon\\Studio Smoke Test\\Studio Smoke Test\\Reports\\Grid_Suite\\20180704_145639\\1530696821527.png]]

2018-07-04 15:03:41 - [TEST_STEP][FAILED] - click: Unable to click on object 'Object Repository/New_Test_Create_App/Page_Canvas World/enter_AppDisplayName' (Root cause: org.openqa.selenium.WebDriverException: unknown error: Element <input id="FRM_CREATE_APP-WGT_DISPLAY_NM" type="TEXT" name="WGT_DISPLAY_NM" data-toggle="tooltip" data-placement="auto" data-original-title="" class="form-control ct-form__ip ct-form__ip-TEXT" aria-labelledby="lbl_WGT_DISPLAY_NM fbl_WGT_DISPLAY_NM"> is not clickable at point (1013, 114). Other element would receive the click: <div data-attr="listColumns" data-colorder="true" class="ct-grid-header pull-left">...</div>
  (Session info: chrome=67.0.3396.99)
  (Driver info: chromedriver=2.35.528161 (5b82f2d2aae0ca24b877009200ced9065a772e73),platform=Windows NT 6.1.7601 SP1 x86_64) (WARNING: The server did not provide any stacktrace information)
Command duration or timeout: 0 milliseconds
Build info: version: '3.7.1', revision: '8a0099a', time: '2017-11-06T21:07:36.161Z'
System info: host: 'N9449', ip: '172.29.24.220', os.name: 'Windows 7', os.arch: 'amd64', os.version: '6.1', java.version: '1.8.0_102'
Driver info: com.kms.katalon.selenium.driver.CChromeDriver
Capabilities {acceptInsecureCerts: false, acceptSslCerts: false, applicationCacheEnabled: false, browserConnectionEnabled: false, browserName: chrome, chrome: {chromedriverVersion: 2.35.528161 (5b82f2d2aae0ca..., userDataDir: C:\Users\arokia.raj\AppData...}, cssSelectorsEnabled: true, databaseEnabled: false, handlesAlerts: true, hasTouchScreen: false, javascriptEnabled: true, locationContextEnabled: true, mobileEmulationEnabled: false, nativeEvents: true, networkConnectionEnabled: false, pageLoadStrategy: normal, platform: XP, platformName: XP, rotatable: false, setWindowRect: true, takesHeapSnapshot: true, takesScreenshot: true, unexpectedAlertBehaviour: , unhandledPromptBehavior: , version: 67.0.3396.99, webStorageEnabled: true}
Session ID: 06dd61c3f0890b28a52efc57b3bc66bd)

2018-07-04 15:03:42 - [MESSAGE][FAILED] - Unable to click on object 'Object Repository/New_Test_Create_App/Page_Canvas World/enter_AppDisplayName' (Root cause: org.openqa.selenium.WebDriverException: unknown error: Element <input id="FRM_CREATE_APP-WGT_DISPLAY_NM" type="TEXT" name="WGT_DISPLAY_NM" data-toggle="tooltip" data-placement="auto" data-original-title="" class="form-control ct-form__ip ct-form__ip-TEXT" aria-labelledby="lbl_WGT_DISPLAY_NM fbl_WGT_DISPLAY_NM"> is not clickable at point (1013, 114). Other element would receive the click: <div data-attr="listColumns" data-colorder="true" class="ct-grid-header pull-left">...</div>
  (Session info: chrome=67.0.3396.99)
  (Driver info: chromedriver=2.35.528161 (5b82f2d2aae0ca24b877009200ced9065a772e73),platform=Windows NT 6.1.7601 SP1 x86_64) (WARNING: The server did not provide any stacktrace information)
Command duration or timeout: 0 milliseconds
Build info: version: '3.7.1', revision: '8a0099a', time: '2017-11-06T21:07:36.161Z'
System info: host: 'N9449', ip: '172.29.24.220', os.name: 'Windows 7', os.arch: 'amd64', os.version: '6.1', java.version: '1.8.0_102'
Driver info: com.kms.katalon.selenium.driver.CChromeDriver
Capabilities {acceptInsecureCerts: false, acceptSslCerts: false, applicationCacheEnabled: false, browserConnectionEnabled: false, browserName: chrome, chrome: {chromedriverVersion: 2.35.528161 (5b82f2d2aae0ca..., userDataDir: C:\Users\arokia.raj\AppData...}, cssSelectorsEnabled: true, databaseEnabled: false, handlesAlerts: true, hasTouchScreen: false, javascriptEnabled: true, locationContextEnabled: true, mobileEmulationEnabled: false, nativeEvents: true, networkConnectionEnabled: false, pageLoadStrategy: normal, platform: XP, platformName: XP, rotatable: false, setWindowRect: true, takesHeapSnapshot: true, takesScreenshot: true, unexpectedAlertBehaviour: , unhandledPromptBehavior: , version: 67.0.3396.99, webStorageEnabled: true}
Session ID: 06dd61c3f0890b28a52efc57b3bc66bd)
[[ATTACHMENT|D:\\Sheepa\\Katalon\\Studio Smoke Test\\Studio Smoke Test\\Reports\\Grid_Suite\\20180704_145639\\1530696822023.png]]

2018-07-04 15:03:42 - [TEST_STEP][FAILED] - setText: Unable to set text 'A003' of object 'Object Repository/New_Test_Create_App/Page_Canvas World/enter_AppDisplayName' (Root cause: org.openqa.selenium.WebDriverException: unknown error: cannot focus element
  (Session info: chrome=67.0.3396.99)
  (Driver info: chromedriver=2.35.528161 (5b82f2d2aae0ca24b877009200ced9065a772e73),platform=Windows NT 6.1.7601 SP1 x86_64) (WARNING: The server did not provide any stacktrace information)
Command duration or timeout: 0 milliseconds
Build info: version: '3.7.1', revision: '8a0099a', time: '2017-11-06T21:07:36.161Z'
System info: host: 'N9449', ip: '172.29.24.220', os.name: 'Windows 7', os.arch: 'amd64', os.version: '6.1', java.version: '1.8.0_102'
Driver info: com.kms.katalon.selenium.driver.CChromeDriver
Capabilities {acceptInsecureCerts: false, acceptSslCerts: false, applicationCacheEnabled: false, browserConnectionEnabled: false, browserName: chrome, chrome: {chromedriverVersion: 2.35.528161 (5b82f2d2aae0ca..., userDataDir: C:\Users\arokia.raj\AppData...}, cssSelectorsEnabled: true, databaseEnabled: false, handlesAlerts: true, hasTouchScreen: false, javascriptEnabled: true, locationContextEnabled: true, mobileEmulationEnabled: false, nativeEvents: true, networkConnectionEnabled: false, pageLoadStrategy: normal, platform: XP, platformName: XP, rotatable: false, setWindowRect: true, takesHeapSnapshot: true, takesScreenshot: true, unexpectedAlertBehaviour: , unhandledPromptBehavior: , version: 67.0.3396.99, webStorageEnabled: true}
Session ID: 06dd61c3f0890b28a52efc57b3bc66bd)

2018-07-04 15:03:42 - [MESSAGE][FAILED] - Unable to set text 'A003' of object 'Object Repository/New_Test_Create_App/Page_Canvas World/enter_AppDisplayName' (Root cause: org.openqa.selenium.WebDriverException: unknown error: cannot focus element
  (Session info: chrome=67.0.3396.99)
  (Driver info: chromedriver=2.35.528161 (5b82f2d2aae0ca24b877009200ced9065a772e73),platform=Windows NT 6.1.7601 SP1 x86_64) (WARNING: The server did not provide any stacktrace information)
Command duration or timeout: 0 milliseconds
Build info: version: '3.7.1', revision: '8a0099a', time: '2017-11-06T21:07:36.161Z'
System info: host: 'N9449', ip: '172.29.24.220', os.name: 'Windows 7', os.arch: 'amd64', os.version: '6.1', java.version: '1.8.0_102'
Driver info: com.kms.katalon.selenium.driver.CChromeDriver
Capabilities {acceptInsecureCerts: false, acceptSslCerts: false, applicationCacheEnabled: false, browserConnectionEnabled: false, browserName: chrome, chrome: {chromedriverVersion: 2.35.528161 (5b82f2d2aae0ca..., userDataDir: C:\Users\arokia.raj\AppData...}, cssSelectorsEnabled: true, databaseEnabled: false, handlesAlerts: true, hasTouchScreen: false, javascriptEnabled: true, locationContextEnabled: true, mobileEmulationEnabled: false, nativeEvents: true, networkConnectionEnabled: false, pageLoadStrategy: normal, platform: XP, platformName: XP, rotatable: false, setWindowRect: true, takesHeapSnapshot: true, takesScreenshot: true, unexpectedAlertBehaviour: , unhandledPromptBehavior: , version: 67.0.3396.99, webStorageEnabled: true}
Session ID: 06dd61c3f0890b28a52efc57b3bc66bd)
[[ATTACHMENT|D:\\Sheepa\\Katalon\\Studio Smoke Test\\Studio Smoke Test\\Reports\\Grid_Suite\\20180704_145639\\1530696822570.png]]

2018-07-04 15:03:42 - [TEST_STEP][FAILED] - click: Unable to click on object 'Object Repository/New_Test_Create_App/Page_Canvas World/enter_AppBundleKey' (Root cause: org.openqa.selenium.WebDriverException: unknown error: Element <input id="FRM_CREATE_APP-BUNDLE_KEY" type="TEXT" name="BUNDLE_KEY" data-toggle="tooltip" data-placement="auto" data-original-title="" class="form-control ct-form__ip ct-form__ip-TEXT" aria-labelledby="lbl_BUNDLE_KEY fbl_BUNDLE_KEY"> is not clickable at point (1013, 192). Other element would receive the click: <td data-grid-record="" class="hidden-xs" data-item-data="DETAIL_ACTION_IND|1" data-col-index="DETAIL_ACTION_IND|6" data-item-id="DETAIL_ACTION_IND">...</td>
  (Session info: chrome=67.0.3396.99)
  (Driver info: chromedriver=2.35.528161 (5b82f2d2aae0ca24b877009200ced9065a772e73),platform=Windows NT 6.1.7601 SP1 x86_64) (WARNING: The server did not provide any stacktrace information)
Command duration or timeout: 0 milliseconds
Build info: version: '3.7.1', revision: '8a0099a', time: '2017-11-06T21:07:36.161Z'
System info: host: 'N9449', ip: '172.29.24.220', os.name: 'Windows 7', os.arch: 'amd64', os.version: '6.1', java.version: '1.8.0_102'
Driver info: com.kms.katalon.selenium.driver.CChromeDriver
Capabilities {acceptInsecureCerts: false, acceptSslCerts: false, applicationCacheEnabled: false, browserConnectionEnabled: false, browserName: chrome, chrome: {chromedriverVersion: 2.35.528161 (5b82f2d2aae0ca..., userDataDir: C:\Users\arokia.raj\AppData...}, cssSelectorsEnabled: true, databaseEnabled: false, handlesAlerts: true, hasTouchScreen: false, javascriptEnabled: true, locationContextEnabled: true, mobileEmulationEnabled: false, nativeEvents: true, networkConnectionEnabled: false, pageLoadStrategy: normal, platform: XP, platformName: XP, rotatable: false, setWindowRect: true, takesHeapSnapshot: true, takesScreenshot: true, unexpectedAlertBehaviour: , unhandledPromptBehavior: , version: 67.0.3396.99, webStorageEnabled: true}
Session ID: 06dd61c3f0890b28a52efc57b3bc66bd)

2018-07-04 15:03:43 - [MESSAGE][FAILED] - Unable to click on object 'Object Repository/New_Test_Create_App/Page_Canvas World/enter_AppBundleKey' (Root cause: org.openqa.selenium.WebDriverException: unknown error: Element <input id="FRM_CREATE_APP-BUNDLE_KEY" type="TEXT" name="BUNDLE_KEY" data-toggle="tooltip" data-placement="auto" data-original-title="" class="form-control ct-form__ip ct-form__ip-TEXT" aria-labelledby="lbl_BUNDLE_KEY fbl_BUNDLE_KEY"> is not clickable at point (1013, 192). Other element would receive the click: <td data-grid-record="" class="hidden-xs" data-item-data="DETAIL_ACTION_IND|1" data-col-index="DETAIL_ACTION_IND|6" data-item-id="DETAIL_ACTION_IND">...</td>
  (Session info: chrome=67.0.3396.99)
  (Driver info: chromedriver=2.35.528161 (5b82f2d2aae0ca24b877009200ced9065a772e73),platform=Windows NT 6.1.7601 SP1 x86_64) (WARNING: The server did not provide any stacktrace information)
Command duration or timeout: 0 milliseconds
Build info: version: '3.7.1', revision: '8a0099a', time: '2017-11-06T21:07:36.161Z'
System info: host: 'N9449', ip: '172.29.24.220', os.name: 'Windows 7', os.arch: 'amd64', os.version: '6.1', java.version: '1.8.0_102'
Driver info: com.kms.katalon.selenium.driver.CChromeDriver
Capabilities {acceptInsecureCerts: false, acceptSslCerts: false, applicationCacheEnabled: false, browserConnectionEnabled: false, browserName: chrome, chrome: {chromedriverVersion: 2.35.528161 (5b82f2d2aae0ca..., userDataDir: C:\Users\arokia.raj\AppData...}, cssSelectorsEnabled: true, databaseEnabled: false, handlesAlerts: true, hasTouchScreen: false, javascriptEnabled: true, locationContextEnabled: true, mobileEmulationEnabled: false, nativeEvents: true, networkConnectionEnabled: false, pageLoadStrategy: normal, platform: XP, platformName: XP, rotatable: false, setWindowRect: true, takesHeapSnapshot: true, takesScreenshot: true, unexpectedAlertBehaviour: , unhandledPromptBehavior: , version: 67.0.3396.99, webStorageEnabled: true}
Session ID: 06dd61c3f0890b28a52efc57b3bc66bd)
[[ATTACHMENT|D:\\Sheepa\\Katalon\\Studio Smoke Test\\Studio Smoke Test\\Reports\\Grid_Suite\\20180704_145639\\1530696823045.png]]

2018-07-04 15:03:43 - [TEST_STEP][FAILED] - setText: Unable to set text 'common' of object 'Object Repository/New_Test_Create_App/Page_Canvas World/enter_AppBundleKey' (Root cause: org.openqa.selenium.WebDriverException: unknown error: cannot focus element
  (Session info: chrome=67.0.3396.99)
  (Driver info: chromedriver=2.35.528161 (5b82f2d2aae0ca24b877009200ced9065a772e73),platform=Windows NT 6.1.7601 SP1 x86_64) (WARNING: The server did not provide any stacktrace information)
Command duration or timeout: 0 milliseconds
Build info: version: '3.7.1', revision: '8a0099a', time: '2017-11-06T21:07:36.161Z'
System info: host: 'N9449', ip: '172.29.24.220', os.name: 'Windows 7', os.arch: 'amd64', os.version: '6.1', java.version: '1.8.0_102'
Driver info: com.kms.katalon.selenium.driver.CChromeDriver
Capabilities {acceptInsecureCerts: false, acceptSslCerts: false, applicationCacheEnabled: false, browserConnectionEnabled: false, browserName: chrome, chrome: {chromedriverVersion: 2.35.528161 (5b82f2d2aae0ca..., userDataDir: C:\Users\arokia.raj\AppData...}, cssSelectorsEnabled: true, databaseEnabled: false, handlesAlerts: true, hasTouchScreen: false, javascriptEnabled: true, locationContextEnabled: true, mobileEmulationEnabled: false, nativeEvents: true, networkConnectionEnabled: false, pageLoadStrategy: normal, platform: XP, platformName: XP, rotatable: false, setWindowRect: true, takesHeapSnapshot: true, takesScreenshot: true, unexpectedAlertBehaviour: , unhandledPromptBehavior: , version: 67.0.3396.99, webStorageEnabled: true}
Session ID: 06dd61c3f0890b28a52efc57b3bc66bd)

2018-07-04 15:03:43 - [MESSAGE][FAILED] - Unable to set text 'common' of object 'Object Repository/New_Test_Create_App/Page_Canvas World/enter_AppBundleKey' (Root cause: org.openqa.selenium.WebDriverException: unknown error: cannot focus element
  (Session info: chrome=67.0.3396.99)
  (Driver info: chromedriver=2.35.528161 (5b82f2d2aae0ca24b877009200ced9065a772e73),platform=Windows NT 6.1.7601 SP1 x86_64) (WARNING: The server did not provide any stacktrace information)
Command duration or timeout: 0 milliseconds
Build info: version: '3.7.1', revision: '8a0099a', time: '2017-11-06T21:07:36.161Z'
System info: host: 'N9449', ip: '172.29.24.220', os.name: 'Windows 7', os.arch: 'amd64', os.version: '6.1', java.version: '1.8.0_102'
Driver info: com.kms.katalon.selenium.driver.CChromeDriver
Capabilities {acceptInsecureCerts: false, acceptSslCerts: false, applicationCacheEnabled: false, browserConnectionEnabled: false, browserName: chrome, chrome: {chromedriverVersion: 2.35.528161 (5b82f2d2aae0ca..., userDataDir: C:\Users\arokia.raj\AppData...}, cssSelectorsEnabled: true, databaseEnabled: false, handlesAlerts: true, hasTouchScreen: false, javascriptEnabled: true, locationContextEnabled: true, mobileEmulationEnabled: false, nativeEvents: true, networkConnectionEnabled: false, pageLoadStrategy: normal, platform: XP, platformName: XP, rotatable: false, setWindowRect: true, takesHeapSnapshot: true, takesScreenshot: true, unexpectedAlertBehaviour: , unhandledPromptBehavior: , version: 67.0.3396.99, webStorageEnabled: true}
Session ID: 06dd61c3f0890b28a52efc57b3bc66bd)
[[ATTACHMENT|D:\\Sheepa\\Katalon\\Studio Smoke Test\\Studio Smoke Test\\Reports\\Grid_Suite\\20180704_145639\\1530696823559.png]]

2018-07-04 15:03:43 - [TEST_STEP][FAILED] - click: Unable to click on object 'Object Repository/New_Test_Create_App/Page_Canvas World/enter_View_Link_App' (Root cause: org.openqa.selenium.WebDriverException: unknown error: Element <span class="input-group-addon ct-editlkp" data-toggle="tooltip" data-placement="auto" data-original-title="" data-item-id="ct-lookup-search">...</span> is not clickable at point (614, 444). Other element would receive the click: <td data-grid-record="" class="hidden-xs" data-item-data="FILTER_ENABLED|6" data-col-index="FILTER_ENABLED|4" data-item-id="FILTER_ENABLED">...</td>
  (Session info: chrome=67.0.3396.99)
  (Driver info: chromedriver=2.35.528161 (5b82f2d2aae0ca24b877009200ced9065a772e73),platform=Windows NT 6.1.7601 SP1 x86_64) (WARNING: The server did not provide any stacktrace information)
Command duration or timeout: 0 milliseconds
Build info: version: '3.7.1', revision: '8a0099a', time: '2017-11-06T21:07:36.161Z'
System info: host: 'N9449', ip: '172.29.24.220', os.name: 'Windows 7', os.arch: 'amd64', os.version: '6.1', java.version: '1.8.0_102'
Driver info: com.kms.katalon.selenium.driver.CChromeDriver
Capabilities {acceptInsecureCerts: false, acceptSslCerts: false, applicationCacheEnabled: false, browserConnectionEnabled: false, browserName: chrome, chrome: {chromedriverVersion: 2.35.528161 (5b82f2d2aae0ca..., userDataDir: C:\Users\arokia.raj\AppData...}, cssSelectorsEnabled: true, databaseEnabled: false, handlesAlerts: true, hasTouchScreen: false, javascriptEnabled: true, locationContextEnabled: true, mobileEmulationEnabled: false, nativeEvents: true, networkConnectionEnabled: false, pageLoadStrategy: normal, platform: XP, platformName: XP, rotatable: false, setWindowRect: true, takesHeapSnapshot: true, takesScreenshot: true, unexpectedAlertBehaviour: , unhandledPromptBehavior: , version: 67.0.3396.99, webStorageEnabled: true}
Session ID: 06dd61c3f0890b28a52efc57b3bc66bd)

2018-07-04 15:03:44 - [MESSAGE][FAILED] - Unable to click on object 'Object Repository/New_Test_Create_App/Page_Canvas World/enter_View_Link_App' (Root cause: org.openqa.selenium.WebDriverException: unknown error: Element <span class="input-group-addon ct-editlkp" data-toggle="tooltip" data-placement="auto" data-original-title="" data-item-id="ct-lookup-search">...</span> is not clickable at point (614, 444). Other element would receive the click: <td data-grid-record="" class="hidden-xs" data-item-data="FILTER_ENABLED|6" data-col-index="FILTER_ENABLED|4" data-item-id="FILTER_ENABLED">...</td>
  (Session info: chrome=67.0.3396.99)
  (Driver info: chromedriver=2.35.528161 (5b82f2d2aae0ca24b877009200ced9065a772e73),platform=Windows NT 6.1.7601 SP1 x86_64) (WARNING: The server did not provide any stacktrace information)
Command duration or timeout: 0 milliseconds
Build info: version: '3.7.1', revision: '8a0099a', time: '2017-11-06T21:07:36.161Z'
System info: host: 'N9449', ip: '172.29.24.220', os.name: 'Windows 7', os.arch: 'amd64', os.version: '6.1', java.version: '1.8.0_102'
Driver info: com.kms.katalon.selenium.driver.CChromeDriver
Capabilities {acceptInsecureCerts: false, acceptSslCerts: false, applicationCacheEnabled: false, browserConnectionEnabled: false, browserName: chrome, chrome: {chromedriverVersion: 2.35.528161 (5b82f2d2aae0ca..., userDataDir: C:\Users\arokia.raj\AppData...}, cssSelectorsEnabled: true, databaseEnabled: false, handlesAlerts: true, hasTouchScreen: false, javascriptEnabled: true, locationContextEnabled: true, mobileEmulationEnabled: false, nativeEvents: true, networkConnectionEnabled: false, pageLoadStrategy: normal, platform: XP, platformName: XP, rotatable: false, setWindowRect: true, takesHeapSnapshot: true, takesScreenshot: true, unexpectedAlertBehaviour: , unhandledPromptBehavior: , version: 67.0.3396.99, webStorageEnabled: true}
Session ID: 06dd61c3f0890b28a52efc57b3bc66bd)
[[ATTACHMENT|D:\\Sheepa\\Katalon\\Studio Smoke Test\\Studio Smoke Test\\Reports\\Grid_Suite\\20180704_145639\\1530696824222.png]]

2018-07-04 15:03:44 - [TEST_STEP][PASSED] - Statement - selectview = "//span[starts-with(text(), '" + java.lang.String.valueOf(id) + "')]": null

2018-07-04 15:03:44 - [TEST_STEP][PASSED] - Statement - println(selectview): null

2018-07-04 15:03:44 - [TEST_STEP][PASSED] - Statement - dynamicObject = new com.kms.katalon.core.testobject.TestObject(selectview).addProperty("xpath", EQUALS, selectview, true): null

2018-07-04 15:03:44 - [TEST_STEP][PASSED] - waitForElementVisible: Object '//span[starts-with(text(), 'A003')]' is visible

2018-07-04 15:03:44 - [MESSAGE][PASSED] - Object '//span[starts-with(text(), 'A003')]' is visible

2018-07-04 15:03:44 - [TEST_STEP][PASSED] - doubleClick: Object: '//span[starts-with(text(), 'A003')]' is double clicked on

2018-07-04 15:03:44 - [MESSAGE][PASSED] - Object: '//span[starts-with(text(), 'A003')]' is double clicked on

2018-07-04 15:03:44 - [TEST_STEP][PASSED] - doubleClick: Object: '//span[starts-with(text(), 'A003')]' is double clicked on

2018-07-04 15:03:45 - [MESSAGE][PASSED] - Object: '//span[starts-with(text(), 'A003')]' is double clicked on

2018-07-04 15:03:45 - [TEST_STEP][PASSED] - delay: Delayed 3 second(s)

2018-07-04 15:03:48 - [MESSAGE][PASSED] - Delayed 3 second(s)

2018-07-04 15:03:48 - [TEST_STEP][NOT_RUN] - click: NOT_RUN: click

2018-07-04 15:03:48 - [MESSAGE][NOT_RUN] - NOT_RUN: click

2018-07-04 15:03:48 - [TEST_STEP][NOT_RUN] - doubleClick: NOT_RUN: doubleClick

2018-07-04 15:03:48 - [MESSAGE][NOT_RUN] - NOT_RUN: doubleClick

2018-07-04 15:03:48 - [TEST_STEP][PASSED] - delay: Delayed 3 second(s)

2018-07-04 15:03:51 - [MESSAGE][PASSED] - Delayed 3 second(s)

2018-07-04 15:03:51 - [TEST_STEP][FAILED] - click: Unable to click on object 'Object Repository/New_Test_Create_App/Page_Canvas World/app_Submit' (Root cause: org.openqa.selenium.WebDriverException: unknown error: Element <a data-item-id="FORM_APP_SAVE" data-item-type="formCont_button" class="btn btn-default ct_btn ct-left-btn FORM_APP_SAVE">...</a> is not clickable at point (1304, 591). Other element would receive the click: <div data-modal-id="modalId-2" data-dialog-type="modal-Dialog" class="modal fade  ct-modal ct-modal__max in" data-backdrop="static" data-keyboard="" data-item-id="modal-2" tabindex="-1" role="dialog" aria-labelledby="myModalLabel" aria-hidden="true" data-fullscreenind="false">...</div>
  (Session info: chrome=67.0.3396.99)
  (Driver info: chromedriver=2.35.528161 (5b82f2d2aae0ca24b877009200ced9065a772e73),platform=Windows NT 6.1.7601 SP1 x86_64) (WARNING: The server did not provide any stacktrace information)
Command duration or timeout: 0 milliseconds
Build info: version: '3.7.1', revision: '8a0099a', time: '2017-11-06T21:07:36.161Z'
System info: host: 'N9449', ip: '172.29.24.220', os.name: 'Windows 7', os.arch: 'amd64', os.version: '6.1', java.version: '1.8.0_102'
Driver info: com.kms.katalon.selenium.driver.CChromeDriver
Capabilities {acceptInsecureCerts: false, acceptSslCerts: false, applicationCacheEnabled: false, browserConnectionEnabled: false, browserName: chrome, chrome: {chromedriverVersion: 2.35.528161 (5b82f2d2aae0ca..., userDataDir: C:\Users\arokia.raj\AppData...}, cssSelectorsEnabled: true, databaseEnabled: false, handlesAlerts: true, hasTouchScreen: false, javascriptEnabled: true, locationContextEnabled: true, mobileEmulationEnabled: false, nativeEvents: true, networkConnectionEnabled: false, pageLoadStrategy: normal, platform: XP, platformName: XP, rotatable: false, setWindowRect: true, takesHeapSnapshot: true, takesScreenshot: true, unexpectedAlertBehaviour: , unhandledPromptBehavior: , version: 67.0.3396.99, webStorageEnabled: true}
Session ID: 06dd61c3f0890b28a52efc57b3bc66bd)

2018-07-04 15:03:51 - [MESSAGE][FAILED] - Unable to click on object 'Object Repository/New_Test_Create_App/Page_Canvas World/app_Submit' (Root cause: org.openqa.selenium.WebDriverException: unknown error: Element <a data-item-id="FORM_APP_SAVE" data-item-type="formCont_button" class="btn btn-default ct_btn ct-left-btn FORM_APP_SAVE">...</a> is not clickable at point (1304, 591). Other element would receive the click: <div data-modal-id="modalId-2" data-dialog-type="modal-Dialog" class="modal fade  ct-modal ct-modal__max in" data-backdrop="static" data-keyboard="" data-item-id="modal-2" tabindex="-1" role="dialog" aria-labelledby="myModalLabel" aria-hidden="true" data-fullscreenind="false">...</div>
  (Session info: chrome=67.0.3396.99)
  (Driver info: chromedriver=2.35.528161 (5b82f2d2aae0ca24b877009200ced9065a772e73),platform=Windows NT 6.1.7601 SP1 x86_64) (WARNING: The server did not provide any stacktrace information)
Command duration or timeout: 0 milliseconds
Build info: version: '3.7.1', revision: '8a0099a', time: '2017-11-06T21:07:36.161Z'
System info: host: 'N9449', ip: '172.29.24.220', os.name: 'Windows 7', os.arch: 'amd64', os.version: '6.1', java.version: '1.8.0_102'
Driver info: com.kms.katalon.selenium.driver.CChromeDriver
Capabilities {acceptInsecureCerts: false, acceptSslCerts: false, applicationCacheEnabled: false, browserConnectionEnabled: false, browserName: chrome, chrome: {chromedriverVersion: 2.35.528161 (5b82f2d2aae0ca..., userDataDir: C:\Users\arokia.raj\AppData...}, cssSelectorsEnabled: true, databaseEnabled: false, handlesAlerts: true, hasTouchScreen: false, javascriptEnabled: true, locationContextEnabled: true, mobileEmulationEnabled: false, nativeEvents: true, networkConnectionEnabled: false, pageLoadStrategy: normal, platform: XP, platformName: XP, rotatable: false, setWindowRect: true, takesHeapSnapshot: true, takesScreenshot: true, unexpectedAlertBehaviour: , unhandledPromptBehavior: , version: 67.0.3396.99, webStorageEnabled: true}
Session ID: 06dd61c3f0890b28a52efc57b3bc66bd)
[[ATTACHMENT|D:\\Sheepa\\Katalon\\Studio Smoke Test\\Studio Smoke Test\\Reports\\Grid_Suite\\20180704_145639\\1530696831228.png]]

2018-07-04 15:03:51 - [TEST_STEP][PASSED] - delay: Delayed 3 second(s)

2018-07-04 15:03:54 - [MESSAGE][PASSED] - Delayed 3 second(s)

2018-07-04 15:03:54 - [TEST_STEP][FAILED] - click: Unable to click on object 'Object Repository/New_Test_Create_App/Page_Canvas World/app_submission' (Root cause: com.kms.katalon.core.webui.exception.WebElementNotFoundException: Web element with id: 'Object Repository/New_Test_Create_App/Page_Canvas World/app_submission' located by 'By.xpath: //a[contains(text(),'Ok')]' not found)

2018-07-04 15:04:26 - [MESSAGE][FAILED] - Unable to click on object 'Object Repository/New_Test_Create_App/Page_Canvas World/app_submission' (Root cause: com.kms.katalon.core.webui.exception.WebElementNotFoundException: Web element with id: 'Object Repository/New_Test_Create_App/Page_Canvas World/app_submission' located by 'By.xpath: //a[contains(text(),'Ok')]' not found)
[[ATTACHMENT|D:\\Sheepa\\Katalon\\Studio Smoke Test\\Studio Smoke Test\\Reports\\Grid_Suite\\20180704_145639\\1530696866356.png]]

2018-07-04 15:04:26 - [TEST_STEP][PASSED] - Statement - id = hssfRow.getCell(i): null

2018-07-04 15:04:26 - [TEST_STEP][FAILED] - click: Unable to click on object 'Object Repository/New_Test_Create_Form/Page_Canvas World/span_Create' (Root cause: org.openqa.selenium.WebDriverException: unknown error: Element <span class="workspace_label workspace_label-INIT_WDK">...</span> is not clickable at point (896, 18). Other element would receive the click: <div class="col-lg-6 col-md-6 col-sm-6 col-xs-12 data-width">...</div>
  (Session info: chrome=67.0.3396.99)
  (Driver info: chromedriver=2.35.528161 (5b82f2d2aae0ca24b877009200ced9065a772e73),platform=Windows NT 6.1.7601 SP1 x86_64) (WARNING: The server did not provide any stacktrace information)
Command duration or timeout: 0 milliseconds
Build info: version: '3.7.1', revision: '8a0099a', time: '2017-11-06T21:07:36.161Z'
System info: host: 'N9449', ip: '172.29.24.220', os.name: 'Windows 7', os.arch: 'amd64', os.version: '6.1', java.version: '1.8.0_102'
Driver info: com.kms.katalon.selenium.driver.CChromeDriver
Capabilities {acceptInsecureCerts: false, acceptSslCerts: false, applicationCacheEnabled: false, browserConnectionEnabled: false, browserName: chrome, chrome: {chromedriverVersion: 2.35.528161 (5b82f2d2aae0ca..., userDataDir: C:\Users\arokia.raj\AppData...}, cssSelectorsEnabled: true, databaseEnabled: false, handlesAlerts: true, hasTouchScreen: false, javascriptEnabled: true, locationContextEnabled: true, mobileEmulationEnabled: false, nativeEvents: true, networkConnectionEnabled: false, pageLoadStrategy: normal, platform: XP, platformName: XP, rotatable: false, setWindowRect: true, takesHeapSnapshot: true, takesScreenshot: true, unexpectedAlertBehaviour: , unhandledPromptBehavior: , version: 67.0.3396.99, webStorageEnabled: true}
Session ID: 06dd61c3f0890b28a52efc57b3bc66bd)

2018-07-04 15:04:27 - [MESSAGE][FAILED] - Unable to click on object 'Object Repository/New_Test_Create_Form/Page_Canvas World/span_Create' (Root cause: org.openqa.selenium.WebDriverException: unknown error: Element <span class="workspace_label workspace_label-INIT_WDK">...</span> is not clickable at point (896, 18). Other element would receive the click: <div class="col-lg-6 col-md-6 col-sm-6 col-xs-12 data-width">...</div>
  (Session info: chrome=67.0.3396.99)
  (Driver info: chromedriver=2.35.528161 (5b82f2d2aae0ca24b877009200ced9065a772e73),platform=Windows NT 6.1.7601 SP1 x86_64) (WARNING: The server did not provide any stacktrace information)
Command duration or timeout: 0 milliseconds
Build info: version: '3.7.1', revision: '8a0099a', time: '2017-11-06T21:07:36.161Z'
System info: host: 'N9449', ip: '172.29.24.220', os.name: 'Windows 7', os.arch: 'amd64', os.version: '6.1', java.version: '1.8.0_102'
Driver info: com.kms.katalon.selenium.driver.CChromeDriver
Capabilities {acceptInsecureCerts: false, acceptSslCerts: false, applicationCacheEnabled: false, browserConnectionEnabled: false, browserName: chrome, chrome: {chromedriverVersion: 2.35.528161 (5b82f2d2aae0ca..., userDataDir: C:\Users\arokia.raj\AppData...}, cssSelectorsEnabled: true, databaseEnabled: false, handlesAlerts: true, hasTouchScreen: false, javascriptEnabled: true, locationContextEnabled: true, mobileEmulationEnabled: false, nativeEvents: true, networkConnectionEnabled: false, pageLoadStrategy: normal, platform: XP, platformName: XP, rotatable: false, setWindowRect: true, takesHeapSnapshot: true, takesScreenshot: true, unexpectedAlertBehaviour: , unhandledPromptBehavior: , version: 67.0.3396.99, webStorageEnabled: true}
Session ID: 06dd61c3f0890b28a52efc57b3bc66bd)
[[ATTACHMENT|D:\\Sheepa\\Katalon\\Studio Smoke Test\\Studio Smoke Test\\Reports\\Grid_Suite\\20180704_145639\\1530696866786.png]]

2018-07-04 15:04:27 - [TEST_STEP][FAILED] - click: Unable to click on object 'Object Repository/New_Test_Create_App/Page_Canvas World/span_App' (Root cause: org.openqa.selenium.ElementNotVisibleException: element not visible
  (Session info: chrome=67.0.3396.99)
  (Driver info: chromedriver=2.35.528161 (5b82f2d2aae0ca24b877009200ced9065a772e73),platform=Windows NT 6.1.7601 SP1 x86_64) (WARNING: The server did not provide any stacktrace information)
Command duration or timeout: 0 milliseconds
Build info: version: '3.7.1', revision: '8a0099a', time: '2017-11-06T21:07:36.161Z'
System info: host: 'N9449', ip: '172.29.24.220', os.name: 'Windows 7', os.arch: 'amd64', os.version: '6.1', java.version: '1.8.0_102'
Driver info: com.kms.katalon.selenium.driver.CChromeDriver
Capabilities {acceptInsecureCerts: false, acceptSslCerts: false, applicationCacheEnabled: false, browserConnectionEnabled: false, browserName: chrome, chrome: {chromedriverVersion: 2.35.528161 (5b82f2d2aae0ca..., userDataDir: C:\Users\arokia.raj\AppData...}, cssSelectorsEnabled: true, databaseEnabled: false, handlesAlerts: true, hasTouchScreen: false, javascriptEnabled: true, locationContextEnabled: true, mobileEmulationEnabled: false, nativeEvents: true, networkConnectionEnabled: false, pageLoadStrategy: normal, platform: XP, platformName: XP, rotatable: false, setWindowRect: true, takesHeapSnapshot: true, takesScreenshot: true, unexpectedAlertBehaviour: , unhandledPromptBehavior: , version: 67.0.3396.99, webStorageEnabled: true}
Session ID: 06dd61c3f0890b28a52efc57b3bc66bd)

2018-07-04 15:04:27 - [MESSAGE][FAILED] - Unable to click on object 'Object Repository/New_Test_Create_App/Page_Canvas World/span_App' (Root cause: org.openqa.selenium.ElementNotVisibleException: element not visible
  (Session info: chrome=67.0.3396.99)
  (Driver info: chromedriver=2.35.528161 (5b82f2d2aae0ca24b877009200ced9065a772e73),platform=Windows NT 6.1.7601 SP1 x86_64) (WARNING: The server did not provide any stacktrace information)
Command duration or timeout: 0 milliseconds
Build info: version: '3.7.1', revision: '8a0099a', time: '2017-11-06T21:07:36.161Z'
System info: host: 'N9449', ip: '172.29.24.220', os.name: 'Windows 7', os.arch: 'amd64', os.version: '6.1', java.version: '1.8.0_102'
Driver info: com.kms.katalon.selenium.driver.CChromeDriver
Capabilities {acceptInsecureCerts: false, acceptSslCerts: false, applicationCacheEnabled: false, browserConnectionEnabled: false, browserName: chrome, chrome: {chromedriverVersion: 2.35.528161 (5b82f2d2aae0ca..., userDataDir: C:\Users\arokia.raj\AppData...}, cssSelectorsEnabled: true, databaseEnabled: false, handlesAlerts: true, hasTouchScreen: false, javascriptEnabled: true, locationContextEnabled: true, mobileEmulationEnabled: false, nativeEvents: true, networkConnectionEnabled: false, pageLoadStrategy: normal, platform: XP, platformName: XP, rotatable: false, setWindowRect: true, takesHeapSnapshot: true, takesScreenshot: true, unexpectedAlertBehaviour: , unhandledPromptBehavior: , version: 67.0.3396.99, webStorageEnabled: true}
Session ID: 06dd61c3f0890b28a52efc57b3bc66bd)
[[ATTACHMENT|D:\\Sheepa\\Katalon\\Studio Smoke Test\\Studio Smoke Test\\Reports\\Grid_Suite\\20180704_145639\\1530696867178.png]]

2018-07-04 15:04:27 - [TEST_STEP][PASSED] - waitForPageLoad: Wait for page load successfully

2018-07-04 15:04:27 - [MESSAGE][PASSED] - Wait for page load successfully

2018-07-04 15:04:27 - [TEST_STEP][PASSED] - delay: Delayed 5 second(s)

2018-07-04 15:04:32 - [MESSAGE][PASSED] - Delayed 5 second(s)

2018-07-04 15:04:32 - [TEST_STEP][PASSED] - setText: Text 'A004' is set on object 'Object Repository/New_Test_Create_App/Page_Canvas World/enter_AppId'

2018-07-04 15:04:32 - [MESSAGE][PASSED] - Text 'A004' is set on object 'Object Repository/New_Test_Create_App/Page_Canvas World/enter_AppId'

2018-07-04 15:04:32 - [TEST_STEP][PASSED] - click: Object: 'Object Repository/New_Test_Create_App/Page_Canvas World/enter_AppDisplayName' is clicked on

2018-07-04 15:04:33 - [MESSAGE][PASSED] - Object: 'Object Repository/New_Test_Create_App/Page_Canvas World/enter_AppDisplayName' is clicked on

2018-07-04 15:04:33 - [TEST_STEP][PASSED] - setText: Text 'A004' is set on object 'Object Repository/New_Test_Create_App/Page_Canvas World/enter_AppDisplayName'

2018-07-04 15:04:33 - [MESSAGE][PASSED] - Text 'A004' is set on object 'Object Repository/New_Test_Create_App/Page_Canvas World/enter_AppDisplayName'

2018-07-04 15:04:33 - [TEST_STEP][PASSED] - click: Object: 'Object Repository/New_Test_Create_App/Page_Canvas World/enter_AppBundleKey' is clicked on

2018-07-04 15:04:33 - [MESSAGE][PASSED] - Object: 'Object Repository/New_Test_Create_App/Page_Canvas World/enter_AppBundleKey' is clicked on

2018-07-04 15:04:33 - [TEST_STEP][PASSED] - setText: Text 'common' is set on object 'Object Repository/New_Test_Create_App/Page_Canvas World/enter_AppBundleKey'

2018-07-04 15:04:33 - [MESSAGE][PASSED] - Text 'common' is set on object 'Object Repository/New_Test_Create_App/Page_Canvas World/enter_AppBundleKey'

2018-07-04 15:04:33 - [TEST_STEP][PASSED] - click: Object: 'Object Repository/New_Test_Create_App/Page_Canvas World/enter_View_Link_App' is clicked on

2018-07-04 15:04:34 - [MESSAGE][PASSED] - Object: 'Object Repository/New_Test_Create_App/Page_Canvas World/enter_View_Link_App' is clicked on

2018-07-04 15:04:34 - [TEST_STEP][PASSED] - Statement - selectview = "//span[starts-with(text(), '" + java.lang.String.valueOf(id) + "')]": null

2018-07-04 15:04:34 - [TEST_STEP][PASSED] - Statement - println(selectview): null

2018-07-04 15:04:34 - [TEST_STEP][PASSED] - Statement - dynamicObject = new com.kms.katalon.core.testobject.TestObject(selectview).addProperty("xpath", EQUALS, selectview, true): null

2018-07-04 15:04:34 - [TEST_STEP][PASSED] - waitForElementVisible: Web element with id: '//span[starts-with(text(), 'A004')]' located by 'By.xpath: //span[starts-with(text(), 'A004')]' not found

2018-07-04 15:04:37 - [MESSAGE][WARNING] - Web element with id: '//span[starts-with(text(), 'A004')]' located by 'By.xpath: //span[starts-with(text(), 'A004')]' not found

2018-07-04 15:04:37 - [TEST_STEP][FAILED] - doubleClick: Unable to double click on object '//span[starts-with(text(), 'A004')]' (Root cause: com.kms.katalon.core.webui.exception.WebElementNotFoundException: Web element with id: '//span[starts-with(text(), 'A004')]' located by 'By.xpath: //span[starts-with(text(), 'A004')]' not found)

2018-07-04 15:05:09 - [MESSAGE][FAILED] - Unable to double click on object '//span[starts-with(text(), 'A004')]' (Root cause: com.kms.katalon.core.webui.exception.WebElementNotFoundException: Web element with id: '//span[starts-with(text(), 'A004')]' located by 'By.xpath: //span[starts-with(text(), 'A004')]' not found)
[[ATTACHMENT|D:\\Sheepa\\Katalon\\Studio Smoke Test\\Studio Smoke Test\\Reports\\Grid_Suite\\20180704_145639\\1530696908877.png]]

2018-07-04 15:05:09 - [TEST_STEP][FAILED] - doubleClick: Unable to double click on object '//span[starts-with(text(), 'A004')]' (Root cause: com.kms.katalon.core.webui.exception.WebElementNotFoundException: Web element with id: '//span[starts-with(text(), 'A004')]' located by 'By.xpath: //span[starts-with(text(), 'A004')]' not found)

2018-07-04 15:05:40 - [MESSAGE][FAILED] - Unable to double click on object '//span[starts-with(text(), 'A004')]' (Root cause: com.kms.katalon.core.webui.exception.WebElementNotFoundException: Web element with id: '//span[starts-with(text(), 'A004')]' located by 'By.xpath: //span[starts-with(text(), 'A004')]' not found)
[[ATTACHMENT|D:\\Sheepa\\Katalon\\Studio Smoke Test\\Studio Smoke Test\\Reports\\Grid_Suite\\20180704_145639\\1530696940481.png]]

2018-07-04 15:05:40 - [TEST_STEP][PASSED] - delay: Delayed 3 second(s)

2018-07-04 15:05:43 - [MESSAGE][PASSED] - Delayed 3 second(s)

2018-07-04 15:05:43 - [TEST_STEP][NOT_RUN] - click: NOT_RUN: click

2018-07-04 15:05:43 - [MESSAGE][NOT_RUN] - NOT_RUN: click

2018-07-04 15:05:43 - [TEST_STEP][NOT_RUN] - doubleClick: NOT_RUN: doubleClick

2018-07-04 15:05:43 - [MESSAGE][NOT_RUN] - NOT_RUN: doubleClick

2018-07-04 15:05:43 - [TEST_STEP][PASSED] - delay: Delayed 3 second(s)

2018-07-04 15:05:46 - [MESSAGE][PASSED] - Delayed 3 second(s)

2018-07-04 15:05:46 - [TEST_STEP][FAILED] - click: Unable to click on object 'Object Repository/New_Test_Create_App/Page_Canvas World/app_Submit' (Root cause: org.openqa.selenium.WebDriverException: unknown error: Element <a data-item-id="FORM_APP_SAVE" data-item-type="formCont_button" class="btn btn-default ct_btn ct-left-btn FORM_APP_SAVE">...</a> is not clickable at point (1304, 591). Other element would receive the click: <div data-modal-id="modalId-4" data-dialog-type="modal-Dialog" class="modal fade  ct-modal ct-modal__max in" data-backdrop="static" data-keyboard="" data-item-id="modal-4" tabindex="-1" role="dialog" aria-labelledby="myModalLabel" aria-hidden="true" data-fullscreenind="false">...</div>
  (Session info: chrome=67.0.3396.99)
  (Driver info: chromedriver=2.35.528161 (5b82f2d2aae0ca24b877009200ced9065a772e73),platform=Windows NT 6.1.7601 SP1 x86_64) (WARNING: The server did not provide any stacktrace information)
Command duration or timeout: 0 milliseconds
Build info: version: '3.7.1', revision: '8a0099a', time: '2017-11-06T21:07:36.161Z'
System info: host: 'N9449', ip: '172.29.24.220', os.name: 'Windows 7', os.arch: 'amd64', os.version: '6.1', java.version: '1.8.0_102'
Driver info: com.kms.katalon.selenium.driver.CChromeDriver
Capabilities {acceptInsecureCerts: false, acceptSslCerts: false, applicationCacheEnabled: false, browserConnectionEnabled: false, browserName: chrome, chrome: {chromedriverVersion: 2.35.528161 (5b82f2d2aae0ca..., userDataDir: C:\Users\arokia.raj\AppData...}, cssSelectorsEnabled: true, databaseEnabled: false, handlesAlerts: true, hasTouchScreen: false, javascriptEnabled: true, locationContextEnabled: true, mobileEmulationEnabled: false, nativeEvents: true, networkConnectionEnabled: false, pageLoadStrategy: normal, platform: XP, platformName: XP, rotatable: false, setWindowRect: true, takesHeapSnapshot: true, takesScreenshot: true, unexpectedAlertBehaviour: , unhandledPromptBehavior: , version: 67.0.3396.99, webStorageEnabled: true}
Session ID: 06dd61c3f0890b28a52efc57b3bc66bd)

2018-07-04 15:05:47 - [MESSAGE][FAILED] - Unable to click on object 'Object Repository/New_Test_Create_App/Page_Canvas World/app_Submit' (Root cause: org.openqa.selenium.WebDriverException: unknown error: Element <a data-item-id="FORM_APP_SAVE" data-item-type="formCont_button" class="btn btn-default ct_btn ct-left-btn FORM_APP_SAVE">...</a> is not clickable at point (1304, 591). Other element would receive the click: <div data-modal-id="modalId-4" data-dialog-type="modal-Dialog" class="modal fade  ct-modal ct-modal__max in" data-backdrop="static" data-keyboard="" data-item-id="modal-4" tabindex="-1" role="dialog" aria-labelledby="myModalLabel" aria-hidden="true" data-fullscreenind="false">...</div>
  (Session info: chrome=67.0.3396.99)
  (Driver info: chromedriver=2.35.528161 (5b82f2d2aae0ca24b877009200ced9065a772e73),platform=Windows NT 6.1.7601 SP1 x86_64) (WARNING: The server did not provide any stacktrace information)
Command duration or timeout: 0 milliseconds
Build info: version: '3.7.1', revision: '8a0099a', time: '2017-11-06T21:07:36.161Z'
System info: host: 'N9449', ip: '172.29.24.220', os.name: 'Windows 7', os.arch: 'amd64', os.version: '6.1', java.version: '1.8.0_102'
Driver info: com.kms.katalon.selenium.driver.CChromeDriver
Capabilities {acceptInsecureCerts: false, acceptSslCerts: false, applicationCacheEnabled: false, browserConnectionEnabled: false, browserName: chrome, chrome: {chromedriverVersion: 2.35.528161 (5b82f2d2aae0ca..., userDataDir: C:\Users\arokia.raj\AppData...}, cssSelectorsEnabled: true, databaseEnabled: false, handlesAlerts: true, hasTouchScreen: false, javascriptEnabled: true, locationContextEnabled: true, mobileEmulationEnabled: false, nativeEvents: true, networkConnectionEnabled: false, pageLoadStrategy: normal, platform: XP, platformName: XP, rotatable: false, setWindowRect: true, takesHeapSnapshot: true, takesScreenshot: true, unexpectedAlertBehaviour: , unhandledPromptBehavior: , version: 67.0.3396.99, webStorageEnabled: true}
Session ID: 06dd61c3f0890b28a52efc57b3bc66bd)
[[ATTACHMENT|D:\\Sheepa\\Katalon\\Studio Smoke Test\\Studio Smoke Test\\Reports\\Grid_Suite\\20180704_145639\\1530696947044.png]]

2018-07-04 15:05:47 - [TEST_STEP][PASSED] - delay: Delayed 3 second(s)

2018-07-04 15:05:50 - [MESSAGE][PASSED] - Delayed 3 second(s)

2018-07-04 15:05:50 - [TEST_STEP][FAILED] - click: Unable to click on object 'Object Repository/New_Test_Create_App/Page_Canvas World/app_submission' (Root cause: org.openqa.selenium.WebDriverException: unknown error: Element <a data-item-id="dialogBtn..." data-item-type="dialog_button" class="btn  ct_btn ct-left-btn dialogBtnOk">Ok</a> is not clickable at point (790, 436). Other element would receive the click: <a data-item-id="dialogBtn..." data-item-type="dialog_button" class="btn  ct_btn ct-left-btn dialogBtnOk">Ok</a>
  (Session info: chrome=67.0.3396.99)
  (Driver info: chromedriver=2.35.528161 (5b82f2d2aae0ca24b877009200ced9065a772e73),platform=Windows NT 6.1.7601 SP1 x86_64) (WARNING: The server did not provide any stacktrace information)
Command duration or timeout: 0 milliseconds
Build info: version: '3.7.1', revision: '8a0099a', time: '2017-11-06T21:07:36.161Z'
System info: host: 'N9449', ip: '172.29.24.220', os.name: 'Windows 7', os.arch: 'amd64', os.version: '6.1', java.version: '1.8.0_102'
Driver info: com.kms.katalon.selenium.driver.CChromeDriver
Capabilities {acceptInsecureCerts: false, acceptSslCerts: false, applicationCacheEnabled: false, browserConnectionEnabled: false, browserName: chrome, chrome: {chromedriverVersion: 2.35.528161 (5b82f2d2aae0ca..., userDataDir: C:\Users\arokia.raj\AppData...}, cssSelectorsEnabled: true, databaseEnabled: false, handlesAlerts: true, hasTouchScreen: false, javascriptEnabled: true, locationContextEnabled: true, mobileEmulationEnabled: false, nativeEvents: true, networkConnectionEnabled: false, pageLoadStrategy: normal, platform: XP, platformName: XP, rotatable: false, setWindowRect: true, takesHeapSnapshot: true, takesScreenshot: true, unexpectedAlertBehaviour: , unhandledPromptBehavior: , version: 67.0.3396.99, webStorageEnabled: true}
Session ID: 06dd61c3f0890b28a52efc57b3bc66bd)

2018-07-04 15:05:50 - [MESSAGE][FAILED] - Unable to click on object 'Object Repository/New_Test_Create_App/Page_Canvas World/app_submission' (Root cause: org.openqa.selenium.WebDriverException: unknown error: Element <a data-item-id="dialogBtn..." data-item-type="dialog_button" class="btn  ct_btn ct-left-btn dialogBtnOk">Ok</a> is not clickable at point (790, 436). Other element would receive the click: <a data-item-id="dialogBtn..." data-item-type="dialog_button" class="btn  ct_btn ct-left-btn dialogBtnOk">Ok</a>
  (Session info: chrome=67.0.3396.99)
  (Driver info: chromedriver=2.35.528161 (5b82f2d2aae0ca24b877009200ced9065a772e73),platform=Windows NT 6.1.7601 SP1 x86_64) (WARNING: The server did not provide any stacktrace information)
Command duration or timeout: 0 milliseconds
Build info: version: '3.7.1', revision: '8a0099a', time: '2017-11-06T21:07:36.161Z'
System info: host: 'N9449', ip: '172.29.24.220', os.name: 'Windows 7', os.arch: 'amd64', os.version: '6.1', java.version: '1.8.0_102'
Driver info: com.kms.katalon.selenium.driver.CChromeDriver
Capabilities {acceptInsecureCerts: false, acceptSslCerts: false, applicationCacheEnabled: false, browserConnectionEnabled: false, browserName: chrome, chrome: {chromedriverVersion: 2.35.528161 (5b82f2d2aae0ca..., userDataDir: C:\Users\arokia.raj\AppData...}, cssSelectorsEnabled: true, databaseEnabled: false, handlesAlerts: true, hasTouchScreen: false, javascriptEnabled: true, locationContextEnabled: true, mobileEmulationEnabled: false, nativeEvents: true, networkConnectionEnabled: false, pageLoadStrategy: normal, platform: XP, platformName: XP, rotatable: false, setWindowRect: true, takesHeapSnapshot: true, takesScreenshot: true, unexpectedAlertBehaviour: , unhandledPromptBehavior: , version: 67.0.3396.99, webStorageEnabled: true}
Session ID: 06dd61c3f0890b28a52efc57b3bc66bd)
[[ATTACHMENT|D:\\Sheepa\\Katalon\\Studio Smoke Test\\Studio Smoke Test\\Reports\\Grid_Suite\\20180704_145639\\1530696950577.png]]

2018-07-04 15:05:50 - [TEST_STEP][PASSED] - Statement - id = hssfRow.getCell(i): null

2018-07-04 15:05:50 - [TEST_STEP][FAILED] - click: Unable to click on object 'Object Repository/New_Test_Create_Form/Page_Canvas World/span_Create' (Root cause: org.openqa.selenium.WebDriverException: unknown error: Element <span class="workspace_label workspace_label-INIT_WDK">...</span> is not clickable at point (896, 18). Other element would receive the click: <div data-modal-id="modalId-4" data-dialog-type="modal-Dialog" class="modal fade  ct-modal ct-modal__max in" data-backdrop="static" data-keyboard="" data-item-id="modal-4" tabindex="-1" role="dialog" aria-labelledby="myModalLabel" aria-hidden="true" data-fullscreenind="false">...</div>
  (Session info: chrome=67.0.3396.99)
  (Driver info: chromedriver=2.35.528161 (5b82f2d2aae0ca24b877009200ced9065a772e73),platform=Windows NT 6.1.7601 SP1 x86_64) (WARNING: The server did not provide any stacktrace information)
Command duration or timeout: 0 milliseconds
Build info: version: '3.7.1', revision: '8a0099a', time: '2017-11-06T21:07:36.161Z'
System info: host: 'N9449', ip: '172.29.24.220', os.name: 'Windows 7', os.arch: 'amd64', os.version: '6.1', java.version: '1.8.0_102'
Driver info: com.kms.katalon.selenium.driver.CChromeDriver
Capabilities {acceptInsecureCerts: false, acceptSslCerts: false, applicationCacheEnabled: false, browserConnectionEnabled: false, browserName: chrome, chrome: {chromedriverVersion: 2.35.528161 (5b82f2d2aae0ca..., userDataDir: C:\Users\arokia.raj\AppData...}, cssSelectorsEnabled: true, databaseEnabled: false, handlesAlerts: true, hasTouchScreen: false, javascriptEnabled: true, locationContextEnabled: true, mobileEmulationEnabled: false, nativeEvents: true, networkConnectionEnabled: false, pageLoadStrategy: normal, platform: XP, platformName: XP, rotatable: false, setWindowRect: true, takesHeapSnapshot: true, takesScreenshot: true, unexpectedAlertBehaviour: , unhandledPromptBehavior: , version: 67.0.3396.99, webStorageEnabled: true}
Session ID: 06dd61c3f0890b28a52efc57b3bc66bd)

2018-07-04 15:05:51 - [MESSAGE][FAILED] - Unable to click on object 'Object Repository/New_Test_Create_Form/Page_Canvas World/span_Create' (Root cause: org.openqa.selenium.WebDriverException: unknown error: Element <span class="workspace_label workspace_label-INIT_WDK">...</span> is not clickable at point (896, 18). Other element would receive the click: <div data-modal-id="modalId-4" data-dialog-type="modal-Dialog" class="modal fade  ct-modal ct-modal__max in" data-backdrop="static" data-keyboard="" data-item-id="modal-4" tabindex="-1" role="dialog" aria-labelledby="myModalLabel" aria-hidden="true" data-fullscreenind="false">...</div>
  (Session info: chrome=67.0.3396.99)
  (Driver info: chromedriver=2.35.528161 (5b82f2d2aae0ca24b877009200ced9065a772e73),platform=Windows NT 6.1.7601 SP1 x86_64) (WARNING: The server did not provide any stacktrace information)
Command duration or timeout: 0 milliseconds
Build info: version: '3.7.1', revision: '8a0099a', time: '2017-11-06T21:07:36.161Z'
System info: host: 'N9449', ip: '172.29.24.220', os.name: 'Windows 7', os.arch: 'amd64', os.version: '6.1', java.version: '1.8.0_102'
Driver info: com.kms.katalon.selenium.driver.CChromeDriver
Capabilities {acceptInsecureCerts: false, acceptSslCerts: false, applicationCacheEnabled: false, browserConnectionEnabled: false, browserName: chrome, chrome: {chromedriverVersion: 2.35.528161 (5b82f2d2aae0ca..., userDataDir: C:\Users\arokia.raj\AppData...}, cssSelectorsEnabled: true, databaseEnabled: false, handlesAlerts: true, hasTouchScreen: false, javascriptEnabled: true, locationContextEnabled: true, mobileEmulationEnabled: false, nativeEvents: true, networkConnectionEnabled: false, pageLoadStrategy: normal, platform: XP, platformName: XP, rotatable: false, setWindowRect: true, takesHeapSnapshot: true, takesScreenshot: true, unexpectedAlertBehaviour: , unhandledPromptBehavior: , version: 67.0.3396.99, webStorageEnabled: true}
Session ID: 06dd61c3f0890b28a52efc57b3bc66bd)
[[ATTACHMENT|D:\\Sheepa\\Katalon\\Studio Smoke Test\\Studio Smoke Test\\Reports\\Grid_Suite\\20180704_145639\\1530696951066.png]]

2018-07-04 15:05:51 - [TEST_STEP][FAILED] - click: Unable to click on object 'Object Repository/New_Test_Create_App/Page_Canvas World/span_App' (Root cause: org.openqa.selenium.ElementNotVisibleException: element not visible
  (Session info: chrome=67.0.3396.99)
  (Driver info: chromedriver=2.35.528161 (5b82f2d2aae0ca24b877009200ced9065a772e73),platform=Windows NT 6.1.7601 SP1 x86_64) (WARNING: The server did not provide any stacktrace information)
Command duration or timeout: 0 milliseconds
Build info: version: '3.7.1', revision: '8a0099a', time: '2017-11-06T21:07:36.161Z'
System info: host: 'N9449', ip: '172.29.24.220', os.name: 'Windows 7', os.arch: 'amd64', os.version: '6.1', java.version: '1.8.0_102'
Driver info: com.kms.katalon.selenium.driver.CChromeDriver
Capabilities {acceptInsecureCerts: false, acceptSslCerts: false, applicationCacheEnabled: false, browserConnectionEnabled: false, browserName: chrome, chrome: {chromedriverVersion: 2.35.528161 (5b82f2d2aae0ca..., userDataDir: C:\Users\arokia.raj\AppData...}, cssSelectorsEnabled: true, databaseEnabled: false, handlesAlerts: true, hasTouchScreen: false, javascriptEnabled: true, locationContextEnabled: true, mobileEmulationEnabled: false, nativeEvents: true, networkConnectionEnabled: false, pageLoadStrategy: normal, platform: XP, platformName: XP, rotatable: false, setWindowRect: true, takesHeapSnapshot: true, takesScreenshot: true, unexpectedAlertBehaviour: , unhandledPromptBehavior: , version: 67.0.3396.99, webStorageEnabled: true}
Session ID: 06dd61c3f0890b28a52efc57b3bc66bd)

2018-07-04 15:05:51 - [MESSAGE][FAILED] - Unable to click on object 'Object Repository/New_Test_Create_App/Page_Canvas World/span_App' (Root cause: org.openqa.selenium.ElementNotVisibleException: element not visible
  (Session info: chrome=67.0.3396.99)
  (Driver info: chromedriver=2.35.528161 (5b82f2d2aae0ca24b877009200ced9065a772e73),platform=Windows NT 6.1.7601 SP1 x86_64) (WARNING: The server did not provide any stacktrace information)
Command duration or timeout: 0 milliseconds
Build info: version: '3.7.1', revision: '8a0099a', time: '2017-11-06T21:07:36.161Z'
System info: host: 'N9449', ip: '172.29.24.220', os.name: 'Windows 7', os.arch: 'amd64', os.version: '6.1', java.version: '1.8.0_102'
Driver info: com.kms.katalon.selenium.driver.CChromeDriver
Capabilities {acceptInsecureCerts: false, acceptSslCerts: false, applicationCacheEnabled: false, browserConnectionEnabled: false, browserName: chrome, chrome: {chromedriverVersion: 2.35.528161 (5b82f2d2aae0ca..., userDataDir: C:\Users\arokia.raj\AppData...}, cssSelectorsEnabled: true, databaseEnabled: false, handlesAlerts: true, hasTouchScreen: false, javascriptEnabled: true, locationContextEnabled: true, mobileEmulationEnabled: false, nativeEvents: true, networkConnectionEnabled: false, pageLoadStrategy: normal, platform: XP, platformName: XP, rotatable: false, setWindowRect: true, takesHeapSnapshot: true, takesScreenshot: true, unexpectedAlertBehaviour: , unhandledPromptBehavior: , version: 67.0.3396.99, webStorageEnabled: true}
Session ID: 06dd61c3f0890b28a52efc57b3bc66bd)
[[ATTACHMENT|D:\\Sheepa\\Katalon\\Studio Smoke Test\\Studio Smoke Test\\Reports\\Grid_Suite\\20180704_145639\\1530696951548.png]]

2018-07-04 15:05:51 - [TEST_STEP][PASSED] - waitForPageLoad: Wait for page load successfully

2018-07-04 15:05:51 - [MESSAGE][PASSED] - Wait for page load successfully

2018-07-04 15:05:51 - [TEST_STEP][PASSED] - delay: Delayed 5 second(s)

2018-07-04 15:05:56 - [MESSAGE][PASSED] - Delayed 5 second(s)

2018-07-04 15:05:56 - [TEST_STEP][FAILED] - setText: Unable to set text 'A005' of object 'Object Repository/New_Test_Create_App/Page_Canvas World/enter_AppId' (Root cause: org.openqa.selenium.WebDriverException: unknown error: cannot focus element
  (Session info: chrome=67.0.3396.99)
  (Driver info: chromedriver=2.35.528161 (5b82f2d2aae0ca24b877009200ced9065a772e73),platform=Windows NT 6.1.7601 SP1 x86_64) (WARNING: The server did not provide any stacktrace information)
Command duration or timeout: 0 milliseconds
Build info: version: '3.7.1', revision: '8a0099a', time: '2017-11-06T21:07:36.161Z'
System info: host: 'N9449', ip: '172.29.24.220', os.name: 'Windows 7', os.arch: 'amd64', os.version: '6.1', java.version: '1.8.0_102'
Driver info: com.kms.katalon.selenium.driver.CChromeDriver
Capabilities {acceptInsecureCerts: false, acceptSslCerts: false, applicationCacheEnabled: false, browserConnectionEnabled: false, browserName: chrome, chrome: {chromedriverVersion: 2.35.528161 (5b82f2d2aae0ca..., userDataDir: C:\Users\arokia.raj\AppData...}, cssSelectorsEnabled: true, databaseEnabled: false, handlesAlerts: true, hasTouchScreen: false, javascriptEnabled: true, locationContextEnabled: true, mobileEmulationEnabled: false, nativeEvents: true, networkConnectionEnabled: false, pageLoadStrategy: normal, platform: XP, platformName: XP, rotatable: false, setWindowRect: true, takesHeapSnapshot: true, takesScreenshot: true, unexpectedAlertBehaviour: , unhandledPromptBehavior: , version: 67.0.3396.99, webStorageEnabled: true}
Session ID: 06dd61c3f0890b28a52efc57b3bc66bd)

2018-07-04 15:05:57 - [MESSAGE][FAILED] - Unable to set text 'A005' of object 'Object Repository/New_Test_Create_App/Page_Canvas World/enter_AppId' (Root cause: org.openqa.selenium.WebDriverException: unknown error: cannot focus element
  (Session info: chrome=67.0.3396.99)
  (Driver info: chromedriver=2.35.528161 (5b82f2d2aae0ca24b877009200ced9065a772e73),platform=Windows NT 6.1.7601 SP1 x86_64) (WARNING: The server did not provide any stacktrace information)
Command duration or timeout: 0 milliseconds
Build info: version: '3.7.1', revision: '8a0099a', time: '2017-11-06T21:07:36.161Z'
System info: host: 'N9449', ip: '172.29.24.220', os.name: 'Windows 7', os.arch: 'amd64', os.version: '6.1', java.version: '1.8.0_102'
Driver info: com.kms.katalon.selenium.driver.CChromeDriver
Capabilities {acceptInsecureCerts: false, acceptSslCerts: false, applicationCacheEnabled: false, browserConnectionEnabled: false, browserName: chrome, chrome: {chromedriverVersion: 2.35.528161 (5b82f2d2aae0ca..., userDataDir: C:\Users\arokia.raj\AppData...}, cssSelectorsEnabled: true, databaseEnabled: false, handlesAlerts: true, hasTouchScreen: false, javascriptEnabled: true, locationContextEnabled: true, mobileEmulationEnabled: false, nativeEvents: true, networkConnectionEnabled: false, pageLoadStrategy: normal, platform: XP, platformName: XP, rotatable: false, setWindowRect: true, takesHeapSnapshot: true, takesScreenshot: true, unexpectedAlertBehaviour: , unhandledPromptBehavior: , version: 67.0.3396.99, webStorageEnabled: true}
Session ID: 06dd61c3f0890b28a52efc57b3bc66bd)
[[ATTACHMENT|D:\\Sheepa\\Katalon\\Studio Smoke Test\\Studio Smoke Test\\Reports\\Grid_Suite\\20180704_145639\\1530696957184.png]]

2018-07-04 15:05:57 - [TEST_STEP][FAILED] - click: Unable to click on object 'Object Repository/New_Test_Create_App/Page_Canvas World/enter_AppDisplayName' (Root cause: org.openqa.selenium.WebDriverException: unknown error: Element <input id="FRM_CREATE_APP-WGT_DISPLAY_NM" type="TEXT" name="WGT_DISPLAY_NM" data-toggle="tooltip" data-placement="auto" data-original-title="" class="form-control ct-form__ip ct-form__ip-TEXT" aria-labelledby="lbl_WGT_DISPLAY_NM fbl_WGT_DISPLAY_NM"> is not clickable at point (1013, 114). Other element would receive the click: <div data-modal-id="modalId-4" data-dialog-type="modal-Dialog" class="modal fade  ct-modal ct-modal__max in" data-backdrop="static" data-keyboard="" data-item-id="modal-4" tabindex="-1" role="dialog" aria-labelledby="myModalLabel" aria-hidden="true" data-fullscreenind="false">...</div>
  (Session info: chrome=67.0.3396.99)
  (Driver info: chromedriver=2.35.528161 (5b82f2d2aae0ca24b877009200ced9065a772e73),platform=Windows NT 6.1.7601 SP1 x86_64) (WARNING: The server did not provide any stacktrace information)
Command duration or timeout: 0 milliseconds
Build info: version: '3.7.1', revision: '8a0099a', time: '2017-11-06T21:07:36.161Z'
System info: host: 'N9449', ip: '172.29.24.220', os.name: 'Windows 7', os.arch: 'amd64', os.version: '6.1', java.version: '1.8.0_102'
Driver info: com.kms.katalon.selenium.driver.CChromeDriver
Capabilities {acceptInsecureCerts: false, acceptSslCerts: false, applicationCacheEnabled: false, browserConnectionEnabled: false, browserName: chrome, chrome: {chromedriverVersion: 2.35.528161 (5b82f2d2aae0ca..., userDataDir: C:\Users\arokia.raj\AppData...}, cssSelectorsEnabled: true, databaseEnabled: false, handlesAlerts: true, hasTouchScreen: false, javascriptEnabled: true, locationContextEnabled: true, mobileEmulationEnabled: false, nativeEvents: true, networkConnectionEnabled: false, pageLoadStrategy: normal, platform: XP, platformName: XP, rotatable: false, setWindowRect: true, takesHeapSnapshot: true, takesScreenshot: true, unexpectedAlertBehaviour: , unhandledPromptBehavior: , version: 67.0.3396.99, webStorageEnabled: true}
Session ID: 06dd61c3f0890b28a52efc57b3bc66bd)

2018-07-04 15:05:58 - [MESSAGE][FAILED] - Unable to click on object 'Object Repository/New_Test_Create_App/Page_Canvas World/enter_AppDisplayName' (Root cause: org.openqa.selenium.WebDriverException: unknown error: Element <input id="FRM_CREATE_APP-WGT_DISPLAY_NM" type="TEXT" name="WGT_DISPLAY_NM" data-toggle="tooltip" data-placement="auto" data-original-title="" class="form-control ct-form__ip ct-form__ip-TEXT" aria-labelledby="lbl_WGT_DISPLAY_NM fbl_WGT_DISPLAY_NM"> is not clickable at point (1013, 114). Other element would receive the click: <div data-modal-id="modalId-4" data-dialog-type="modal-Dialog" class="modal fade  ct-modal ct-modal__max in" data-backdrop="static" data-keyboard="" data-item-id="modal-4" tabindex="-1" role="dialog" aria-labelledby="myModalLabel" aria-hidden="true" data-fullscreenind="false">...</div>
  (Session info: chrome=67.0.3396.99)
  (Driver info: chromedriver=2.35.528161 (5b82f2d2aae0ca24b877009200ced9065a772e73),platform=Windows NT 6.1.7601 SP1 x86_64) (WARNING: The server did not provide any stacktrace information)
Command duration or timeout: 0 milliseconds
Build info: version: '3.7.1', revision: '8a0099a', time: '2017-11-06T21:07:36.161Z'
System info: host: 'N9449', ip: '172.29.24.220', os.name: 'Windows 7', os.arch: 'amd64', os.version: '6.1', java.version: '1.8.0_102'
Driver info: com.kms.katalon.selenium.driver.CChromeDriver
Capabilities {acceptInsecureCerts: false, acceptSslCerts: false, applicationCacheEnabled: false, browserConnectionEnabled: false, browserName: chrome, chrome: {chromedriverVersion: 2.35.528161 (5b82f2d2aae0ca..., userDataDir: C:\Users\arokia.raj\AppData...}, cssSelectorsEnabled: true, databaseEnabled: false, handlesAlerts: true, hasTouchScreen: false, javascriptEnabled: true, locationContextEnabled: true, mobileEmulationEnabled: false, nativeEvents: true, networkConnectionEnabled: false, pageLoadStrategy: normal, platform: XP, platformName: XP, rotatable: false, setWindowRect: true, takesHeapSnapshot: true, takesScreenshot: true, unexpectedAlertBehaviour: , unhandledPromptBehavior: , version: 67.0.3396.99, webStorageEnabled: true}
Session ID: 06dd61c3f0890b28a52efc57b3bc66bd)
[[ATTACHMENT|D:\\Sheepa\\Katalon\\Studio Smoke Test\\Studio Smoke Test\\Reports\\Grid_Suite\\20180704_145639\\1530696957792.png]]

2018-07-04 15:05:58 - [TEST_STEP][FAILED] - setText: Unable to set text 'A005' of object 'Object Repository/New_Test_Create_App/Page_Canvas World/enter_AppDisplayName' (Root cause: org.openqa.selenium.WebDriverException: unknown error: cannot focus element
  (Session info: chrome=67.0.3396.99)
  (Driver info: chromedriver=2.35.528161 (5b82f2d2aae0ca24b877009200ced9065a772e73),platform=Windows NT 6.1.7601 SP1 x86_64) (WARNING: The server did not provide any stacktrace information)
Command duration or timeout: 0 milliseconds
Build info: version: '3.7.1', revision: '8a0099a', time: '2017-11-06T21:07:36.161Z'
System info: host: 'N9449', ip: '172.29.24.220', os.name: 'Windows 7', os.arch: 'amd64', os.version: '6.1', java.version: '1.8.0_102'
Driver info: com.kms.katalon.selenium.driver.CChromeDriver
Capabilities {acceptInsecureCerts: false, acceptSslCerts: false, applicationCacheEnabled: false, browserConnectionEnabled: false, browserName: chrome, chrome: {chromedriverVersion: 2.35.528161 (5b82f2d2aae0ca..., userDataDir: C:\Users\arokia.raj\AppData...}, cssSelectorsEnabled: true, databaseEnabled: false, handlesAlerts: true, hasTouchScreen: false, javascriptEnabled: true, locationContextEnabled: true, mobileEmulationEnabled: false, nativeEvents: true, networkConnectionEnabled: false, pageLoadStrategy: normal, platform: XP, platformName: XP, rotatable: false, setWindowRect: true, takesHeapSnapshot: true, takesScreenshot: true, unexpectedAlertBehaviour: , unhandledPromptBehavior: , version: 67.0.3396.99, webStorageEnabled: true}
Session ID: 06dd61c3f0890b28a52efc57b3bc66bd)

2018-07-04 15:05:58 - [MESSAGE][FAILED] - Unable to set text 'A005' of object 'Object Repository/New_Test_Create_App/Page_Canvas World/enter_AppDisplayName' (Root cause: org.openqa.selenium.WebDriverException: unknown error: cannot focus element
  (Session info: chrome=67.0.3396.99)
  (Driver info: chromedriver=2.35.528161 (5b82f2d2aae0ca24b877009200ced9065a772e73),platform=Windows NT 6.1.7601 SP1 x86_64) (WARNING: The server did not provide any stacktrace information)
Command duration or timeout: 0 milliseconds
Build info: version: '3.7.1', revision: '8a0099a', time: '2017-11-06T21:07:36.161Z'
System info: host: 'N9449', ip: '172.29.24.220', os.name: 'Windows 7', os.arch: 'amd64', os.version: '6.1', java.version: '1.8.0_102'
Driver info: com.kms.katalon.selenium.driver.CChromeDriver
Capabilities {acceptInsecureCerts: false, acceptSslCerts: false, applicationCacheEnabled: false, browserConnectionEnabled: false, browserName: chrome, chrome: {chromedriverVersion: 2.35.528161 (5b82f2d2aae0ca..., userDataDir: C:\Users\arokia.raj\AppData...}, cssSelectorsEnabled: true, databaseEnabled: false, handlesAlerts: true, hasTouchScreen: false, javascriptEnabled: true, locationContextEnabled: true, mobileEmulationEnabled: false, nativeEvents: true, networkConnectionEnabled: false, pageLoadStrategy: normal, platform: XP, platformName: XP, rotatable: false, setWindowRect: true, takesHeapSnapshot: true, takesScreenshot: true, unexpectedAlertBehaviour: , unhandledPromptBehavior: , version: 67.0.3396.99, webStorageEnabled: true}
Session ID: 06dd61c3f0890b28a52efc57b3bc66bd)
[[ATTACHMENT|D:\\Sheepa\\Katalon\\Studio Smoke Test\\Studio Smoke Test\\Reports\\Grid_Suite\\20180704_145639\\1530696958382.png]]

2018-07-04 15:05:58 - [TEST_STEP][FAILED] - click: Unable to click on object 'Object Repository/New_Test_Create_App/Page_Canvas World/enter_AppBundleKey' (Root cause: org.openqa.selenium.WebDriverException: unknown error: Element <input id="FRM_CREATE_APP-BUNDLE_KEY" type="TEXT" name="BUNDLE_KEY" data-toggle="tooltip" data-placement="auto" data-original-title="" class="form-control ct-form__ip ct-form__ip-TEXT" aria-labelledby="lbl_BUNDLE_KEY fbl_BUNDLE_KEY"> is not clickable at point (1013, 192). Other element would receive the click: <div data-modal-id="modalId-4" data-dialog-type="modal-Dialog" class="modal fade  ct-modal ct-modal__max in" data-backdrop="static" data-keyboard="" data-item-id="modal-4" tabindex="-1" role="dialog" aria-labelledby="myModalLabel" aria-hidden="true" data-fullscreenind="false">...</div>
  (Session info: chrome=67.0.3396.99)
  (Driver info: chromedriver=2.35.528161 (5b82f2d2aae0ca24b877009200ced9065a772e73),platform=Windows NT 6.1.7601 SP1 x86_64) (WARNING: The server did not provide any stacktrace information)
Command duration or timeout: 0 milliseconds
Build info: version: '3.7.1', revision: '8a0099a', time: '2017-11-06T21:07:36.161Z'
System info: host: 'N9449', ip: '172.29.24.220', os.name: 'Windows 7', os.arch: 'amd64', os.version: '6.1', java.version: '1.8.0_102'
Driver info: com.kms.katalon.selenium.driver.CChromeDriver
Capabilities {acceptInsecureCerts: false, acceptSslCerts: false, applicationCacheEnabled: false, browserConnectionEnabled: false, browserName: chrome, chrome: {chromedriverVersion: 2.35.528161 (5b82f2d2aae0ca..., userDataDir: C:\Users\arokia.raj\AppData...}, cssSelectorsEnabled: true, databaseEnabled: false, handlesAlerts: true, hasTouchScreen: false, javascriptEnabled: true, locationContextEnabled: true, mobileEmulationEnabled: false, nativeEvents: true, networkConnectionEnabled: false, pageLoadStrategy: normal, platform: XP, platformName: XP, rotatable: false, setWindowRect: true, takesHeapSnapshot: true, takesScreenshot: true, unexpectedAlertBehaviour: , unhandledPromptBehavior: , version: 67.0.3396.99, webStorageEnabled: true}
Session ID: 06dd61c3f0890b28a52efc57b3bc66bd)

2018-07-04 15:05:59 - [MESSAGE][FAILED] - Unable to click on object 'Object Repository/New_Test_Create_App/Page_Canvas World/enter_AppBundleKey' (Root cause: org.openqa.selenium.WebDriverException: unknown error: Element <input id="FRM_CREATE_APP-BUNDLE_KEY" type="TEXT" name="BUNDLE_KEY" data-toggle="tooltip" data-placement="auto" data-original-title="" class="form-control ct-form__ip ct-form__ip-TEXT" aria-labelledby="lbl_BUNDLE_KEY fbl_BUNDLE_KEY"> is not clickable at point (1013, 192). Other element would receive the click: <div data-modal-id="modalId-4" data-dialog-type="modal-Dialog" class="modal fade  ct-modal ct-modal__max in" data-backdrop="static" data-keyboard="" data-item-id="modal-4" tabindex="-1" role="dialog" aria-labelledby="myModalLabel" aria-hidden="true" data-fullscreenind="false">...</div>
  (Session info: chrome=67.0.3396.99)
  (Driver info: chromedriver=2.35.528161 (5b82f2d2aae0ca24b877009200ced9065a772e73),platform=Windows NT 6.1.7601 SP1 x86_64) (WARNING: The server did not provide any stacktrace information)
Command duration or timeout: 0 milliseconds
Build info: version: '3.7.1', revision: '8a0099a', time: '2017-11-06T21:07:36.161Z'
System info: host: 'N9449', ip: '172.29.24.220', os.name: 'Windows 7', os.arch: 'amd64', os.version: '6.1', java.version: '1.8.0_102'
Driver info: com.kms.katalon.selenium.driver.CChromeDriver
Capabilities {acceptInsecureCerts: false, acceptSslCerts: false, applicationCacheEnabled: false, browserConnectionEnabled: false, browserName: chrome, chrome: {chromedriverVersion: 2.35.528161 (5b82f2d2aae0ca..., userDataDir: C:\Users\arokia.raj\AppData...}, cssSelectorsEnabled: true, databaseEnabled: false, handlesAlerts: true, hasTouchScreen: false, javascriptEnabled: true, locationContextEnabled: true, mobileEmulationEnabled: false, nativeEvents: true, networkConnectionEnabled: false, pageLoadStrategy: normal, platform: XP, platformName: XP, rotatable: false, setWindowRect: true, takesHeapSnapshot: true, takesScreenshot: true, unexpectedAlertBehaviour: , unhandledPromptBehavior: , version: 67.0.3396.99, webStorageEnabled: true}
Session ID: 06dd61c3f0890b28a52efc57b3bc66bd)
[[ATTACHMENT|D:\\Sheepa\\Katalon\\Studio Smoke Test\\Studio Smoke Test\\Reports\\Grid_Suite\\20180704_145639\\1530696958948.png]]

2018-07-04 15:05:59 - [TEST_STEP][FAILED] - setText: Unable to set text 'common' of object 'Object Repository/New_Test_Create_App/Page_Canvas World/enter_AppBundleKey' (Root cause: org.openqa.selenium.WebDriverException: unknown error: cannot focus element
  (Session info: chrome=67.0.3396.99)
  (Driver info: chromedriver=2.35.528161 (5b82f2d2aae0ca24b877009200ced9065a772e73),platform=Windows NT 6.1.7601 SP1 x86_64) (WARNING: The server did not provide any stacktrace information)
Command duration or timeout: 0 milliseconds
Build info: version: '3.7.1', revision: '8a0099a', time: '2017-11-06T21:07:36.161Z'
System info: host: 'N9449', ip: '172.29.24.220', os.name: 'Windows 7', os.arch: 'amd64', os.version: '6.1', java.version: '1.8.0_102'
Driver info: com.kms.katalon.selenium.driver.CChromeDriver
Capabilities {acceptInsecureCerts: false, acceptSslCerts: false, applicationCacheEnabled: false, browserConnectionEnabled: false, browserName: chrome, chrome: {chromedriverVersion: 2.35.528161 (5b82f2d2aae0ca..., userDataDir: C:\Users\arokia.raj\AppData...}, cssSelectorsEnabled: true, databaseEnabled: false, handlesAlerts: true, hasTouchScreen: false, javascriptEnabled: true, locationContextEnabled: true, mobileEmulationEnabled: false, nativeEvents: true, networkConnectionEnabled: false, pageLoadStrategy: normal, platform: XP, platformName: XP, rotatable: false, setWindowRect: true, takesHeapSnapshot: true, takesScreenshot: true, unexpectedAlertBehaviour: , unhandledPromptBehavior: , version: 67.0.3396.99, webStorageEnabled: true}
Session ID: 06dd61c3f0890b28a52efc57b3bc66bd)

2018-07-04 15:05:59 - [MESSAGE][FAILED] - Unable to set text 'common' of object 'Object Repository/New_Test_Create_App/Page_Canvas World/enter_AppBundleKey' (Root cause: org.openqa.selenium.WebDriverException: unknown error: cannot focus element
  (Session info: chrome=67.0.3396.99)
  (Driver info: chromedriver=2.35.528161 (5b82f2d2aae0ca24b877009200ced9065a772e73),platform=Windows NT 6.1.7601 SP1 x86_64) (WARNING: The server did not provide any stacktrace information)
Command duration or timeout: 0 milliseconds
Build info: version: '3.7.1', revision: '8a0099a', time: '2017-11-06T21:07:36.161Z'
System info: host: 'N9449', ip: '172.29.24.220', os.name: 'Windows 7', os.arch: 'amd64', os.version: '6.1', java.version: '1.8.0_102'
Driver info: com.kms.katalon.selenium.driver.CChromeDriver
Capabilities {acceptInsecureCerts: false, acceptSslCerts: false, applicationCacheEnabled: false, browserConnectionEnabled: false, browserName: chrome, chrome: {chromedriverVersion: 2.35.528161 (5b82f2d2aae0ca..., userDataDir: C:\Users\arokia.raj\AppData...}, cssSelectorsEnabled: true, databaseEnabled: false, handlesAlerts: true, hasTouchScreen: false, javascriptEnabled: true, locationContextEnabled: true, mobileEmulationEnabled: false, nativeEvents: true, networkConnectionEnabled: false, pageLoadStrategy: normal, platform: XP, platformName: XP, rotatable: false, setWindowRect: true, takesHeapSnapshot: true, takesScreenshot: true, unexpectedAlertBehaviour: , unhandledPromptBehavior: , version: 67.0.3396.99, webStorageEnabled: true}
Session ID: 06dd61c3f0890b28a52efc57b3bc66bd)
[[ATTACHMENT|D:\\Sheepa\\Katalon\\Studio Smoke Test\\Studio Smoke Test\\Reports\\Grid_Suite\\20180704_145639\\1530696959533.png]]

2018-07-04 15:05:59 - [TEST_STEP][FAILED] - click: Unable to click on object 'Object Repository/New_Test_Create_App/Page_Canvas World/enter_View_Link_App' (Root cause: org.openqa.selenium.WebDriverException: unknown error: Element <span class="input-group-addon ct-editlkp" data-toggle="tooltip" data-placement="auto" data-original-title="" data-item-id="ct-lookup-search">...</span> is not clickable at point (614, 444). Other element would receive the click: <div class="row">...</div>
  (Session info: chrome=67.0.3396.99)
  (Driver info: chromedriver=2.35.528161 (5b82f2d2aae0ca24b877009200ced9065a772e73),platform=Windows NT 6.1.7601 SP1 x86_64) (WARNING: The server did not provide any stacktrace information)
Command duration or timeout: 0 milliseconds
Build info: version: '3.7.1', revision: '8a0099a', time: '2017-11-06T21:07:36.161Z'
System info: host: 'N9449', ip: '172.29.24.220', os.name: 'Windows 7', os.arch: 'amd64', os.version: '6.1', java.version: '1.8.0_102'
Driver info: com.kms.katalon.selenium.driver.CChromeDriver
Capabilities {acceptInsecureCerts: false, acceptSslCerts: false, applicationCacheEnabled: false, browserConnectionEnabled: false, browserName: chrome, chrome: {chromedriverVersion: 2.35.528161 (5b82f2d2aae0ca..., userDataDir: C:\Users\arokia.raj\AppData...}, cssSelectorsEnabled: true, databaseEnabled: false, handlesAlerts: true, hasTouchScreen: false, javascriptEnabled: true, locationContextEnabled: true, mobileEmulationEnabled: false, nativeEvents: true, networkConnectionEnabled: false, pageLoadStrategy: normal, platform: XP, platformName: XP, rotatable: false, setWindowRect: true, takesHeapSnapshot: true, takesScreenshot: true, unexpectedAlertBehaviour: , unhandledPromptBehavior: , version: 67.0.3396.99, webStorageEnabled: true}
Session ID: 06dd61c3f0890b28a52efc57b3bc66bd)

2018-07-04 15:06:00 - [MESSAGE][FAILED] - Unable to click on object 'Object Repository/New_Test_Create_App/Page_Canvas World/enter_View_Link_App' (Root cause: org.openqa.selenium.WebDriverException: unknown error: Element <span class="input-group-addon ct-editlkp" data-toggle="tooltip" data-placement="auto" data-original-title="" data-item-id="ct-lookup-search">...</span> is not clickable at point (614, 444). Other element would receive the click: <div class="row">...</div>
  (Session info: chrome=67.0.3396.99)
  (Driver info: chromedriver=2.35.528161 (5b82f2d2aae0ca24b877009200ced9065a772e73),platform=Windows NT 6.1.7601 SP1 x86_64) (WARNING: The server did not provide any stacktrace information)
Command duration or timeout: 0 milliseconds
Build info: version: '3.7.1', revision: '8a0099a', time: '2017-11-06T21:07:36.161Z'
System info: host: 'N9449', ip: '172.29.24.220', os.name: 'Windows 7', os.arch: 'amd64', os.version: '6.1', java.version: '1.8.0_102'
Driver info: com.kms.katalon.selenium.driver.CChromeDriver
Capabilities {acceptInsecureCerts: false, acceptSslCerts: false, applicationCacheEnabled: false, browserConnectionEnabled: false, browserName: chrome, chrome: {chromedriverVersion: 2.35.528161 (5b82f2d2aae0ca..., userDataDir: C:\Users\arokia.raj\AppData...}, cssSelectorsEnabled: true, databaseEnabled: false, handlesAlerts: true, hasTouchScreen: false, javascriptEnabled: true, locationContextEnabled: true, mobileEmulationEnabled: false, nativeEvents: true, networkConnectionEnabled: false, pageLoadStrategy: normal, platform: XP, platformName: XP, rotatable: false, setWindowRect: true, takesHeapSnapshot: true, takesScreenshot: true, unexpectedAlertBehaviour: , unhandledPromptBehavior: , version: 67.0.3396.99, webStorageEnabled: true}
Session ID: 06dd61c3f0890b28a52efc57b3bc66bd)
[[ATTACHMENT|D:\\Sheepa\\Katalon\\Studio Smoke Test\\Studio Smoke Test\\Reports\\Grid_Suite\\20180704_145639\\1530696960110.png]]

2018-07-04 15:06:00 - [TEST_STEP][PASSED] - Statement - selectview = "//span[starts-with(text(), '" + java.lang.String.valueOf(id) + "')]": null

2018-07-04 15:06:00 - [TEST_STEP][PASSED] - Statement - println(selectview): null

2018-07-04 15:06:00 - [TEST_STEP][PASSED] - Statement - dynamicObject = new com.kms.katalon.core.testobject.TestObject(selectview).addProperty("xpath", EQUALS, selectview, true): null

2018-07-04 15:06:00 - [TEST_STEP][PASSED] - waitForElementVisible: Web element with id: '//span[starts-with(text(), 'A005')]' located by 'By.xpath: //span[starts-with(text(), 'A005')]' not found

2018-07-04 15:06:03 - [MESSAGE][WARNING] - Web element with id: '//span[starts-with(text(), 'A005')]' located by 'By.xpath: //span[starts-with(text(), 'A005')]' not found

2018-07-04 15:06:03 - [TEST_STEP][FAILED] - doubleClick: Unable to double click on object '//span[starts-with(text(), 'A005')]' (Root cause: org.openqa.selenium.WebDriverException: chrome not reachable
  (Session info: chrome=67.0.3396.99)
  (Driver info: chromedriver=2.35.528161 (5b82f2d2aae0ca24b877009200ced9065a772e73),platform=Windows NT 6.1.7601 SP1 x86_64) (WARNING: The server did not provide any stacktrace information)
Command duration or timeout: 0 milliseconds
Build info: version: '3.7.1', revision: '8a0099a', time: '2017-11-06T21:07:36.161Z'
System info: host: 'N9449', ip: '172.29.24.220', os.name: 'Windows 7', os.arch: 'amd64', os.version: '6.1', java.version: '1.8.0_102'
Driver info: com.kms.katalon.selenium.driver.CChromeDriver
Capabilities {acceptInsecureCerts: false, acceptSslCerts: false, applicationCacheEnabled: false, browserConnectionEnabled: false, browserName: chrome, chrome: {chromedriverVersion: 2.35.528161 (5b82f2d2aae0ca..., userDataDir: C:\Users\arokia.raj\AppData...}, cssSelectorsEnabled: true, databaseEnabled: false, handlesAlerts: true, hasTouchScreen: false, javascriptEnabled: true, locationContextEnabled: true, mobileEmulationEnabled: false, nativeEvents: true, networkConnectionEnabled: false, pageLoadStrategy: normal, platform: XP, platformName: XP, rotatable: false, setWindowRect: true, takesHeapSnapshot: true, takesScreenshot: true, unexpectedAlertBehaviour: , unhandledPromptBehavior: , version: 67.0.3396.99, webStorageEnabled: true}
Session ID: 06dd61c3f0890b28a52efc57b3bc66bd
*** Element info: {Using=xpath, value=//span[starts-with(text(), 'A005')]})

2018-07-04 15:06:20 - [MESSAGE][WARNING] - Cannot take screenshot

2018-07-04 15:06:20 - [MESSAGE][FAILED] - Unable to double click on object '//span[starts-with(text(), 'A005')]' (Root cause: org.openqa.selenium.WebDriverException: chrome not reachable
  (Session info: chrome=67.0.3396.99)
  (Driver info: chromedriver=2.35.528161 (5b82f2d2aae0ca24b877009200ced9065a772e73),platform=Windows NT 6.1.7601 SP1 x86_64) (WARNING: The server did not provide any stacktrace information)
Command duration or timeout: 0 milliseconds
Build info: version: '3.7.1', revision: '8a0099a', time: '2017-11-06T21:07:36.161Z'
System info: host: 'N9449', ip: '172.29.24.220', os.name: 'Windows 7', os.arch: 'amd64', os.version: '6.1', java.version: '1.8.0_102'
Driver info: com.kms.katalon.selenium.driver.CChromeDriver
Capabilities {acceptInsecureCerts: false, acceptSslCerts: false, applicationCacheEnabled: false, browserConnectionEnabled: false, browserName: chrome, chrome: {chromedriverVersion: 2.35.528161 (5b82f2d2aae0ca..., userDataDir: C:\Users\arokia.raj\AppData...}, cssSelectorsEnabled: true, databaseEnabled: false, handlesAlerts: true, hasTouchScreen: false, javascriptEnabled: true, locationContextEnabled: true, mobileEmulationEnabled: false, nativeEvents: true, networkConnectionEnabled: false, pageLoadStrategy: normal, platform: XP, platformName: XP, rotatable: false, setWindowRect: true, takesHeapSnapshot: true, takesScreenshot: true, unexpectedAlertBehaviour: , unhandledPromptBehavior: , version: 67.0.3396.99, webStorageEnabled: true}
Session ID: 06dd61c3f0890b28a52efc57b3bc66bd
*** Element info: {Using=xpath, value=//span[starts-with(text(), 'A005')]})

2018-07-04 15:06:20 - [TEST_STEP][FAILED] - doubleClick: Unable to double click on object '//span[starts-with(text(), 'A005')]' (Root cause: org.openqa.selenium.WebDriverException: chrome not reachable
  (Session info: chrome=67.0.3396.99)
  (Driver info: chromedriver=2.35.528161 (5b82f2d2aae0ca24b877009200ced9065a772e73),platform=Windows NT 6.1.7601 SP1 x86_64) (WARNING: The server did not provide any stacktrace information)
Command duration or timeout: 0 milliseconds
Build info: version: '3.7.1', revision: '8a0099a', time: '2017-11-06T21:07:36.161Z'
System info: host: 'N9449', ip: '172.29.24.220', os.name: 'Windows 7', os.arch: 'amd64', os.version: '6.1', java.version: '1.8.0_102'
Driver info: com.kms.katalon.selenium.driver.CChromeDriver
Capabilities {acceptInsecureCerts: false, acceptSslCerts: false, applicationCacheEnabled: false, browserConnectionEnabled: false, browserName: chrome, chrome: {chromedriverVersion: 2.35.528161 (5b82f2d2aae0ca..., userDataDir: C:\Users\arokia.raj\AppData...}, cssSelectorsEnabled: true, databaseEnabled: false, handlesAlerts: true, hasTouchScreen: false, javascriptEnabled: true, locationContextEnabled: true, mobileEmulationEnabled: false, nativeEvents: true, networkConnectionEnabled: false, pageLoadStrategy: normal, platform: XP, platformName: XP, rotatable: false, setWindowRect: true, takesHeapSnapshot: true, takesScreenshot: true, unexpectedAlertBehaviour: , unhandledPromptBehavior: , version: 67.0.3396.99, webStorageEnabled: true}
Session ID: 06dd61c3f0890b28a52efc57b3bc66bd
*** Element info: {Using=xpath, value=//span[starts-with(text(), 'A005')]})

2018-07-04 15:06:29 - [MESSAGE][WARNING] - Cannot take screenshot

2018-07-04 15:06:29 - [MESSAGE][FAILED] - Unable to double click on object '//span[starts-with(text(), 'A005')]' (Root cause: org.openqa.selenium.WebDriverException: chrome not reachable
  (Session info: chrome=67.0.3396.99)
  (Driver info: chromedriver=2.35.528161 (5b82f2d2aae0ca24b877009200ced9065a772e73),platform=Windows NT 6.1.7601 SP1 x86_64) (WARNING: The server did not provide any stacktrace information)
Command duration or timeout: 0 milliseconds
Build info: version: '3.7.1', revision: '8a0099a', time: '2017-11-06T21:07:36.161Z'
System info: host: 'N9449', ip: '172.29.24.220', os.name: 'Windows 7', os.arch: 'amd64', os.version: '6.1', java.version: '1.8.0_102'
Driver info: com.kms.katalon.selenium.driver.CChromeDriver
Capabilities {acceptInsecureCerts: false, acceptSslCerts: false, applicationCacheEnabled: false, browserConnectionEnabled: false, browserName: chrome, chrome: {chromedriverVersion: 2.35.528161 (5b82f2d2aae0ca..., userDataDir: C:\Users\arokia.raj\AppData...}, cssSelectorsEnabled: true, databaseEnabled: false, handlesAlerts: true, hasTouchScreen: false, javascriptEnabled: true, locationContextEnabled: true, mobileEmulationEnabled: false, nativeEvents: true, networkConnectionEnabled: false, pageLoadStrategy: normal, platform: XP, platformName: XP, rotatable: false, setWindowRect: true, takesHeapSnapshot: true, takesScreenshot: true, unexpectedAlertBehaviour: , unhandledPromptBehavior: , version: 67.0.3396.99, webStorageEnabled: true}
Session ID: 06dd61c3f0890b28a52efc57b3bc66bd
*** Element info: {Using=xpath, value=//span[starts-with(text(), 'A005')]})

2018-07-04 15:06:29 - [TEST_STEP][PASSED] - delay: Delayed 3 second(s)

2018-07-04 15:06:32 - [MESSAGE][PASSED] - Delayed 3 second(s)

2018-07-04 15:06:32 - [TEST_STEP][NOT_RUN] - click: NOT_RUN: click

2018-07-04 15:06:32 - [MESSAGE][NOT_RUN] - NOT_RUN: click

2018-07-04 15:06:32 - [TEST_STEP][NOT_RUN] - doubleClick: NOT_RUN: doubleClick

2018-07-04 15:06:32 - [MESSAGE][NOT_RUN] - NOT_RUN: doubleClick

2018-07-04 15:06:32 - [TEST_STEP][PASSED] - delay: Delayed 3 second(s)

2018-07-04 15:06:35 - [MESSAGE][PASSED] - Delayed 3 second(s)

2018-07-04 15:06:35 - [TEST_STEP][FAILED] - click: Unable to click on object 'Object Repository/New_Test_Create_App/Page_Canvas World/app_Submit' (Root cause: org.openqa.selenium.WebDriverException: chrome not reachable
  (Session info: chrome=67.0.3396.99)
  (Driver info: chromedriver=2.35.528161 (5b82f2d2aae0ca24b877009200ced9065a772e73),platform=Windows NT 6.1.7601 SP1 x86_64) (WARNING: The server did not provide any stacktrace information)
Command duration or timeout: 0 milliseconds
Build info: version: '3.7.1', revision: '8a0099a', time: '2017-11-06T21:07:36.161Z'
System info: host: 'N9449', ip: '172.29.24.220', os.name: 'Windows 7', os.arch: 'amd64', os.version: '6.1', java.version: '1.8.0_102'
Driver info: com.kms.katalon.selenium.driver.CChromeDriver
Capabilities {acceptInsecureCerts: false, acceptSslCerts: false, applicationCacheEnabled: false, browserConnectionEnabled: false, browserName: chrome, chrome: {chromedriverVersion: 2.35.528161 (5b82f2d2aae0ca..., userDataDir: C:\Users\arokia.raj\AppData...}, cssSelectorsEnabled: true, databaseEnabled: false, handlesAlerts: true, hasTouchScreen: false, javascriptEnabled: true, locationContextEnabled: true, mobileEmulationEnabled: false, nativeEvents: true, networkConnectionEnabled: false, pageLoadStrategy: normal, platform: XP, platformName: XP, rotatable: false, setWindowRect: true, takesHeapSnapshot: true, takesScreenshot: true, unexpectedAlertBehaviour: , unhandledPromptBehavior: , version: 67.0.3396.99, webStorageEnabled: true}
Session ID: 06dd61c3f0890b28a52efc57b3bc66bd
*** Element info: {Using=xpath, value=//a[contains(text(),'Submit')]})

2018-07-04 15:06:45 - [MESSAGE][WARNING] - Cannot take screenshot

2018-07-04 15:06:45 - [MESSAGE][FAILED] - Unable to click on object 'Object Repository/New_Test_Create_App/Page_Canvas World/app_Submit' (Root cause: org.openqa.selenium.WebDriverException: chrome not reachable
  (Session info: chrome=67.0.3396.99)
  (Driver info: chromedriver=2.35.528161 (5b82f2d2aae0ca24b877009200ced9065a772e73),platform=Windows NT 6.1.7601 SP1 x86_64) (WARNING: The server did not provide any stacktrace information)
Command duration or timeout: 0 milliseconds
Build info: version: '3.7.1', revision: '8a0099a', time: '2017-11-06T21:07:36.161Z'
System info: host: 'N9449', ip: '172.29.24.220', os.name: 'Windows 7', os.arch: 'amd64', os.version: '6.1', java.version: '1.8.0_102'
Driver info: com.kms.katalon.selenium.driver.CChromeDriver
Capabilities {acceptInsecureCerts: false, acceptSslCerts: false, applicationCacheEnabled: false, browserConnectionEnabled: false, browserName: chrome, chrome: {chromedriverVersion: 2.35.528161 (5b82f2d2aae0ca..., userDataDir: C:\Users\arokia.raj\AppData...}, cssSelectorsEnabled: true, databaseEnabled: false, handlesAlerts: true, hasTouchScreen: false, javascriptEnabled: true, locationContextEnabled: true, mobileEmulationEnabled: false, nativeEvents: true, networkConnectionEnabled: false, pageLoadStrategy: normal, platform: XP, platformName: XP, rotatable: false, setWindowRect: true, takesHeapSnapshot: true, takesScreenshot: true, unexpectedAlertBehaviour: , unhandledPromptBehavior: , version: 67.0.3396.99, webStorageEnabled: true}
Session ID: 06dd61c3f0890b28a52efc57b3bc66bd
*** Element info: {Using=xpath, value=//a[contains(text(),'Submit')]})

2018-07-04 15:06:45 - [TEST_STEP][PASSED] - delay: Delayed 3 second(s)

2018-07-04 15:06:48 - [MESSAGE][PASSED] - Delayed 3 second(s)

2018-07-04 15:06:48 - [TEST_STEP][FAILED] - click: Unable to click on object 'Object Repository/New_Test_Create_App/Page_Canvas World/app_submission' (Root cause: org.openqa.selenium.WebDriverException: chrome not reachable
  (Session info: chrome=67.0.3396.99)
  (Driver info: chromedriver=2.35.528161 (5b82f2d2aae0ca24b877009200ced9065a772e73),platform=Windows NT 6.1.7601 SP1 x86_64) (WARNING: The server did not provide any stacktrace information)
Command duration or timeout: 0 milliseconds
Build info: version: '3.7.1', revision: '8a0099a', time: '2017-11-06T21:07:36.161Z'
System info: host: 'N9449', ip: '172.29.24.220', os.name: 'Windows 7', os.arch: 'amd64', os.version: '6.1', java.version: '1.8.0_102'
Driver info: com.kms.katalon.selenium.driver.CChromeDriver
Capabilities {acceptInsecureCerts: false, acceptSslCerts: false, applicationCacheEnabled: false, browserConnectionEnabled: false, browserName: chrome, chrome: {chromedriverVersion: 2.35.528161 (5b82f2d2aae0ca..., userDataDir: C:\Users\arokia.raj\AppData...}, cssSelectorsEnabled: true, databaseEnabled: false, handlesAlerts: true, hasTouchScreen: false, javascriptEnabled: true, locationContextEnabled: true, mobileEmulationEnabled: false, nativeEvents: true, networkConnectionEnabled: false, pageLoadStrategy: normal, platform: XP, platformName: XP, rotatable: false, setWindowRect: true, takesHeapSnapshot: true, takesScreenshot: true, unexpectedAlertBehaviour: , unhandledPromptBehavior: , version: 67.0.3396.99, webStorageEnabled: true}
Session ID: 06dd61c3f0890b28a52efc57b3bc66bd
*** Element info: {Using=xpath, value=//a[contains(text(),'Ok')]})

2018-07-04 15:06:56 - [MESSAGE][WARNING] - Cannot take screenshot

2018-07-04 15:06:56 - [MESSAGE][FAILED] - Unable to click on object 'Object Repository/New_Test_Create_App/Page_Canvas World/app_submission' (Root cause: org.openqa.selenium.WebDriverException: chrome not reachable
  (Session info: chrome=67.0.3396.99)
  (Driver info: chromedriver=2.35.528161 (5b82f2d2aae0ca24b877009200ced9065a772e73),platform=Windows NT 6.1.7601 SP1 x86_64) (WARNING: The server did not provide any stacktrace information)
Command duration or timeout: 0 milliseconds
Build info: version: '3.7.1', revision: '8a0099a', time: '2017-11-06T21:07:36.161Z'
System info: host: 'N9449', ip: '172.29.24.220', os.name: 'Windows 7', os.arch: 'amd64', os.version: '6.1', java.version: '1.8.0_102'
Driver info: com.kms.katalon.selenium.driver.CChromeDriver
Capabilities {acceptInsecureCerts: false, acceptSslCerts: false, applicationCacheEnabled: false, browserConnectionEnabled: false, browserName: chrome, chrome: {chromedriverVersion: 2.35.528161 (5b82f2d2aae0ca..., userDataDir: C:\Users\arokia.raj\AppData...}, cssSelectorsEnabled: true, databaseEnabled: false, handlesAlerts: true, hasTouchScreen: false, javascriptEnabled: true, locationContextEnabled: true, mobileEmulationEnabled: false, nativeEvents: true, networkConnectionEnabled: false, pageLoadStrategy: normal, platform: XP, platformName: XP, rotatable: false, setWindowRect: true, takesHeapSnapshot: true, takesScreenshot: true, unexpectedAlertBehaviour: , unhandledPromptBehavior: , version: 67.0.3396.99, webStorageEnabled: true}
Session ID: 06dd61c3f0890b28a52efc57b3bc66bd
*** Element info: {Using=xpath, value=//a[contains(text(),'Ok')]})

2018-07-04 15:06:56 - [TEST_STEP][PASSED] - Statement - id = hssfRow.getCell(i): null

2018-07-04 15:06:56 - [TEST_STEP][FAILED] - click: Unable to click on object 'Object Repository/New_Test_Create_Form/Page_Canvas World/span_Create' (Root cause: org.openqa.selenium.WebDriverException: chrome not reachable
  (Session info: chrome=67.0.3396.99)
  (Driver info: chromedriver=2.35.528161 (5b82f2d2aae0ca24b877009200ced9065a772e73),platform=Windows NT 6.1.7601 SP1 x86_64) (WARNING: The server did not provide any stacktrace information)
Command duration or timeout: 0 milliseconds
Build info: version: '3.7.1', revision: '8a0099a', time: '2017-11-06T21:07:36.161Z'
System info: host: 'N9449', ip: '172.29.24.220', os.name: 'Windows 7', os.arch: 'amd64', os.version: '6.1', java.version: '1.8.0_102'
Driver info: com.kms.katalon.selenium.driver.CChromeDriver
Capabilities {acceptInsecureCerts: false, acceptSslCerts: false, applicationCacheEnabled: false, browserConnectionEnabled: false, browserName: chrome, chrome: {chromedriverVersion: 2.35.528161 (5b82f2d2aae0ca..., userDataDir: C:\Users\arokia.raj\AppData...}, cssSelectorsEnabled: true, databaseEnabled: false, handlesAlerts: true, hasTouchScreen: false, javascriptEnabled: true, locationContextEnabled: true, mobileEmulationEnabled: false, nativeEvents: true, networkConnectionEnabled: false, pageLoadStrategy: normal, platform: XP, platformName: XP, rotatable: false, setWindowRect: true, takesHeapSnapshot: true, takesScreenshot: true, unexpectedAlertBehaviour: , unhandledPromptBehavior: , version: 67.0.3396.99, webStorageEnabled: true}
Session ID: 06dd61c3f0890b28a52efc57b3bc66bd
*** Element info: {Using=xpath, value=//span[contains(text(),'Create')]})

2018-07-04 15:07:04 - [MESSAGE][WARNING] - Cannot take screenshot

2018-07-04 15:07:04 - [MESSAGE][FAILED] - Unable to click on object 'Object Repository/New_Test_Create_Form/Page_Canvas World/span_Create' (Root cause: org.openqa.selenium.WebDriverException: chrome not reachable
  (Session info: chrome=67.0.3396.99)
  (Driver info: chromedriver=2.35.528161 (5b82f2d2aae0ca24b877009200ced9065a772e73),platform=Windows NT 6.1.7601 SP1 x86_64) (WARNING: The server did not provide any stacktrace information)
Command duration or timeout: 0 milliseconds
Build info: version: '3.7.1', revision: '8a0099a', time: '2017-11-06T21:07:36.161Z'
System info: host: 'N9449', ip: '172.29.24.220', os.name: 'Windows 7', os.arch: 'amd64', os.version: '6.1', java.version: '1.8.0_102'
Driver info: com.kms.katalon.selenium.driver.CChromeDriver
Capabilities {acceptInsecureCerts: false, acceptSslCerts: false, applicationCacheEnabled: false, browserConnectionEnabled: false, browserName: chrome, chrome: {chromedriverVersion: 2.35.528161 (5b82f2d2aae0ca..., userDataDir: C:\Users\arokia.raj\AppData...}, cssSelectorsEnabled: true, databaseEnabled: false, handlesAlerts: true, hasTouchScreen: false, javascriptEnabled: true, locationContextEnabled: true, mobileEmulationEnabled: false, nativeEvents: true, networkConnectionEnabled: false, pageLoadStrategy: normal, platform: XP, platformName: XP, rotatable: false, setWindowRect: true, takesHeapSnapshot: true, takesScreenshot: true, unexpectedAlertBehaviour: , unhandledPromptBehavior: , version: 67.0.3396.99, webStorageEnabled: true}
Session ID: 06dd61c3f0890b28a52efc57b3bc66bd
*** Element info: {Using=xpath, value=//span[contains(text(),'Create')]})

2018-07-04 15:07:04 - [TEST_STEP][FAILED] - click: Unable to click on object 'Object Repository/New_Test_Create_App/Page_Canvas World/span_App' (Root cause: org.openqa.selenium.WebDriverException: chrome not reachable
  (Session info: chrome=67.0.3396.99)
  (Driver info: chromedriver=2.35.528161 (5b82f2d2aae0ca24b877009200ced9065a772e73),platform=Windows NT 6.1.7601 SP1 x86_64) (WARNING: The server did not provide any stacktrace information)
Command duration or timeout: 0 milliseconds
Build info: version: '3.7.1', revision: '8a0099a', time: '2017-11-06T21:07:36.161Z'
System info: host: 'N9449', ip: '172.29.24.220', os.name: 'Windows 7', os.arch: 'amd64', os.version: '6.1', java.version: '1.8.0_102'
Driver info: com.kms.katalon.selenium.driver.CChromeDriver
Capabilities {acceptInsecureCerts: false, acceptSslCerts: false, applicationCacheEnabled: false, browserConnectionEnabled: false, browserName: chrome, chrome: {chromedriverVersion: 2.35.528161 (5b82f2d2aae0ca..., userDataDir: C:\Users\arokia.raj\AppData...}, cssSelectorsEnabled: true, databaseEnabled: false, handlesAlerts: true, hasTouchScreen: false, javascriptEnabled: true, locationContextEnabled: true, mobileEmulationEnabled: false, nativeEvents: true, networkConnectionEnabled: false, pageLoadStrategy: normal, platform: XP, platformName: XP, rotatable: false, setWindowRect: true, takesHeapSnapshot: true, takesScreenshot: true, unexpectedAlertBehaviour: , unhandledPromptBehavior: , version: 67.0.3396.99, webStorageEnabled: true}
Session ID: 06dd61c3f0890b28a52efc57b3bc66bd
*** Element info: {Using=xpath, value=//span[@class='workspace_label workspace_label-CREATE_NEW_WGT']})

2018-07-04 15:07:12 - [MESSAGE][WARNING] - Cannot take screenshot

2018-07-04 15:07:12 - [MESSAGE][FAILED] - Unable to click on object 'Object Repository/New_Test_Create_App/Page_Canvas World/span_App' (Root cause: org.openqa.selenium.WebDriverException: chrome not reachable
  (Session info: chrome=67.0.3396.99)
  (Driver info: chromedriver=2.35.528161 (5b82f2d2aae0ca24b877009200ced9065a772e73),platform=Windows NT 6.1.7601 SP1 x86_64) (WARNING: The server did not provide any stacktrace information)
Command duration or timeout: 0 milliseconds
Build info: version: '3.7.1', revision: '8a0099a', time: '2017-11-06T21:07:36.161Z'
System info: host: 'N9449', ip: '172.29.24.220', os.name: 'Windows 7', os.arch: 'amd64', os.version: '6.1', java.version: '1.8.0_102'
Driver info: com.kms.katalon.selenium.driver.CChromeDriver
Capabilities {acceptInsecureCerts: false, acceptSslCerts: false, applicationCacheEnabled: false, browserConnectionEnabled: false, browserName: chrome, chrome: {chromedriverVersion: 2.35.528161 (5b82f2d2aae0ca..., userDataDir: C:\Users\arokia.raj\AppData...}, cssSelectorsEnabled: true, databaseEnabled: false, handlesAlerts: true, hasTouchScreen: false, javascriptEnabled: true, locationContextEnabled: true, mobileEmulationEnabled: false, nativeEvents: true, networkConnectionEnabled: false, pageLoadStrategy: normal, platform: XP, platformName: XP, rotatable: false, setWindowRect: true, takesHeapSnapshot: true, takesScreenshot: true, unexpectedAlertBehaviour: , unhandledPromptBehavior: , version: 67.0.3396.99, webStorageEnabled: true}
Session ID: 06dd61c3f0890b28a52efc57b3bc66bd
*** Element info: {Using=xpath, value=//span[@class='workspace_label workspace_label-CREATE_NEW_WGT']})

2018-07-04 15:07:12 - [TEST_STEP][FAILED] - waitForPageLoad: Unable to wait for page load (Root cause: org.openqa.selenium.WebDriverException: chrome not reachable
  (Session info: chrome=67.0.3396.99)
  (Driver info: chromedriver=2.35.528161 (5b82f2d2aae0ca24b877009200ced9065a772e73),platform=Windows NT 6.1.7601 SP1 x86_64) (WARNING: The server did not provide any stacktrace information)
Command duration or timeout: 0 milliseconds
Build info: version: '3.7.1', revision: '8a0099a', time: '2017-11-06T21:07:36.161Z'
System info: host: 'N9449', ip: '172.29.24.220', os.name: 'Windows 7', os.arch: 'amd64', os.version: '6.1', java.version: '1.8.0_102'
Driver info: com.kms.katalon.selenium.driver.CChromeDriver
Capabilities {acceptInsecureCerts: false, acceptSslCerts: false, applicationCacheEnabled: false, browserConnectionEnabled: false, browserName: chrome, chrome: {chromedriverVersion: 2.35.528161 (5b82f2d2aae0ca..., userDataDir: C:\Users\arokia.raj\AppData...}, cssSelectorsEnabled: true, databaseEnabled: false, handlesAlerts: true, hasTouchScreen: false, javascriptEnabled: true, locationContextEnabled: true, mobileEmulationEnabled: false, nativeEvents: true, networkConnectionEnabled: false, pageLoadStrategy: normal, platform: XP, platformName: XP, rotatable: false, setWindowRect: true, takesHeapSnapshot: true, takesScreenshot: true, unexpectedAlertBehaviour: , unhandledPromptBehavior: , version: 67.0.3396.99, webStorageEnabled: true}
Session ID: 06dd61c3f0890b28a52efc57b3bc66bd)

2018-07-04 15:07:20 - [MESSAGE][WARNING] - Cannot take screenshot

2018-07-04 15:07:20 - [MESSAGE][FAILED] - Unable to wait for page load (Root cause: org.openqa.selenium.WebDriverException: chrome not reachable
  (Session info: chrome=67.0.3396.99)
  (Driver info: chromedriver=2.35.528161 (5b82f2d2aae0ca24b877009200ced9065a772e73),platform=Windows NT 6.1.7601 SP1 x86_64) (WARNING: The server did not provide any stacktrace information)
Command duration or timeout: 0 milliseconds
Build info: version: '3.7.1', revision: '8a0099a', time: '2017-11-06T21:07:36.161Z'
System info: host: 'N9449', ip: '172.29.24.220', os.name: 'Windows 7', os.arch: 'amd64', os.version: '6.1', java.version: '1.8.0_102'
Driver info: com.kms.katalon.selenium.driver.CChromeDriver
Capabilities {acceptInsecureCerts: false, acceptSslCerts: false, applicationCacheEnabled: false, browserConnectionEnabled: false, browserName: chrome, chrome: {chromedriverVersion: 2.35.528161 (5b82f2d2aae0ca..., userDataDir: C:\Users\arokia.raj\AppData...}, cssSelectorsEnabled: true, databaseEnabled: false, handlesAlerts: true, hasTouchScreen: false, javascriptEnabled: true, locationContextEnabled: true, mobileEmulationEnabled: false, nativeEvents: true, networkConnectionEnabled: false, pageLoadStrategy: normal, platform: XP, platformName: XP, rotatable: false, setWindowRect: true, takesHeapSnapshot: true, takesScreenshot: true, unexpectedAlertBehaviour: , unhandledPromptBehavior: , version: 67.0.3396.99, webStorageEnabled: true}
Session ID: 06dd61c3f0890b28a52efc57b3bc66bd)

2018-07-04 15:07:20 - [TEST_STEP][PASSED] - delay: Delayed 5 second(s)

2018-07-04 15:07:25 - [MESSAGE][PASSED] - Delayed 5 second(s)

2018-07-04 15:07:25 - [TEST_STEP][FAILED] - setText: Unable to set text 'A006' of object 'Object Repository/New_Test_Create_App/Page_Canvas World/enter_AppId' (Root cause: org.openqa.selenium.WebDriverException: chrome not reachable
  (Session info: chrome=67.0.3396.99)
  (Driver info: chromedriver=2.35.528161 (5b82f2d2aae0ca24b877009200ced9065a772e73),platform=Windows NT 6.1.7601 SP1 x86_64) (WARNING: The server did not provide any stacktrace information)
Command duration or timeout: 0 milliseconds
Build info: version: '3.7.1', revision: '8a0099a', time: '2017-11-06T21:07:36.161Z'
System info: host: 'N9449', ip: '172.29.24.220', os.name: 'Windows 7', os.arch: 'amd64', os.version: '6.1', java.version: '1.8.0_102'
Driver info: com.kms.katalon.selenium.driver.CChromeDriver
Capabilities {acceptInsecureCerts: false, acceptSslCerts: false, applicationCacheEnabled: false, browserConnectionEnabled: false, browserName: chrome, chrome: {chromedriverVersion: 2.35.528161 (5b82f2d2aae0ca..., userDataDir: C:\Users\arokia.raj\AppData...}, cssSelectorsEnabled: true, databaseEnabled: false, handlesAlerts: true, hasTouchScreen: false, javascriptEnabled: true, locationContextEnabled: true, mobileEmulationEnabled: false, nativeEvents: true, networkConnectionEnabled: false, pageLoadStrategy: normal, platform: XP, platformName: XP, rotatable: false, setWindowRect: true, takesHeapSnapshot: true, takesScreenshot: true, unexpectedAlertBehaviour: , unhandledPromptBehavior: , version: 67.0.3396.99, webStorageEnabled: true}
Session ID: 06dd61c3f0890b28a52efc57b3bc66bd
*** Element info: {Using=xpath, value=//input[@id='FRM_CREATE_APP-WIDGET_ID']})

2018-07-04 15:07:33 - [MESSAGE][WARNING] - Cannot take screenshot

2018-07-04 15:07:33 - [MESSAGE][FAILED] - Unable to set text 'A006' of object 'Object Repository/New_Test_Create_App/Page_Canvas World/enter_AppId' (Root cause: org.openqa.selenium.WebDriverException: chrome not reachable
  (Session info: chrome=67.0.3396.99)
  (Driver info: chromedriver=2.35.528161 (5b82f2d2aae0ca24b877009200ced9065a772e73),platform=Windows NT 6.1.7601 SP1 x86_64) (WARNING: The server did not provide any stacktrace information)
Command duration or timeout: 0 milliseconds
Build info: version: '3.7.1', revision: '8a0099a', time: '2017-11-06T21:07:36.161Z'
System info: host: 'N9449', ip: '172.29.24.220', os.name: 'Windows 7', os.arch: 'amd64', os.version: '6.1', java.version: '1.8.0_102'
Driver info: com.kms.katalon.selenium.driver.CChromeDriver
Capabilities {acceptInsecureCerts: false, acceptSslCerts: false, applicationCacheEnabled: false, browserConnectionEnabled: false, browserName: chrome, chrome: {chromedriverVersion: 2.35.528161 (5b82f2d2aae0ca..., userDataDir: C:\Users\arokia.raj\AppData...}, cssSelectorsEnabled: true, databaseEnabled: false, handlesAlerts: true, hasTouchScreen: false, javascriptEnabled: true, locationContextEnabled: true, mobileEmulationEnabled: false, nativeEvents: true, networkConnectionEnabled: false, pageLoadStrategy: normal, platform: XP, platformName: XP, rotatable: false, setWindowRect: true, takesHeapSnapshot: true, takesScreenshot: true, unexpectedAlertBehaviour: , unhandledPromptBehavior: , version: 67.0.3396.99, webStorageEnabled: true}
Session ID: 06dd61c3f0890b28a52efc57b3bc66bd
*** Element info: {Using=xpath, value=//input[@id='FRM_CREATE_APP-WIDGET_ID']})

2018-07-04 15:07:33 - [TEST_STEP][FAILED] - click: Unable to click on object 'Object Repository/New_Test_Create_App/Page_Canvas World/enter_AppDisplayName' (Root cause: org.openqa.selenium.WebDriverException: chrome not reachable
  (Session info: chrome=67.0.3396.99)
  (Driver info: chromedriver=2.35.528161 (5b82f2d2aae0ca24b877009200ced9065a772e73),platform=Windows NT 6.1.7601 SP1 x86_64) (WARNING: The server did not provide any stacktrace information)
Command duration or timeout: 0 milliseconds
Build info: version: '3.7.1', revision: '8a0099a', time: '2017-11-06T21:07:36.161Z'
System info: host: 'N9449', ip: '172.29.24.220', os.name: 'Windows 7', os.arch: 'amd64', os.version: '6.1', java.version: '1.8.0_102'
Driver info: com.kms.katalon.selenium.driver.CChromeDriver
Capabilities {acceptInsecureCerts: false, acceptSslCerts: false, applicationCacheEnabled: false, browserConnectionEnabled: false, browserName: chrome, chrome: {chromedriverVersion: 2.35.528161 (5b82f2d2aae0ca..., userDataDir: C:\Users\arokia.raj\AppData...}, cssSelectorsEnabled: true, databaseEnabled: false, handlesAlerts: true, hasTouchScreen: false, javascriptEnabled: true, locationContextEnabled: true, mobileEmulationEnabled: false, nativeEvents: true, networkConnectionEnabled: false, pageLoadStrategy: normal, platform: XP, platformName: XP, rotatable: false, setWindowRect: true, takesHeapSnapshot: true, takesScreenshot: true, unexpectedAlertBehaviour: , unhandledPromptBehavior: , version: 67.0.3396.99, webStorageEnabled: true}
Session ID: 06dd61c3f0890b28a52efc57b3bc66bd
*** Element info: {Using=xpath, value=//input[@id='FRM_CREATE_APP-WGT_DISPLAY_NM']})

2018-07-04 15:07:41 - [MESSAGE][WARNING] - Cannot take screenshot

2018-07-04 15:07:41 - [MESSAGE][FAILED] - Unable to click on object 'Object Repository/New_Test_Create_App/Page_Canvas World/enter_AppDisplayName' (Root cause: org.openqa.selenium.WebDriverException: chrome not reachable
  (Session info: chrome=67.0.3396.99)
  (Driver info: chromedriver=2.35.528161 (5b82f2d2aae0ca24b877009200ced9065a772e73),platform=Windows NT 6.1.7601 SP1 x86_64) (WARNING: The server did not provide any stacktrace information)
Command duration or timeout: 0 milliseconds
Build info: version: '3.7.1', revision: '8a0099a', time: '2017-11-06T21:07:36.161Z'
System info: host: 'N9449', ip: '172.29.24.220', os.name: 'Windows 7', os.arch: 'amd64', os.version: '6.1', java.version: '1.8.0_102'
Driver info: com.kms.katalon.selenium.driver.CChromeDriver
Capabilities {acceptInsecureCerts: false, acceptSslCerts: false, applicationCacheEnabled: false, browserConnectionEnabled: false, browserName: chrome, chrome: {chromedriverVersion: 2.35.528161 (5b82f2d2aae0ca..., userDataDir: C:\Users\arokia.raj\AppData...}, cssSelectorsEnabled: true, databaseEnabled: false, handlesAlerts: true, hasTouchScreen: false, javascriptEnabled: true, locationContextEnabled: true, mobileEmulationEnabled: false, nativeEvents: true, networkConnectionEnabled: false, pageLoadStrategy: normal, platform: XP, platformName: XP, rotatable: false, setWindowRect: true, takesHeapSnapshot: true, takesScreenshot: true, unexpectedAlertBehaviour: , unhandledPromptBehavior: , version: 67.0.3396.99, webStorageEnabled: true}
Session ID: 06dd61c3f0890b28a52efc57b3bc66bd
*** Element info: {Using=xpath, value=//input[@id='FRM_CREATE_APP-WGT_DISPLAY_NM']})

2018-07-04 15:07:41 - [TEST_STEP][FAILED] - setText: Unable to set text 'A006' of object 'Object Repository/New_Test_Create_App/Page_Canvas World/enter_AppDisplayName' (Root cause: org.openqa.selenium.WebDriverException: chrome not reachable
  (Session info: chrome=67.0.3396.99)
  (Driver info: chromedriver=2.35.528161 (5b82f2d2aae0ca24b877009200ced9065a772e73),platform=Windows NT 6.1.7601 SP1 x86_64) (WARNING: The server did not provide any stacktrace information)
Command duration or timeout: 0 milliseconds
Build info: version: '3.7.1', revision: '8a0099a', time: '2017-11-06T21:07:36.161Z'
System info: host: 'N9449', ip: '172.29.24.220', os.name: 'Windows 7', os.arch: 'amd64', os.version: '6.1', java.version: '1.8.0_102'
Driver info: com.kms.katalon.selenium.driver.CChromeDriver
Capabilities {acceptInsecureCerts: false, acceptSslCerts: false, applicationCacheEnabled: false, browserConnectionEnabled: false, browserName: chrome, chrome: {chromedriverVersion: 2.35.528161 (5b82f2d2aae0ca..., userDataDir: C:\Users\arokia.raj\AppData...}, cssSelectorsEnabled: true, databaseEnabled: false, handlesAlerts: true, hasTouchScreen: false, javascriptEnabled: true, locationContextEnabled: true, mobileEmulationEnabled: false, nativeEvents: true, networkConnectionEnabled: false, pageLoadStrategy: normal, platform: XP, platformName: XP, rotatable: false, setWindowRect: true, takesHeapSnapshot: true, takesScreenshot: true, unexpectedAlertBehaviour: , unhandledPromptBehavior: , version: 67.0.3396.99, webStorageEnabled: true}
Session ID: 06dd61c3f0890b28a52efc57b3bc66bd
*** Element info: {Using=xpath, value=//input[@id='FRM_CREATE_APP-WGT_DISPLAY_NM']})

2018-07-04 15:07:49 - [MESSAGE][WARNING] - Cannot take screenshot

2018-07-04 15:07:49 - [MESSAGE][FAILED] - Unable to set text 'A006' of object 'Object Repository/New_Test_Create_App/Page_Canvas World/enter_AppDisplayName' (Root cause: org.openqa.selenium.WebDriverException: chrome not reachable
  (Session info: chrome=67.0.3396.99)
  (Driver info: chromedriver=2.35.528161 (5b82f2d2aae0ca24b877009200ced9065a772e73),platform=Windows NT 6.1.7601 SP1 x86_64) (WARNING: The server did not provide any stacktrace information)
Command duration or timeout: 0 milliseconds
Build info: version: '3.7.1', revision: '8a0099a', time: '2017-11-06T21:07:36.161Z'
System info: host: 'N9449', ip: '172.29.24.220', os.name: 'Windows 7', os.arch: 'amd64', os.version: '6.1', java.version: '1.8.0_102'
Driver info: com.kms.katalon.selenium.driver.CChromeDriver
Capabilities {acceptInsecureCerts: false, acceptSslCerts: false, applicationCacheEnabled: false, browserConnectionEnabled: false, browserName: chrome, chrome: {chromedriverVersion: 2.35.528161 (5b82f2d2aae0ca..., userDataDir: C:\Users\arokia.raj\AppData...}, cssSelectorsEnabled: true, databaseEnabled: false, handlesAlerts: true, hasTouchScreen: false, javascriptEnabled: true, locationContextEnabled: true, mobileEmulationEnabled: false, nativeEvents: true, networkConnectionEnabled: false, pageLoadStrategy: normal, platform: XP, platformName: XP, rotatable: false, setWindowRect: true, takesHeapSnapshot: true, takesScreenshot: true, unexpectedAlertBehaviour: , unhandledPromptBehavior: , version: 67.0.3396.99, webStorageEnabled: true}
Session ID: 06dd61c3f0890b28a52efc57b3bc66bd
*** Element info: {Using=xpath, value=//input[@id='FRM_CREATE_APP-WGT_DISPLAY_NM']})

2018-07-04 15:07:49 - [TEST_STEP][FAILED] - click: Unable to click on object 'Object Repository/New_Test_Create_App/Page_Canvas World/enter_AppBundleKey' (Root cause: org.openqa.selenium.WebDriverException: chrome not reachable
  (Session info: chrome=67.0.3396.99)
  (Driver info: chromedriver=2.35.528161 (5b82f2d2aae0ca24b877009200ced9065a772e73),platform=Windows NT 6.1.7601 SP1 x86_64) (WARNING: The server did not provide any stacktrace information)
Command duration or timeout: 0 milliseconds
Build info: version: '3.7.1', revision: '8a0099a', time: '2017-11-06T21:07:36.161Z'
System info: host: 'N9449', ip: '172.29.24.220', os.name: 'Windows 7', os.arch: 'amd64', os.version: '6.1', java.version: '1.8.0_102'
Driver info: com.kms.katalon.selenium.driver.CChromeDriver
Capabilities {acceptInsecureCerts: false, acceptSslCerts: false, applicationCacheEnabled: false, browserConnectionEnabled: false, browserName: chrome, chrome: {chromedriverVersion: 2.35.528161 (5b82f2d2aae0ca..., userDataDir: C:\Users\arokia.raj\AppData...}, cssSelectorsEnabled: true, databaseEnabled: false, handlesAlerts: true, hasTouchScreen: false, javascriptEnabled: true, locationContextEnabled: true, mobileEmulationEnabled: false, nativeEvents: true, networkConnectionEnabled: false, pageLoadStrategy: normal, platform: XP, platformName: XP, rotatable: false, setWindowRect: true, takesHeapSnapshot: true, takesScreenshot: true, unexpectedAlertBehaviour: , unhandledPromptBehavior: , version: 67.0.3396.99, webStorageEnabled: true}
Session ID: 06dd61c3f0890b28a52efc57b3bc66bd
*** Element info: {Using=xpath, value=//input[@id='FRM_CREATE_APP-BUNDLE_KEY']})

2018-07-04 15:07:57 - [MESSAGE][WARNING] - Cannot take screenshot

2018-07-04 15:07:57 - [MESSAGE][FAILED] - Unable to click on object 'Object Repository/New_Test_Create_App/Page_Canvas World/enter_AppBundleKey' (Root cause: org.openqa.selenium.WebDriverException: chrome not reachable
  (Session info: chrome=67.0.3396.99)
  (Driver info: chromedriver=2.35.528161 (5b82f2d2aae0ca24b877009200ced9065a772e73),platform=Windows NT 6.1.7601 SP1 x86_64) (WARNING: The server did not provide any stacktrace information)
Command duration or timeout: 0 milliseconds
Build info: version: '3.7.1', revision: '8a0099a', time: '2017-11-06T21:07:36.161Z'
System info: host: 'N9449', ip: '172.29.24.220', os.name: 'Windows 7', os.arch: 'amd64', os.version: '6.1', java.version: '1.8.0_102'
Driver info: com.kms.katalon.selenium.driver.CChromeDriver
Capabilities {acceptInsecureCerts: false, acceptSslCerts: false, applicationCacheEnabled: false, browserConnectionEnabled: false, browserName: chrome, chrome: {chromedriverVersion: 2.35.528161 (5b82f2d2aae0ca..., userDataDir: C:\Users\arokia.raj\AppData...}, cssSelectorsEnabled: true, databaseEnabled: false, handlesAlerts: true, hasTouchScreen: false, javascriptEnabled: true, locationContextEnabled: true, mobileEmulationEnabled: false, nativeEvents: true, networkConnectionEnabled: false, pageLoadStrategy: normal, platform: XP, platformName: XP, rotatable: false, setWindowRect: true, takesHeapSnapshot: true, takesScreenshot: true, unexpectedAlertBehaviour: , unhandledPromptBehavior: , version: 67.0.3396.99, webStorageEnabled: true}
Session ID: 06dd61c3f0890b28a52efc57b3bc66bd
*** Element info: {Using=xpath, value=//input[@id='FRM_CREATE_APP-BUNDLE_KEY']})

2018-07-04 15:07:57 - [TEST_STEP][FAILED] - setText: Unable to set text 'common' of object 'Object Repository/New_Test_Create_App/Page_Canvas World/enter_AppBundleKey' (Root cause: org.openqa.selenium.WebDriverException: chrome not reachable
  (Session info: chrome=67.0.3396.99)
  (Driver info: chromedriver=2.35.528161 (5b82f2d2aae0ca24b877009200ced9065a772e73),platform=Windows NT 6.1.7601 SP1 x86_64) (WARNING: The server did not provide any stacktrace information)
Command duration or timeout: 0 milliseconds
Build info: version: '3.7.1', revision: '8a0099a', time: '2017-11-06T21:07:36.161Z'
System info: host: 'N9449', ip: '172.29.24.220', os.name: 'Windows 7', os.arch: 'amd64', os.version: '6.1', java.version: '1.8.0_102'
Driver info: com.kms.katalon.selenium.driver.CChromeDriver
Capabilities {acceptInsecureCerts: false, acceptSslCerts: false, applicationCacheEnabled: false, browserConnectionEnabled: false, browserName: chrome, chrome: {chromedriverVersion: 2.35.528161 (5b82f2d2aae0ca..., userDataDir: C:\Users\arokia.raj\AppData...}, cssSelectorsEnabled: true, databaseEnabled: false, handlesAlerts: true, hasTouchScreen: false, javascriptEnabled: true, locationContextEnabled: true, mobileEmulationEnabled: false, nativeEvents: true, networkConnectionEnabled: false, pageLoadStrategy: normal, platform: XP, platformName: XP, rotatable: false, setWindowRect: true, takesHeapSnapshot: true, takesScreenshot: true, unexpectedAlertBehaviour: , unhandledPromptBehavior: , version: 67.0.3396.99, webStorageEnabled: true}
Session ID: 06dd61c3f0890b28a52efc57b3bc66bd
*** Element info: {Using=xpath, value=//input[@id='FRM_CREATE_APP-BUNDLE_KEY']})

2018-07-04 15:08:06 - [MESSAGE][WARNING] - Cannot take screenshot

2018-07-04 15:08:06 - [MESSAGE][FAILED] - Unable to set text 'common' of object 'Object Repository/New_Test_Create_App/Page_Canvas World/enter_AppBundleKey' (Root cause: org.openqa.selenium.WebDriverException: chrome not reachable
  (Session info: chrome=67.0.3396.99)
  (Driver info: chromedriver=2.35.528161 (5b82f2d2aae0ca24b877009200ced9065a772e73),platform=Windows NT 6.1.7601 SP1 x86_64) (WARNING: The server did not provide any stacktrace information)
Command duration or timeout: 0 milliseconds
Build info: version: '3.7.1', revision: '8a0099a', time: '2017-11-06T21:07:36.161Z'
System info: host: 'N9449', ip: '172.29.24.220', os.name: 'Windows 7', os.arch: 'amd64', os.version: '6.1', java.version: '1.8.0_102'
Driver info: com.kms.katalon.selenium.driver.CChromeDriver
Capabilities {acceptInsecureCerts: false, acceptSslCerts: false, applicationCacheEnabled: false, browserConnectionEnabled: false, browserName: chrome, chrome: {chromedriverVersion: 2.35.528161 (5b82f2d2aae0ca..., userDataDir: C:\Users\arokia.raj\AppData...}, cssSelectorsEnabled: true, databaseEnabled: false, handlesAlerts: true, hasTouchScreen: false, javascriptEnabled: true, locationContextEnabled: true, mobileEmulationEnabled: false, nativeEvents: true, networkConnectionEnabled: false, pageLoadStrategy: normal, platform: XP, platformName: XP, rotatable: false, setWindowRect: true, takesHeapSnapshot: true, takesScreenshot: true, unexpectedAlertBehaviour: , unhandledPromptBehavior: , version: 67.0.3396.99, webStorageEnabled: true}
Session ID: 06dd61c3f0890b28a52efc57b3bc66bd
*** Element info: {Using=xpath, value=//input[@id='FRM_CREATE_APP-BUNDLE_KEY']})

2018-07-04 15:08:06 - [TEST_STEP][FAILED] - click: Unable to click on object 'Object Repository/New_Test_Create_App/Page_Canvas World/enter_View_Link_App' (Root cause: org.openqa.selenium.WebDriverException: chrome not reachable
  (Session info: chrome=67.0.3396.99)
  (Driver info: chromedriver=2.35.528161 (5b82f2d2aae0ca24b877009200ced9065a772e73),platform=Windows NT 6.1.7601 SP1 x86_64) (WARNING: The server did not provide any stacktrace information)
Command duration or timeout: 0 milliseconds
Build info: version: '3.7.1', revision: '8a0099a', time: '2017-11-06T21:07:36.161Z'
System info: host: 'N9449', ip: '172.29.24.220', os.name: 'Windows 7', os.arch: 'amd64', os.version: '6.1', java.version: '1.8.0_102'
Driver info: com.kms.katalon.selenium.driver.CChromeDriver
Capabilities {acceptInsecureCerts: false, acceptSslCerts: false, applicationCacheEnabled: false, browserConnectionEnabled: false, browserName: chrome, chrome: {chromedriverVersion: 2.35.528161 (5b82f2d2aae0ca..., userDataDir: C:\Users\arokia.raj\AppData...}, cssSelectorsEnabled: true, databaseEnabled: false, handlesAlerts: true, hasTouchScreen: false, javascriptEnabled: true, locationContextEnabled: true, mobileEmulationEnabled: false, nativeEvents: true, networkConnectionEnabled: false, pageLoadStrategy: normal, platform: XP, platformName: XP, rotatable: false, setWindowRect: true, takesHeapSnapshot: true, takesScreenshot: true, unexpectedAlertBehaviour: , unhandledPromptBehavior: , version: 67.0.3396.99, webStorageEnabled: true}
Session ID: 06dd61c3f0890b28a52efc57b3bc66bd
*** Element info: {Using=xpath, value=//input[@id='FRM_CREATE_APP-WGT_DEF_VIEW']/following::span})

2018-07-04 15:08:14 - [MESSAGE][WARNING] - Cannot take screenshot

2018-07-04 15:08:14 - [MESSAGE][FAILED] - Unable to click on object 'Object Repository/New_Test_Create_App/Page_Canvas World/enter_View_Link_App' (Root cause: org.openqa.selenium.WebDriverException: chrome not reachable
  (Session info: chrome=67.0.3396.99)
  (Driver info: chromedriver=2.35.528161 (5b82f2d2aae0ca24b877009200ced9065a772e73),platform=Windows NT 6.1.7601 SP1 x86_64) (WARNING: The server did not provide any stacktrace information)
Command duration or timeout: 0 milliseconds
Build info: version: '3.7.1', revision: '8a0099a', time: '2017-11-06T21:07:36.161Z'
System info: host: 'N9449', ip: '172.29.24.220', os.name: 'Windows 7', os.arch: 'amd64', os.version: '6.1', java.version: '1.8.0_102'
Driver info: com.kms.katalon.selenium.driver.CChromeDriver
Capabilities {acceptInsecureCerts: false, acceptSslCerts: false, applicationCacheEnabled: false, browserConnectionEnabled: false, browserName: chrome, chrome: {chromedriverVersion: 2.35.528161 (5b82f2d2aae0ca..., userDataDir: C:\Users\arokia.raj\AppData...}, cssSelectorsEnabled: true, databaseEnabled: false, handlesAlerts: true, hasTouchScreen: false, javascriptEnabled: true, locationContextEnabled: true, mobileEmulationEnabled: false, nativeEvents: true, networkConnectionEnabled: false, pageLoadStrategy: normal, platform: XP, platformName: XP, rotatable: false, setWindowRect: true, takesHeapSnapshot: true, takesScreenshot: true, unexpectedAlertBehaviour: , unhandledPromptBehavior: , version: 67.0.3396.99, webStorageEnabled: true}
Session ID: 06dd61c3f0890b28a52efc57b3bc66bd
*** Element info: {Using=xpath, value=//input[@id='FRM_CREATE_APP-WGT_DEF_VIEW']/following::span})

2018-07-04 15:08:14 - [TEST_STEP][PASSED] - Statement - selectview = "//span[starts-with(text(), '" + java.lang.String.valueOf(id) + "')]": null

2018-07-04 15:08:14 - [TEST_STEP][PASSED] - Statement - println(selectview): null

2018-07-04 15:08:14 - [TEST_STEP][PASSED] - Statement - dynamicObject = new com.kms.katalon.core.testobject.TestObject(selectview).addProperty("xpath", EQUALS, selectview, true): null

2018-07-04 15:08:14 - [TEST_STEP][FAILED] - waitForElementVisible: Unable to wait for object '//span[starts-with(text(), 'A006')]' to be visible (Root cause: org.openqa.selenium.WebDriverException: chrome not reachable
  (Session info: chrome=67.0.3396.99)
  (Driver info: chromedriver=2.35.528161 (5b82f2d2aae0ca24b877009200ced9065a772e73),platform=Windows NT 6.1.7601 SP1 x86_64) (WARNING: The server did not provide any stacktrace information)
Command duration or timeout: 0 milliseconds
Build info: version: '3.7.1', revision: '8a0099a', time: '2017-11-06T21:07:36.161Z'
System info: host: 'N9449', ip: '172.29.24.220', os.name: 'Windows 7', os.arch: 'amd64', os.version: '6.1', java.version: '1.8.0_102'
Driver info: com.kms.katalon.selenium.driver.CChromeDriver
Capabilities {acceptInsecureCerts: false, acceptSslCerts: false, applicationCacheEnabled: false, browserConnectionEnabled: false, browserName: chrome, chrome: {chromedriverVersion: 2.35.528161 (5b82f2d2aae0ca..., userDataDir: C:\Users\arokia.raj\AppData...}, cssSelectorsEnabled: true, databaseEnabled: false, handlesAlerts: true, hasTouchScreen: false, javascriptEnabled: true, locationContextEnabled: true, mobileEmulationEnabled: false, nativeEvents: true, networkConnectionEnabled: false, pageLoadStrategy: normal, platform: XP, platformName: XP, rotatable: false, setWindowRect: true, takesHeapSnapshot: true, takesScreenshot: true, unexpectedAlertBehaviour: , unhandledPromptBehavior: , version: 67.0.3396.99, webStorageEnabled: true}
Session ID: 06dd61c3f0890b28a52efc57b3bc66bd
*** Element info: {Using=xpath, value=//span[starts-with(text(), 'A006')]})

2018-07-04 15:08:22 - [MESSAGE][WARNING] - Cannot take screenshot

2018-07-04 15:08:22 - [MESSAGE][FAILED] - Unable to wait for object '//span[starts-with(text(), 'A006')]' to be visible (Root cause: org.openqa.selenium.WebDriverException: chrome not reachable
  (Session info: chrome=67.0.3396.99)
  (Driver info: chromedriver=2.35.528161 (5b82f2d2aae0ca24b877009200ced9065a772e73),platform=Windows NT 6.1.7601 SP1 x86_64) (WARNING: The server did not provide any stacktrace information)
Command duration or timeout: 0 milliseconds
Build info: version: '3.7.1', revision: '8a0099a', time: '2017-11-06T21:07:36.161Z'
System info: host: 'N9449', ip: '172.29.24.220', os.name: 'Windows 7', os.arch: 'amd64', os.version: '6.1', java.version: '1.8.0_102'
Driver info: com.kms.katalon.selenium.driver.CChromeDriver
Capabilities {acceptInsecureCerts: false, acceptSslCerts: false, applicationCacheEnabled: false, browserConnectionEnabled: false, browserName: chrome, chrome: {chromedriverVersion: 2.35.528161 (5b82f2d2aae0ca..., userDataDir: C:\Users\arokia.raj\AppData...}, cssSelectorsEnabled: true, databaseEnabled: false, handlesAlerts: true, hasTouchScreen: false, javascriptEnabled: true, locationContextEnabled: true, mobileEmulationEnabled: false, nativeEvents: true, networkConnectionEnabled: false, pageLoadStrategy: normal, platform: XP, platformName: XP, rotatable: false, setWindowRect: true, takesHeapSnapshot: true, takesScreenshot: true, unexpectedAlertBehaviour: , unhandledPromptBehavior: , version: 67.0.3396.99, webStorageEnabled: true}
Session ID: 06dd61c3f0890b28a52efc57b3bc66bd
*** Element info: {Using=xpath, value=//span[starts-with(text(), 'A006')]})

2018-07-04 15:08:22 - [TEST_STEP][FAILED] - doubleClick: Unable to double click on object '//span[starts-with(text(), 'A006')]' (Root cause: org.openqa.selenium.WebDriverException: chrome not reachable
  (Session info: chrome=67.0.3396.99)
  (Driver info: chromedriver=2.35.528161 (5b82f2d2aae0ca24b877009200ced9065a772e73),platform=Windows NT 6.1.7601 SP1 x86_64) (WARNING: The server did not provide any stacktrace information)
Command duration or timeout: 0 milliseconds
Build info: version: '3.7.1', revision: '8a0099a', time: '2017-11-06T21:07:36.161Z'
System info: host: 'N9449', ip: '172.29.24.220', os.name: 'Windows 7', os.arch: 'amd64', os.version: '6.1', java.version: '1.8.0_102'
Driver info: com.kms.katalon.selenium.driver.CChromeDriver
Capabilities {acceptInsecureCerts: false, acceptSslCerts: false, applicationCacheEnabled: false, browserConnectionEnabled: false, browserName: chrome, chrome: {chromedriverVersion: 2.35.528161 (5b82f2d2aae0ca..., userDataDir: C:\Users\arokia.raj\AppData...}, cssSelectorsEnabled: true, databaseEnabled: false, handlesAlerts: true, hasTouchScreen: false, javascriptEnabled: true, locationContextEnabled: true, mobileEmulationEnabled: false, nativeEvents: true, networkConnectionEnabled: false, pageLoadStrategy: normal, platform: XP, platformName: XP, rotatable: false, setWindowRect: true, takesHeapSnapshot: true, takesScreenshot: true, unexpectedAlertBehaviour: , unhandledPromptBehavior: , version: 67.0.3396.99, webStorageEnabled: true}
Session ID: 06dd61c3f0890b28a52efc57b3bc66bd
*** Element info: {Using=xpath, value=//span[starts-with(text(), 'A006')]})

2018-07-04 15:08:30 - [MESSAGE][WARNING] - Cannot take screenshot

2018-07-04 15:08:30 - [MESSAGE][FAILED] - Unable to double click on object '//span[starts-with(text(), 'A006')]' (Root cause: org.openqa.selenium.WebDriverException: chrome not reachable
  (Session info: chrome=67.0.3396.99)
  (Driver info: chromedriver=2.35.528161 (5b82f2d2aae0ca24b877009200ced9065a772e73),platform=Windows NT 6.1.7601 SP1 x86_64) (WARNING: The server did not provide any stacktrace information)
Command duration or timeout: 0 milliseconds
Build info: version: '3.7.1', revision: '8a0099a', time: '2017-11-06T21:07:36.161Z'
System info: host: 'N9449', ip: '172.29.24.220', os.name: 'Windows 7', os.arch: 'amd64', os.version: '6.1', java.version: '1.8.0_102'
Driver info: com.kms.katalon.selenium.driver.CChromeDriver
Capabilities {acceptInsecureCerts: false, acceptSslCerts: false, applicationCacheEnabled: false, browserConnectionEnabled: false, browserName: chrome, chrome: {chromedriverVersion: 2.35.528161 (5b82f2d2aae0ca..., userDataDir: C:\Users\arokia.raj\AppData...}, cssSelectorsEnabled: true, databaseEnabled: false, handlesAlerts: true, hasTouchScreen: false, javascriptEnabled: true, locationContextEnabled: true, mobileEmulationEnabled: false, nativeEvents: true, networkConnectionEnabled: false, pageLoadStrategy: normal, platform: XP, platformName: XP, rotatable: false, setWindowRect: true, takesHeapSnapshot: true, takesScreenshot: true, unexpectedAlertBehaviour: , unhandledPromptBehavior: , version: 67.0.3396.99, webStorageEnabled: true}
Session ID: 06dd61c3f0890b28a52efc57b3bc66bd
*** Element info: {Using=xpath, value=//span[starts-with(text(), 'A006')]})

2018-07-04 15:08:30 - [TEST_STEP][FAILED] - doubleClick: Unable to double click on object '//span[starts-with(text(), 'A006')]' (Root cause: org.openqa.selenium.WebDriverException: chrome not reachable
  (Session info: chrome=67.0.3396.99)
  (Driver info: chromedriver=2.35.528161 (5b82f2d2aae0ca24b877009200ced9065a772e73),platform=Windows NT 6.1.7601 SP1 x86_64) (WARNING: The server did not provide any stacktrace information)
Command duration or timeout: 0 milliseconds
Build info: version: '3.7.1', revision: '8a0099a', time: '2017-11-06T21:07:36.161Z'
System info: host: 'N9449', ip: '172.29.24.220', os.name: 'Windows 7', os.arch: 'amd64', os.version: '6.1', java.version: '1.8.0_102'
Driver info: com.kms.katalon.selenium.driver.CChromeDriver
Capabilities {acceptInsecureCerts: false, acceptSslCerts: false, applicationCacheEnabled: false, browserConnectionEnabled: false, browserName: chrome, chrome: {chromedriverVersion: 2.35.528161 (5b82f2d2aae0ca..., userDataDir: C:\Users\arokia.raj\AppData...}, cssSelectorsEnabled: true, databaseEnabled: false, handlesAlerts: true, hasTouchScreen: false, javascriptEnabled: true, locationContextEnabled: true, mobileEmulationEnabled: false, nativeEvents: true, networkConnectionEnabled: false, pageLoadStrategy: normal, platform: XP, platformName: XP, rotatable: false, setWindowRect: true, takesHeapSnapshot: true, takesScreenshot: true, unexpectedAlertBehaviour: , unhandledPromptBehavior: , version: 67.0.3396.99, webStorageEnabled: true}
Session ID: 06dd61c3f0890b28a52efc57b3bc66bd
*** Element info: {Using=xpath, value=//span[starts-with(text(), 'A006')]})

2018-07-04 15:08:38 - [MESSAGE][WARNING] - Cannot take screenshot

2018-07-04 15:08:38 - [MESSAGE][FAILED] - Unable to double click on object '//span[starts-with(text(), 'A006')]' (Root cause: org.openqa.selenium.WebDriverException: chrome not reachable
  (Session info: chrome=67.0.3396.99)
  (Driver info: chromedriver=2.35.528161 (5b82f2d2aae0ca24b877009200ced9065a772e73),platform=Windows NT 6.1.7601 SP1 x86_64) (WARNING: The server did not provide any stacktrace information)
Command duration or timeout: 0 milliseconds
Build info: version: '3.7.1', revision: '8a0099a', time: '2017-11-06T21:07:36.161Z'
System info: host: 'N9449', ip: '172.29.24.220', os.name: 'Windows 7', os.arch: 'amd64', os.version: '6.1', java.version: '1.8.0_102'
Driver info: com.kms.katalon.selenium.driver.CChromeDriver
Capabilities {acceptInsecureCerts: false, acceptSslCerts: false, applicationCacheEnabled: false, browserConnectionEnabled: false, browserName: chrome, chrome: {chromedriverVersion: 2.35.528161 (5b82f2d2aae0ca..., userDataDir: C:\Users\arokia.raj\AppData...}, cssSelectorsEnabled: true, databaseEnabled: false, handlesAlerts: true, hasTouchScreen: false, javascriptEnabled: true, locationContextEnabled: true, mobileEmulationEnabled: false, nativeEvents: true, networkConnectionEnabled: false, pageLoadStrategy: normal, platform: XP, platformName: XP, rotatable: false, setWindowRect: true, takesHeapSnapshot: true, takesScreenshot: true, unexpectedAlertBehaviour: , unhandledPromptBehavior: , version: 67.0.3396.99, webStorageEnabled: true}
Session ID: 06dd61c3f0890b28a52efc57b3bc66bd
*** Element info: {Using=xpath, value=//span[starts-with(text(), 'A006')]})

2018-07-04 15:08:38 - [TEST_STEP][PASSED] - delay: Delayed 3 second(s)

2018-07-04 15:08:41 - [MESSAGE][PASSED] - Delayed 3 second(s)

2018-07-04 15:08:41 - [TEST_STEP][NOT_RUN] - click: NOT_RUN: click

2018-07-04 15:08:41 - [MESSAGE][NOT_RUN] - NOT_RUN: click

2018-07-04 15:08:41 - [TEST_STEP][NOT_RUN] - doubleClick: NOT_RUN: doubleClick

2018-07-04 15:08:41 - [MESSAGE][NOT_RUN] - NOT_RUN: doubleClick

2018-07-04 15:08:41 - [TEST_STEP][PASSED] - delay: Delayed 3 second(s)

2018-07-04 15:08:44 - [MESSAGE][PASSED] - Delayed 3 second(s)

2018-07-04 15:08:44 - [TEST_STEP][FAILED] - click: Unable to click on object 'Object Repository/New_Test_Create_App/Page_Canvas World/app_Submit' (Root cause: org.openqa.selenium.WebDriverException: chrome not reachable
  (Session info: chrome=67.0.3396.99)
  (Driver info: chromedriver=2.35.528161 (5b82f2d2aae0ca24b877009200ced9065a772e73),platform=Windows NT 6.1.7601 SP1 x86_64) (WARNING: The server did not provide any stacktrace information)
Command duration or timeout: 0 milliseconds
Build info: version: '3.7.1', revision: '8a0099a', time: '2017-11-06T21:07:36.161Z'
System info: host: 'N9449', ip: '172.29.24.220', os.name: 'Windows 7', os.arch: 'amd64', os.version: '6.1', java.version: '1.8.0_102'
Driver info: com.kms.katalon.selenium.driver.CChromeDriver
Capabilities {acceptInsecureCerts: false, acceptSslCerts: false, applicationCacheEnabled: false, browserConnectionEnabled: false, browserName: chrome, chrome: {chromedriverVersion: 2.35.528161 (5b82f2d2aae0ca..., userDataDir: C:\Users\arokia.raj\AppData...}, cssSelectorsEnabled: true, databaseEnabled: false, handlesAlerts: true, hasTouchScreen: false, javascriptEnabled: true, locationContextEnabled: true, mobileEmulationEnabled: false, nativeEvents: true, networkConnectionEnabled: false, pageLoadStrategy: normal, platform: XP, platformName: XP, rotatable: false, setWindowRect: true, takesHeapSnapshot: true, takesScreenshot: true, unexpectedAlertBehaviour: , unhandledPromptBehavior: , version: 67.0.3396.99, webStorageEnabled: true}
Session ID: 06dd61c3f0890b28a52efc57b3bc66bd
*** Element info: {Using=xpath, value=//a[contains(text(),'Submit')]})

2018-07-04 15:08:52 - [MESSAGE][WARNING] - Cannot take screenshot

2018-07-04 15:08:52 - [MESSAGE][FAILED] - Unable to click on object 'Object Repository/New_Test_Create_App/Page_Canvas World/app_Submit' (Root cause: org.openqa.selenium.WebDriverException: chrome not reachable
  (Session info: chrome=67.0.3396.99)
  (Driver info: chromedriver=2.35.528161 (5b82f2d2aae0ca24b877009200ced9065a772e73),platform=Windows NT 6.1.7601 SP1 x86_64) (WARNING: The server did not provide any stacktrace information)
Command duration or timeout: 0 milliseconds
Build info: version: '3.7.1', revision: '8a0099a', time: '2017-11-06T21:07:36.161Z'
System info: host: 'N9449', ip: '172.29.24.220', os.name: 'Windows 7', os.arch: 'amd64', os.version: '6.1', java.version: '1.8.0_102'
Driver info: com.kms.katalon.selenium.driver.CChromeDriver
Capabilities {acceptInsecureCerts: false, acceptSslCerts: false, applicationCacheEnabled: false, browserConnectionEnabled: false, browserName: chrome, chrome: {chromedriverVersion: 2.35.528161 (5b82f2d2aae0ca..., userDataDir: C:\Users\arokia.raj\AppData...}, cssSelectorsEnabled: true, databaseEnabled: false, handlesAlerts: true, hasTouchScreen: false, javascriptEnabled: true, locationContextEnabled: true, mobileEmulationEnabled: false, nativeEvents: true, networkConnectionEnabled: false, pageLoadStrategy: normal, platform: XP, platformName: XP, rotatable: false, setWindowRect: true, takesHeapSnapshot: true, takesScreenshot: true, unexpectedAlertBehaviour: , unhandledPromptBehavior: , version: 67.0.3396.99, webStorageEnabled: true}
Session ID: 06dd61c3f0890b28a52efc57b3bc66bd
*** Element info: {Using=xpath, value=//a[contains(text(),'Submit')]})

2018-07-04 15:08:52 - [TEST_STEP][PASSED] - delay: Delayed 3 second(s)

2018-07-04 15:08:55 - [MESSAGE][PASSED] - Delayed 3 second(s)

2018-07-04 15:08:55 - [TEST_STEP][FAILED] - click: Unable to click on object 'Object Repository/New_Test_Create_App/Page_Canvas World/app_submission' (Root cause: org.openqa.selenium.WebDriverException: chrome not reachable
  (Session info: chrome=67.0.3396.99)
  (Driver info: chromedriver=2.35.528161 (5b82f2d2aae0ca24b877009200ced9065a772e73),platform=Windows NT 6.1.7601 SP1 x86_64) (WARNING: The server did not provide any stacktrace information)
Command duration or timeout: 0 milliseconds
Build info: version: '3.7.1', revision: '8a0099a', time: '2017-11-06T21:07:36.161Z'
System info: host: 'N9449', ip: '172.29.24.220', os.name: 'Windows 7', os.arch: 'amd64', os.version: '6.1', java.version: '1.8.0_102'
Driver info: com.kms.katalon.selenium.driver.CChromeDriver
Capabilities {acceptInsecureCerts: false, acceptSslCerts: false, applicationCacheEnabled: false, browserConnectionEnabled: false, browserName: chrome, chrome: {chromedriverVersion: 2.35.528161 (5b82f2d2aae0ca..., userDataDir: C:\Users\arokia.raj\AppData...}, cssSelectorsEnabled: true, databaseEnabled: false, handlesAlerts: true, hasTouchScreen: false, javascriptEnabled: true, locationContextEnabled: true, mobileEmulationEnabled: false, nativeEvents: true, networkConnectionEnabled: false, pageLoadStrategy: normal, platform: XP, platformName: XP, rotatable: false, setWindowRect: true, takesHeapSnapshot: true, takesScreenshot: true, unexpectedAlertBehaviour: , unhandledPromptBehavior: , version: 67.0.3396.99, webStorageEnabled: true}
Session ID: 06dd61c3f0890b28a52efc57b3bc66bd
*** Element info: {Using=xpath, value=//a[contains(text(),'Ok')]})

2018-07-04 15:09:03 - [MESSAGE][WARNING] - Cannot take screenshot

2018-07-04 15:09:03 - [MESSAGE][FAILED] - Unable to click on object 'Object Repository/New_Test_Create_App/Page_Canvas World/app_submission' (Root cause: org.openqa.selenium.WebDriverException: chrome not reachable
  (Session info: chrome=67.0.3396.99)
  (Driver info: chromedriver=2.35.528161 (5b82f2d2aae0ca24b877009200ced9065a772e73),platform=Windows NT 6.1.7601 SP1 x86_64) (WARNING: The server did not provide any stacktrace information)
Command duration or timeout: 0 milliseconds
Build info: version: '3.7.1', revision: '8a0099a', time: '2017-11-06T21:07:36.161Z'
System info: host: 'N9449', ip: '172.29.24.220', os.name: 'Windows 7', os.arch: 'amd64', os.version: '6.1', java.version: '1.8.0_102'
Driver info: com.kms.katalon.selenium.driver.CChromeDriver
Capabilities {acceptInsecureCerts: false, acceptSslCerts: false, applicationCacheEnabled: false, browserConnectionEnabled: false, browserName: chrome, chrome: {chromedriverVersion: 2.35.528161 (5b82f2d2aae0ca..., userDataDir: C:\Users\arokia.raj\AppData...}, cssSelectorsEnabled: true, databaseEnabled: false, handlesAlerts: true, hasTouchScreen: false, javascriptEnabled: true, locationContextEnabled: true, mobileEmulationEnabled: false, nativeEvents: true, networkConnectionEnabled: false, pageLoadStrategy: normal, platform: XP, platformName: XP, rotatable: false, setWindowRect: true, takesHeapSnapshot: true, takesScreenshot: true, unexpectedAlertBehaviour: , unhandledPromptBehavior: , version: 67.0.3396.99, webStorageEnabled: true}
Session ID: 06dd61c3f0890b28a52efc57b3bc66bd
*** Element info: {Using=xpath, value=//a[contains(text(),'Ok')]})]]></system-out>
         <system-err><![CDATA[2018-07-04 15:01:47 - [TEST_CASE][FAILED] - Test Cases/Smoke Test/New_App_Grid: Test Cases/Smoke Test/New_App_Grid FAILED because (of) Unable to click on object 'Object Repository/New_Test_Create_App/Page_Canvas World/app_Submit' (Root cause: org.openqa.selenium.WebDriverException: unknown error: Element <a data-item-id="FORM_APP_SAVE" data-item-type="formCont_button" class="btn btn-default ct_btn ct-left-btn FORM_APP_SAVE">...</a> is not clickable at point (1304, 591). Other element would receive the click: <td data-grid-record="" class="hidden-xs" data-item-data="SUB_PRODUCT|9" data-col-index="SUB_PRODUCT|9" data-item-id="SUB_PRODUCT">...</td>
  (Session info: chrome=67.0.3396.99)
  (Driver info: chromedriver=2.35.528161 (5b82f2d2aae0ca24b877009200ced9065a772e73),platform=Windows NT 6.1.7601 SP1 x86_64) (WARNING: The server did not provide any stacktrace information)
Command duration or timeout: 0 milliseconds
Build info: version: '3.7.1', revision: '8a0099a', time: '2017-11-06T21:07:36.161Z'
System info: host: 'N9449', ip: '172.29.24.220', os.name: 'Windows 7', os.arch: 'amd64', os.version: '6.1', java.version: '1.8.0_102'
Driver info: com.kms.katalon.selenium.driver.CChromeDriver
Capabilities {acceptInsecureCerts: false, acceptSslCerts: false, applicationCacheEnabled: false, browserConnectionEnabled: false, browserName: chrome, chrome: {chromedriverVersion: 2.35.528161 (5b82f2d2aae0ca..., userDataDir: C:\Users\arokia.raj\AppData...}, cssSelectorsEnabled: true, databaseEnabled: false, handlesAlerts: true, hasTouchScreen: false, javascriptEnabled: true, locationContextEnabled: true, mobileEmulationEnabled: false, nativeEvents: true, networkConnectionEnabled: false, pageLoadStrategy: normal, platform: XP, platformName: XP, rotatable: false, setWindowRect: true, takesHeapSnapshot: true, takesScreenshot: true, unexpectedAlertBehaviour: , unhandledPromptBehavior: , version: 67.0.3396.99, webStorageEnabled: true}
Session ID: 06dd61c3f0890b28a52efc57b3bc66bd)]]></system-err>
      </testcase>
      <testcase name="Test Cases/Smoke Test/New_Grid_WS" classname="Test Cases/Smoke Test/New_Grid_WS" status="FAILED">
         <failure type="FAILED" message="Unable to double click on object '//span[starts-with(text(), 'A002')]' (Root cause: com.kms.katalon.core.webui.exception.WebElementNotFoundException: Web element with id: '//span[starts-with(text(), 'A002')]' located by 'By.xpath: //span[starts-with(text(), 'A002')]' not found)"/>
         <system-out><![CDATA[2018-07-04 15:09:03 - [TEST_CASE][FAILED] - Test Cases/Smoke Test/New_Grid_WS: Test Cases/Smoke Test/New_Grid_WS FAILED because (of) Unable to double click on object '//span[starts-with(text(), 'A002')]' (Root cause: com.kms.katalon.core.webui.exception.WebElementNotFoundException: Web element with id: '//span[starts-with(text(), 'A002')]' located by 'By.xpath: //span[starts-with(text(), 'A002')]' not found)

2018-07-04 15:09:03 - [TEST_STEP][PASSED] - Statement - path = "D:\Sheepa\Katalon\Studio Smoke Test\Studio Smoke Test\Data Files\Grid_view_id.xls": null

2018-07-04 15:09:03 - [TEST_STEP][PASSED] - Statement - fis = new java.io.FileInputStream(path): null

2018-07-04 15:09:03 - [TEST_STEP][PASSED] - Statement - hssfWorkbook = new org.apache.poi.hssf.usermodel.HSSFWorkbook(fis): null

2018-07-04 15:09:03 - [TEST_STEP][PASSED] - Statement - sc = hssfWorkbook.getNumberOfSheets(): null

2018-07-04 15:09:03 - [TEST_STEP][PASSED] - Statement - println(sc): null

2018-07-04 15:09:03 - [TEST_STEP][PASSED] - Statement - hssfSheet = hssfWorkbook.getSheetAt(0): null

2018-07-04 15:09:03 - [TEST_STEP][PASSED] - Statement - hssfRow = hssfSheet.getRow(1): null

2018-07-04 15:09:03 - [TEST_STEP][PASSED] - Statement - WS_id = hssfRow.getCell(6): null

2018-07-04 15:09:03 - [TEST_STEP][PASSED] - Statement - SubWS_id = hssfRow.getCell(7): null

2018-07-04 15:09:03 - [TEST_STEP][PASSED] - openBrowser: Browser is opened with url: ''

2018-07-04 15:09:03 - [MESSAGE][WARNING] - A browser is already opened. Closing browser and opening a new one

2018-07-04 15:09:08 - [MESSAGE][PASSED] - Browser is opened with url: ''

2018-07-04 15:09:08 - [TEST_STEP][PASSED] - maximizeWindow: Current window maximized

2018-07-04 15:09:09 - [MESSAGE][PASSED] - Current window maximized

2018-07-04 15:09:09 - [TEST_STEP][PASSED] - navigateToUrl: Navigate to 'http://localhost:8082/expertctstudio/' successfully

2018-07-04 15:09:31 - [MESSAGE][PASSED] - Navigate to 'http://localhost:8082/expertctstudio/' successfully

2018-07-04 15:09:31 - [TEST_STEP][PASSED] - setText: Text 'CTSTUD1' is set on object 'Object Repository/New_Test_Create_Form/Page_Expert CT Studio/input_loginID'

2018-07-04 15:09:31 - [MESSAGE][PASSED] - Text 'CTSTUD1' is set on object 'Object Repository/New_Test_Create_Form/Page_Expert CT Studio/input_loginID'

2018-07-04 15:09:31 - [TEST_STEP][PASSED] - setText: Text 'TEST123' is set on object 'Object Repository/New_Test_Create_Form/Page_Expert CT Studio/input_loginPSW'

2018-07-04 15:09:31 - [MESSAGE][PASSED] - Text 'TEST123' is set on object 'Object Repository/New_Test_Create_Form/Page_Expert CT Studio/input_loginPSW'

2018-07-04 15:09:31 - [TEST_STEP][PASSED] - click: Object: 'Object Repository/New_Test_Create_Form/Page_Expert CT Studio/input_commit' is clicked on

2018-07-04 15:09:33 - [MESSAGE][PASSED] - Object: 'Object Repository/New_Test_Create_Form/Page_Expert CT Studio/input_commit' is clicked on

2018-07-04 15:09:33 - [TEST_STEP][PASSED] - waitForPageLoad: Wait for page load successfully

2018-07-04 15:09:33 - [MESSAGE][PASSED] - Wait for page load successfully

2018-07-04 15:09:33 - [TEST_STEP][PASSED] - click: Object: 'Object Repository/New_Test_Create_Form/Page_Canvas World/span_Create' is clicked on

2018-07-04 15:09:34 - [MESSAGE][PASSED] - Object: 'Object Repository/New_Test_Create_Form/Page_Canvas World/span_Create' is clicked on

2018-07-04 15:09:34 - [TEST_STEP][PASSED] - click: Object: 'Object Repository/New_Test_Create_Workspace/Page_Canvas World/span_Workspace' is clicked on

2018-07-04 15:09:34 - [MESSAGE][PASSED] - Object: 'Object Repository/New_Test_Create_Workspace/Page_Canvas World/span_Workspace' is clicked on

2018-07-04 15:09:34 - [TEST_STEP][PASSED] - waitForPageLoad: Wait for page load successfully

2018-07-04 15:09:34 - [MESSAGE][PASSED] - Wait for page load successfully

2018-07-04 15:09:34 - [TEST_STEP][PASSED] - click: Object: 'Object Repository/New_Test_Create_Workspace/Page_Canvas World/enter_WSId' is clicked on

2018-07-04 15:09:37 - [MESSAGE][PASSED] - Object: 'Object Repository/New_Test_Create_Workspace/Page_Canvas World/enter_WSId' is clicked on

2018-07-04 15:09:37 - [TEST_STEP][PASSED] - setText: Text 'A007' is set on object 'Object Repository/New_Test_Create_Workspace/Page_Canvas World/enter_WSId'

2018-07-04 15:09:38 - [MESSAGE][PASSED] - Text 'A007' is set on object 'Object Repository/New_Test_Create_Workspace/Page_Canvas World/enter_WSId'

2018-07-04 15:09:38 - [TEST_STEP][PASSED] - click: Object: 'Object Repository/New_Test_Create_Workspace/Page_Canvas World/enter_WS_Name' is clicked on

2018-07-04 15:09:38 - [MESSAGE][PASSED] - Object: 'Object Repository/New_Test_Create_Workspace/Page_Canvas World/enter_WS_Name' is clicked on

2018-07-04 15:09:38 - [TEST_STEP][PASSED] - setText: Text 'A007' is set on object 'Object Repository/New_Test_Create_Workspace/Page_Canvas World/enter_WS_Name'

2018-07-04 15:09:38 - [MESSAGE][PASSED] - Text 'A007' is set on object 'Object Repository/New_Test_Create_Workspace/Page_Canvas World/enter_WS_Name'

2018-07-04 15:09:38 - [TEST_STEP][PASSED] - click: Object: 'Object Repository/New_Test_Create_Workspace/Page_Canvas World/enter_WS_ResourceBundle' is clicked on

2018-07-04 15:09:38 - [MESSAGE][PASSED] - Object: 'Object Repository/New_Test_Create_Workspace/Page_Canvas World/enter_WS_ResourceBundle' is clicked on

2018-07-04 15:09:38 - [TEST_STEP][PASSED] - setText: Text 'common' is set on object 'Object Repository/New_Test_Create_Workspace/Page_Canvas World/enter_WS_ResourceBundle'

2018-07-04 15:09:38 - [MESSAGE][PASSED] - Text 'common' is set on object 'Object Repository/New_Test_Create_Workspace/Page_Canvas World/enter_WS_ResourceBundle'

2018-07-04 15:09:38 - [TEST_STEP][PASSED] - click: Object: 'Object Repository/New_Test_Create_Workspace/Page_Canvas World/enter_Position' is clicked on

2018-07-04 15:09:38 - [MESSAGE][PASSED] - Object: 'Object Repository/New_Test_Create_Workspace/Page_Canvas World/enter_Position' is clicked on

2018-07-04 15:09:38 - [TEST_STEP][PASSED] - setText: Text '1' is set on object 'Object Repository/New_Test_Create_Workspace/Page_Canvas World/enter_Position'

2018-07-04 15:09:39 - [MESSAGE][PASSED] - Text '1' is set on object 'Object Repository/New_Test_Create_Workspace/Page_Canvas World/enter_Position'

2018-07-04 15:09:39 - [TEST_STEP][PASSED] - selectOptionByValue: All options with value 'CUSER' are selected in object 'Object Repository/New_Test_Create_Workspace/Page_Canvas World/select_ProductCode' 

2018-07-04 15:09:39 - [MESSAGE][PASSED] - All options with value 'CUSER' are selected in object 'Object Repository/New_Test_Create_Workspace/Page_Canvas World/select_ProductCode' 

2018-07-04 15:09:39 - [TEST_STEP][PASSED] - selectOptionByValue: All options with value 'CUSER' are selected in object 'Object Repository/New_Test_Create_Workspace/Page_Canvas World/enter_Prdt_SubCode' 

2018-07-04 15:09:39 - [MESSAGE][PASSED] - All options with value 'CUSER' are selected in object 'Object Repository/New_Test_Create_Workspace/Page_Canvas World/enter_Prdt_SubCode' 

2018-07-04 15:09:39 - [TEST_STEP][PASSED] - selectOptionByValue: All options with value 'STACK' are selected in object 'Object Repository/New_Test_Create_Workspace/Page_Canvas World/select_Layout' 

2018-07-04 15:09:39 - [MESSAGE][PASSED] - All options with value 'STACK' are selected in object 'Object Repository/New_Test_Create_Workspace/Page_Canvas World/select_Layout' 

2018-07-04 15:09:39 - [TEST_STEP][PASSED] - click: Object: 'Object Repository/New_Test_Create_Workspace/Page_Canvas World/create_SubWS' is clicked on

2018-07-04 15:09:40 - [MESSAGE][PASSED] - Object: 'Object Repository/New_Test_Create_Workspace/Page_Canvas World/create_SubWS' is clicked on

2018-07-04 15:09:40 - [TEST_STEP][PASSED] - waitForPageLoad: Wait for page load successfully

2018-07-04 15:09:40 - [MESSAGE][PASSED] - Wait for page load successfully

2018-07-04 15:09:40 - [TEST_STEP][PASSED] - click: Object: 'Object Repository/New_Test_Create_Workspace/Page_Canvas World/subWS_ID' is clicked on

2018-07-04 15:09:41 - [MESSAGE][PASSED] - Object: 'Object Repository/New_Test_Create_Workspace/Page_Canvas World/subWS_ID' is clicked on

2018-07-04 15:09:41 - [TEST_STEP][PASSED] - setText: Text 'A008' is set on object 'Object Repository/New_Test_Create_Workspace/Page_Canvas World/subWS_ID'

2018-07-04 15:09:41 - [MESSAGE][PASSED] - Text 'A008' is set on object 'Object Repository/New_Test_Create_Workspace/Page_Canvas World/subWS_ID'

2018-07-04 15:09:41 - [TEST_STEP][PASSED] - click: Object: 'Object Repository/New_Test_Create_Workspace/Page_Canvas World/SubWS_Name' is clicked on

2018-07-04 15:09:41 - [MESSAGE][PASSED] - Object: 'Object Repository/New_Test_Create_Workspace/Page_Canvas World/SubWS_Name' is clicked on

2018-07-04 15:09:41 - [TEST_STEP][PASSED] - setText: Text 'A008' is set on object 'Object Repository/New_Test_Create_Workspace/Page_Canvas World/SubWS_Name'

2018-07-04 15:09:42 - [MESSAGE][PASSED] - Text 'A008' is set on object 'Object Repository/New_Test_Create_Workspace/Page_Canvas World/SubWS_Name'

2018-07-04 15:09:42 - [TEST_STEP][PASSED] - click: Object: 'Object Repository/New_Test_Create_Workspace/Page_Canvas World/SubWS_RB' is clicked on

2018-07-04 15:09:42 - [MESSAGE][PASSED] - Object: 'Object Repository/New_Test_Create_Workspace/Page_Canvas World/SubWS_RB' is clicked on

2018-07-04 15:09:42 - [TEST_STEP][PASSED] - setText: Text 'common' is set on object 'Object Repository/New_Test_Create_Workspace/Page_Canvas World/SubWS_RB'

2018-07-04 15:09:42 - [MESSAGE][PASSED] - Text 'common' is set on object 'Object Repository/New_Test_Create_Workspace/Page_Canvas World/SubWS_RB'

2018-07-04 15:09:42 - [TEST_STEP][PASSED] - selectOptionByValue: All options with value 'CUSER' are selected in object 'Object Repository/New_Test_Create_Workspace/Page_Canvas World/SubWS_ProductCode' 

2018-07-04 15:09:42 - [MESSAGE][PASSED] - All options with value 'CUSER' are selected in object 'Object Repository/New_Test_Create_Workspace/Page_Canvas World/SubWS_ProductCode' 

2018-07-04 15:09:42 - [TEST_STEP][PASSED] - selectOptionByValue: All options with value 'CUSER' are selected in object 'Object Repository/New_Test_Create_Workspace/Page_Canvas World/SubWS_subPrdtCode' 

2018-07-04 15:09:42 - [MESSAGE][PASSED] - All options with value 'CUSER' are selected in object 'Object Repository/New_Test_Create_Workspace/Page_Canvas World/SubWS_subPrdtCode' 

2018-07-04 15:09:42 - [TEST_STEP][PASSED] - selectOptionByValue: All options with value 'STACK' are selected in object 'Object Repository/New_Test_Create_Workspace/Page_Canvas World/subWS_Layout' 

2018-07-04 15:09:43 - [MESSAGE][PASSED] - All options with value 'STACK' are selected in object 'Object Repository/New_Test_Create_Workspace/Page_Canvas World/subWS_Layout' 

2018-07-04 15:09:43 - [TEST_STEP][FAILED] - Statement - For ([i = 0, i <= 5, (i++)]): Delayed 5 second(s)

2018-07-04 15:09:43 - [TEST_STEP][PASSED] - Statement - app_id = hssfRow.getCell(i): null

2018-07-04 15:09:43 - [TEST_STEP][PASSED] - delay: Delayed 5 second(s)

2018-07-04 15:09:48 - [MESSAGE][PASSED] - Delayed 5 second(s)

2018-07-04 15:09:48 - [TEST_STEP][PASSED] - click: Object: 'Object Repository/New_Test_Create_Workspace/Page_Canvas World/add_ChildApp' is clicked on

2018-07-04 15:09:48 - [MESSAGE][PASSED] - Object: 'Object Repository/New_Test_Create_Workspace/Page_Canvas World/add_ChildApp' is clicked on

2018-07-04 15:09:48 - [TEST_STEP][PASSED] - waitForPageLoad: Wait for page load successfully

2018-07-04 15:09:48 - [MESSAGE][PASSED] - Wait for page load successfully

2018-07-04 15:09:48 - [TEST_STEP][PASSED] - delay: Delayed 5 second(s)

2018-07-04 15:09:53 - [MESSAGE][PASSED] - Delayed 5 second(s)

2018-07-04 15:09:53 - [TEST_STEP][PASSED] - Statement - selectApp = "//span[starts-with(text(), '" + java.lang.String.valueOf(app_id) + "')]": null

2018-07-04 15:09:53 - [TEST_STEP][PASSED] - Statement - println(selectApp): null

2018-07-04 15:09:53 - [TEST_STEP][PASSED] - Statement - dynamicObject = new com.kms.katalon.core.testobject.TestObject(selectApp).addProperty("xpath", EQUALS, selectApp, true): null

2018-07-04 15:09:53 - [TEST_STEP][PASSED] - waitForElementVisible: Object '//span[starts-with(text(), 'A001')]' is visible

2018-07-04 15:09:53 - [MESSAGE][PASSED] - Object '//span[starts-with(text(), 'A001')]' is visible

2018-07-04 15:09:53 - [TEST_STEP][PASSED] - doubleClick: Object: '//span[starts-with(text(), 'A001')]' is double clicked on

2018-07-04 15:09:53 - [MESSAGE][PASSED] - Object: '//span[starts-with(text(), 'A001')]' is double clicked on

2018-07-04 15:09:53 - [TEST_STEP][PASSED] - doubleClick: Object: '//span[starts-with(text(), 'A001')]' is double clicked on

2018-07-04 15:09:53 - [MESSAGE][PASSED] - Object: '//span[starts-with(text(), 'A001')]' is double clicked on

2018-07-04 15:09:53 - [TEST_STEP][PASSED] - delay: Delayed 5 second(s)

2018-07-04 15:09:58 - [MESSAGE][PASSED] - Delayed 5 second(s)

2018-07-04 15:09:58 - [TEST_STEP][PASSED] - Statement - app_id = hssfRow.getCell(i): null

2018-07-04 15:09:58 - [TEST_STEP][PASSED] - delay: Delayed 5 second(s)

2018-07-04 15:10:03 - [MESSAGE][PASSED] - Delayed 5 second(s)

2018-07-04 15:10:03 - [TEST_STEP][PASSED] - click: Object: 'Object Repository/New_Test_Create_Workspace/Page_Canvas World/add_ChildApp' is clicked on

2018-07-04 15:10:04 - [MESSAGE][PASSED] - Object: 'Object Repository/New_Test_Create_Workspace/Page_Canvas World/add_ChildApp' is clicked on

2018-07-04 15:10:04 - [TEST_STEP][PASSED] - waitForPageLoad: Wait for page load successfully

2018-07-04 15:10:04 - [MESSAGE][PASSED] - Wait for page load successfully

2018-07-04 15:10:04 - [TEST_STEP][PASSED] - delay: Delayed 5 second(s)

2018-07-04 15:10:09 - [MESSAGE][PASSED] - Delayed 5 second(s)

2018-07-04 15:10:09 - [TEST_STEP][PASSED] - Statement - selectApp = "//span[starts-with(text(), '" + java.lang.String.valueOf(app_id) + "')]": null

2018-07-04 15:10:09 - [TEST_STEP][PASSED] - Statement - println(selectApp): null

2018-07-04 15:10:09 - [TEST_STEP][PASSED] - Statement - dynamicObject = new com.kms.katalon.core.testobject.TestObject(selectApp).addProperty("xpath", EQUALS, selectApp, true): null

2018-07-04 15:10:09 - [TEST_STEP][PASSED] - waitForElementVisible: Web element with id: '//span[starts-with(text(), 'A002')]' located by 'By.xpath: //span[starts-with(text(), 'A002')]' not found

2018-07-04 15:10:12 - [MESSAGE][WARNING] - Web element with id: '//span[starts-with(text(), 'A002')]' located by 'By.xpath: //span[starts-with(text(), 'A002')]' not found

2018-07-04 15:10:12 - [TEST_STEP][FAILED] - doubleClick: Unable to double click on object '//span[starts-with(text(), 'A002')]' (Root cause: com.kms.katalon.core.webui.exception.WebElementNotFoundException: Web element with id: '//span[starts-with(text(), 'A002')]' located by 'By.xpath: //span[starts-with(text(), 'A002')]' not found)

2018-07-04 15:10:44 - [MESSAGE][FAILED] - Unable to double click on object '//span[starts-with(text(), 'A002')]' (Root cause: com.kms.katalon.core.webui.exception.WebElementNotFoundException: Web element with id: '//span[starts-with(text(), 'A002')]' located by 'By.xpath: //span[starts-with(text(), 'A002')]' not found)
[[ATTACHMENT|D:\\Sheepa\\Katalon\\Studio Smoke Test\\Studio Smoke Test\\Reports\\Grid_Suite\\20180704_145639\\1530697244279.png]]

2018-07-04 15:10:44 - [TEST_STEP][FAILED] - doubleClick: Unable to double click on object '//span[starts-with(text(), 'A002')]' (Root cause: com.kms.katalon.core.webui.exception.WebElementNotFoundException: Web element with id: '//span[starts-with(text(), 'A002')]' located by 'By.xpath: //span[starts-with(text(), 'A002')]' not found)

2018-07-04 15:11:16 - [MESSAGE][FAILED] - Unable to double click on object '//span[starts-with(text(), 'A002')]' (Root cause: com.kms.katalon.core.webui.exception.WebElementNotFoundException: Web element with id: '//span[starts-with(text(), 'A002')]' located by 'By.xpath: //span[starts-with(text(), 'A002')]' not found)
[[ATTACHMENT|D:\\Sheepa\\Katalon\\Studio Smoke Test\\Studio Smoke Test\\Reports\\Grid_Suite\\20180704_145639\\1530697276395.png]]

2018-07-04 15:11:16 - [TEST_STEP][PASSED] - delay: Delayed 5 second(s)

2018-07-04 15:11:21 - [MESSAGE][PASSED] - Delayed 5 second(s)

2018-07-04 15:11:21 - [TEST_STEP][PASSED] - Statement - app_id = hssfRow.getCell(i): null

2018-07-04 15:11:21 - [TEST_STEP][PASSED] - delay: Delayed 5 second(s)

2018-07-04 15:11:26 - [MESSAGE][PASSED] - Delayed 5 second(s)

2018-07-04 15:11:26 - [TEST_STEP][FAILED] - click: Unable to click on object 'Object Repository/New_Test_Create_Workspace/Page_Canvas World/add_ChildApp' (Root cause: org.openqa.selenium.WebDriverException: unknown error: Element <button id="FRM_CREATE_LAYOUT-BTN_ADD_LAYOUT_APP" type="button" data-toggle="tooltip" data-placement="auto" data-original-title="" class="btn ct_btn ct-form__ip ct-form__ip-button  ct-form__btn-composite  BTN_ADD_LAYOUT_APP_btn" name="BTN_ADD_LAYOUT_APP">...</button> is not clickable at point (128, 591). Other element would receive the click: <span>...</span>
  (Session info: chrome=67.0.3396.99)
  (Driver info: chromedriver=2.35.528161 (5b82f2d2aae0ca24b877009200ced9065a772e73),platform=Windows NT 6.1.7601 SP1 x86_64) (WARNING: The server did not provide any stacktrace information)
Command duration or timeout: 0 milliseconds
Build info: version: '3.7.1', revision: '8a0099a', time: '2017-11-06T21:07:36.161Z'
System info: host: 'N9449', ip: '172.29.24.220', os.name: 'Windows 7', os.arch: 'amd64', os.version: '6.1', java.version: '1.8.0_102'
Driver info: com.kms.katalon.selenium.driver.CChromeDriver
Capabilities {acceptInsecureCerts: false, acceptSslCerts: false, applicationCacheEnabled: false, browserConnectionEnabled: false, browserName: chrome, chrome: {chromedriverVersion: 2.35.528161 (5b82f2d2aae0ca..., userDataDir: C:\Users\arokia.raj\AppData...}, cssSelectorsEnabled: true, databaseEnabled: false, handlesAlerts: true, hasTouchScreen: false, javascriptEnabled: true, locationContextEnabled: true, mobileEmulationEnabled: false, nativeEvents: true, networkConnectionEnabled: false, pageLoadStrategy: normal, platform: XP, platformName: XP, rotatable: false, setWindowRect: true, takesHeapSnapshot: true, takesScreenshot: true, unexpectedAlertBehaviour: , unhandledPromptBehavior: , version: 67.0.3396.99, webStorageEnabled: true}
Session ID: 0facb7742e09cde550432202c7b9d8a9)

2018-07-04 15:11:27 - [MESSAGE][FAILED] - Unable to click on object 'Object Repository/New_Test_Create_Workspace/Page_Canvas World/add_ChildApp' (Root cause: org.openqa.selenium.WebDriverException: unknown error: Element <button id="FRM_CREATE_LAYOUT-BTN_ADD_LAYOUT_APP" type="button" data-toggle="tooltip" data-placement="auto" data-original-title="" class="btn ct_btn ct-form__ip ct-form__ip-button  ct-form__btn-composite  BTN_ADD_LAYOUT_APP_btn" name="BTN_ADD_LAYOUT_APP">...</button> is not clickable at point (128, 591). Other element would receive the click: <span>...</span>
  (Session info: chrome=67.0.3396.99)
  (Driver info: chromedriver=2.35.528161 (5b82f2d2aae0ca24b877009200ced9065a772e73),platform=Windows NT 6.1.7601 SP1 x86_64) (WARNING: The server did not provide any stacktrace information)
Command duration or timeout: 0 milliseconds
Build info: version: '3.7.1', revision: '8a0099a', time: '2017-11-06T21:07:36.161Z'
System info: host: 'N9449', ip: '172.29.24.220', os.name: 'Windows 7', os.arch: 'amd64', os.version: '6.1', java.version: '1.8.0_102'
Driver info: com.kms.katalon.selenium.driver.CChromeDriver
Capabilities {acceptInsecureCerts: false, acceptSslCerts: false, applicationCacheEnabled: false, browserConnectionEnabled: false, browserName: chrome, chrome: {chromedriverVersion: 2.35.528161 (5b82f2d2aae0ca..., userDataDir: C:\Users\arokia.raj\AppData...}, cssSelectorsEnabled: true, databaseEnabled: false, handlesAlerts: true, hasTouchScreen: false, javascriptEnabled: true, locationContextEnabled: true, mobileEmulationEnabled: false, nativeEvents: true, networkConnectionEnabled: false, pageLoadStrategy: normal, platform: XP, platformName: XP, rotatable: false, setWindowRect: true, takesHeapSnapshot: true, takesScreenshot: true, unexpectedAlertBehaviour: , unhandledPromptBehavior: , version: 67.0.3396.99, webStorageEnabled: true}
Session ID: 0facb7742e09cde550432202c7b9d8a9)
[[ATTACHMENT|D:\\Sheepa\\Katalon\\Studio Smoke Test\\Studio Smoke Test\\Reports\\Grid_Suite\\20180704_145639\\1530697286961.png]]

2018-07-04 15:11:27 - [TEST_STEP][PASSED] - waitForPageLoad: Wait for page load successfully

2018-07-04 15:11:27 - [MESSAGE][PASSED] - Wait for page load successfully

2018-07-04 15:11:27 - [TEST_STEP][PASSED] - delay: Delayed 5 second(s)

2018-07-04 15:11:32 - [MESSAGE][PASSED] - Delayed 5 second(s)

2018-07-04 15:11:32 - [TEST_STEP][PASSED] - Statement - selectApp = "//span[starts-with(text(), '" + java.lang.String.valueOf(app_id) + "')]": null

2018-07-04 15:11:32 - [TEST_STEP][PASSED] - Statement - println(selectApp): null

2018-07-04 15:11:32 - [TEST_STEP][PASSED] - Statement - dynamicObject = new com.kms.katalon.core.testobject.TestObject(selectApp).addProperty("xpath", EQUALS, selectApp, true): null

2018-07-04 15:11:32 - [TEST_STEP][PASSED] - waitForElementVisible: Web element with id: '//span[starts-with(text(), 'A003')]' located by 'By.xpath: //span[starts-with(text(), 'A003')]' not found

2018-07-04 15:11:35 - [MESSAGE][WARNING] - Web element with id: '//span[starts-with(text(), 'A003')]' located by 'By.xpath: //span[starts-with(text(), 'A003')]' not found

2018-07-04 15:11:35 - [TEST_STEP][FAILED] - doubleClick: Unable to double click on object '//span[starts-with(text(), 'A003')]' (Root cause: com.kms.katalon.core.webui.exception.WebElementNotFoundException: Web element with id: '//span[starts-with(text(), 'A003')]' located by 'By.xpath: //span[starts-with(text(), 'A003')]' not found)

2018-07-04 15:12:08 - [MESSAGE][FAILED] - Unable to double click on object '//span[starts-with(text(), 'A003')]' (Root cause: com.kms.katalon.core.webui.exception.WebElementNotFoundException: Web element with id: '//span[starts-with(text(), 'A003')]' located by 'By.xpath: //span[starts-with(text(), 'A003')]' not found)
[[ATTACHMENT|D:\\Sheepa\\Katalon\\Studio Smoke Test\\Studio Smoke Test\\Reports\\Grid_Suite\\20180704_145639\\1530697327476.png]]

2018-07-04 15:12:08 - [TEST_STEP][FAILED] - doubleClick: Unable to double click on object '//span[starts-with(text(), 'A003')]' (Root cause: com.kms.katalon.core.webui.exception.WebElementNotFoundException: Web element with id: '//span[starts-with(text(), 'A003')]' located by 'By.xpath: //span[starts-with(text(), 'A003')]' not found)

2018-07-04 15:12:40 - [MESSAGE][FAILED] - Unable to double click on object '//span[starts-with(text(), 'A003')]' (Root cause: com.kms.katalon.core.webui.exception.WebElementNotFoundException: Web element with id: '//span[starts-with(text(), 'A003')]' located by 'By.xpath: //span[starts-with(text(), 'A003')]' not found)
[[ATTACHMENT|D:\\Sheepa\\Katalon\\Studio Smoke Test\\Studio Smoke Test\\Reports\\Grid_Suite\\20180704_145639\\1530697360027.png]]

2018-07-04 15:12:40 - [TEST_STEP][PASSED] - delay: Delayed 5 second(s)

2018-07-04 15:12:45 - [MESSAGE][PASSED] - Delayed 5 second(s)

2018-07-04 15:12:45 - [TEST_STEP][PASSED] - Statement - app_id = hssfRow.getCell(i): null

2018-07-04 15:12:45 - [TEST_STEP][PASSED] - delay: Delayed 5 second(s)

2018-07-04 15:12:50 - [MESSAGE][PASSED] - Delayed 5 second(s)

2018-07-04 15:12:50 - [TEST_STEP][FAILED] - click: Unable to click on object 'Object Repository/New_Test_Create_Workspace/Page_Canvas World/add_ChildApp' (Root cause: org.openqa.selenium.WebDriverException: unknown error: Element <button id="FRM_CREATE_LAYOUT-BTN_ADD_LAYOUT_APP" type="button" data-toggle="tooltip" data-placement="auto" data-original-title="" class="btn ct_btn ct-form__ip ct-form__ip-button  ct-form__btn-composite  BTN_ADD_LAYOUT_APP_btn" name="BTN_ADD_LAYOUT_APP">...</button> is not clickable at point (128, 591). Other element would receive the click: <span>...</span>
  (Session info: chrome=67.0.3396.99)
  (Driver info: chromedriver=2.35.528161 (5b82f2d2aae0ca24b877009200ced9065a772e73),platform=Windows NT 6.1.7601 SP1 x86_64) (WARNING: The server did not provide any stacktrace information)
Command duration or timeout: 0 milliseconds
Build info: version: '3.7.1', revision: '8a0099a', time: '2017-11-06T21:07:36.161Z'
System info: host: 'N9449', ip: '172.29.24.220', os.name: 'Windows 7', os.arch: 'amd64', os.version: '6.1', java.version: '1.8.0_102'
Driver info: com.kms.katalon.selenium.driver.CChromeDriver
Capabilities {acceptInsecureCerts: false, acceptSslCerts: false, applicationCacheEnabled: false, browserConnectionEnabled: false, browserName: chrome, chrome: {chromedriverVersion: 2.35.528161 (5b82f2d2aae0ca..., userDataDir: C:\Users\arokia.raj\AppData...}, cssSelectorsEnabled: true, databaseEnabled: false, handlesAlerts: true, hasTouchScreen: false, javascriptEnabled: true, locationContextEnabled: true, mobileEmulationEnabled: false, nativeEvents: true, networkConnectionEnabled: false, pageLoadStrategy: normal, platform: XP, platformName: XP, rotatable: false, setWindowRect: true, takesHeapSnapshot: true, takesScreenshot: true, unexpectedAlertBehaviour: , unhandledPromptBehavior: , version: 67.0.3396.99, webStorageEnabled: true}
Session ID: 0facb7742e09cde550432202c7b9d8a9)

2018-07-04 15:12:51 - [MESSAGE][FAILED] - Unable to click on object 'Object Repository/New_Test_Create_Workspace/Page_Canvas World/add_ChildApp' (Root cause: org.openqa.selenium.WebDriverException: unknown error: Element <button id="FRM_CREATE_LAYOUT-BTN_ADD_LAYOUT_APP" type="button" data-toggle="tooltip" data-placement="auto" data-original-title="" class="btn ct_btn ct-form__ip ct-form__ip-button  ct-form__btn-composite  BTN_ADD_LAYOUT_APP_btn" name="BTN_ADD_LAYOUT_APP">...</button> is not clickable at point (128, 591). Other element would receive the click: <span>...</span>
  (Session info: chrome=67.0.3396.99)
  (Driver info: chromedriver=2.35.528161 (5b82f2d2aae0ca24b877009200ced9065a772e73),platform=Windows NT 6.1.7601 SP1 x86_64) (WARNING: The server did not provide any stacktrace information)
Command duration or timeout: 0 milliseconds
Build info: version: '3.7.1', revision: '8a0099a', time: '2017-11-06T21:07:36.161Z'
System info: host: 'N9449', ip: '172.29.24.220', os.name: 'Windows 7', os.arch: 'amd64', os.version: '6.1', java.version: '1.8.0_102'
Driver info: com.kms.katalon.selenium.driver.CChromeDriver
Capabilities {acceptInsecureCerts: false, acceptSslCerts: false, applicationCacheEnabled: false, browserConnectionEnabled: false, browserName: chrome, chrome: {chromedriverVersion: 2.35.528161 (5b82f2d2aae0ca..., userDataDir: C:\Users\arokia.raj\AppData...}, cssSelectorsEnabled: true, databaseEnabled: false, handlesAlerts: true, hasTouchScreen: false, javascriptEnabled: true, locationContextEnabled: true, mobileEmulationEnabled: false, nativeEvents: true, networkConnectionEnabled: false, pageLoadStrategy: normal, platform: XP, platformName: XP, rotatable: false, setWindowRect: true, takesHeapSnapshot: true, takesScreenshot: true, unexpectedAlertBehaviour: , unhandledPromptBehavior: , version: 67.0.3396.99, webStorageEnabled: true}
Session ID: 0facb7742e09cde550432202c7b9d8a9)
[[ATTACHMENT|D:\\Sheepa\\Katalon\\Studio Smoke Test\\Studio Smoke Test\\Reports\\Grid_Suite\\20180704_145639\\1530697370909.png]]

2018-07-04 15:12:51 - [TEST_STEP][PASSED] - waitForPageLoad: Wait for page load successfully

2018-07-04 15:12:51 - [MESSAGE][PASSED] - Wait for page load successfully

2018-07-04 15:12:51 - [TEST_STEP][PASSED] - delay: Delayed 5 second(s)

2018-07-04 15:12:56 - [MESSAGE][PASSED] - Delayed 5 second(s)

2018-07-04 15:12:56 - [TEST_STEP][PASSED] - Statement - selectApp = "//span[starts-with(text(), '" + java.lang.String.valueOf(app_id) + "')]": null

2018-07-04 15:12:56 - [TEST_STEP][PASSED] - Statement - println(selectApp): null

2018-07-04 15:12:56 - [TEST_STEP][PASSED] - Statement - dynamicObject = new com.kms.katalon.core.testobject.TestObject(selectApp).addProperty("xpath", EQUALS, selectApp, true): null

2018-07-04 15:12:56 - [TEST_STEP][PASSED] - waitForElementVisible: Web element with id: '//span[starts-with(text(), 'A004')]' located by 'By.xpath: //span[starts-with(text(), 'A004')]' not found

2018-07-04 15:12:59 - [MESSAGE][WARNING] - Web element with id: '//span[starts-with(text(), 'A004')]' located by 'By.xpath: //span[starts-with(text(), 'A004')]' not found

2018-07-04 15:12:59 - [TEST_STEP][FAILED] - doubleClick: Unable to double click on object '//span[starts-with(text(), 'A004')]' (Root cause: com.kms.katalon.core.webui.exception.WebElementNotFoundException: Web element with id: '//span[starts-with(text(), 'A004')]' located by 'By.xpath: //span[starts-with(text(), 'A004')]' not found)

2018-07-04 15:13:31 - [MESSAGE][FAILED] - Unable to double click on object '//span[starts-with(text(), 'A004')]' (Root cause: com.kms.katalon.core.webui.exception.WebElementNotFoundException: Web element with id: '//span[starts-with(text(), 'A004')]' located by 'By.xpath: //span[starts-with(text(), 'A004')]' not found)
[[ATTACHMENT|D:\\Sheepa\\Katalon\\Studio Smoke Test\\Studio Smoke Test\\Reports\\Grid_Suite\\20180704_145639\\1530697411292.png]]

2018-07-04 15:13:31 - [TEST_STEP][FAILED] - doubleClick: Unable to double click on object '//span[starts-with(text(), 'A004')]' (Root cause: com.kms.katalon.core.webui.exception.WebElementNotFoundException: Web element with id: '//span[starts-with(text(), 'A004')]' located by 'By.xpath: //span[starts-with(text(), 'A004')]' not found)

2018-07-04 15:14:04 - [MESSAGE][FAILED] - Unable to double click on object '//span[starts-with(text(), 'A004')]' (Root cause: com.kms.katalon.core.webui.exception.WebElementNotFoundException: Web element with id: '//span[starts-with(text(), 'A004')]' located by 'By.xpath: //span[starts-with(text(), 'A004')]' not found)
[[ATTACHMENT|D:\\Sheepa\\Katalon\\Studio Smoke Test\\Studio Smoke Test\\Reports\\Grid_Suite\\20180704_145639\\1530697443733.png]]

2018-07-04 15:14:04 - [TEST_STEP][PASSED] - delay: Delayed 5 second(s)

2018-07-04 15:14:09 - [MESSAGE][PASSED] - Delayed 5 second(s)

2018-07-04 15:14:09 - [TEST_STEP][PASSED] - Statement - app_id = hssfRow.getCell(i): null

2018-07-04 15:14:09 - [TEST_STEP][PASSED] - delay: Delayed 5 second(s)

2018-07-04 15:14:14 - [MESSAGE][PASSED] - Delayed 5 second(s)

2018-07-04 15:14:14 - [TEST_STEP][FAILED] - click: Unable to click on object 'Object Repository/New_Test_Create_Workspace/Page_Canvas World/add_ChildApp' (Root cause: org.openqa.selenium.WebDriverException: unknown error: Element <button id="FRM_CREATE_LAYOUT-BTN_ADD_LAYOUT_APP" type="button" data-toggle="tooltip" data-placement="auto" data-original-title="" class="btn ct_btn ct-form__ip ct-form__ip-button  ct-form__btn-composite  BTN_ADD_LAYOUT_APP_btn" name="BTN_ADD_LAYOUT_APP">...</button> is not clickable at point (128, 591). Other element would receive the click: <span>...</span>
  (Session info: chrome=67.0.3396.99)
  (Driver info: chromedriver=2.35.528161 (5b82f2d2aae0ca24b877009200ced9065a772e73),platform=Windows NT 6.1.7601 SP1 x86_64) (WARNING: The server did not provide any stacktrace information)
Command duration or timeout: 0 milliseconds
Build info: version: '3.7.1', revision: '8a0099a', time: '2017-11-06T21:07:36.161Z'
System info: host: 'N9449', ip: '172.29.24.220', os.name: 'Windows 7', os.arch: 'amd64', os.version: '6.1', java.version: '1.8.0_102'
Driver info: com.kms.katalon.selenium.driver.CChromeDriver
Capabilities {acceptInsecureCerts: false, acceptSslCerts: false, applicationCacheEnabled: false, browserConnectionEnabled: false, browserName: chrome, chrome: {chromedriverVersion: 2.35.528161 (5b82f2d2aae0ca..., userDataDir: C:\Users\arokia.raj\AppData...}, cssSelectorsEnabled: true, databaseEnabled: false, handlesAlerts: true, hasTouchScreen: false, javascriptEnabled: true, locationContextEnabled: true, mobileEmulationEnabled: false, nativeEvents: true, networkConnectionEnabled: false, pageLoadStrategy: normal, platform: XP, platformName: XP, rotatable: false, setWindowRect: true, takesHeapSnapshot: true, takesScreenshot: true, unexpectedAlertBehaviour: , unhandledPromptBehavior: , version: 67.0.3396.99, webStorageEnabled: true}
Session ID: 0facb7742e09cde550432202c7b9d8a9)

2018-07-04 15:14:14 - [MESSAGE][FAILED] - Unable to click on object 'Object Repository/New_Test_Create_Workspace/Page_Canvas World/add_ChildApp' (Root cause: org.openqa.selenium.WebDriverException: unknown error: Element <button id="FRM_CREATE_LAYOUT-BTN_ADD_LAYOUT_APP" type="button" data-toggle="tooltip" data-placement="auto" data-original-title="" class="btn ct_btn ct-form__ip ct-form__ip-button  ct-form__btn-composite  BTN_ADD_LAYOUT_APP_btn" name="BTN_ADD_LAYOUT_APP">...</button> is not clickable at point (128, 591). Other element would receive the click: <span>...</span>
  (Session info: chrome=67.0.3396.99)
  (Driver info: chromedriver=2.35.528161 (5b82f2d2aae0ca24b877009200ced9065a772e73),platform=Windows NT 6.1.7601 SP1 x86_64) (WARNING: The server did not provide any stacktrace information)
Command duration or timeout: 0 milliseconds
Build info: version: '3.7.1', revision: '8a0099a', time: '2017-11-06T21:07:36.161Z'
System info: host: 'N9449', ip: '172.29.24.220', os.name: 'Windows 7', os.arch: 'amd64', os.version: '6.1', java.version: '1.8.0_102'
Driver info: com.kms.katalon.selenium.driver.CChromeDriver
Capabilities {acceptInsecureCerts: false, acceptSslCerts: false, applicationCacheEnabled: false, browserConnectionEnabled: false, browserName: chrome, chrome: {chromedriverVersion: 2.35.528161 (5b82f2d2aae0ca..., userDataDir: C:\Users\arokia.raj\AppData...}, cssSelectorsEnabled: true, databaseEnabled: false, handlesAlerts: true, hasTouchScreen: false, javascriptEnabled: true, locationContextEnabled: true, mobileEmulationEnabled: false, nativeEvents: true, networkConnectionEnabled: false, pageLoadStrategy: normal, platform: XP, platformName: XP, rotatable: false, setWindowRect: true, takesHeapSnapshot: true, takesScreenshot: true, unexpectedAlertBehaviour: , unhandledPromptBehavior: , version: 67.0.3396.99, webStorageEnabled: true}
Session ID: 0facb7742e09cde550432202c7b9d8a9)
[[ATTACHMENT|D:\\Sheepa\\Katalon\\Studio Smoke Test\\Studio Smoke Test\\Reports\\Grid_Suite\\20180704_145639\\1530697454295.png]]

2018-07-04 15:14:14 - [TEST_STEP][PASSED] - waitForPageLoad: Wait for page load successfully

2018-07-04 15:14:14 - [MESSAGE][PASSED] - Wait for page load successfully

2018-07-04 15:14:14 - [TEST_STEP][PASSED] - delay: Delayed 5 second(s)

2018-07-04 15:14:19 - [MESSAGE][PASSED] - Delayed 5 second(s)

2018-07-04 15:14:19 - [TEST_STEP][PASSED] - Statement - selectApp = "//span[starts-with(text(), '" + java.lang.String.valueOf(app_id) + "')]": null

2018-07-04 15:14:19 - [TEST_STEP][PASSED] - Statement - println(selectApp): null

2018-07-04 15:14:19 - [TEST_STEP][PASSED] - Statement - dynamicObject = new com.kms.katalon.core.testobject.TestObject(selectApp).addProperty("xpath", EQUALS, selectApp, true): null

2018-07-04 15:14:19 - [TEST_STEP][PASSED] - waitForElementVisible: Web element with id: '//span[starts-with(text(), 'A005')]' located by 'By.xpath: //span[starts-with(text(), 'A005')]' not found

2018-07-04 15:14:22 - [MESSAGE][WARNING] - Web element with id: '//span[starts-with(text(), 'A005')]' located by 'By.xpath: //span[starts-with(text(), 'A005')]' not found

2018-07-04 15:14:22 - [TEST_STEP][FAILED] - doubleClick: Unable to double click on object '//span[starts-with(text(), 'A005')]' (Root cause: com.kms.katalon.core.webui.exception.WebElementNotFoundException: Web element with id: '//span[starts-with(text(), 'A005')]' located by 'By.xpath: //span[starts-with(text(), 'A005')]' not found)

2018-07-04 15:14:55 - [MESSAGE][FAILED] - Unable to double click on object '//span[starts-with(text(), 'A005')]' (Root cause: com.kms.katalon.core.webui.exception.WebElementNotFoundException: Web element with id: '//span[starts-with(text(), 'A005')]' located by 'By.xpath: //span[starts-with(text(), 'A005')]' not found)
[[ATTACHMENT|D:\\Sheepa\\Katalon\\Studio Smoke Test\\Studio Smoke Test\\Reports\\Grid_Suite\\20180704_145639\\1530697495192.png]]

2018-07-04 15:14:55 - [TEST_STEP][FAILED] - doubleClick: Unable to double click on object '//span[starts-with(text(), 'A005')]' (Root cause: com.kms.katalon.core.webui.exception.WebElementNotFoundException: Web element with id: '//span[starts-with(text(), 'A005')]' located by 'By.xpath: //span[starts-with(text(), 'A005')]' not found)

2018-07-04 15:15:27 - [MESSAGE][FAILED] - Unable to double click on object '//span[starts-with(text(), 'A005')]' (Root cause: com.kms.katalon.core.webui.exception.WebElementNotFoundException: Web element with id: '//span[starts-with(text(), 'A005')]' located by 'By.xpath: //span[starts-with(text(), 'A005')]' not found)
[[ATTACHMENT|D:\\Sheepa\\Katalon\\Studio Smoke Test\\Studio Smoke Test\\Reports\\Grid_Suite\\20180704_145639\\1530697527409.png]]

2018-07-04 15:15:27 - [TEST_STEP][PASSED] - delay: Delayed 5 second(s)

2018-07-04 15:15:32 - [MESSAGE][PASSED] - Delayed 5 second(s)

2018-07-04 15:15:32 - [TEST_STEP][PASSED] - Statement - app_id = hssfRow.getCell(i): null

2018-07-04 15:15:32 - [TEST_STEP][PASSED] - delay: Delayed 5 second(s)

2018-07-04 15:15:37 - [MESSAGE][PASSED] - Delayed 5 second(s)

2018-07-04 15:15:37 - [TEST_STEP][FAILED] - click: Unable to click on object 'Object Repository/New_Test_Create_Workspace/Page_Canvas World/add_ChildApp' (Root cause: org.openqa.selenium.WebDriverException: unknown error: Element <button id="FRM_CREATE_LAYOUT-BTN_ADD_LAYOUT_APP" type="button" data-toggle="tooltip" data-placement="auto" data-original-title="" class="btn ct_btn ct-form__ip ct-form__ip-button  ct-form__btn-composite  BTN_ADD_LAYOUT_APP_btn" name="BTN_ADD_LAYOUT_APP">...</button> is not clickable at point (128, 591). Other element would receive the click: <span>...</span>
  (Session info: chrome=67.0.3396.99)
  (Driver info: chromedriver=2.35.528161 (5b82f2d2aae0ca24b877009200ced9065a772e73),platform=Windows NT 6.1.7601 SP1 x86_64) (WARNING: The server did not provide any stacktrace information)
Command duration or timeout: 0 milliseconds
Build info: version: '3.7.1', revision: '8a0099a', time: '2017-11-06T21:07:36.161Z'
System info: host: 'N9449', ip: '172.29.24.220', os.name: 'Windows 7', os.arch: 'amd64', os.version: '6.1', java.version: '1.8.0_102'
Driver info: com.kms.katalon.selenium.driver.CChromeDriver
Capabilities {acceptInsecureCerts: false, acceptSslCerts: false, applicationCacheEnabled: false, browserConnectionEnabled: false, browserName: chrome, chrome: {chromedriverVersion: 2.35.528161 (5b82f2d2aae0ca..., userDataDir: C:\Users\arokia.raj\AppData...}, cssSelectorsEnabled: true, databaseEnabled: false, handlesAlerts: true, hasTouchScreen: false, javascriptEnabled: true, locationContextEnabled: true, mobileEmulationEnabled: false, nativeEvents: true, networkConnectionEnabled: false, pageLoadStrategy: normal, platform: XP, platformName: XP, rotatable: false, setWindowRect: true, takesHeapSnapshot: true, takesScreenshot: true, unexpectedAlertBehaviour: , unhandledPromptBehavior: , version: 67.0.3396.99, webStorageEnabled: true}
Session ID: 0facb7742e09cde550432202c7b9d8a9)

2018-07-04 15:15:38 - [MESSAGE][FAILED] - Unable to click on object 'Object Repository/New_Test_Create_Workspace/Page_Canvas World/add_ChildApp' (Root cause: org.openqa.selenium.WebDriverException: unknown error: Element <button id="FRM_CREATE_LAYOUT-BTN_ADD_LAYOUT_APP" type="button" data-toggle="tooltip" data-placement="auto" data-original-title="" class="btn ct_btn ct-form__ip ct-form__ip-button  ct-form__btn-composite  BTN_ADD_LAYOUT_APP_btn" name="BTN_ADD_LAYOUT_APP">...</button> is not clickable at point (128, 591). Other element would receive the click: <span>...</span>
  (Session info: chrome=67.0.3396.99)
  (Driver info: chromedriver=2.35.528161 (5b82f2d2aae0ca24b877009200ced9065a772e73),platform=Windows NT 6.1.7601 SP1 x86_64) (WARNING: The server did not provide any stacktrace information)
Command duration or timeout: 0 milliseconds
Build info: version: '3.7.1', revision: '8a0099a', time: '2017-11-06T21:07:36.161Z'
System info: host: 'N9449', ip: '172.29.24.220', os.name: 'Windows 7', os.arch: 'amd64', os.version: '6.1', java.version: '1.8.0_102'
Driver info: com.kms.katalon.selenium.driver.CChromeDriver
Capabilities {acceptInsecureCerts: false, acceptSslCerts: false, applicationCacheEnabled: false, browserConnectionEnabled: false, browserName: chrome, chrome: {chromedriverVersion: 2.35.528161 (5b82f2d2aae0ca..., userDataDir: C:\Users\arokia.raj\AppData...}, cssSelectorsEnabled: true, databaseEnabled: false, handlesAlerts: true, hasTouchScreen: false, javascriptEnabled: true, locationContextEnabled: true, mobileEmulationEnabled: false, nativeEvents: true, networkConnectionEnabled: false, pageLoadStrategy: normal, platform: XP, platformName: XP, rotatable: false, setWindowRect: true, takesHeapSnapshot: true, takesScreenshot: true, unexpectedAlertBehaviour: , unhandledPromptBehavior: , version: 67.0.3396.99, webStorageEnabled: true}
Session ID: 0facb7742e09cde550432202c7b9d8a9)
[[ATTACHMENT|D:\\Sheepa\\Katalon\\Studio Smoke Test\\Studio Smoke Test\\Reports\\Grid_Suite\\20180704_145639\\1530697537997.png]]

2018-07-04 15:15:38 - [TEST_STEP][PASSED] - waitForPageLoad: Wait for page load successfully

2018-07-04 15:15:38 - [MESSAGE][PASSED] - Wait for page load successfully

2018-07-04 15:15:38 - [TEST_STEP][PASSED] - delay: Delayed 5 second(s)

2018-07-04 15:15:43 - [MESSAGE][PASSED] - Delayed 5 second(s)

2018-07-04 15:15:43 - [TEST_STEP][PASSED] - Statement - selectApp = "//span[starts-with(text(), '" + java.lang.String.valueOf(app_id) + "')]": null

2018-07-04 15:15:43 - [TEST_STEP][PASSED] - Statement - println(selectApp): null

2018-07-04 15:15:43 - [TEST_STEP][PASSED] - Statement - dynamicObject = new com.kms.katalon.core.testobject.TestObject(selectApp).addProperty("xpath", EQUALS, selectApp, true): null

2018-07-04 15:15:43 - [TEST_STEP][PASSED] - waitForElementVisible: Web element with id: '//span[starts-with(text(), 'A006')]' located by 'By.xpath: //span[starts-with(text(), 'A006')]' not found

2018-07-04 15:15:46 - [MESSAGE][WARNING] - Web element with id: '//span[starts-with(text(), 'A006')]' located by 'By.xpath: //span[starts-with(text(), 'A006')]' not found

2018-07-04 15:15:46 - [TEST_STEP][FAILED] - doubleClick: Unable to double click on object '//span[starts-with(text(), 'A006')]' (Root cause: com.kms.katalon.core.webui.exception.WebElementNotFoundException: Web element with id: '//span[starts-with(text(), 'A006')]' located by 'By.xpath: //span[starts-with(text(), 'A006')]' not found)

2018-07-04 15:16:18 - [MESSAGE][FAILED] - Unable to double click on object '//span[starts-with(text(), 'A006')]' (Root cause: com.kms.katalon.core.webui.exception.WebElementNotFoundException: Web element with id: '//span[starts-with(text(), 'A006')]' located by 'By.xpath: //span[starts-with(text(), 'A006')]' not found)
[[ATTACHMENT|D:\\Sheepa\\Katalon\\Studio Smoke Test\\Studio Smoke Test\\Reports\\Grid_Suite\\20180704_145639\\1530697578499.png]]

2018-07-04 15:16:18 - [TEST_STEP][FAILED] - doubleClick: Unable to double click on object '//span[starts-with(text(), 'A006')]' (Root cause: com.kms.katalon.core.webui.exception.WebElementNotFoundException: Web element with id: '//span[starts-with(text(), 'A006')]' located by 'By.xpath: //span[starts-with(text(), 'A006')]' not found)

2018-07-04 15:16:51 - [MESSAGE][FAILED] - Unable to double click on object '//span[starts-with(text(), 'A006')]' (Root cause: com.kms.katalon.core.webui.exception.WebElementNotFoundException: Web element with id: '//span[starts-with(text(), 'A006')]' located by 'By.xpath: //span[starts-with(text(), 'A006')]' not found)
[[ATTACHMENT|D:\\Sheepa\\Katalon\\Studio Smoke Test\\Studio Smoke Test\\Reports\\Grid_Suite\\20180704_145639\\1530697610805.png]]

2018-07-04 15:16:51 - [TEST_STEP][PASSED] - delay: Delayed 5 second(s)

2018-07-04 15:16:56 - [MESSAGE][PASSED] - Delayed 5 second(s)

2018-07-04 15:16:56 - [TEST_STEP][PASSED] - delay: Delayed 5 second(s)

2018-07-04 15:17:01 - [MESSAGE][PASSED] - Delayed 5 second(s)

2018-07-04 15:17:01 - [TEST_STEP][FAILED] - click: Unable to click on object 'Object Repository/New_Test_Create_Workspace/Page_Canvas World/SubWS_Submit' (Root cause: org.openqa.selenium.WebDriverException: unknown error: Element <a data-item-id="SUB_WS_SAVE" data-item-type="formCont_button" class="btn btn-default ct_btn ct-left-btn SUB_WS_SAVE">...</a> is not clickable at point (1304, 591). Other element would receive the click: <td data-grid-record="" class="hidden-xs" data-item-data="OD_FUNCTION|9" data-col-index="OD_FUNCTION|8" data-item-id="OD_FUNCTION">...</td>
  (Session info: chrome=67.0.3396.99)
  (Driver info: chromedriver=2.35.528161 (5b82f2d2aae0ca24b877009200ced9065a772e73),platform=Windows NT 6.1.7601 SP1 x86_64) (WARNING: The server did not provide any stacktrace information)
Command duration or timeout: 0 milliseconds
Build info: version: '3.7.1', revision: '8a0099a', time: '2017-11-06T21:07:36.161Z'
System info: host: 'N9449', ip: '172.29.24.220', os.name: 'Windows 7', os.arch: 'amd64', os.version: '6.1', java.version: '1.8.0_102'
Driver info: com.kms.katalon.selenium.driver.CChromeDriver
Capabilities {acceptInsecureCerts: false, acceptSslCerts: false, applicationCacheEnabled: false, browserConnectionEnabled: false, browserName: chrome, chrome: {chromedriverVersion: 2.35.528161 (5b82f2d2aae0ca..., userDataDir: C:\Users\arokia.raj\AppData...}, cssSelectorsEnabled: true, databaseEnabled: false, handlesAlerts: true, hasTouchScreen: false, javascriptEnabled: true, locationContextEnabled: true, mobileEmulationEnabled: false, nativeEvents: true, networkConnectionEnabled: false, pageLoadStrategy: normal, platform: XP, platformName: XP, rotatable: false, setWindowRect: true, takesHeapSnapshot: true, takesScreenshot: true, unexpectedAlertBehaviour: , unhandledPromptBehavior: , version: 67.0.3396.99, webStorageEnabled: true}
Session ID: 0facb7742e09cde550432202c7b9d8a9)

2018-07-04 15:17:02 - [MESSAGE][FAILED] - Unable to click on object 'Object Repository/New_Test_Create_Workspace/Page_Canvas World/SubWS_Submit' (Root cause: org.openqa.selenium.WebDriverException: unknown error: Element <a data-item-id="SUB_WS_SAVE" data-item-type="formCont_button" class="btn btn-default ct_btn ct-left-btn SUB_WS_SAVE">...</a> is not clickable at point (1304, 591). Other element would receive the click: <td data-grid-record="" class="hidden-xs" data-item-data="OD_FUNCTION|9" data-col-index="OD_FUNCTION|8" data-item-id="OD_FUNCTION">...</td>
  (Session info: chrome=67.0.3396.99)
  (Driver info: chromedriver=2.35.528161 (5b82f2d2aae0ca24b877009200ced9065a772e73),platform=Windows NT 6.1.7601 SP1 x86_64) (WARNING: The server did not provide any stacktrace information)
Command duration or timeout: 0 milliseconds
Build info: version: '3.7.1', revision: '8a0099a', time: '2017-11-06T21:07:36.161Z'
System info: host: 'N9449', ip: '172.29.24.220', os.name: 'Windows 7', os.arch: 'amd64', os.version: '6.1', java.version: '1.8.0_102'
Driver info: com.kms.katalon.selenium.driver.CChromeDriver
Capabilities {acceptInsecureCerts: false, acceptSslCerts: false, applicationCacheEnabled: false, browserConnectionEnabled: false, browserName: chrome, chrome: {chromedriverVersion: 2.35.528161 (5b82f2d2aae0ca..., userDataDir: C:\Users\arokia.raj\AppData...}, cssSelectorsEnabled: true, databaseEnabled: false, handlesAlerts: true, hasTouchScreen: false, javascriptEnabled: true, locationContextEnabled: true, mobileEmulationEnabled: false, nativeEvents: true, networkConnectionEnabled: false, pageLoadStrategy: normal, platform: XP, platformName: XP, rotatable: false, setWindowRect: true, takesHeapSnapshot: true, takesScreenshot: true, unexpectedAlertBehaviour: , unhandledPromptBehavior: , version: 67.0.3396.99, webStorageEnabled: true}
Session ID: 0facb7742e09cde550432202c7b9d8a9)
[[ATTACHMENT|D:\\Sheepa\\Katalon\\Studio Smoke Test\\Studio Smoke Test\\Reports\\Grid_Suite\\20180704_145639\\1530697621529.png]]

2018-07-04 15:17:02 - [TEST_STEP][FAILED] - click: Unable to click on object 'Object Repository/New_Test_Create_Workspace/Page_Canvas World/WS_Submit' (Root cause: org.openqa.selenium.WebDriverException: unknown error: Element <a data-item-id="WS_SAVE" data-item-type="formCont_button" class="btn btn-default ct_btn ct-left-btn WS_SAVE">...</a> is not clickable at point (1304, 583). Other element would receive the click: <td data-grid-record="" class="hidden-xs" data-item-data="OD_FUNCTION|9" data-col-index="OD_FUNCTION|8" data-item-id="OD_FUNCTION">...</td>
  (Session info: chrome=67.0.3396.99)
  (Driver info: chromedriver=2.35.528161 (5b82f2d2aae0ca24b877009200ced9065a772e73),platform=Windows NT 6.1.7601 SP1 x86_64) (WARNING: The server did not provide any stacktrace information)
Command duration or timeout: 0 milliseconds
Build info: version: '3.7.1', revision: '8a0099a', time: '2017-11-06T21:07:36.161Z'
System info: host: 'N9449', ip: '172.29.24.220', os.name: 'Windows 7', os.arch: 'amd64', os.version: '6.1', java.version: '1.8.0_102'
Driver info: com.kms.katalon.selenium.driver.CChromeDriver
Capabilities {acceptInsecureCerts: false, acceptSslCerts: false, applicationCacheEnabled: false, browserConnectionEnabled: false, browserName: chrome, chrome: {chromedriverVersion: 2.35.528161 (5b82f2d2aae0ca..., userDataDir: C:\Users\arokia.raj\AppData...}, cssSelectorsEnabled: true, databaseEnabled: false, handlesAlerts: true, hasTouchScreen: false, javascriptEnabled: true, locationContextEnabled: true, mobileEmulationEnabled: false, nativeEvents: true, networkConnectionEnabled: false, pageLoadStrategy: normal, platform: XP, platformName: XP, rotatable: false, setWindowRect: true, takesHeapSnapshot: true, takesScreenshot: true, unexpectedAlertBehaviour: , unhandledPromptBehavior: , version: 67.0.3396.99, webStorageEnabled: true}
Session ID: 0facb7742e09cde550432202c7b9d8a9)

2018-07-04 15:17:02 - [MESSAGE][FAILED] - Unable to click on object 'Object Repository/New_Test_Create_Workspace/Page_Canvas World/WS_Submit' (Root cause: org.openqa.selenium.WebDriverException: unknown error: Element <a data-item-id="WS_SAVE" data-item-type="formCont_button" class="btn btn-default ct_btn ct-left-btn WS_SAVE">...</a> is not clickable at point (1304, 583). Other element would receive the click: <td data-grid-record="" class="hidden-xs" data-item-data="OD_FUNCTION|9" data-col-index="OD_FUNCTION|8" data-item-id="OD_FUNCTION">...</td>
  (Session info: chrome=67.0.3396.99)
  (Driver info: chromedriver=2.35.528161 (5b82f2d2aae0ca24b877009200ced9065a772e73),platform=Windows NT 6.1.7601 SP1 x86_64) (WARNING: The server did not provide any stacktrace information)
Command duration or timeout: 0 milliseconds
Build info: version: '3.7.1', revision: '8a0099a', time: '2017-11-06T21:07:36.161Z'
System info: host: 'N9449', ip: '172.29.24.220', os.name: 'Windows 7', os.arch: 'amd64', os.version: '6.1', java.version: '1.8.0_102'
Driver info: com.kms.katalon.selenium.driver.CChromeDriver
Capabilities {acceptInsecureCerts: false, acceptSslCerts: false, applicationCacheEnabled: false, browserConnectionEnabled: false, browserName: chrome, chrome: {chromedriverVersion: 2.35.528161 (5b82f2d2aae0ca..., userDataDir: C:\Users\arokia.raj\AppData...}, cssSelectorsEnabled: true, databaseEnabled: false, handlesAlerts: true, hasTouchScreen: false, javascriptEnabled: true, locationContextEnabled: true, mobileEmulationEnabled: false, nativeEvents: true, networkConnectionEnabled: false, pageLoadStrategy: normal, platform: XP, platformName: XP, rotatable: false, setWindowRect: true, takesHeapSnapshot: true, takesScreenshot: true, unexpectedAlertBehaviour: , unhandledPromptBehavior: , version: 67.0.3396.99, webStorageEnabled: true}
Session ID: 0facb7742e09cde550432202c7b9d8a9)
[[ATTACHMENT|D:\\Sheepa\\Katalon\\Studio Smoke Test\\Studio Smoke Test\\Reports\\Grid_Suite\\20180704_145639\\1530697622139.png]]

2018-07-04 15:17:02 - [TEST_STEP][FAILED] - click: Unable to click on object 'Object Repository/New_Test_Create_Workspace/Page_Canvas World/WS_Submission' (Root cause: com.kms.katalon.core.webui.exception.WebElementNotFoundException: Web element with id: 'Object Repository/New_Test_Create_Workspace/Page_Canvas World/WS_Submission' located by 'By.xpath: //a[contains(text(),'Ok')]' not found)

2018-07-04 15:17:34 - [MESSAGE][FAILED] - Unable to click on object 'Object Repository/New_Test_Create_Workspace/Page_Canvas World/WS_Submission' (Root cause: com.kms.katalon.core.webui.exception.WebElementNotFoundException: Web element with id: 'Object Repository/New_Test_Create_Workspace/Page_Canvas World/WS_Submission' located by 'By.xpath: //a[contains(text(),'Ok')]' not found)
[[ATTACHMENT|D:\\Sheepa\\Katalon\\Studio Smoke Test\\Studio Smoke Test\\Reports\\Grid_Suite\\20180704_145639\\1530697654369.png]]]]></system-out>
         <system-err><![CDATA[2018-07-04 15:09:03 - [TEST_CASE][FAILED] - Test Cases/Smoke Test/New_Grid_WS: Test Cases/Smoke Test/New_Grid_WS FAILED because (of) Unable to double click on object '//span[starts-with(text(), 'A002')]' (Root cause: com.kms.katalon.core.webui.exception.WebElementNotFoundException: Web element with id: '//span[starts-with(text(), 'A002')]' located by 'By.xpath: //span[starts-with(text(), 'A002')]' not found)]]></system-err>
      </testcase>
      <system-out><![CDATA[2018-07-04 14:56:42 - [TEST_SUITE][FAILED] - Grid_Suite: Test Cases/Smoke Test/New_App_Grid FAILED because (of) Unable to click on object 'Object Repository/New_Test_Create_App/Page_Canvas World/app_Submit' (Root cause: org.openqa.selenium.WebDriverException: unknown error: Element <a data-item-id="FORM_APP_SAVE" data-item-type="formCont_button" class="btn btn-default ct_btn ct-left-btn FORM_APP_SAVE">...</a> is not clickable at point (1304, 591). Other element would receive the click: <td data-grid-record="" class="hidden-xs" data-item-data="SUB_PRODUCT|9" data-col-index="SUB_PRODUCT|9" data-item-id="SUB_PRODUCT">...</td>
  (Session info: chrome=67.0.3396.99)
  (Driver info: chromedriver=2.35.528161 (5b82f2d2aae0ca24b877009200ced9065a772e73),platform=Windows NT 6.1.7601 SP1 x86_64) (WARNING: The server did not provide any stacktrace information)
Command duration or timeout: 0 milliseconds
Build info: version: '3.7.1', revision: '8a0099a', time: '2017-11-06T21:07:36.161Z'
System info: host: 'N9449', ip: '172.29.24.220', os.name: 'Windows 7', os.arch: 'amd64', os.version: '6.1', java.version: '1.8.0_102'
Driver info: com.kms.katalon.selenium.driver.CChromeDriver
Capabilities {acceptInsecureCerts: false, acceptSslCerts: false, applicationCacheEnabled: false, browserConnectionEnabled: false, browserName: chrome, chrome: {chromedriverVersion: 2.35.528161 (5b82f2d2aae0ca..., userDataDir: C:\Users\arokia.raj\AppData...}, cssSelectorsEnabled: true, databaseEnabled: false, handlesAlerts: true, hasTouchScreen: false, javascriptEnabled: true, locationContextEnabled: true, mobileEmulationEnabled: false, nativeEvents: true, networkConnectionEnabled: false, pageLoadStrategy: normal, platform: XP, platformName: XP, rotatable: false, setWindowRect: true, takesHeapSnapshot: true, takesScreenshot: true, unexpectedAlertBehaviour: , unhandledPromptBehavior: , version: 67.0.3396.99, webStorageEnabled: true}
Session ID: 06dd61c3f0890b28a52efc57b3bc66bd)]]></system-out>
      <system-err><![CDATA[2018-07-04 14:56:42 - [TEST_SUITE][FAILED] - Grid_Suite: Test Cases/Smoke Test/New_App_Grid FAILED because (of) Unable to click on object 'Object Repository/New_Test_Create_App/Page_Canvas World/app_Submit' (Root cause: org.openqa.selenium.WebDriverException: unknown error: Element <a data-item-id="FORM_APP_SAVE" data-item-type="formCont_button" class="btn btn-default ct_btn ct-left-btn FORM_APP_SAVE">...</a> is not clickable at point (1304, 591). Other element would receive the click: <td data-grid-record="" class="hidden-xs" data-item-data="SUB_PRODUCT|9" data-col-index="SUB_PRODUCT|9" data-item-id="SUB_PRODUCT">...</td>
  (Session info: chrome=67.0.3396.99)
  (Driver info: chromedriver=2.35.528161 (5b82f2d2aae0ca24b877009200ced9065a772e73),platform=Windows NT 6.1.7601 SP1 x86_64) (WARNING: The server did not provide any stacktrace information)
Command duration or timeout: 0 milliseconds
Build info: version: '3.7.1', revision: '8a0099a', time: '2017-11-06T21:07:36.161Z'
System info: host: 'N9449', ip: '172.29.24.220', os.name: 'Windows 7', os.arch: 'amd64', os.version: '6.1', java.version: '1.8.0_102'
Driver info: com.kms.katalon.selenium.driver.CChromeDriver
Capabilities {acceptInsecureCerts: false, acceptSslCerts: false, applicationCacheEnabled: false, browserConnectionEnabled: false, browserName: chrome, chrome: {chromedriverVersion: 2.35.528161 (5b82f2d2aae0ca..., userDataDir: C:\Users\arokia.raj\AppData...}, cssSelectorsEnabled: true, databaseEnabled: false, handlesAlerts: true, hasTouchScreen: false, javascriptEnabled: true, locationContextEnabled: true, mobileEmulationEnabled: false, nativeEvents: true, networkConnectionEnabled: false, pageLoadStrategy: normal, platform: XP, platformName: XP, rotatable: false, setWindowRect: true, takesHeapSnapshot: true, takesScreenshot: true, unexpectedAlertBehaviour: , unhandledPromptBehavior: , version: 67.0.3396.99, webStorageEnabled: true}
Session ID: 06dd61c3f0890b28a52efc57b3bc66bd)]]></system-err>
   </testsuite>
</testsuites>
