<?xml version="1.0" encoding="UTF-8"?>
<testsuites name="Grid_Suite" time="707" tests="8" failures="1" errors="0">
   <testsuite name="Grid_Suite" tests="8" failures="1" errors="0" time="707" timestamp="2018-07-04 16:29:23" hostname="arokia.raj - N9449.intellectdesign.com" id="Test Suites/Grid_Suite">
      <properties>
         <property name="deviceName" value=""/>
         <property name="devicePlatform" value=""/>
         <property name="logFolder" value="D:\\Sheepa\\Katalon\\Studio Smoke Test\\Studio Smoke Test\\Reports\\Grid_Suite\\20180704_162920"/>
         <property name="logFiles" value="D:\\Sheepa\\Katalon\\Studio Smoke Test\\Studio Smoke Test\\Reports\\Grid_Suite\\20180704_162920\\execution0.log"/>
         <property name="attachments" value="D:\\Sheepa\\Katalon\\Studio Smoke Test\\Studio Smoke Test\\Reports\\Grid_Suite\\20180704_162920\\1530702007308.png, D:\\Sheepa\\Katalon\\Studio Smoke Test\\Studio Smoke Test\\Reports\\Grid_Suite\\20180704_162920\\1530702028266.png, D:\\Sheepa\\Katalon\\Studio Smoke Test\\Studio Smoke Test\\Reports\\Grid_Suite\\20180704_162920\\1530702048846.png, D:\\Sheepa\\Katalon\\Studio Smoke Test\\Studio Smoke Test\\Reports\\Grid_Suite\\20180704_162920\\1530702069330.png, D:\\Sheepa\\Katalon\\Studio Smoke Test\\Studio Smoke Test\\Reports\\Grid_Suite\\20180704_162920\\1530702089790.png, D:\\Sheepa\\Katalon\\Studio Smoke Test\\Studio Smoke Test\\Reports\\Grid_Suite\\20180704_162920\\1530702110160.png, D:\\Sheepa\\Katalon\\Studio Smoke Test\\Studio Smoke Test\\Reports\\Grid_Suite\\20180704_162920\\1530702136359.png"/>
         <property name="hostName" value="arokia.raj - N9449.intellectdesign.com"/>
         <property name="os" value="Windows 7 64bit"/>
         <property name="katalonVersion" value="5.4.1.1"/>
         <property name="browser" value="Chrome 67.0.3396.99"/>
         <property name="hostAddress" value="172.29.24.220"/>
         <property name="sessionId" value="bbf583e138794a0fdc8ff2e66772c932"/>
         <property name="seleniumVersion" value="3.7.1"/>
         <property name="proxyInformation" value="ProxyInformation{proxyOption=NO_PROXY, proxyServerType=HTTP, password=, proxyServerAddress=, proxyServerPort=0}"/>
         <property name="platform" value="Windows 7"/>
      </properties>
      <testcase name="Test Cases/Smoke Test/Delete Grid Views" classname="Test Cases/Smoke Test/Delete Grid Views" status="FAILED">
         <failure type="FAILED" message="Web element with id: '//span[contains(text(),'A001')]/preceding::td[2]/span/input[@data-item-id='ct_rowSelector']' located by 'By.xpath: //span[contains(text(),'A001')]/preceding::td[2]/span/input[@data-item-id='ct_rowSelector']' is present after '4' second(s)"/>
         <system-out><![CDATA[2018-07-04 16:29:23 - [TEST_CASE][FAILED] - Test Cases/Smoke Test/Delete Grid Views: Test Cases/Smoke Test/Delete Grid Views FAILED because (of) Web element with id: '//span[contains(text(),'A001')]/preceding::td[2]/span/input[@data-item-id='ct_rowSelector']' located by 'By.xpath: //span[contains(text(),'A001')]/preceding::td[2]/span/input[@data-item-id='ct_rowSelector']' is present after '4' second(s)

2018-07-04 16:29:24 - [TEST_STEP][PASSED] - openBrowser: Browser is opened with url: ''

2018-07-04 16:29:31 - [MESSAGE][PASSED] - Browser is opened with url: ''

2018-07-04 16:29:31 - [TEST_STEP][PASSED] - maximizeWindow: Current window maximized

2018-07-04 16:29:32 - [MESSAGE][PASSED] - Current window maximized

2018-07-04 16:29:32 - [TEST_STEP][PASSED] - navigateToUrl: Navigate to 'http://localhost:8082/expertctstudio' successfully

2018-07-04 16:29:53 - [MESSAGE][PASSED] - Navigate to 'http://localhost:8082/expertctstudio' successfully

2018-07-04 16:29:53 - [TEST_STEP][PASSED] - setText: Text 'CTSTUD1' is set on object 'Object Repository/New_Test_Create_Form/Page_Expert CT Studio/input_loginID'

2018-07-04 16:29:54 - [MESSAGE][PASSED] - Text 'CTSTUD1' is set on object 'Object Repository/New_Test_Create_Form/Page_Expert CT Studio/input_loginID'

2018-07-04 16:29:54 - [TEST_STEP][PASSED] - setText: Text 'TEST123' is set on object 'Object Repository/New_Test_Create_Form/Page_Expert CT Studio/input_loginPSW'

2018-07-04 16:29:54 - [MESSAGE][PASSED] - Text 'TEST123' is set on object 'Object Repository/New_Test_Create_Form/Page_Expert CT Studio/input_loginPSW'

2018-07-04 16:29:54 - [TEST_STEP][PASSED] - click: Object: 'Object Repository/New_Test_Create_Form/Page_Expert CT Studio/input_commit' is clicked on

2018-07-04 16:29:56 - [MESSAGE][PASSED] - Object: 'Object Repository/New_Test_Create_Form/Page_Expert CT Studio/input_commit' is clicked on

2018-07-04 16:29:56 - [TEST_STEP][PASSED] - waitForPageLoad: Wait for page load successfully

2018-07-04 16:29:56 - [MESSAGE][PASSED] - Wait for page load successfully

2018-07-04 16:29:56 - [TEST_STEP][PASSED] - click: Object: 'Object Repository/New_Test_Create_List_Grid/Page_Canvas World/click_view_def' is clicked on

2018-07-04 16:29:57 - [MESSAGE][PASSED] - Object: 'Object Repository/New_Test_Create_List_Grid/Page_Canvas World/click_view_def' is clicked on

2018-07-04 16:29:57 - [TEST_STEP][PASSED] - waitForPageLoad: Wait for page load successfully

2018-07-04 16:29:57 - [MESSAGE][PASSED] - Wait for page load successfully

2018-07-04 16:29:57 - [TEST_STEP][PASSED] - Statement - returnVal_View = delete(5): null

2018-07-04 16:29:57 - [TEST_STEP][PASSED] - Statement - path = "D:\Sheepa\Katalon\Studio Smoke Test\Studio Smoke Test\Data Files\Grid_view_id.xls": null

2018-07-04 16:29:57 - [TEST_STEP][PASSED] - Statement - fis = new java.io.FileInputStream(path): null

2018-07-04 16:29:57 - [TEST_STEP][PASSED] - Statement - hssfWorkbook = new org.apache.poi.hssf.usermodel.HSSFWorkbook(fis): null

2018-07-04 16:29:57 - [TEST_STEP][PASSED] - Statement - sc = hssfWorkbook.getNumberOfSheets(): null

2018-07-04 16:29:57 - [TEST_STEP][PASSED] - Statement - println(sc): null

2018-07-04 16:29:57 - [TEST_STEP][PASSED] - Statement - hssfSheet = hssfWorkbook.getSheetAt(0): null

2018-07-04 16:29:57 - [TEST_STEP][PASSED] - Statement - hssfRow = hssfSheet.getRow(1): null

2018-07-04 16:29:57 - [TEST_STEP][FAILED] - Statement - For ([i = 0, i <= j, (i++)]): null

2018-07-04 16:29:57 - [TEST_STEP][PASSED] - Statement - id = hssfRow.getCell(i): null

2018-07-04 16:29:57 - [TEST_STEP][PASSED] - Statement - selectForm = "//span[contains(text(),'" + java.lang.String.valueOf(id) + "')]/preceding::td[2]/span/input[@data-item-id='ct_rowSelector']": null

2018-07-04 16:29:57 - [TEST_STEP][PASSED] - Statement - println(selectForm): null

2018-07-04 16:29:57 - [TEST_STEP][PASSED] - Statement - dynamicObject = new com.kms.katalon.core.testobject.TestObject(selectForm).addProperty("xpath", EQUALS, selectForm, true): null

2018-07-04 16:29:57 - [TEST_STEP][PASSED] - delay: Delayed 5 second(s)

2018-07-04 16:30:03 - [MESSAGE][PASSED] - Delayed 5 second(s)

2018-07-04 16:30:03 - [TEST_STEP][FAILED] - Statement - present = com.kms.katalon.core.webui.keyword.WebUiBuiltInKeywords.verifyElementNotPresent(dynamicObject, 4, CONTINUE_ON_FAILURE): Web element with id: '//span[contains(text(),'A001')]/preceding::td[2]/span/input[@data-item-id='ct_rowSelector']' located by 'By.xpath: //span[contains(text(),'A001')]/preceding::td[2]/span/input[@data-item-id='ct_rowSelector']' is present after '4' second(s)

2018-07-04 16:30:07 - [MESSAGE][FAILED] - Web element with id: '//span[contains(text(),'A001')]/preceding::td[2]/span/input[@data-item-id='ct_rowSelector']' located by 'By.xpath: //span[contains(text(),'A001')]/preceding::td[2]/span/input[@data-item-id='ct_rowSelector']' is present after '4' second(s)
[[ATTACHMENT|D:\\Sheepa\\Katalon\\Studio Smoke Test\\Studio Smoke Test\\Reports\\Grid_Suite\\20180704_162920\\1530702007308.png]]

2018-07-04 16:30:07 - [TEST_STEP][PASSED] - Statement - If (java.lang.String.valueOf(present) == "false"): null

2018-07-04 16:30:07 - [TEST_STEP][PASSED] - click: Object: '//span[contains(text(),'A001')]/preceding::td[2]/span/input[@data-item-id='ct_rowSelector']' is clicked on

2018-07-04 16:30:07 - [MESSAGE][PASSED] - Object: '//span[contains(text(),'A001')]/preceding::td[2]/span/input[@data-item-id='ct_rowSelector']' is clicked on

2018-07-04 16:30:07 - [TEST_STEP][PASSED] - delay: Delayed 3 second(s)

2018-07-04 16:30:10 - [MESSAGE][PASSED] - Delayed 3 second(s)

2018-07-04 16:30:10 - [TEST_STEP][PASSED] - click: Object: 'Object Repository/New_Test_Create_List_Grid/Page_Canvas World/delete_view_button' is clicked on

2018-07-04 16:30:11 - [MESSAGE][PASSED] - Object: 'Object Repository/New_Test_Create_List_Grid/Page_Canvas World/delete_view_button' is clicked on

2018-07-04 16:30:11 - [TEST_STEP][PASSED] - delay: Delayed 4 second(s)

2018-07-04 16:30:15 - [MESSAGE][PASSED] - Delayed 4 second(s)

2018-07-04 16:30:15 - [TEST_STEP][PASSED] - click: Object: 'Object Repository/New_Test_Create_List_Grid/Page_Canvas World/dialogbx' is clicked on

2018-07-04 16:30:15 - [MESSAGE][PASSED] - Object: 'Object Repository/New_Test_Create_List_Grid/Page_Canvas World/dialogbx' is clicked on

2018-07-04 16:30:15 - [TEST_STEP][PASSED] - delay: Delayed 3 second(s)

2018-07-04 16:30:18 - [MESSAGE][PASSED] - Delayed 3 second(s)

2018-07-04 16:30:18 - [TEST_STEP][PASSED] - click: Object: 'Object Repository/New_Test_Create_List_Grid/Page_Canvas World/deleted_ok' is clicked on

2018-07-04 16:30:18 - [MESSAGE][PASSED] - Object: 'Object Repository/New_Test_Create_List_Grid/Page_Canvas World/deleted_ok' is clicked on

2018-07-04 16:30:18 - [TEST_STEP][PASSED] - Statement - println("DELETED"): null

2018-07-04 16:30:18 - [TEST_STEP][PASSED] - Statement - id = hssfRow.getCell(i): null

2018-07-04 16:30:18 - [TEST_STEP][PASSED] - Statement - selectForm = "//span[contains(text(),'" + java.lang.String.valueOf(id) + "')]/preceding::td[2]/span/input[@data-item-id='ct_rowSelector']": null

2018-07-04 16:30:18 - [TEST_STEP][PASSED] - Statement - println(selectForm): null

2018-07-04 16:30:18 - [TEST_STEP][PASSED] - Statement - dynamicObject = new com.kms.katalon.core.testobject.TestObject(selectForm).addProperty("xpath", EQUALS, selectForm, true): null

2018-07-04 16:30:18 - [TEST_STEP][PASSED] - delay: Delayed 5 second(s)

2018-07-04 16:30:23 - [MESSAGE][PASSED] - Delayed 5 second(s)

2018-07-04 16:30:23 - [TEST_STEP][FAILED] - Statement - present = com.kms.katalon.core.webui.keyword.WebUiBuiltInKeywords.verifyElementNotPresent(dynamicObject, 4, CONTINUE_ON_FAILURE): Web element with id: '//span[contains(text(),'A002')]/preceding::td[2]/span/input[@data-item-id='ct_rowSelector']' located by 'By.xpath: //span[contains(text(),'A002')]/preceding::td[2]/span/input[@data-item-id='ct_rowSelector']' is present after '4' second(s)

2018-07-04 16:30:28 - [MESSAGE][FAILED] - Web element with id: '//span[contains(text(),'A002')]/preceding::td[2]/span/input[@data-item-id='ct_rowSelector']' located by 'By.xpath: //span[contains(text(),'A002')]/preceding::td[2]/span/input[@data-item-id='ct_rowSelector']' is present after '4' second(s)
[[ATTACHMENT|D:\\Sheepa\\Katalon\\Studio Smoke Test\\Studio Smoke Test\\Reports\\Grid_Suite\\20180704_162920\\1530702028266.png]]

2018-07-04 16:30:28 - [TEST_STEP][PASSED] - Statement - If (java.lang.String.valueOf(present) == "false"): null

2018-07-04 16:30:28 - [TEST_STEP][PASSED] - click: Object: '//span[contains(text(),'A002')]/preceding::td[2]/span/input[@data-item-id='ct_rowSelector']' is clicked on

2018-07-04 16:30:28 - [MESSAGE][PASSED] - Object: '//span[contains(text(),'A002')]/preceding::td[2]/span/input[@data-item-id='ct_rowSelector']' is clicked on

2018-07-04 16:30:28 - [TEST_STEP][PASSED] - delay: Delayed 3 second(s)

2018-07-04 16:30:31 - [MESSAGE][PASSED] - Delayed 3 second(s)

2018-07-04 16:30:31 - [TEST_STEP][PASSED] - click: Object: 'Object Repository/New_Test_Create_List_Grid/Page_Canvas World/delete_view_button' is clicked on

2018-07-04 16:30:32 - [MESSAGE][PASSED] - Object: 'Object Repository/New_Test_Create_List_Grid/Page_Canvas World/delete_view_button' is clicked on

2018-07-04 16:30:32 - [TEST_STEP][PASSED] - delay: Delayed 4 second(s)

2018-07-04 16:30:36 - [MESSAGE][PASSED] - Delayed 4 second(s)

2018-07-04 16:30:36 - [TEST_STEP][PASSED] - click: Object: 'Object Repository/New_Test_Create_List_Grid/Page_Canvas World/dialogbx' is clicked on

2018-07-04 16:30:36 - [MESSAGE][PASSED] - Object: 'Object Repository/New_Test_Create_List_Grid/Page_Canvas World/dialogbx' is clicked on

2018-07-04 16:30:36 - [TEST_STEP][PASSED] - delay: Delayed 3 second(s)

2018-07-04 16:30:39 - [MESSAGE][PASSED] - Delayed 3 second(s)

2018-07-04 16:30:39 - [TEST_STEP][PASSED] - click: Object: 'Object Repository/New_Test_Create_List_Grid/Page_Canvas World/deleted_ok' is clicked on

2018-07-04 16:30:39 - [MESSAGE][PASSED] - Object: 'Object Repository/New_Test_Create_List_Grid/Page_Canvas World/deleted_ok' is clicked on

2018-07-04 16:30:39 - [TEST_STEP][PASSED] - Statement - println("DELETED"): null

2018-07-04 16:30:39 - [TEST_STEP][PASSED] - Statement - id = hssfRow.getCell(i): null

2018-07-04 16:30:39 - [TEST_STEP][PASSED] - Statement - selectForm = "//span[contains(text(),'" + java.lang.String.valueOf(id) + "')]/preceding::td[2]/span/input[@data-item-id='ct_rowSelector']": null

2018-07-04 16:30:39 - [TEST_STEP][PASSED] - Statement - println(selectForm): null

2018-07-04 16:30:39 - [TEST_STEP][PASSED] - Statement - dynamicObject = new com.kms.katalon.core.testobject.TestObject(selectForm).addProperty("xpath", EQUALS, selectForm, true): null

2018-07-04 16:30:39 - [TEST_STEP][PASSED] - delay: Delayed 5 second(s)

2018-07-04 16:30:44 - [MESSAGE][PASSED] - Delayed 5 second(s)

2018-07-04 16:30:44 - [TEST_STEP][FAILED] - Statement - present = com.kms.katalon.core.webui.keyword.WebUiBuiltInKeywords.verifyElementNotPresent(dynamicObject, 4, CONTINUE_ON_FAILURE): Web element with id: '//span[contains(text(),'A003')]/preceding::td[2]/span/input[@data-item-id='ct_rowSelector']' located by 'By.xpath: //span[contains(text(),'A003')]/preceding::td[2]/span/input[@data-item-id='ct_rowSelector']' is present after '4' second(s)

2018-07-04 16:30:49 - [MESSAGE][FAILED] - Web element with id: '//span[contains(text(),'A003')]/preceding::td[2]/span/input[@data-item-id='ct_rowSelector']' located by 'By.xpath: //span[contains(text(),'A003')]/preceding::td[2]/span/input[@data-item-id='ct_rowSelector']' is present after '4' second(s)
[[ATTACHMENT|D:\\Sheepa\\Katalon\\Studio Smoke Test\\Studio Smoke Test\\Reports\\Grid_Suite\\20180704_162920\\1530702048846.png]]

2018-07-04 16:30:49 - [TEST_STEP][PASSED] - Statement - If (java.lang.String.valueOf(present) == "false"): null

2018-07-04 16:30:49 - [TEST_STEP][PASSED] - click: Object: '//span[contains(text(),'A003')]/preceding::td[2]/span/input[@data-item-id='ct_rowSelector']' is clicked on

2018-07-04 16:30:49 - [MESSAGE][PASSED] - Object: '//span[contains(text(),'A003')]/preceding::td[2]/span/input[@data-item-id='ct_rowSelector']' is clicked on

2018-07-04 16:30:49 - [TEST_STEP][PASSED] - delay: Delayed 3 second(s)

2018-07-04 16:30:52 - [MESSAGE][PASSED] - Delayed 3 second(s)

2018-07-04 16:30:52 - [TEST_STEP][PASSED] - click: Object: 'Object Repository/New_Test_Create_List_Grid/Page_Canvas World/delete_view_button' is clicked on

2018-07-04 16:30:52 - [MESSAGE][PASSED] - Object: 'Object Repository/New_Test_Create_List_Grid/Page_Canvas World/delete_view_button' is clicked on

2018-07-04 16:30:52 - [TEST_STEP][PASSED] - delay: Delayed 4 second(s)

2018-07-04 16:30:56 - [MESSAGE][PASSED] - Delayed 4 second(s)

2018-07-04 16:30:56 - [TEST_STEP][PASSED] - click: Object: 'Object Repository/New_Test_Create_List_Grid/Page_Canvas World/dialogbx' is clicked on

2018-07-04 16:30:56 - [MESSAGE][PASSED] - Object: 'Object Repository/New_Test_Create_List_Grid/Page_Canvas World/dialogbx' is clicked on

2018-07-04 16:30:56 - [TEST_STEP][PASSED] - delay: Delayed 3 second(s)

2018-07-04 16:30:59 - [MESSAGE][PASSED] - Delayed 3 second(s)

2018-07-04 16:30:59 - [TEST_STEP][PASSED] - click: Object: 'Object Repository/New_Test_Create_List_Grid/Page_Canvas World/deleted_ok' is clicked on

2018-07-04 16:31:00 - [MESSAGE][PASSED] - Object: 'Object Repository/New_Test_Create_List_Grid/Page_Canvas World/deleted_ok' is clicked on

2018-07-04 16:31:00 - [TEST_STEP][PASSED] - Statement - println("DELETED"): null

2018-07-04 16:31:00 - [TEST_STEP][PASSED] - Statement - id = hssfRow.getCell(i): null

2018-07-04 16:31:00 - [TEST_STEP][PASSED] - Statement - selectForm = "//span[contains(text(),'" + java.lang.String.valueOf(id) + "')]/preceding::td[2]/span/input[@data-item-id='ct_rowSelector']": null

2018-07-04 16:31:00 - [TEST_STEP][PASSED] - Statement - println(selectForm): null

2018-07-04 16:31:00 - [TEST_STEP][PASSED] - Statement - dynamicObject = new com.kms.katalon.core.testobject.TestObject(selectForm).addProperty("xpath", EQUALS, selectForm, true): null

2018-07-04 16:31:00 - [TEST_STEP][PASSED] - delay: Delayed 5 second(s)

2018-07-04 16:31:05 - [MESSAGE][PASSED] - Delayed 5 second(s)

2018-07-04 16:31:05 - [TEST_STEP][FAILED] - Statement - present = com.kms.katalon.core.webui.keyword.WebUiBuiltInKeywords.verifyElementNotPresent(dynamicObject, 4, CONTINUE_ON_FAILURE): Web element with id: '//span[contains(text(),'A004')]/preceding::td[2]/span/input[@data-item-id='ct_rowSelector']' located by 'By.xpath: //span[contains(text(),'A004')]/preceding::td[2]/span/input[@data-item-id='ct_rowSelector']' is present after '4' second(s)

2018-07-04 16:31:09 - [MESSAGE][FAILED] - Web element with id: '//span[contains(text(),'A004')]/preceding::td[2]/span/input[@data-item-id='ct_rowSelector']' located by 'By.xpath: //span[contains(text(),'A004')]/preceding::td[2]/span/input[@data-item-id='ct_rowSelector']' is present after '4' second(s)
[[ATTACHMENT|D:\\Sheepa\\Katalon\\Studio Smoke Test\\Studio Smoke Test\\Reports\\Grid_Suite\\20180704_162920\\1530702069330.png]]

2018-07-04 16:31:09 - [TEST_STEP][PASSED] - Statement - If (java.lang.String.valueOf(present) == "false"): null

2018-07-04 16:31:09 - [TEST_STEP][PASSED] - click: Object: '//span[contains(text(),'A004')]/preceding::td[2]/span/input[@data-item-id='ct_rowSelector']' is clicked on

2018-07-04 16:31:09 - [MESSAGE][PASSED] - Object: '//span[contains(text(),'A004')]/preceding::td[2]/span/input[@data-item-id='ct_rowSelector']' is clicked on

2018-07-04 16:31:09 - [TEST_STEP][PASSED] - delay: Delayed 3 second(s)

2018-07-04 16:31:12 - [MESSAGE][PASSED] - Delayed 3 second(s)

2018-07-04 16:31:12 - [TEST_STEP][PASSED] - click: Object: 'Object Repository/New_Test_Create_List_Grid/Page_Canvas World/delete_view_button' is clicked on

2018-07-04 16:31:13 - [MESSAGE][PASSED] - Object: 'Object Repository/New_Test_Create_List_Grid/Page_Canvas World/delete_view_button' is clicked on

2018-07-04 16:31:13 - [TEST_STEP][PASSED] - delay: Delayed 4 second(s)

2018-07-04 16:31:17 - [MESSAGE][PASSED] - Delayed 4 second(s)

2018-07-04 16:31:17 - [TEST_STEP][PASSED] - click: Object: 'Object Repository/New_Test_Create_List_Grid/Page_Canvas World/dialogbx' is clicked on

2018-07-04 16:31:17 - [MESSAGE][PASSED] - Object: 'Object Repository/New_Test_Create_List_Grid/Page_Canvas World/dialogbx' is clicked on

2018-07-04 16:31:17 - [TEST_STEP][PASSED] - delay: Delayed 3 second(s)

2018-07-04 16:31:20 - [MESSAGE][PASSED] - Delayed 3 second(s)

2018-07-04 16:31:20 - [TEST_STEP][PASSED] - click: Object: 'Object Repository/New_Test_Create_List_Grid/Page_Canvas World/deleted_ok' is clicked on

2018-07-04 16:31:20 - [MESSAGE][PASSED] - Object: 'Object Repository/New_Test_Create_List_Grid/Page_Canvas World/deleted_ok' is clicked on

2018-07-04 16:31:20 - [TEST_STEP][PASSED] - Statement - println("DELETED"): null

2018-07-04 16:31:20 - [TEST_STEP][PASSED] - Statement - id = hssfRow.getCell(i): null

2018-07-04 16:31:20 - [TEST_STEP][PASSED] - Statement - selectForm = "//span[contains(text(),'" + java.lang.String.valueOf(id) + "')]/preceding::td[2]/span/input[@data-item-id='ct_rowSelector']": null

2018-07-04 16:31:20 - [TEST_STEP][PASSED] - Statement - println(selectForm): null

2018-07-04 16:31:20 - [TEST_STEP][PASSED] - Statement - dynamicObject = new com.kms.katalon.core.testobject.TestObject(selectForm).addProperty("xpath", EQUALS, selectForm, true): null

2018-07-04 16:31:20 - [TEST_STEP][PASSED] - delay: Delayed 5 second(s)

2018-07-04 16:31:25 - [MESSAGE][PASSED] - Delayed 5 second(s)

2018-07-04 16:31:25 - [TEST_STEP][FAILED] - Statement - present = com.kms.katalon.core.webui.keyword.WebUiBuiltInKeywords.verifyElementNotPresent(dynamicObject, 4, CONTINUE_ON_FAILURE): Web element with id: '//span[contains(text(),'A005')]/preceding::td[2]/span/input[@data-item-id='ct_rowSelector']' located by 'By.xpath: //span[contains(text(),'A005')]/preceding::td[2]/span/input[@data-item-id='ct_rowSelector']' is present after '4' second(s)

2018-07-04 16:31:30 - [MESSAGE][FAILED] - Web element with id: '//span[contains(text(),'A005')]/preceding::td[2]/span/input[@data-item-id='ct_rowSelector']' located by 'By.xpath: //span[contains(text(),'A005')]/preceding::td[2]/span/input[@data-item-id='ct_rowSelector']' is present after '4' second(s)
[[ATTACHMENT|D:\\Sheepa\\Katalon\\Studio Smoke Test\\Studio Smoke Test\\Reports\\Grid_Suite\\20180704_162920\\1530702089790.png]]

2018-07-04 16:31:30 - [TEST_STEP][PASSED] - Statement - If (java.lang.String.valueOf(present) == "false"): null

2018-07-04 16:31:30 - [TEST_STEP][PASSED] - click: Object: '//span[contains(text(),'A005')]/preceding::td[2]/span/input[@data-item-id='ct_rowSelector']' is clicked on

2018-07-04 16:31:30 - [MESSAGE][PASSED] - Object: '//span[contains(text(),'A005')]/preceding::td[2]/span/input[@data-item-id='ct_rowSelector']' is clicked on

2018-07-04 16:31:30 - [TEST_STEP][PASSED] - delay: Delayed 3 second(s)

2018-07-04 16:31:33 - [MESSAGE][PASSED] - Delayed 3 second(s)

2018-07-04 16:31:33 - [TEST_STEP][PASSED] - click: Object: 'Object Repository/New_Test_Create_List_Grid/Page_Canvas World/delete_view_button' is clicked on

2018-07-04 16:31:33 - [MESSAGE][PASSED] - Object: 'Object Repository/New_Test_Create_List_Grid/Page_Canvas World/delete_view_button' is clicked on

2018-07-04 16:31:33 - [TEST_STEP][PASSED] - delay: Delayed 4 second(s)

2018-07-04 16:31:37 - [MESSAGE][PASSED] - Delayed 4 second(s)

2018-07-04 16:31:37 - [TEST_STEP][PASSED] - click: Object: 'Object Repository/New_Test_Create_List_Grid/Page_Canvas World/dialogbx' is clicked on

2018-07-04 16:31:37 - [MESSAGE][PASSED] - Object: 'Object Repository/New_Test_Create_List_Grid/Page_Canvas World/dialogbx' is clicked on

2018-07-04 16:31:37 - [TEST_STEP][PASSED] - delay: Delayed 3 second(s)

2018-07-04 16:31:40 - [MESSAGE][PASSED] - Delayed 3 second(s)

2018-07-04 16:31:40 - [TEST_STEP][PASSED] - click: Object: 'Object Repository/New_Test_Create_List_Grid/Page_Canvas World/deleted_ok' is clicked on

2018-07-04 16:31:40 - [MESSAGE][PASSED] - Object: 'Object Repository/New_Test_Create_List_Grid/Page_Canvas World/deleted_ok' is clicked on

2018-07-04 16:31:40 - [TEST_STEP][PASSED] - Statement - println("DELETED"): null

2018-07-04 16:31:40 - [TEST_STEP][PASSED] - Statement - id = hssfRow.getCell(i): null

2018-07-04 16:31:40 - [TEST_STEP][PASSED] - Statement - selectForm = "//span[contains(text(),'" + java.lang.String.valueOf(id) + "')]/preceding::td[2]/span/input[@data-item-id='ct_rowSelector']": null

2018-07-04 16:31:40 - [TEST_STEP][PASSED] - Statement - println(selectForm): null

2018-07-04 16:31:40 - [TEST_STEP][PASSED] - Statement - dynamicObject = new com.kms.katalon.core.testobject.TestObject(selectForm).addProperty("xpath", EQUALS, selectForm, true): null

2018-07-04 16:31:40 - [TEST_STEP][PASSED] - delay: Delayed 5 second(s)

2018-07-04 16:31:45 - [MESSAGE][PASSED] - Delayed 5 second(s)

2018-07-04 16:31:45 - [TEST_STEP][FAILED] - Statement - present = com.kms.katalon.core.webui.keyword.WebUiBuiltInKeywords.verifyElementNotPresent(dynamicObject, 4, CONTINUE_ON_FAILURE): Web element with id: '//span[contains(text(),'A006')]/preceding::td[2]/span/input[@data-item-id='ct_rowSelector']' located by 'By.xpath: //span[contains(text(),'A006')]/preceding::td[2]/span/input[@data-item-id='ct_rowSelector']' is present after '4' second(s)

2018-07-04 16:31:50 - [MESSAGE][FAILED] - Web element with id: '//span[contains(text(),'A006')]/preceding::td[2]/span/input[@data-item-id='ct_rowSelector']' located by 'By.xpath: //span[contains(text(),'A006')]/preceding::td[2]/span/input[@data-item-id='ct_rowSelector']' is present after '4' second(s)
[[ATTACHMENT|D:\\Sheepa\\Katalon\\Studio Smoke Test\\Studio Smoke Test\\Reports\\Grid_Suite\\20180704_162920\\1530702110160.png]]

2018-07-04 16:31:50 - [TEST_STEP][PASSED] - Statement - If (java.lang.String.valueOf(present) == "false"): null

2018-07-04 16:31:50 - [TEST_STEP][PASSED] - click: Object: '//span[contains(text(),'A006')]/preceding::td[2]/span/input[@data-item-id='ct_rowSelector']' is clicked on

2018-07-04 16:31:50 - [MESSAGE][PASSED] - Object: '//span[contains(text(),'A006')]/preceding::td[2]/span/input[@data-item-id='ct_rowSelector']' is clicked on

2018-07-04 16:31:50 - [TEST_STEP][PASSED] - delay: Delayed 3 second(s)

2018-07-04 16:31:53 - [MESSAGE][PASSED] - Delayed 3 second(s)

2018-07-04 16:31:53 - [TEST_STEP][PASSED] - click: Object: 'Object Repository/New_Test_Create_List_Grid/Page_Canvas World/delete_view_button' is clicked on

2018-07-04 16:31:53 - [MESSAGE][PASSED] - Object: 'Object Repository/New_Test_Create_List_Grid/Page_Canvas World/delete_view_button' is clicked on

2018-07-04 16:31:53 - [TEST_STEP][PASSED] - delay: Delayed 4 second(s)

2018-07-04 16:31:58 - [MESSAGE][PASSED] - Delayed 4 second(s)

2018-07-04 16:31:58 - [TEST_STEP][PASSED] - click: Object: 'Object Repository/New_Test_Create_List_Grid/Page_Canvas World/dialogbx' is clicked on

2018-07-04 16:31:58 - [MESSAGE][PASSED] - Object: 'Object Repository/New_Test_Create_List_Grid/Page_Canvas World/dialogbx' is clicked on

2018-07-04 16:31:58 - [TEST_STEP][PASSED] - delay: Delayed 3 second(s)

2018-07-04 16:32:01 - [MESSAGE][PASSED] - Delayed 3 second(s)

2018-07-04 16:32:01 - [TEST_STEP][PASSED] - click: Object: 'Object Repository/New_Test_Create_List_Grid/Page_Canvas World/deleted_ok' is clicked on

2018-07-04 16:32:01 - [MESSAGE][PASSED] - Object: 'Object Repository/New_Test_Create_List_Grid/Page_Canvas World/deleted_ok' is clicked on

2018-07-04 16:32:01 - [TEST_STEP][PASSED] - Statement - println("DELETED"): null

2018-07-04 16:32:01 - [TEST_STEP][PASSED] - Statement - return done: null

2018-07-04 16:32:01 - [TEST_STEP][PASSED] - Statement - println("View " + returnVal_View): null

2018-07-04 16:32:01 - [TEST_STEP][PASSED] - delay: Delayed 5 second(s)

2018-07-04 16:32:06 - [MESSAGE][PASSED] - Delayed 5 second(s)

2018-07-04 16:32:06 - [TEST_STEP][PASSED] - click: Object: 'Object Repository/New_Test_Create_List_Grid/Page_Canvas World/click_app_def' is clicked on

2018-07-04 16:32:06 - [MESSAGE][PASSED] - Object: 'Object Repository/New_Test_Create_List_Grid/Page_Canvas World/click_app_def' is clicked on

2018-07-04 16:32:06 - [TEST_STEP][PASSED] - waitForPageLoad: Wait for page load successfully

2018-07-04 16:32:07 - [MESSAGE][PASSED] - Wait for page load successfully

2018-07-04 16:32:07 - [TEST_STEP][PASSED] - Statement - returnVal_App = deleteApp(6): null

2018-07-04 16:32:07 - [TEST_STEP][PASSED] - Statement - path = "D:\Sheepa\Katalon\Studio Smoke Test\Studio Smoke Test\Data Files\Grid_view_id.xls": null

2018-07-04 16:32:07 - [TEST_STEP][PASSED] - Statement - fis = new java.io.FileInputStream(path): null

2018-07-04 16:32:07 - [TEST_STEP][PASSED] - Statement - hssfWorkbook = new org.apache.poi.hssf.usermodel.HSSFWorkbook(fis): null

2018-07-04 16:32:07 - [TEST_STEP][PASSED] - Statement - sc = hssfWorkbook.getNumberOfSheets(): null

2018-07-04 16:32:07 - [TEST_STEP][PASSED] - Statement - println(sc): null

2018-07-04 16:32:07 - [TEST_STEP][PASSED] - Statement - hssfSheet = hssfWorkbook.getSheetAt(0): null

2018-07-04 16:32:07 - [TEST_STEP][PASSED] - Statement - hssfRow = hssfSheet.getRow(1): null

2018-07-04 16:32:07 - [TEST_STEP][FAILED] - Statement - For ([i = 0, i <= j, (i++)]): null

2018-07-04 16:32:07 - [TEST_STEP][PASSED] - Statement - id = hssfRow.getCell(i): null

2018-07-04 16:32:07 - [TEST_STEP][PASSED] - Statement - selectForm = "(//span[contains(text(),'" + java.lang.String.valueOf(id) + "')])[1]": null

2018-07-04 16:32:07 - [TEST_STEP][PASSED] - Statement - println(selectForm): null

2018-07-04 16:32:07 - [TEST_STEP][PASSED] - Statement - dynamicObject = new com.kms.katalon.core.testobject.TestObject(selectForm).addProperty("xpath", EQUALS, selectForm, true): null

2018-07-04 16:32:07 - [TEST_STEP][PASSED] - delay: Delayed 5 second(s)

2018-07-04 16:32:12 - [MESSAGE][PASSED] - Delayed 5 second(s)

2018-07-04 16:32:12 - [TEST_STEP][FAILED] - Statement - present = com.kms.katalon.core.webui.keyword.WebUiBuiltInKeywords.verifyElementNotPresent(dynamicObject, 4, CONTINUE_ON_FAILURE): Web element with id: '(//span[contains(text(),'A001')])[1]' located by 'By.xpath: (//span[contains(text(),'A001')])[1]' is present after '4' second(s)

2018-07-04 16:32:16 - [MESSAGE][FAILED] - Web element with id: '(//span[contains(text(),'A001')])[1]' located by 'By.xpath: (//span[contains(text(),'A001')])[1]' is present after '4' second(s)
[[ATTACHMENT|D:\\Sheepa\\Katalon\\Studio Smoke Test\\Studio Smoke Test\\Reports\\Grid_Suite\\20180704_162920\\1530702136359.png]]

2018-07-04 16:32:16 - [TEST_STEP][PASSED] - Statement - If (java.lang.String.valueOf(present) == "false"): null

2018-07-04 16:32:16 - [TEST_STEP][PASSED] - rightClick: Object: '(//span[contains(text(),'A001')])[1]' is right clicked on

2018-07-04 16:32:17 - [MESSAGE][PASSED] - Object: '(//span[contains(text(),'A001')])[1]' is right clicked on

2018-07-04 16:32:17 - [TEST_STEP][PASSED] - delay: Delayed 3 second(s)

2018-07-04 16:32:20 - [MESSAGE][PASSED] - Delayed 3 second(s)

2018-07-04 16:32:20 - [TEST_STEP][PASSED] - click: Object: 'Object Repository/New_Test_Create_List_Grid/Page_Canvas World/delete_app' is clicked on

2018-07-04 16:32:20 - [MESSAGE][PASSED] - Object: 'Object Repository/New_Test_Create_List_Grid/Page_Canvas World/delete_app' is clicked on

2018-07-04 16:32:20 - [TEST_STEP][PASSED] - delay: Delayed 4 second(s)

2018-07-04 16:32:24 - [MESSAGE][PASSED] - Delayed 4 second(s)

2018-07-04 16:32:24 - [TEST_STEP][PASSED] - click: Object: 'Object Repository/New_Test_Create_List_Grid/Page_Canvas World/dialogbx' is clicked on

2018-07-04 16:32:25 - [MESSAGE][PASSED] - Object: 'Object Repository/New_Test_Create_List_Grid/Page_Canvas World/dialogbx' is clicked on

2018-07-04 16:32:25 - [TEST_STEP][PASSED] - delay: Delayed 3 second(s)

2018-07-04 16:32:28 - [MESSAGE][PASSED] - Delayed 3 second(s)

2018-07-04 16:32:28 - [TEST_STEP][PASSED] - click: Object: 'Object Repository/New_Test_Create_List_Grid/Page_Canvas World/deleted_ok' is clicked on

2018-07-04 16:32:28 - [MESSAGE][PASSED] - Object: 'Object Repository/New_Test_Create_List_Grid/Page_Canvas World/deleted_ok' is clicked on

2018-07-04 16:32:28 - [TEST_STEP][PASSED] - Statement - println("DELETED"): null

2018-07-04 16:32:28 - [TEST_STEP][PASSED] - Statement - id = hssfRow.getCell(i): null

2018-07-04 16:32:28 - [TEST_STEP][PASSED] - Statement - selectForm = "(//span[contains(text(),'" + java.lang.String.valueOf(id) + "')])[1]": null

2018-07-04 16:32:28 - [TEST_STEP][PASSED] - Statement - println(selectForm): null

2018-07-04 16:32:28 - [TEST_STEP][PASSED] - Statement - dynamicObject = new com.kms.katalon.core.testobject.TestObject(selectForm).addProperty("xpath", EQUALS, selectForm, true): null

2018-07-04 16:32:28 - [TEST_STEP][PASSED] - delay: Delayed 5 second(s)

2018-07-04 16:32:33 - [MESSAGE][PASSED] - Delayed 5 second(s)

2018-07-04 16:32:33 - [TEST_STEP][PASSED] - Statement - present = com.kms.katalon.core.webui.keyword.WebUiBuiltInKeywords.verifyElementNotPresent(dynamicObject, 4, CONTINUE_ON_FAILURE): Web element with id: '(//span[contains(text(),'A002')])[1]' located by 'By.xpath: (//span[contains(text(),'A002')])[1]' is not present after '4' second(s)

2018-07-04 16:32:33 - [MESSAGE][PASSED] - Web element with id: '(//span[contains(text(),'A002')])[1]' located by 'By.xpath: (//span[contains(text(),'A002')])[1]' is not present after '4' second(s)

2018-07-04 16:32:33 - [TEST_STEP][PASSED] - Statement - If (java.lang.String.valueOf(present) == "false"): null

2018-07-04 16:32:33 - [TEST_STEP][PASSED] - Statement - Else: null

2018-07-04 16:32:33 - [TEST_STEP][PASSED] - Statement - println("No View exist"): null

2018-07-04 16:32:33 - [TEST_STEP][PASSED] - Statement - id = hssfRow.getCell(i): null

2018-07-04 16:32:33 - [TEST_STEP][PASSED] - Statement - selectForm = "(//span[contains(text(),'" + java.lang.String.valueOf(id) + "')])[1]": null

2018-07-04 16:32:33 - [TEST_STEP][PASSED] - Statement - println(selectForm): null

2018-07-04 16:32:33 - [TEST_STEP][PASSED] - Statement - dynamicObject = new com.kms.katalon.core.testobject.TestObject(selectForm).addProperty("xpath", EQUALS, selectForm, true): null

2018-07-04 16:32:33 - [TEST_STEP][PASSED] - delay: Delayed 5 second(s)

2018-07-04 16:32:38 - [MESSAGE][PASSED] - Delayed 5 second(s)

2018-07-04 16:32:38 - [TEST_STEP][PASSED] - Statement - present = com.kms.katalon.core.webui.keyword.WebUiBuiltInKeywords.verifyElementNotPresent(dynamicObject, 4, CONTINUE_ON_FAILURE): Web element with id: '(//span[contains(text(),'A003')])[1]' located by 'By.xpath: (//span[contains(text(),'A003')])[1]' is not present after '4' second(s)

2018-07-04 16:32:38 - [MESSAGE][PASSED] - Web element with id: '(//span[contains(text(),'A003')])[1]' located by 'By.xpath: (//span[contains(text(),'A003')])[1]' is not present after '4' second(s)

2018-07-04 16:32:38 - [TEST_STEP][PASSED] - Statement - If (java.lang.String.valueOf(present) == "false"): null

2018-07-04 16:32:38 - [TEST_STEP][PASSED] - Statement - Else: null

2018-07-04 16:32:38 - [TEST_STEP][PASSED] - Statement - println("No View exist"): null

2018-07-04 16:32:38 - [TEST_STEP][PASSED] - Statement - id = hssfRow.getCell(i): null

2018-07-04 16:32:38 - [TEST_STEP][PASSED] - Statement - selectForm = "(//span[contains(text(),'" + java.lang.String.valueOf(id) + "')])[1]": null

2018-07-04 16:32:38 - [TEST_STEP][PASSED] - Statement - println(selectForm): null

2018-07-04 16:32:38 - [TEST_STEP][PASSED] - Statement - dynamicObject = new com.kms.katalon.core.testobject.TestObject(selectForm).addProperty("xpath", EQUALS, selectForm, true): null

2018-07-04 16:32:38 - [TEST_STEP][PASSED] - delay: Delayed 5 second(s)

2018-07-04 16:32:43 - [MESSAGE][PASSED] - Delayed 5 second(s)

2018-07-04 16:32:43 - [TEST_STEP][PASSED] - Statement - present = com.kms.katalon.core.webui.keyword.WebUiBuiltInKeywords.verifyElementNotPresent(dynamicObject, 4, CONTINUE_ON_FAILURE): Web element with id: '(//span[contains(text(),'A004')])[1]' located by 'By.xpath: (//span[contains(text(),'A004')])[1]' is not present after '4' second(s)

2018-07-04 16:32:43 - [MESSAGE][PASSED] - Web element with id: '(//span[contains(text(),'A004')])[1]' located by 'By.xpath: (//span[contains(text(),'A004')])[1]' is not present after '4' second(s)

2018-07-04 16:32:43 - [TEST_STEP][PASSED] - Statement - If (java.lang.String.valueOf(present) == "false"): null

2018-07-04 16:32:43 - [TEST_STEP][PASSED] - Statement - Else: null

2018-07-04 16:32:43 - [TEST_STEP][PASSED] - Statement - println("No View exist"): null

2018-07-04 16:32:43 - [TEST_STEP][PASSED] - Statement - id = hssfRow.getCell(i): null

2018-07-04 16:32:43 - [TEST_STEP][PASSED] - Statement - selectForm = "(//span[contains(text(),'" + java.lang.String.valueOf(id) + "')])[1]": null

2018-07-04 16:32:43 - [TEST_STEP][PASSED] - Statement - println(selectForm): null

2018-07-04 16:32:43 - [TEST_STEP][PASSED] - Statement - dynamicObject = new com.kms.katalon.core.testobject.TestObject(selectForm).addProperty("xpath", EQUALS, selectForm, true): null

2018-07-04 16:32:43 - [TEST_STEP][PASSED] - delay: Delayed 5 second(s)

2018-07-04 16:32:48 - [MESSAGE][PASSED] - Delayed 5 second(s)

2018-07-04 16:32:48 - [TEST_STEP][PASSED] - Statement - present = com.kms.katalon.core.webui.keyword.WebUiBuiltInKeywords.verifyElementNotPresent(dynamicObject, 4, CONTINUE_ON_FAILURE): Web element with id: '(//span[contains(text(),'A005')])[1]' located by 'By.xpath: (//span[contains(text(),'A005')])[1]' is not present after '4' second(s)

2018-07-04 16:32:48 - [MESSAGE][PASSED] - Web element with id: '(//span[contains(text(),'A005')])[1]' located by 'By.xpath: (//span[contains(text(),'A005')])[1]' is not present after '4' second(s)

2018-07-04 16:32:48 - [TEST_STEP][PASSED] - Statement - If (java.lang.String.valueOf(present) == "false"): null

2018-07-04 16:32:48 - [TEST_STEP][PASSED] - Statement - Else: null

2018-07-04 16:32:48 - [TEST_STEP][PASSED] - Statement - println("No View exist"): null

2018-07-04 16:32:48 - [TEST_STEP][PASSED] - Statement - id = hssfRow.getCell(i): null

2018-07-04 16:32:48 - [TEST_STEP][PASSED] - Statement - selectForm = "(//span[contains(text(),'" + java.lang.String.valueOf(id) + "')])[1]": null

2018-07-04 16:32:48 - [TEST_STEP][PASSED] - Statement - println(selectForm): null

2018-07-04 16:32:48 - [TEST_STEP][PASSED] - Statement - dynamicObject = new com.kms.katalon.core.testobject.TestObject(selectForm).addProperty("xpath", EQUALS, selectForm, true): null

2018-07-04 16:32:48 - [TEST_STEP][PASSED] - delay: Delayed 5 second(s)

2018-07-04 16:32:53 - [MESSAGE][PASSED] - Delayed 5 second(s)

2018-07-04 16:32:53 - [TEST_STEP][PASSED] - Statement - present = com.kms.katalon.core.webui.keyword.WebUiBuiltInKeywords.verifyElementNotPresent(dynamicObject, 4, CONTINUE_ON_FAILURE): Web element with id: '(//span[contains(text(),'A006')])[1]' located by 'By.xpath: (//span[contains(text(),'A006')])[1]' is not present after '4' second(s)

2018-07-04 16:32:53 - [MESSAGE][PASSED] - Web element with id: '(//span[contains(text(),'A006')])[1]' located by 'By.xpath: (//span[contains(text(),'A006')])[1]' is not present after '4' second(s)

2018-07-04 16:32:53 - [TEST_STEP][PASSED] - Statement - If (java.lang.String.valueOf(present) == "false"): null

2018-07-04 16:32:53 - [TEST_STEP][PASSED] - Statement - Else: null

2018-07-04 16:32:53 - [TEST_STEP][PASSED] - Statement - println("No View exist"): null

2018-07-04 16:32:53 - [TEST_STEP][PASSED] - Statement - id = hssfRow.getCell(i): null

2018-07-04 16:32:53 - [TEST_STEP][PASSED] - Statement - selectForm = "(//span[contains(text(),'" + java.lang.String.valueOf(id) + "')])[1]": null

2018-07-04 16:32:53 - [TEST_STEP][PASSED] - Statement - println(selectForm): null

2018-07-04 16:32:53 - [TEST_STEP][PASSED] - Statement - dynamicObject = new com.kms.katalon.core.testobject.TestObject(selectForm).addProperty("xpath", EQUALS, selectForm, true): null

2018-07-04 16:32:53 - [TEST_STEP][PASSED] - delay: Delayed 5 second(s)

2018-07-04 16:32:58 - [MESSAGE][PASSED] - Delayed 5 second(s)

2018-07-04 16:32:58 - [TEST_STEP][PASSED] - Statement - present = com.kms.katalon.core.webui.keyword.WebUiBuiltInKeywords.verifyElementNotPresent(dynamicObject, 4, CONTINUE_ON_FAILURE): Web element with id: '(//span[contains(text(),'A007')])[1]' located by 'By.xpath: (//span[contains(text(),'A007')])[1]' is not present after '4' second(s)

2018-07-04 16:32:58 - [MESSAGE][PASSED] - Web element with id: '(//span[contains(text(),'A007')])[1]' located by 'By.xpath: (//span[contains(text(),'A007')])[1]' is not present after '4' second(s)

2018-07-04 16:32:58 - [TEST_STEP][PASSED] - Statement - If (java.lang.String.valueOf(present) == "false"): null

2018-07-04 16:32:58 - [TEST_STEP][PASSED] - Statement - Else: null

2018-07-04 16:32:58 - [TEST_STEP][PASSED] - Statement - println("No View exist"): null

2018-07-04 16:32:58 - [TEST_STEP][PASSED] - Statement - return done: null

2018-07-04 16:32:58 - [TEST_STEP][PASSED] - Statement - println("App " + returnVal_App): null

2018-07-04 16:32:58 - [TEST_STEP][PASSED] - delay: Delayed 3 second(s)

2018-07-04 16:33:01 - [MESSAGE][PASSED] - Delayed 3 second(s)

2018-07-04 16:33:01 - [TEST_STEP][PASSED] - click: Object: 'Object Repository/New_Test_Create_List_Grid/Page_Canvas World/click_WS_def' is clicked on

2018-07-04 16:33:02 - [MESSAGE][PASSED] - Object: 'Object Repository/New_Test_Create_List_Grid/Page_Canvas World/click_WS_def' is clicked on

2018-07-04 16:33:02 - [TEST_STEP][PASSED] - waitForPageLoad: Wait for page load successfully

2018-07-04 16:33:02 - [MESSAGE][PASSED] - Wait for page load successfully

2018-07-04 16:33:02 - [TEST_STEP][PASSED] - Statement - returnVal_WS = deleteWS(): null

2018-07-04 16:33:02 - [TEST_STEP][PASSED] - Statement - path = "D:\Sheepa\Katalon\Studio Smoke Test\Studio Smoke Test\Data Files\Grid_view_id.xls": null

2018-07-04 16:33:02 - [TEST_STEP][PASSED] - Statement - fis = new java.io.FileInputStream(path): null

2018-07-04 16:33:02 - [TEST_STEP][PASSED] - Statement - hssfWorkbook = new org.apache.poi.hssf.usermodel.HSSFWorkbook(fis): null

2018-07-04 16:33:02 - [TEST_STEP][PASSED] - Statement - sc = hssfWorkbook.getNumberOfSheets(): null

2018-07-04 16:33:02 - [TEST_STEP][PASSED] - Statement - println(sc): null

2018-07-04 16:33:02 - [TEST_STEP][PASSED] - Statement - hssfSheet = hssfWorkbook.getSheetAt(0): null

2018-07-04 16:33:02 - [TEST_STEP][PASSED] - Statement - hssfRow = hssfSheet.getRow(1): null

2018-07-04 16:33:02 - [TEST_STEP][PASSED] - Statement - id = hssfRow.getCell(6): null

2018-07-04 16:33:02 - [TEST_STEP][PASSED] - Statement - selectWS = "//span[contains(text(),'" + id + "')]": null

2018-07-04 16:33:02 - [TEST_STEP][PASSED] - Statement - println(selectWS): null

2018-07-04 16:33:02 - [TEST_STEP][PASSED] - Statement - ws = new com.kms.katalon.core.testobject.TestObject(selectWS).addProperty("xpath", EQUALS, selectWS, true): null

2018-07-04 16:33:02 - [TEST_STEP][PASSED] - delay: Delayed 3 second(s)

2018-07-04 16:33:05 - [MESSAGE][PASSED] - Delayed 3 second(s)

2018-07-04 16:33:05 - [TEST_STEP][PASSED] - Statement - present = com.kms.katalon.core.webui.keyword.WebUiBuiltInKeywords.verifyElementNotPresent(ws, 4, CONTINUE_ON_FAILURE): Web element with id: '//span[contains(text(),'A007')]' located by 'By.xpath: //span[contains(text(),'A007')]' is not present after '4' second(s)

2018-07-04 16:33:05 - [MESSAGE][PASSED] - Web element with id: '//span[contains(text(),'A007')]' located by 'By.xpath: //span[contains(text(),'A007')]' is not present after '4' second(s)

2018-07-04 16:33:05 - [TEST_STEP][PASSED] - Statement - If (java.lang.String.valueOf(present) == "false"): null

2018-07-04 16:33:05 - [TEST_STEP][PASSED] - Statement - Else: null

2018-07-04 16:33:05 - [TEST_STEP][PASSED] - Statement - println("No WS exist"): null

2018-07-04 16:33:05 - [TEST_STEP][PASSED] - Statement - return done: null

2018-07-04 16:33:05 - [TEST_STEP][PASSED] - Statement - println("WS " + returnVal_WS): null]]></system-out>
         <system-err><![CDATA[2018-07-04 16:29:23 - [TEST_CASE][FAILED] - Test Cases/Smoke Test/Delete Grid Views: Test Cases/Smoke Test/Delete Grid Views FAILED because (of) Web element with id: '//span[contains(text(),'A001')]/preceding::td[2]/span/input[@data-item-id='ct_rowSelector']' located by 'By.xpath: //span[contains(text(),'A001')]/preceding::td[2]/span/input[@data-item-id='ct_rowSelector']' is present after '4' second(s)]]></system-err>
      </testcase>
      <testcase name="Test Cases/Smoke Test/New_Create_List_Grid_Simple" classname="Test Cases/Smoke Test/New_Create_List_Grid_Simple" status="PASSED">
         <system-out><![CDATA[2018-07-04 16:33:05 - [TEST_CASE][PASSED] - Test Cases/Smoke Test/New_Create_List_Grid_Simple: Test Cases/Smoke Test/New_Create_List_Grid_Simple

2018-07-04 16:33:05 - [TEST_STEP][PASSED] - waitForPageLoad: Wait for page load successfully

2018-07-04 16:33:05 - [MESSAGE][PASSED] - Wait for page load successfully

2018-07-04 16:33:05 - [TEST_STEP][PASSED] - Statement - common = com.kms.katalon.core.webui.keyword.WebUiBuiltInKeywords.callTestCase(com.kms.katalon.core.testcase.TestCaseFactory.findTestCase(Test Cases/Studio Smoke Test Cases/ReadExcel), [:]): Call Test Case 'Test Cases/Studio Smoke Test Cases/ReadExcel' successfully

2018-07-04 16:33:05 - [TEST_CASE][PASSED] - Test Cases/Studio Smoke Test Cases/ReadExcel: Test Cases/Studio Smoke Test Cases/ReadExcel

2018-07-04 16:33:05 - [TEST_STEP][PASSED] - Statement - path = "D:\Sheepa\Katalon\Studio Smoke Test\Studio Smoke Test\Data Files\Data Input.xls": null

2018-07-04 16:33:05 - [TEST_STEP][PASSED] - Statement - fis = new java.io.FileInputStream(path): null

2018-07-04 16:33:05 - [TEST_STEP][PASSED] - Statement - hssfWorkbook = new org.apache.poi.hssf.usermodel.HSSFWorkbook(fis): null

2018-07-04 16:33:05 - [TEST_STEP][PASSED] - Statement - sc = hssfWorkbook.getNumberOfSheets(): null

2018-07-04 16:33:05 - [TEST_STEP][PASSED] - Statement - println(sc): null

2018-07-04 16:33:05 - [TEST_STEP][PASSED] - Statement - hssfSheet = hssfWorkbook.getSheetAt(0): null

2018-07-04 16:33:05 - [TEST_STEP][PASSED] - Statement - hssfRow = hssfSheet.getRow(1): null

2018-07-04 16:33:05 - [TEST_STEP][PASSED] - Statement - fid = hssfRow.getCell(0): null

2018-07-04 16:33:05 - [TEST_STEP][PASSED] - Statement - vid = hssfRow.getCell(1): null

2018-07-04 16:33:05 - [TEST_STEP][PASSED] - Statement - aid = hssfRow.getCell(2): null

2018-07-04 16:33:05 - [TEST_STEP][PASSED] - Statement - subid = hssfRow.getCell(3): null

2018-07-04 16:33:05 - [TEST_STEP][PASSED] - Statement - wsid = hssfRow.getCell(4): null

2018-07-04 16:33:05 - [TEST_STEP][PASSED] - Statement - reqid = hssfRow.getCell(5): null

2018-07-04 16:33:05 - [TEST_STEP][PASSED] - Statement - accNo = hssfRow.getCell(6): null

2018-07-04 16:33:05 - [TEST_STEP][PASSED] - Statement - println(vid): null

2018-07-04 16:33:05 - [TEST_STEP][PASSED] - Statement - map = [:]: null

2018-07-04 16:33:05 - [TEST_STEP][PASSED] - Statement - map.put("formID", fid): null

2018-07-04 16:33:05 - [TEST_STEP][PASSED] - Statement - map.put("viewID", vid): null

2018-07-04 16:33:05 - [TEST_STEP][PASSED] - Statement - map.put("appID", aid): null

2018-07-04 16:33:05 - [TEST_STEP][PASSED] - Statement - map.put("subWSID", subid): null

2018-07-04 16:33:05 - [TEST_STEP][PASSED] - Statement - map.put("WSID", wsid): null

2018-07-04 16:33:05 - [TEST_STEP][PASSED] - Statement - map.put("REQID", reqid): null

2018-07-04 16:33:05 - [TEST_STEP][PASSED] - Statement - map.put("AccNo", accNo): null

2018-07-04 16:33:05 - [TEST_STEP][PASSED] - Statement - return map: null

2018-07-04 16:33:05 - [MESSAGE][PASSED] - Call Test Case 'Test Cases/Studio Smoke Test Cases/ReadExcel' successfully

2018-07-04 16:33:05 - [TEST_STEP][PASSED] - Statement - form_id = common["formID"]: null

2018-07-04 16:33:05 - [TEST_STEP][PASSED] - Statement - println(form_id): null

2018-07-04 16:33:05 - [TEST_STEP][PASSED] - Statement - view_id = common["viewID"]: null

2018-07-04 16:33:05 - [TEST_STEP][PASSED] - Statement - println(view_id): null

2018-07-04 16:33:05 - [TEST_STEP][PASSED] - click: Object: 'Object Repository/New_Test_Create_Form/Page_Canvas World/span_Create' is clicked on

2018-07-04 16:33:06 - [MESSAGE][PASSED] - Object: 'Object Repository/New_Test_Create_Form/Page_Canvas World/span_Create' is clicked on

2018-07-04 16:33:06 - [TEST_STEP][PASSED] - click: Object: 'Object Repository/New_Test_Create_View/Page_Canvas World/span_View' is clicked on

2018-07-04 16:33:06 - [MESSAGE][PASSED] - Object: 'Object Repository/New_Test_Create_View/Page_Canvas World/span_View' is clicked on

2018-07-04 16:33:06 - [TEST_STEP][PASSED] - waitForPageLoad: Wait for page load successfully

2018-07-04 16:33:06 - [MESSAGE][PASSED] - Wait for page load successfully

2018-07-04 16:33:07 - [TEST_STEP][PASSED] - click: Object: 'Object Repository/New_Test_Create_View/Page_Canvas World/enter_ViewId' is clicked on

2018-07-04 16:33:10 - [MESSAGE][PASSED] - Object: 'Object Repository/New_Test_Create_View/Page_Canvas World/enter_ViewId' is clicked on

2018-07-04 16:33:10 - [TEST_STEP][PASSED] - setText: Text 'A001' is set on object 'Object Repository/New_Test_Create_View/Page_Canvas World/enter_ViewId'

2018-07-04 16:33:11 - [MESSAGE][PASSED] - Text 'A001' is set on object 'Object Repository/New_Test_Create_View/Page_Canvas World/enter_ViewId'

2018-07-04 16:33:11 - [TEST_STEP][PASSED] - click: Object: 'Object Repository/New_Test_Create_View/Page_Canvas World/view_DisplayName' is clicked on

2018-07-04 16:33:11 - [MESSAGE][PASSED] - Object: 'Object Repository/New_Test_Create_View/Page_Canvas World/view_DisplayName' is clicked on

2018-07-04 16:33:11 - [TEST_STEP][PASSED] - setText: Text 'A001' is set on object 'Object Repository/New_Test_Create_View/Page_Canvas World/view_DisplayName'

2018-07-04 16:33:11 - [MESSAGE][PASSED] - Text 'A001' is set on object 'Object Repository/New_Test_Create_View/Page_Canvas World/view_DisplayName'

2018-07-04 16:33:11 - [TEST_STEP][PASSED] - selectOptionByValue: All options with value 'CLASSIC_GRID' are selected in object 'Object Repository/New_Test_Create_View/Page_Canvas World/select_ViewType' 

2018-07-04 16:33:12 - [MESSAGE][PASSED] - All options with value 'CLASSIC_GRID' are selected in object 'Object Repository/New_Test_Create_View/Page_Canvas World/select_ViewType' 

2018-07-04 16:33:12 - [TEST_STEP][PASSED] - click: Object: 'Object Repository/New_Test_Create_View/Page_Canvas World/enter_ResourceBundle' is clicked on

2018-07-04 16:33:12 - [MESSAGE][PASSED] - Object: 'Object Repository/New_Test_Create_View/Page_Canvas World/enter_ResourceBundle' is clicked on

2018-07-04 16:33:12 - [TEST_STEP][PASSED] - setText: Text 'common' is set on object 'Object Repository/New_Test_Create_View/Page_Canvas World/enter_ResourceBundle'

2018-07-04 16:33:12 - [MESSAGE][PASSED] - Text 'common' is set on object 'Object Repository/New_Test_Create_View/Page_Canvas World/enter_ResourceBundle'

2018-07-04 16:33:12 - [TEST_STEP][PASSED] - delay: Delayed 10 second(s)

2018-07-04 16:33:22 - [MESSAGE][PASSED] - Delayed 10 second(s)

2018-07-04 16:33:22 - [TEST_STEP][PASSED] - waitForElementVisible: Object 'Object Repository/New_Test_Create_List_Grid/Page_Canvas World/click_selectForm' is visible

2018-07-04 16:33:22 - [MESSAGE][PASSED] - Object 'Object Repository/New_Test_Create_List_Grid/Page_Canvas World/click_selectForm' is visible

2018-07-04 16:33:22 - [TEST_STEP][PASSED] - click: Object: 'Object Repository/New_Test_Create_List_Grid/Page_Canvas World/click_selectForm' is clicked on

2018-07-04 16:33:23 - [MESSAGE][PASSED] - Object: 'Object Repository/New_Test_Create_List_Grid/Page_Canvas World/click_selectForm' is clicked on

2018-07-04 16:33:23 - [TEST_STEP][PASSED] - Statement - selectForm = "//span[starts-with(text(), '" + "ACCOUNT_TABLE" + "')]": null

2018-07-04 16:33:23 - [TEST_STEP][PASSED] - Statement - println(selectForm): null

2018-07-04 16:33:23 - [TEST_STEP][PASSED] - Statement - dynamicObject = new com.kms.katalon.core.testobject.TestObject(selectForm).addProperty("xpath", EQUALS, selectForm, true): null

2018-07-04 16:33:23 - [TEST_STEP][PASSED] - waitForElementVisible: Object '//span[starts-with(text(), 'ACCOUNT_TABLE')]' is visible

2018-07-04 16:33:24 - [MESSAGE][PASSED] - Object '//span[starts-with(text(), 'ACCOUNT_TABLE')]' is visible

2018-07-04 16:33:24 - [TEST_STEP][PASSED] - doubleClick: Object: '//span[starts-with(text(), 'ACCOUNT_TABLE')]' is double clicked on

2018-07-04 16:33:24 - [MESSAGE][PASSED] - Object: '//span[starts-with(text(), 'ACCOUNT_TABLE')]' is double clicked on

2018-07-04 16:33:24 - [TEST_STEP][PASSED] - doubleClick: Object: '//span[starts-with(text(), 'ACCOUNT_TABLE')]' is double clicked on

2018-07-04 16:33:25 - [MESSAGE][PASSED] - Object: '//span[starts-with(text(), 'ACCOUNT_TABLE')]' is double clicked on

2018-07-04 16:33:25 - [TEST_STEP][PASSED] - delay: Delayed 3 second(s)

2018-07-04 16:33:28 - [MESSAGE][PASSED] - Delayed 3 second(s)

2018-07-04 16:33:28 - [TEST_STEP][PASSED] - click: Object: 'Object Repository/New_Test_Create_List_Grid/Page_Canvas World/click_default_ins_yes' is clicked on

2018-07-04 16:33:28 - [MESSAGE][PASSED] - Object: 'Object Repository/New_Test_Create_List_Grid/Page_Canvas World/click_default_ins_yes' is clicked on

2018-07-04 16:33:28 - [TEST_STEP][PASSED] - selectOptionByValue: All options with value 'CUSER' are selected in object 'Object Repository/New_Test_Create_View/Page_Canvas World/select_ProductCode' 

2018-07-04 16:33:28 - [MESSAGE][PASSED] - All options with value 'CUSER' are selected in object 'Object Repository/New_Test_Create_View/Page_Canvas World/select_ProductCode' 

2018-07-04 16:33:28 - [TEST_STEP][PASSED] - selectOptionByValue: All options with value 'CUSER' are selected in object 'Object Repository/New_Test_Create_View/Page_Canvas World/select_SubProductCode' 

2018-07-04 16:33:28 - [MESSAGE][PASSED] - All options with value 'CUSER' are selected in object 'Object Repository/New_Test_Create_View/Page_Canvas World/select_SubProductCode' 

2018-07-04 16:33:28 - [TEST_STEP][PASSED] - selectOptionByValue: All options with value 'VSBLTY' are selected in object 'Object Repository/New_Test_Create_View/Page_Canvas World/select_FunctionCode' 

2018-07-04 16:33:29 - [MESSAGE][PASSED] - All options with value 'VSBLTY' are selected in object 'Object Repository/New_Test_Create_View/Page_Canvas World/select_FunctionCode' 

2018-07-04 16:33:29 - [TEST_STEP][PASSED] - delay: Delayed 3 second(s)

2018-07-04 16:33:32 - [MESSAGE][PASSED] - Delayed 3 second(s)

2018-07-04 16:33:32 - [TEST_STEP][PASSED] - click: Object: 'Object Repository/New_Test_Create_List_Grid/Page_Canvas World/expand_gridConfig' is clicked on

2018-07-04 16:33:32 - [MESSAGE][PASSED] - Object: 'Object Repository/New_Test_Create_List_Grid/Page_Canvas World/expand_gridConfig' is clicked on

2018-07-04 16:33:32 - [TEST_STEP][PASSED] - setText: Text '2' is set on object 'Object Repository/New_Test_Create_List_Grid/Page_Canvas World/enter_numberPerPage'

2018-07-04 16:33:32 - [MESSAGE][PASSED] - Text '2' is set on object 'Object Repository/New_Test_Create_List_Grid/Page_Canvas World/enter_numberPerPage'

2018-07-04 16:33:32 - [TEST_STEP][PASSED] - delay: Delayed 3 second(s)

2018-07-04 16:33:35 - [MESSAGE][PASSED] - Delayed 3 second(s)

2018-07-04 16:33:35 - [TEST_STEP][PASSED] - click: Object: 'Object Repository/New_Test_Create_View/Page_Canvas World/view_Submit' is clicked on

2018-07-04 16:33:36 - [MESSAGE][PASSED] - Object: 'Object Repository/New_Test_Create_View/Page_Canvas World/view_Submit' is clicked on

2018-07-04 16:33:36 - [TEST_STEP][PASSED] - click: Object: 'Object Repository/New_Test_Create_View/Page_Canvas World/view_Submission' is clicked on

2018-07-04 16:33:38 - [MESSAGE][PASSED] - Object: 'Object Repository/New_Test_Create_View/Page_Canvas World/view_Submission' is clicked on]]></system-out>
         <system-err><![CDATA[]]></system-err>
      </testcase>
      <testcase name="Test Cases/Smoke Test/New_Create_List_Grid_Property" classname="Test Cases/Smoke Test/New_Create_List_Grid_Property" status="PASSED">
         <system-out><![CDATA[2018-07-04 16:33:38 - [TEST_CASE][PASSED] - Test Cases/Smoke Test/New_Create_List_Grid_Property: Test Cases/Smoke Test/New_Create_List_Grid_Property

2018-07-04 16:33:39 - [TEST_STEP][PASSED] - Statement - common = com.kms.katalon.core.webui.keyword.WebUiBuiltInKeywords.callTestCase(com.kms.katalon.core.testcase.TestCaseFactory.findTestCase(Test Cases/Studio Smoke Test Cases/ReadExcel), [:]): Call Test Case 'Test Cases/Studio Smoke Test Cases/ReadExcel' successfully

2018-07-04 16:33:39 - [TEST_CASE][PASSED] - Test Cases/Studio Smoke Test Cases/ReadExcel: Test Cases/Studio Smoke Test Cases/ReadExcel

2018-07-04 16:33:39 - [TEST_STEP][PASSED] - Statement - path = "D:\Sheepa\Katalon\Studio Smoke Test\Studio Smoke Test\Data Files\Data Input.xls": null

2018-07-04 16:33:39 - [TEST_STEP][PASSED] - Statement - fis = new java.io.FileInputStream(path): null

2018-07-04 16:33:39 - [TEST_STEP][PASSED] - Statement - hssfWorkbook = new org.apache.poi.hssf.usermodel.HSSFWorkbook(fis): null

2018-07-04 16:33:39 - [TEST_STEP][PASSED] - Statement - sc = hssfWorkbook.getNumberOfSheets(): null

2018-07-04 16:33:39 - [TEST_STEP][PASSED] - Statement - println(sc): null

2018-07-04 16:33:39 - [TEST_STEP][PASSED] - Statement - hssfSheet = hssfWorkbook.getSheetAt(0): null

2018-07-04 16:33:39 - [TEST_STEP][PASSED] - Statement - hssfRow = hssfSheet.getRow(1): null

2018-07-04 16:33:39 - [TEST_STEP][PASSED] - Statement - fid = hssfRow.getCell(0): null

2018-07-04 16:33:39 - [TEST_STEP][PASSED] - Statement - vid = hssfRow.getCell(1): null

2018-07-04 16:33:39 - [TEST_STEP][PASSED] - Statement - aid = hssfRow.getCell(2): null

2018-07-04 16:33:39 - [TEST_STEP][PASSED] - Statement - subid = hssfRow.getCell(3): null

2018-07-04 16:33:39 - [TEST_STEP][PASSED] - Statement - wsid = hssfRow.getCell(4): null

2018-07-04 16:33:39 - [TEST_STEP][PASSED] - Statement - reqid = hssfRow.getCell(5): null

2018-07-04 16:33:39 - [TEST_STEP][PASSED] - Statement - accNo = hssfRow.getCell(6): null

2018-07-04 16:33:39 - [TEST_STEP][PASSED] - Statement - println(vid): null

2018-07-04 16:33:39 - [TEST_STEP][PASSED] - Statement - map = [:]: null

2018-07-04 16:33:39 - [TEST_STEP][PASSED] - Statement - map.put("formID", fid): null

2018-07-04 16:33:39 - [TEST_STEP][PASSED] - Statement - map.put("viewID", vid): null

2018-07-04 16:33:39 - [TEST_STEP][PASSED] - Statement - map.put("appID", aid): null

2018-07-04 16:33:39 - [TEST_STEP][PASSED] - Statement - map.put("subWSID", subid): null

2018-07-04 16:33:39 - [TEST_STEP][PASSED] - Statement - map.put("WSID", wsid): null

2018-07-04 16:33:39 - [TEST_STEP][PASSED] - Statement - map.put("REQID", reqid): null

2018-07-04 16:33:39 - [TEST_STEP][PASSED] - Statement - map.put("AccNo", accNo): null

2018-07-04 16:33:39 - [TEST_STEP][PASSED] - Statement - return map: null

2018-07-04 16:33:39 - [MESSAGE][PASSED] - Call Test Case 'Test Cases/Studio Smoke Test Cases/ReadExcel' successfully

2018-07-04 16:33:39 - [TEST_STEP][PASSED] - Statement - form_id = common["formID"]: null

2018-07-04 16:33:39 - [TEST_STEP][PASSED] - Statement - println(form_id): null

2018-07-04 16:33:39 - [TEST_STEP][PASSED] - Statement - view_id = common["viewID"]: null

2018-07-04 16:33:39 - [TEST_STEP][PASSED] - Statement - println(view_id): null

2018-07-04 16:33:39 - [TEST_STEP][PASSED] - click: Object: 'Object Repository/New_Test_Create_Form/Page_Canvas World/span_Create' is clicked on

2018-07-04 16:33:39 - [MESSAGE][PASSED] - Object: 'Object Repository/New_Test_Create_Form/Page_Canvas World/span_Create' is clicked on

2018-07-04 16:33:39 - [TEST_STEP][PASSED] - click: Object: 'Object Repository/New_Test_Create_View/Page_Canvas World/span_View' is clicked on

2018-07-04 16:33:39 - [MESSAGE][PASSED] - Object: 'Object Repository/New_Test_Create_View/Page_Canvas World/span_View' is clicked on

2018-07-04 16:33:39 - [TEST_STEP][PASSED] - waitForPageLoad: Wait for page load successfully

2018-07-04 16:33:40 - [MESSAGE][PASSED] - Wait for page load successfully

2018-07-04 16:33:40 - [TEST_STEP][PASSED] - click: Object: 'Object Repository/New_Test_Create_View/Page_Canvas World/enter_ViewId' is clicked on

2018-07-04 16:33:41 - [MESSAGE][PASSED] - Object: 'Object Repository/New_Test_Create_View/Page_Canvas World/enter_ViewId' is clicked on

2018-07-04 16:33:41 - [TEST_STEP][PASSED] - setText: Text 'A004' is set on object 'Object Repository/New_Test_Create_View/Page_Canvas World/enter_ViewId'

2018-07-04 16:33:42 - [MESSAGE][PASSED] - Text 'A004' is set on object 'Object Repository/New_Test_Create_View/Page_Canvas World/enter_ViewId'

2018-07-04 16:33:42 - [TEST_STEP][PASSED] - click: Object: 'Object Repository/New_Test_Create_View/Page_Canvas World/view_DisplayName' is clicked on

2018-07-04 16:33:42 - [MESSAGE][PASSED] - Object: 'Object Repository/New_Test_Create_View/Page_Canvas World/view_DisplayName' is clicked on

2018-07-04 16:33:42 - [TEST_STEP][PASSED] - setText: Text 'A004' is set on object 'Object Repository/New_Test_Create_View/Page_Canvas World/view_DisplayName'

2018-07-04 16:33:42 - [MESSAGE][PASSED] - Text 'A004' is set on object 'Object Repository/New_Test_Create_View/Page_Canvas World/view_DisplayName'

2018-07-04 16:33:42 - [TEST_STEP][PASSED] - selectOptionByValue: All options with value 'PROPERTY' are selected in object 'Object Repository/New_Test_Create_View/Page_Canvas World/select_ViewType' 

2018-07-04 16:33:43 - [MESSAGE][PASSED] - All options with value 'PROPERTY' are selected in object 'Object Repository/New_Test_Create_View/Page_Canvas World/select_ViewType' 

2018-07-04 16:33:43 - [TEST_STEP][PASSED] - click: Object: 'Object Repository/New_Test_Create_View/Page_Canvas World/enter_ResourceBundle' is clicked on

2018-07-04 16:33:43 - [MESSAGE][PASSED] - Object: 'Object Repository/New_Test_Create_View/Page_Canvas World/enter_ResourceBundle' is clicked on

2018-07-04 16:33:43 - [TEST_STEP][PASSED] - setText: Text 'common' is set on object 'Object Repository/New_Test_Create_View/Page_Canvas World/enter_ResourceBundle'

2018-07-04 16:33:43 - [MESSAGE][PASSED] - Text 'common' is set on object 'Object Repository/New_Test_Create_View/Page_Canvas World/enter_ResourceBundle'

2018-07-04 16:33:43 - [TEST_STEP][PASSED] - waitForElementVisible: Object 'Object Repository/New_Test_Create_List_Grid/Page_Canvas World/click_selectForm' is visible

2018-07-04 16:33:43 - [MESSAGE][PASSED] - Object 'Object Repository/New_Test_Create_List_Grid/Page_Canvas World/click_selectForm' is visible

2018-07-04 16:33:43 - [TEST_STEP][PASSED] - click: Object: 'Object Repository/New_Test_Create_List_Grid/Page_Canvas World/click_selectForm' is clicked on

2018-07-04 16:33:43 - [MESSAGE][PASSED] - Object: 'Object Repository/New_Test_Create_List_Grid/Page_Canvas World/click_selectForm' is clicked on

2018-07-04 16:33:43 - [TEST_STEP][PASSED] - Statement - selectForm = "//span[starts-with(text(), '" + "ACCOUNT_TABLE" + "')]": null

2018-07-04 16:33:43 - [TEST_STEP][PASSED] - Statement - println(selectForm): null

2018-07-04 16:33:43 - [TEST_STEP][PASSED] - Statement - dynamicObject = new com.kms.katalon.core.testobject.TestObject(selectForm).addProperty("xpath", EQUALS, selectForm, true): null

2018-07-04 16:33:44 - [TEST_STEP][PASSED] - waitForElementVisible: Object '//span[starts-with(text(), 'ACCOUNT_TABLE')]' is visible

2018-07-04 16:33:45 - [MESSAGE][PASSED] - Object '//span[starts-with(text(), 'ACCOUNT_TABLE')]' is visible

2018-07-04 16:33:45 - [TEST_STEP][PASSED] - doubleClick: Object: '//span[starts-with(text(), 'ACCOUNT_TABLE')]' is double clicked on

2018-07-04 16:33:45 - [MESSAGE][PASSED] - Object: '//span[starts-with(text(), 'ACCOUNT_TABLE')]' is double clicked on

2018-07-04 16:33:45 - [TEST_STEP][PASSED] - doubleClick: Object: '//span[starts-with(text(), 'ACCOUNT_TABLE')]' is double clicked on

2018-07-04 16:33:45 - [MESSAGE][PASSED] - Object: '//span[starts-with(text(), 'ACCOUNT_TABLE')]' is double clicked on

2018-07-04 16:33:45 - [TEST_STEP][PASSED] - delay: Delayed 3 second(s)

2018-07-04 16:33:48 - [MESSAGE][PASSED] - Delayed 3 second(s)

2018-07-04 16:33:48 - [TEST_STEP][PASSED] - click: Object: 'Object Repository/New_Test_Create_List_Grid/Page_Canvas World/click_default_ins_yes' is clicked on

2018-07-04 16:33:48 - [MESSAGE][PASSED] - Object: 'Object Repository/New_Test_Create_List_Grid/Page_Canvas World/click_default_ins_yes' is clicked on

2018-07-04 16:33:48 - [TEST_STEP][PASSED] - selectOptionByValue: All options with value 'CUSER' are selected in object 'Object Repository/New_Test_Create_View/Page_Canvas World/select_ProductCode' 

2018-07-04 16:33:48 - [MESSAGE][PASSED] - All options with value 'CUSER' are selected in object 'Object Repository/New_Test_Create_View/Page_Canvas World/select_ProductCode' 

2018-07-04 16:33:48 - [TEST_STEP][PASSED] - selectOptionByValue: All options with value 'CUSER' are selected in object 'Object Repository/New_Test_Create_View/Page_Canvas World/select_SubProductCode' 

2018-07-04 16:33:48 - [MESSAGE][PASSED] - All options with value 'CUSER' are selected in object 'Object Repository/New_Test_Create_View/Page_Canvas World/select_SubProductCode' 

2018-07-04 16:33:48 - [TEST_STEP][PASSED] - selectOptionByValue: All options with value 'VSBLTY' are selected in object 'Object Repository/New_Test_Create_View/Page_Canvas World/select_FunctionCode' 

2018-07-04 16:33:49 - [MESSAGE][PASSED] - All options with value 'VSBLTY' are selected in object 'Object Repository/New_Test_Create_View/Page_Canvas World/select_FunctionCode' 

2018-07-04 16:33:49 - [TEST_STEP][PASSED] - delay: Delayed 3 second(s)

2018-07-04 16:33:52 - [MESSAGE][PASSED] - Delayed 3 second(s)

2018-07-04 16:33:52 - [TEST_STEP][PASSED] - click: Object: 'Object Repository/New_Test_Create_View/Page_Canvas World/view_Submit' is clicked on

2018-07-04 16:33:52 - [MESSAGE][PASSED] - Object: 'Object Repository/New_Test_Create_View/Page_Canvas World/view_Submit' is clicked on

2018-07-04 16:33:52 - [TEST_STEP][PASSED] - click: Object: 'Object Repository/New_Test_Create_View/Page_Canvas World/view_Submission' is clicked on

2018-07-04 16:33:54 - [MESSAGE][PASSED] - Object: 'Object Repository/New_Test_Create_View/Page_Canvas World/view_Submission' is clicked on]]></system-out>
         <system-err><![CDATA[]]></system-err>
      </testcase>
      <testcase name="Test Cases/Smoke Test/New_Create_List_Grid_Paging" classname="Test Cases/Smoke Test/New_Create_List_Grid_Paging" status="PASSED">
         <system-out><![CDATA[2018-07-04 16:33:54 - [TEST_CASE][PASSED] - Test Cases/Smoke Test/New_Create_List_Grid_Paging: Test Cases/Smoke Test/New_Create_List_Grid_Paging

2018-07-04 16:33:55 - [TEST_STEP][PASSED] - waitForPageLoad: Wait for page load successfully

2018-07-04 16:33:55 - [MESSAGE][PASSED] - Wait for page load successfully

2018-07-04 16:33:55 - [TEST_STEP][PASSED] - Statement - common = com.kms.katalon.core.webui.keyword.WebUiBuiltInKeywords.callTestCase(com.kms.katalon.core.testcase.TestCaseFactory.findTestCase(Test Cases/Studio Smoke Test Cases/ReadExcel), [:]): Call Test Case 'Test Cases/Studio Smoke Test Cases/ReadExcel' successfully

2018-07-04 16:33:55 - [TEST_CASE][PASSED] - Test Cases/Studio Smoke Test Cases/ReadExcel: Test Cases/Studio Smoke Test Cases/ReadExcel

2018-07-04 16:33:55 - [TEST_STEP][PASSED] - Statement - path = "D:\Sheepa\Katalon\Studio Smoke Test\Studio Smoke Test\Data Files\Data Input.xls": null

2018-07-04 16:33:55 - [TEST_STEP][PASSED] - Statement - fis = new java.io.FileInputStream(path): null

2018-07-04 16:33:55 - [TEST_STEP][PASSED] - Statement - hssfWorkbook = new org.apache.poi.hssf.usermodel.HSSFWorkbook(fis): null

2018-07-04 16:33:55 - [TEST_STEP][PASSED] - Statement - sc = hssfWorkbook.getNumberOfSheets(): null

2018-07-04 16:33:55 - [TEST_STEP][PASSED] - Statement - println(sc): null

2018-07-04 16:33:55 - [TEST_STEP][PASSED] - Statement - hssfSheet = hssfWorkbook.getSheetAt(0): null

2018-07-04 16:33:55 - [TEST_STEP][PASSED] - Statement - hssfRow = hssfSheet.getRow(1): null

2018-07-04 16:33:55 - [TEST_STEP][PASSED] - Statement - fid = hssfRow.getCell(0): null

2018-07-04 16:33:55 - [TEST_STEP][PASSED] - Statement - vid = hssfRow.getCell(1): null

2018-07-04 16:33:55 - [TEST_STEP][PASSED] - Statement - aid = hssfRow.getCell(2): null

2018-07-04 16:33:55 - [TEST_STEP][PASSED] - Statement - subid = hssfRow.getCell(3): null

2018-07-04 16:33:55 - [TEST_STEP][PASSED] - Statement - wsid = hssfRow.getCell(4): null

2018-07-04 16:33:55 - [TEST_STEP][PASSED] - Statement - reqid = hssfRow.getCell(5): null

2018-07-04 16:33:55 - [TEST_STEP][PASSED] - Statement - accNo = hssfRow.getCell(6): null

2018-07-04 16:33:55 - [TEST_STEP][PASSED] - Statement - println(vid): null

2018-07-04 16:33:55 - [TEST_STEP][PASSED] - Statement - map = [:]: null

2018-07-04 16:33:55 - [TEST_STEP][PASSED] - Statement - map.put("formID", fid): null

2018-07-04 16:33:55 - [TEST_STEP][PASSED] - Statement - map.put("viewID", vid): null

2018-07-04 16:33:55 - [TEST_STEP][PASSED] - Statement - map.put("appID", aid): null

2018-07-04 16:33:55 - [TEST_STEP][PASSED] - Statement - map.put("subWSID", subid): null

2018-07-04 16:33:55 - [TEST_STEP][PASSED] - Statement - map.put("WSID", wsid): null

2018-07-04 16:33:55 - [TEST_STEP][PASSED] - Statement - map.put("REQID", reqid): null

2018-07-04 16:33:55 - [TEST_STEP][PASSED] - Statement - map.put("AccNo", accNo): null

2018-07-04 16:33:55 - [TEST_STEP][PASSED] - Statement - return map: null

2018-07-04 16:33:55 - [MESSAGE][PASSED] - Call Test Case 'Test Cases/Studio Smoke Test Cases/ReadExcel' successfully

2018-07-04 16:33:55 - [TEST_STEP][PASSED] - Statement - form_id = common["formID"]: null

2018-07-04 16:33:55 - [TEST_STEP][PASSED] - Statement - println(form_id): null

2018-07-04 16:33:55 - [TEST_STEP][PASSED] - Statement - view_id = common["viewID"]: null

2018-07-04 16:33:55 - [TEST_STEP][PASSED] - Statement - println(view_id): null

2018-07-04 16:33:55 - [TEST_STEP][PASSED] - click: Object: 'Object Repository/New_Test_Create_Form/Page_Canvas World/span_Create' is clicked on

2018-07-04 16:33:55 - [MESSAGE][PASSED] - Object: 'Object Repository/New_Test_Create_Form/Page_Canvas World/span_Create' is clicked on

2018-07-04 16:33:55 - [TEST_STEP][PASSED] - click: Object: 'Object Repository/New_Test_Create_View/Page_Canvas World/span_View' is clicked on

2018-07-04 16:33:56 - [MESSAGE][PASSED] - Object: 'Object Repository/New_Test_Create_View/Page_Canvas World/span_View' is clicked on

2018-07-04 16:33:56 - [TEST_STEP][PASSED] - waitForPageLoad: Wait for page load successfully

2018-07-04 16:33:56 - [MESSAGE][PASSED] - Wait for page load successfully

2018-07-04 16:33:56 - [TEST_STEP][PASSED] - click: Object: 'Object Repository/New_Test_Create_View/Page_Canvas World/enter_ViewId' is clicked on

2018-07-04 16:33:58 - [MESSAGE][PASSED] - Object: 'Object Repository/New_Test_Create_View/Page_Canvas World/enter_ViewId' is clicked on

2018-07-04 16:33:58 - [TEST_STEP][PASSED] - setText: Text 'A003' is set on object 'Object Repository/New_Test_Create_View/Page_Canvas World/enter_ViewId'

2018-07-04 16:33:58 - [MESSAGE][PASSED] - Text 'A003' is set on object 'Object Repository/New_Test_Create_View/Page_Canvas World/enter_ViewId'

2018-07-04 16:33:58 - [TEST_STEP][PASSED] - click: Object: 'Object Repository/New_Test_Create_View/Page_Canvas World/view_DisplayName' is clicked on

2018-07-04 16:33:58 - [MESSAGE][PASSED] - Object: 'Object Repository/New_Test_Create_View/Page_Canvas World/view_DisplayName' is clicked on

2018-07-04 16:33:58 - [TEST_STEP][PASSED] - setText: Text 'A003' is set on object 'Object Repository/New_Test_Create_View/Page_Canvas World/view_DisplayName'

2018-07-04 16:33:59 - [MESSAGE][PASSED] - Text 'A003' is set on object 'Object Repository/New_Test_Create_View/Page_Canvas World/view_DisplayName'

2018-07-04 16:33:59 - [TEST_STEP][PASSED] - selectOptionByValue: All options with value 'PAGING' are selected in object 'Object Repository/New_Test_Create_View/Page_Canvas World/select_ViewType' 

2018-07-04 16:33:59 - [MESSAGE][PASSED] - All options with value 'PAGING' are selected in object 'Object Repository/New_Test_Create_View/Page_Canvas World/select_ViewType' 

2018-07-04 16:33:59 - [TEST_STEP][PASSED] - click: Object: 'Object Repository/New_Test_Create_View/Page_Canvas World/enter_ResourceBundle' is clicked on

2018-07-04 16:33:59 - [MESSAGE][PASSED] - Object: 'Object Repository/New_Test_Create_View/Page_Canvas World/enter_ResourceBundle' is clicked on

2018-07-04 16:33:59 - [TEST_STEP][PASSED] - setText: Text 'common' is set on object 'Object Repository/New_Test_Create_View/Page_Canvas World/enter_ResourceBundle'

2018-07-04 16:34:00 - [MESSAGE][PASSED] - Text 'common' is set on object 'Object Repository/New_Test_Create_View/Page_Canvas World/enter_ResourceBundle'

2018-07-04 16:34:00 - [TEST_STEP][PASSED] - delay: Delayed 10 second(s)

2018-07-04 16:34:10 - [MESSAGE][PASSED] - Delayed 10 second(s)

2018-07-04 16:34:10 - [TEST_STEP][PASSED] - waitForElementVisible: Object 'Object Repository/New_Test_Create_List_Grid/Page_Canvas World/click_selectForm' is visible

2018-07-04 16:34:10 - [MESSAGE][PASSED] - Object 'Object Repository/New_Test_Create_List_Grid/Page_Canvas World/click_selectForm' is visible

2018-07-04 16:34:10 - [TEST_STEP][PASSED] - click: Object: 'Object Repository/New_Test_Create_List_Grid/Page_Canvas World/click_selectForm' is clicked on

2018-07-04 16:34:10 - [MESSAGE][PASSED] - Object: 'Object Repository/New_Test_Create_List_Grid/Page_Canvas World/click_selectForm' is clicked on

2018-07-04 16:34:10 - [TEST_STEP][PASSED] - Statement - selectForm = "//span[starts-with(text(), '" + "ACCOUNT_TABLE" + "')]": null

2018-07-04 16:34:10 - [TEST_STEP][PASSED] - Statement - println(selectForm): null

2018-07-04 16:34:10 - [TEST_STEP][PASSED] - Statement - dynamicObject = new com.kms.katalon.core.testobject.TestObject(selectForm).addProperty("xpath", EQUALS, selectForm, true): null

2018-07-04 16:34:10 - [TEST_STEP][PASSED] - waitForElementVisible: Object '//span[starts-with(text(), 'ACCOUNT_TABLE')]' is visible

2018-07-04 16:34:11 - [MESSAGE][PASSED] - Object '//span[starts-with(text(), 'ACCOUNT_TABLE')]' is visible

2018-07-04 16:34:11 - [TEST_STEP][PASSED] - doubleClick: Object: '//span[starts-with(text(), 'ACCOUNT_TABLE')]' is double clicked on

2018-07-04 16:34:11 - [MESSAGE][PASSED] - Object: '//span[starts-with(text(), 'ACCOUNT_TABLE')]' is double clicked on

2018-07-04 16:34:11 - [TEST_STEP][PASSED] - doubleClick: Object: '//span[starts-with(text(), 'ACCOUNT_TABLE')]' is double clicked on

2018-07-04 16:34:11 - [MESSAGE][PASSED] - Object: '//span[starts-with(text(), 'ACCOUNT_TABLE')]' is double clicked on

2018-07-04 16:34:11 - [TEST_STEP][PASSED] - delay: Delayed 3 second(s)

2018-07-04 16:34:14 - [MESSAGE][PASSED] - Delayed 3 second(s)

2018-07-04 16:34:14 - [TEST_STEP][PASSED] - click: Object: 'Object Repository/New_Test_Create_List_Grid/Page_Canvas World/click_default_ins_yes' is clicked on

2018-07-04 16:34:14 - [MESSAGE][PASSED] - Object: 'Object Repository/New_Test_Create_List_Grid/Page_Canvas World/click_default_ins_yes' is clicked on

2018-07-04 16:34:14 - [TEST_STEP][PASSED] - selectOptionByValue: All options with value 'CUSER' are selected in object 'Object Repository/New_Test_Create_View/Page_Canvas World/select_ProductCode' 

2018-07-04 16:34:15 - [MESSAGE][PASSED] - All options with value 'CUSER' are selected in object 'Object Repository/New_Test_Create_View/Page_Canvas World/select_ProductCode' 

2018-07-04 16:34:15 - [TEST_STEP][PASSED] - selectOptionByValue: All options with value 'CUSER' are selected in object 'Object Repository/New_Test_Create_View/Page_Canvas World/select_SubProductCode' 

2018-07-04 16:34:15 - [MESSAGE][PASSED] - All options with value 'CUSER' are selected in object 'Object Repository/New_Test_Create_View/Page_Canvas World/select_SubProductCode' 

2018-07-04 16:34:15 - [TEST_STEP][PASSED] - selectOptionByValue: All options with value 'VSBLTY' are selected in object 'Object Repository/New_Test_Create_View/Page_Canvas World/select_FunctionCode' 

2018-07-04 16:34:15 - [MESSAGE][PASSED] - All options with value 'VSBLTY' are selected in object 'Object Repository/New_Test_Create_View/Page_Canvas World/select_FunctionCode' 

2018-07-04 16:34:15 - [TEST_STEP][PASSED] - delay: Delayed 3 second(s)

2018-07-04 16:34:18 - [MESSAGE][PASSED] - Delayed 3 second(s)

2018-07-04 16:34:18 - [TEST_STEP][PASSED] - click: Object: 'Object Repository/New_Test_Create_List_Grid/Page_Canvas World/expand_gridConfig' is clicked on

2018-07-04 16:34:18 - [MESSAGE][PASSED] - Object: 'Object Repository/New_Test_Create_List_Grid/Page_Canvas World/expand_gridConfig' is clicked on

2018-07-04 16:34:18 - [TEST_STEP][PASSED] - setText: Text '2' is set on object 'Object Repository/New_Test_Create_List_Grid/Page_Canvas World/enter_numberPerPage'

2018-07-04 16:34:19 - [MESSAGE][PASSED] - Text '2' is set on object 'Object Repository/New_Test_Create_List_Grid/Page_Canvas World/enter_numberPerPage'

2018-07-04 16:34:19 - [TEST_STEP][PASSED] - delay: Delayed 3 second(s)

2018-07-04 16:34:22 - [MESSAGE][PASSED] - Delayed 3 second(s)

2018-07-04 16:34:22 - [TEST_STEP][PASSED] - click: Object: 'Object Repository/New_Test_Create_View/Page_Canvas World/view_Submit' is clicked on

2018-07-04 16:34:22 - [MESSAGE][PASSED] - Object: 'Object Repository/New_Test_Create_View/Page_Canvas World/view_Submit' is clicked on

2018-07-04 16:34:22 - [TEST_STEP][PASSED] - click: Object: 'Object Repository/New_Test_Create_View/Page_Canvas World/view_Submission' is clicked on

2018-07-04 16:34:25 - [MESSAGE][PASSED] - Object: 'Object Repository/New_Test_Create_View/Page_Canvas World/view_Submission' is clicked on]]></system-out>
         <system-err><![CDATA[]]></system-err>
      </testcase>
      <testcase name="Test Cases/Smoke Test/New_Create_List_Grid" classname="Test Cases/Smoke Test/New_Create_List_Grid" status="PASSED">
         <system-out><![CDATA[2018-07-04 16:34:25 - [TEST_CASE][PASSED] - Test Cases/Smoke Test/New_Create_List_Grid: Test Cases/Smoke Test/New_Create_List_Grid

2018-07-04 16:34:26 - [TEST_STEP][PASSED] - waitForPageLoad: Wait for page load successfully

2018-07-04 16:34:26 - [MESSAGE][PASSED] - Wait for page load successfully

2018-07-04 16:34:26 - [TEST_STEP][PASSED] - Statement - common = com.kms.katalon.core.webui.keyword.WebUiBuiltInKeywords.callTestCase(com.kms.katalon.core.testcase.TestCaseFactory.findTestCase(Test Cases/Studio Smoke Test Cases/ReadExcel), [:]): Call Test Case 'Test Cases/Studio Smoke Test Cases/ReadExcel' successfully

2018-07-04 16:34:26 - [TEST_CASE][PASSED] - Test Cases/Studio Smoke Test Cases/ReadExcel: Test Cases/Studio Smoke Test Cases/ReadExcel

2018-07-04 16:34:26 - [TEST_STEP][PASSED] - Statement - path = "D:\Sheepa\Katalon\Studio Smoke Test\Studio Smoke Test\Data Files\Data Input.xls": null

2018-07-04 16:34:26 - [TEST_STEP][PASSED] - Statement - fis = new java.io.FileInputStream(path): null

2018-07-04 16:34:26 - [TEST_STEP][PASSED] - Statement - hssfWorkbook = new org.apache.poi.hssf.usermodel.HSSFWorkbook(fis): null

2018-07-04 16:34:26 - [TEST_STEP][PASSED] - Statement - sc = hssfWorkbook.getNumberOfSheets(): null

2018-07-04 16:34:26 - [TEST_STEP][PASSED] - Statement - println(sc): null

2018-07-04 16:34:26 - [TEST_STEP][PASSED] - Statement - hssfSheet = hssfWorkbook.getSheetAt(0): null

2018-07-04 16:34:26 - [TEST_STEP][PASSED] - Statement - hssfRow = hssfSheet.getRow(1): null

2018-07-04 16:34:26 - [TEST_STEP][PASSED] - Statement - fid = hssfRow.getCell(0): null

2018-07-04 16:34:26 - [TEST_STEP][PASSED] - Statement - vid = hssfRow.getCell(1): null

2018-07-04 16:34:26 - [TEST_STEP][PASSED] - Statement - aid = hssfRow.getCell(2): null

2018-07-04 16:34:26 - [TEST_STEP][PASSED] - Statement - subid = hssfRow.getCell(3): null

2018-07-04 16:34:26 - [TEST_STEP][PASSED] - Statement - wsid = hssfRow.getCell(4): null

2018-07-04 16:34:26 - [TEST_STEP][PASSED] - Statement - reqid = hssfRow.getCell(5): null

2018-07-04 16:34:26 - [TEST_STEP][PASSED] - Statement - accNo = hssfRow.getCell(6): null

2018-07-04 16:34:26 - [TEST_STEP][PASSED] - Statement - println(vid): null

2018-07-04 16:34:26 - [TEST_STEP][PASSED] - Statement - map = [:]: null

2018-07-04 16:34:26 - [TEST_STEP][PASSED] - Statement - map.put("formID", fid): null

2018-07-04 16:34:26 - [TEST_STEP][PASSED] - Statement - map.put("viewID", vid): null

2018-07-04 16:34:26 - [TEST_STEP][PASSED] - Statement - map.put("appID", aid): null

2018-07-04 16:34:26 - [TEST_STEP][PASSED] - Statement - map.put("subWSID", subid): null

2018-07-04 16:34:26 - [TEST_STEP][PASSED] - Statement - map.put("WSID", wsid): null

2018-07-04 16:34:26 - [TEST_STEP][PASSED] - Statement - map.put("REQID", reqid): null

2018-07-04 16:34:26 - [TEST_STEP][PASSED] - Statement - map.put("AccNo", accNo): null

2018-07-04 16:34:26 - [TEST_STEP][PASSED] - Statement - return map: null

2018-07-04 16:34:26 - [MESSAGE][PASSED] - Call Test Case 'Test Cases/Studio Smoke Test Cases/ReadExcel' successfully

2018-07-04 16:34:26 - [TEST_STEP][PASSED] - Statement - form_id = common["formID"]: null

2018-07-04 16:34:26 - [TEST_STEP][PASSED] - Statement - println(form_id): null

2018-07-04 16:34:26 - [TEST_STEP][PASSED] - Statement - view_id = common["viewID"]: null

2018-07-04 16:34:26 - [TEST_STEP][PASSED] - Statement - println(view_id): null

2018-07-04 16:34:26 - [TEST_STEP][PASSED] - click: Object: 'Object Repository/New_Test_Create_Form/Page_Canvas World/span_Create' is clicked on

2018-07-04 16:34:26 - [MESSAGE][PASSED] - Object: 'Object Repository/New_Test_Create_Form/Page_Canvas World/span_Create' is clicked on

2018-07-04 16:34:26 - [TEST_STEP][PASSED] - click: Object: 'Object Repository/New_Test_Create_View/Page_Canvas World/span_View' is clicked on

2018-07-04 16:34:26 - [MESSAGE][PASSED] - Object: 'Object Repository/New_Test_Create_View/Page_Canvas World/span_View' is clicked on

2018-07-04 16:34:26 - [TEST_STEP][PASSED] - waitForPageLoad: Wait for page load successfully

2018-07-04 16:34:28 - [MESSAGE][PASSED] - Wait for page load successfully

2018-07-04 16:34:28 - [TEST_STEP][PASSED] - click: Object: 'Object Repository/New_Test_Create_View/Page_Canvas World/enter_ViewId' is clicked on

2018-07-04 16:34:28 - [MESSAGE][PASSED] - Object: 'Object Repository/New_Test_Create_View/Page_Canvas World/enter_ViewId' is clicked on

2018-07-04 16:34:28 - [TEST_STEP][PASSED] - setText: Text 'A002' is set on object 'Object Repository/New_Test_Create_View/Page_Canvas World/enter_ViewId'

2018-07-04 16:34:29 - [MESSAGE][PASSED] - Text 'A002' is set on object 'Object Repository/New_Test_Create_View/Page_Canvas World/enter_ViewId'

2018-07-04 16:34:29 - [TEST_STEP][PASSED] - click: Object: 'Object Repository/New_Test_Create_View/Page_Canvas World/view_DisplayName' is clicked on

2018-07-04 16:34:29 - [MESSAGE][PASSED] - Object: 'Object Repository/New_Test_Create_View/Page_Canvas World/view_DisplayName' is clicked on

2018-07-04 16:34:29 - [TEST_STEP][PASSED] - setText: Text 'A002' is set on object 'Object Repository/New_Test_Create_View/Page_Canvas World/view_DisplayName'

2018-07-04 16:34:29 - [MESSAGE][PASSED] - Text 'A002' is set on object 'Object Repository/New_Test_Create_View/Page_Canvas World/view_DisplayName'

2018-07-04 16:34:29 - [TEST_STEP][PASSED] - selectOptionByValue: All options with value 'LIST' are selected in object 'Object Repository/New_Test_Create_View/Page_Canvas World/select_ViewType' 

2018-07-04 16:34:29 - [MESSAGE][PASSED] - All options with value 'LIST' are selected in object 'Object Repository/New_Test_Create_View/Page_Canvas World/select_ViewType' 

2018-07-04 16:34:29 - [TEST_STEP][PASSED] - click: Object: 'Object Repository/New_Test_Create_View/Page_Canvas World/enter_ResourceBundle' is clicked on

2018-07-04 16:34:30 - [MESSAGE][PASSED] - Object: 'Object Repository/New_Test_Create_View/Page_Canvas World/enter_ResourceBundle' is clicked on

2018-07-04 16:34:30 - [TEST_STEP][PASSED] - setText: Text 'common' is set on object 'Object Repository/New_Test_Create_View/Page_Canvas World/enter_ResourceBundle'

2018-07-04 16:34:30 - [MESSAGE][PASSED] - Text 'common' is set on object 'Object Repository/New_Test_Create_View/Page_Canvas World/enter_ResourceBundle'

2018-07-04 16:34:30 - [TEST_STEP][PASSED] - delay: Delayed 10 second(s)

2018-07-04 16:34:40 - [MESSAGE][PASSED] - Delayed 10 second(s)

2018-07-04 16:34:40 - [TEST_STEP][PASSED] - waitForElementVisible: Object 'Object Repository/New_Test_Create_List_Grid/Page_Canvas World/click_selectForm' is visible

2018-07-04 16:34:40 - [MESSAGE][PASSED] - Object 'Object Repository/New_Test_Create_List_Grid/Page_Canvas World/click_selectForm' is visible

2018-07-04 16:34:40 - [TEST_STEP][PASSED] - click: Object: 'Object Repository/New_Test_Create_List_Grid/Page_Canvas World/click_selectForm' is clicked on

2018-07-04 16:34:40 - [MESSAGE][PASSED] - Object: 'Object Repository/New_Test_Create_List_Grid/Page_Canvas World/click_selectForm' is clicked on

2018-07-04 16:34:40 - [TEST_STEP][PASSED] - Statement - selectForm = "//span[starts-with(text(), '" + "ACCOUNT_TABLE" + "')]": null

2018-07-04 16:34:40 - [TEST_STEP][PASSED] - Statement - println(selectForm): null

2018-07-04 16:34:40 - [TEST_STEP][PASSED] - Statement - dynamicObject = new com.kms.katalon.core.testobject.TestObject(selectForm).addProperty("xpath", EQUALS, selectForm, true): null

2018-07-04 16:34:40 - [TEST_STEP][PASSED] - waitForElementVisible: Object '//span[starts-with(text(), 'ACCOUNT_TABLE')]' is visible

2018-07-04 16:34:41 - [MESSAGE][PASSED] - Object '//span[starts-with(text(), 'ACCOUNT_TABLE')]' is visible

2018-07-04 16:34:41 - [TEST_STEP][PASSED] - doubleClick: Object: '//span[starts-with(text(), 'ACCOUNT_TABLE')]' is double clicked on

2018-07-04 16:34:42 - [MESSAGE][PASSED] - Object: '//span[starts-with(text(), 'ACCOUNT_TABLE')]' is double clicked on

2018-07-04 16:34:42 - [TEST_STEP][PASSED] - doubleClick: Object: '//span[starts-with(text(), 'ACCOUNT_TABLE')]' is double clicked on

2018-07-04 16:34:42 - [MESSAGE][PASSED] - Object: '//span[starts-with(text(), 'ACCOUNT_TABLE')]' is double clicked on

2018-07-04 16:34:42 - [TEST_STEP][PASSED] - delay: Delayed 3 second(s)

2018-07-04 16:34:45 - [MESSAGE][PASSED] - Delayed 3 second(s)

2018-07-04 16:34:45 - [TEST_STEP][PASSED] - click: Object: 'Object Repository/New_Test_Create_List_Grid/Page_Canvas World/click_default_ins_yes' is clicked on

2018-07-04 16:34:45 - [MESSAGE][PASSED] - Object: 'Object Repository/New_Test_Create_List_Grid/Page_Canvas World/click_default_ins_yes' is clicked on

2018-07-04 16:34:45 - [TEST_STEP][PASSED] - selectOptionByValue: All options with value 'CUSER' are selected in object 'Object Repository/New_Test_Create_View/Page_Canvas World/select_ProductCode' 

2018-07-04 16:34:45 - [MESSAGE][PASSED] - All options with value 'CUSER' are selected in object 'Object Repository/New_Test_Create_View/Page_Canvas World/select_ProductCode' 

2018-07-04 16:34:45 - [TEST_STEP][PASSED] - selectOptionByValue: All options with value 'CUSER' are selected in object 'Object Repository/New_Test_Create_View/Page_Canvas World/select_SubProductCode' 

2018-07-04 16:34:45 - [MESSAGE][PASSED] - All options with value 'CUSER' are selected in object 'Object Repository/New_Test_Create_View/Page_Canvas World/select_SubProductCode' 

2018-07-04 16:34:45 - [TEST_STEP][PASSED] - selectOptionByValue: All options with value 'VSBLTY' are selected in object 'Object Repository/New_Test_Create_View/Page_Canvas World/select_FunctionCode' 

2018-07-04 16:34:46 - [MESSAGE][PASSED] - All options with value 'VSBLTY' are selected in object 'Object Repository/New_Test_Create_View/Page_Canvas World/select_FunctionCode' 

2018-07-04 16:34:46 - [TEST_STEP][PASSED] - delay: Delayed 3 second(s)

2018-07-04 16:34:49 - [MESSAGE][PASSED] - Delayed 3 second(s)

2018-07-04 16:34:49 - [TEST_STEP][PASSED] - click: Object: 'Object Repository/New_Test_Create_List_Grid/Page_Canvas World/expand_gridConfig' is clicked on

2018-07-04 16:34:49 - [MESSAGE][PASSED] - Object: 'Object Repository/New_Test_Create_List_Grid/Page_Canvas World/expand_gridConfig' is clicked on

2018-07-04 16:34:49 - [TEST_STEP][PASSED] - setText: Text '2' is set on object 'Object Repository/New_Test_Create_List_Grid/Page_Canvas World/enter_numberPerPage'

2018-07-04 16:34:49 - [MESSAGE][PASSED] - Text '2' is set on object 'Object Repository/New_Test_Create_List_Grid/Page_Canvas World/enter_numberPerPage'

2018-07-04 16:34:49 - [TEST_STEP][PASSED] - delay: Delayed 3 second(s)

2018-07-04 16:34:52 - [MESSAGE][PASSED] - Delayed 3 second(s)

2018-07-04 16:34:52 - [TEST_STEP][PASSED] - click: Object: 'Object Repository/New_Test_Create_View/Page_Canvas World/view_Submit' is clicked on

2018-07-04 16:34:53 - [MESSAGE][PASSED] - Object: 'Object Repository/New_Test_Create_View/Page_Canvas World/view_Submit' is clicked on

2018-07-04 16:34:53 - [TEST_STEP][PASSED] - click: Object: 'Object Repository/New_Test_Create_View/Page_Canvas World/view_Submission' is clicked on

2018-07-04 16:34:55 - [MESSAGE][PASSED] - Object: 'Object Repository/New_Test_Create_View/Page_Canvas World/view_Submission' is clicked on]]></system-out>
         <system-err><![CDATA[]]></system-err>
      </testcase>
      <testcase name="Test Cases/Smoke Test/New_Create_Group_Single" classname="Test Cases/Smoke Test/New_Create_Group_Single" status="PASSED">
         <system-out><![CDATA[2018-07-04 16:34:55 - [TEST_CASE][PASSED] - Test Cases/Smoke Test/New_Create_Group_Single: Test Cases/Smoke Test/New_Create_Group_Single

2018-07-04 16:34:55 - [TEST_STEP][PASSED] - waitForPageLoad: Wait for page load successfully

2018-07-04 16:34:55 - [MESSAGE][PASSED] - Wait for page load successfully

2018-07-04 16:34:55 - [TEST_STEP][PASSED] - Statement - common = com.kms.katalon.core.webui.keyword.WebUiBuiltInKeywords.callTestCase(com.kms.katalon.core.testcase.TestCaseFactory.findTestCase(Test Cases/Studio Smoke Test Cases/ReadExcel), [:]): Call Test Case 'Test Cases/Studio Smoke Test Cases/ReadExcel' successfully

2018-07-04 16:34:56 - [TEST_CASE][PASSED] - Test Cases/Studio Smoke Test Cases/ReadExcel: Test Cases/Studio Smoke Test Cases/ReadExcel

2018-07-04 16:34:56 - [TEST_STEP][PASSED] - Statement - path = "D:\Sheepa\Katalon\Studio Smoke Test\Studio Smoke Test\Data Files\Data Input.xls": null

2018-07-04 16:34:56 - [TEST_STEP][PASSED] - Statement - fis = new java.io.FileInputStream(path): null

2018-07-04 16:34:56 - [TEST_STEP][PASSED] - Statement - hssfWorkbook = new org.apache.poi.hssf.usermodel.HSSFWorkbook(fis): null

2018-07-04 16:34:56 - [TEST_STEP][PASSED] - Statement - sc = hssfWorkbook.getNumberOfSheets(): null

2018-07-04 16:34:56 - [TEST_STEP][PASSED] - Statement - println(sc): null

2018-07-04 16:34:56 - [TEST_STEP][PASSED] - Statement - hssfSheet = hssfWorkbook.getSheetAt(0): null

2018-07-04 16:34:56 - [TEST_STEP][PASSED] - Statement - hssfRow = hssfSheet.getRow(1): null

2018-07-04 16:34:56 - [TEST_STEP][PASSED] - Statement - fid = hssfRow.getCell(0): null

2018-07-04 16:34:56 - [TEST_STEP][PASSED] - Statement - vid = hssfRow.getCell(1): null

2018-07-04 16:34:56 - [TEST_STEP][PASSED] - Statement - aid = hssfRow.getCell(2): null

2018-07-04 16:34:56 - [TEST_STEP][PASSED] - Statement - subid = hssfRow.getCell(3): null

2018-07-04 16:34:56 - [TEST_STEP][PASSED] - Statement - wsid = hssfRow.getCell(4): null

2018-07-04 16:34:56 - [TEST_STEP][PASSED] - Statement - reqid = hssfRow.getCell(5): null

2018-07-04 16:34:56 - [TEST_STEP][PASSED] - Statement - accNo = hssfRow.getCell(6): null

2018-07-04 16:34:56 - [TEST_STEP][PASSED] - Statement - println(vid): null

2018-07-04 16:34:56 - [TEST_STEP][PASSED] - Statement - map = [:]: null

2018-07-04 16:34:56 - [TEST_STEP][PASSED] - Statement - map.put("formID", fid): null

2018-07-04 16:34:56 - [TEST_STEP][PASSED] - Statement - map.put("viewID", vid): null

2018-07-04 16:34:56 - [TEST_STEP][PASSED] - Statement - map.put("appID", aid): null

2018-07-04 16:34:56 - [TEST_STEP][PASSED] - Statement - map.put("subWSID", subid): null

2018-07-04 16:34:56 - [TEST_STEP][PASSED] - Statement - map.put("WSID", wsid): null

2018-07-04 16:34:56 - [TEST_STEP][PASSED] - Statement - map.put("REQID", reqid): null

2018-07-04 16:34:56 - [TEST_STEP][PASSED] - Statement - map.put("AccNo", accNo): null

2018-07-04 16:34:56 - [TEST_STEP][PASSED] - Statement - return map: null

2018-07-04 16:34:56 - [MESSAGE][PASSED] - Call Test Case 'Test Cases/Studio Smoke Test Cases/ReadExcel' successfully

2018-07-04 16:34:56 - [TEST_STEP][PASSED] - Statement - form_id = common["formID"]: null

2018-07-04 16:34:56 - [TEST_STEP][PASSED] - Statement - println(form_id): null

2018-07-04 16:34:56 - [TEST_STEP][PASSED] - Statement - view_id = common["viewID"]: null

2018-07-04 16:34:56 - [TEST_STEP][PASSED] - Statement - println(view_id): null

2018-07-04 16:34:56 - [TEST_STEP][PASSED] - click: Object: 'Object Repository/New_Test_Create_Form/Page_Canvas World/span_Create' is clicked on

2018-07-04 16:34:56 - [MESSAGE][PASSED] - Object: 'Object Repository/New_Test_Create_Form/Page_Canvas World/span_Create' is clicked on

2018-07-04 16:34:56 - [TEST_STEP][PASSED] - click: Object: 'Object Repository/New_Test_Create_View/Page_Canvas World/span_View' is clicked on

2018-07-04 16:34:56 - [MESSAGE][PASSED] - Object: 'Object Repository/New_Test_Create_View/Page_Canvas World/span_View' is clicked on

2018-07-04 16:34:56 - [TEST_STEP][PASSED] - waitForPageLoad: Wait for page load successfully

2018-07-04 16:34:56 - [MESSAGE][PASSED] - Wait for page load successfully

2018-07-04 16:34:56 - [TEST_STEP][PASSED] - click: Object: 'Object Repository/New_Test_Create_View/Page_Canvas World/enter_ViewId' is clicked on

2018-07-04 16:34:58 - [MESSAGE][PASSED] - Object: 'Object Repository/New_Test_Create_View/Page_Canvas World/enter_ViewId' is clicked on

2018-07-04 16:34:58 - [TEST_STEP][PASSED] - setText: Text 'A005' is set on object 'Object Repository/New_Test_Create_View/Page_Canvas World/enter_ViewId'

2018-07-04 16:34:59 - [MESSAGE][PASSED] - Text 'A005' is set on object 'Object Repository/New_Test_Create_View/Page_Canvas World/enter_ViewId'

2018-07-04 16:34:59 - [TEST_STEP][PASSED] - click: Object: 'Object Repository/New_Test_Create_View/Page_Canvas World/view_DisplayName' is clicked on

2018-07-04 16:34:59 - [MESSAGE][PASSED] - Object: 'Object Repository/New_Test_Create_View/Page_Canvas World/view_DisplayName' is clicked on

2018-07-04 16:34:59 - [TEST_STEP][PASSED] - setText: Text 'A005' is set on object 'Object Repository/New_Test_Create_View/Page_Canvas World/view_DisplayName'

2018-07-04 16:34:59 - [MESSAGE][PASSED] - Text 'A005' is set on object 'Object Repository/New_Test_Create_View/Page_Canvas World/view_DisplayName'

2018-07-04 16:34:59 - [TEST_STEP][PASSED] - selectOptionByValue: All options with value 'GROUP' are selected in object 'Object Repository/New_Test_Create_View/Page_Canvas World/select_ViewType' 

2018-07-04 16:35:00 - [MESSAGE][PASSED] - All options with value 'GROUP' are selected in object 'Object Repository/New_Test_Create_View/Page_Canvas World/select_ViewType' 

2018-07-04 16:35:00 - [TEST_STEP][PASSED] - click: Object: 'Object Repository/New_Test_Create_View/Page_Canvas World/enter_ResourceBundle' is clicked on

2018-07-04 16:35:00 - [MESSAGE][PASSED] - Object: 'Object Repository/New_Test_Create_View/Page_Canvas World/enter_ResourceBundle' is clicked on

2018-07-04 16:35:00 - [TEST_STEP][PASSED] - setText: Text 'common' is set on object 'Object Repository/New_Test_Create_View/Page_Canvas World/enter_ResourceBundle'

2018-07-04 16:35:00 - [MESSAGE][PASSED] - Text 'common' is set on object 'Object Repository/New_Test_Create_View/Page_Canvas World/enter_ResourceBundle'

2018-07-04 16:35:00 - [TEST_STEP][PASSED] - delay: Delayed 10 second(s)

2018-07-04 16:35:10 - [MESSAGE][PASSED] - Delayed 10 second(s)

2018-07-04 16:35:10 - [TEST_STEP][PASSED] - waitForElementVisible: Object 'Object Repository/New_Test_Create_List_Grid/Page_Canvas World/click_selectForm' is visible

2018-07-04 16:35:10 - [MESSAGE][PASSED] - Object 'Object Repository/New_Test_Create_List_Grid/Page_Canvas World/click_selectForm' is visible

2018-07-04 16:35:10 - [TEST_STEP][PASSED] - click: Object: 'Object Repository/New_Test_Create_List_Grid/Page_Canvas World/click_selectForm' is clicked on

2018-07-04 16:35:11 - [MESSAGE][PASSED] - Object: 'Object Repository/New_Test_Create_List_Grid/Page_Canvas World/click_selectForm' is clicked on

2018-07-04 16:35:11 - [TEST_STEP][PASSED] - Statement - selectForm = "//span[starts-with(text(), '" + "ACCOUNT_TABLE" + "')]": null

2018-07-04 16:35:11 - [TEST_STEP][PASSED] - Statement - println(selectForm): null

2018-07-04 16:35:11 - [TEST_STEP][PASSED] - Statement - dynamicObject = new com.kms.katalon.core.testobject.TestObject(selectForm).addProperty("xpath", EQUALS, selectForm, true): null

2018-07-04 16:35:11 - [TEST_STEP][PASSED] - waitForElementVisible: Object '//span[starts-with(text(), 'ACCOUNT_TABLE')]' is visible

2018-07-04 16:35:12 - [MESSAGE][PASSED] - Object '//span[starts-with(text(), 'ACCOUNT_TABLE')]' is visible

2018-07-04 16:35:12 - [TEST_STEP][PASSED] - doubleClick: Object: '//span[starts-with(text(), 'ACCOUNT_TABLE')]' is double clicked on

2018-07-04 16:35:12 - [MESSAGE][PASSED] - Object: '//span[starts-with(text(), 'ACCOUNT_TABLE')]' is double clicked on

2018-07-04 16:35:12 - [TEST_STEP][PASSED] - doubleClick: Object: '//span[starts-with(text(), 'ACCOUNT_TABLE')]' is double clicked on

2018-07-04 16:35:12 - [MESSAGE][PASSED] - Object: '//span[starts-with(text(), 'ACCOUNT_TABLE')]' is double clicked on

2018-07-04 16:35:12 - [TEST_STEP][PASSED] - delay: Delayed 3 second(s)

2018-07-04 16:35:15 - [MESSAGE][PASSED] - Delayed 3 second(s)

2018-07-04 16:35:15 - [TEST_STEP][PASSED] - click: Object: 'Object Repository/New_Test_Create_List_Grid/Page_Canvas World/click_default_ins_yes' is clicked on

2018-07-04 16:35:15 - [MESSAGE][PASSED] - Object: 'Object Repository/New_Test_Create_List_Grid/Page_Canvas World/click_default_ins_yes' is clicked on

2018-07-04 16:35:15 - [TEST_STEP][PASSED] - selectOptionByValue: All options with value 'CUSER' are selected in object 'Object Repository/New_Test_Create_View/Page_Canvas World/select_ProductCode' 

2018-07-04 16:35:15 - [MESSAGE][PASSED] - All options with value 'CUSER' are selected in object 'Object Repository/New_Test_Create_View/Page_Canvas World/select_ProductCode' 

2018-07-04 16:35:15 - [TEST_STEP][PASSED] - selectOptionByValue: All options with value 'CUSER' are selected in object 'Object Repository/New_Test_Create_View/Page_Canvas World/select_SubProductCode' 

2018-07-04 16:35:16 - [MESSAGE][PASSED] - All options with value 'CUSER' are selected in object 'Object Repository/New_Test_Create_View/Page_Canvas World/select_SubProductCode' 

2018-07-04 16:35:16 - [TEST_STEP][PASSED] - selectOptionByValue: All options with value 'VSBLTY' are selected in object 'Object Repository/New_Test_Create_View/Page_Canvas World/select_FunctionCode' 

2018-07-04 16:35:16 - [MESSAGE][PASSED] - All options with value 'VSBLTY' are selected in object 'Object Repository/New_Test_Create_View/Page_Canvas World/select_FunctionCode' 

2018-07-04 16:35:16 - [TEST_STEP][PASSED] - delay: Delayed 3 second(s)

2018-07-04 16:35:19 - [MESSAGE][PASSED] - Delayed 3 second(s)

2018-07-04 16:35:19 - [TEST_STEP][PASSED] - click: Object: 'Object Repository/New_Test_Create_List_Grid/Page_Canvas World/expand_gridConfig' is clicked on

2018-07-04 16:35:19 - [MESSAGE][PASSED] - Object: 'Object Repository/New_Test_Create_List_Grid/Page_Canvas World/expand_gridConfig' is clicked on

2018-07-04 16:35:19 - [TEST_STEP][PASSED] - setText: Text '2' is set on object 'Object Repository/New_Test_Create_List_Grid/Page_Canvas World/enter_numberPerPage'

2018-07-04 16:35:20 - [MESSAGE][PASSED] - Text '2' is set on object 'Object Repository/New_Test_Create_List_Grid/Page_Canvas World/enter_numberPerPage'

2018-07-04 16:35:20 - [TEST_STEP][PASSED] - delay: Delayed 3 second(s)

2018-07-04 16:35:23 - [MESSAGE][PASSED] - Delayed 3 second(s)

2018-07-04 16:35:23 - [TEST_STEP][PASSED] - click: Object: 'Object Repository/New_Test_Create_List_Grid/Page_Canvas World/button_more' is clicked on

2018-07-04 16:35:23 - [MESSAGE][PASSED] - Object: 'Object Repository/New_Test_Create_List_Grid/Page_Canvas World/button_more' is clicked on

2018-07-04 16:35:23 - [TEST_STEP][PASSED] - click: Object: 'Object Repository/New_Test_Create_List_Grid/Page_Canvas World/is_grpable' is clicked on

2018-07-04 16:35:25 - [MESSAGE][PASSED] - Object: 'Object Repository/New_Test_Create_List_Grid/Page_Canvas World/is_grpable' is clicked on

2018-07-04 16:35:25 - [TEST_STEP][PASSED] - click: Object: 'Object Repository/New_Test_Create_List_Grid/Page_Canvas World/is_grpd' is clicked on

2018-07-04 16:35:25 - [MESSAGE][PASSED] - Object: 'Object Repository/New_Test_Create_List_Grid/Page_Canvas World/is_grpd' is clicked on

2018-07-04 16:35:25 - [TEST_STEP][PASSED] - delay: Delayed 3 second(s)

2018-07-04 16:35:28 - [MESSAGE][PASSED] - Delayed 3 second(s)

2018-07-04 16:35:28 - [TEST_STEP][PASSED] - click: Object: 'Object Repository/New_Test_Create_List_Grid/Page_Canvas World/view_item_submit' is clicked on

2018-07-04 16:35:28 - [MESSAGE][PASSED] - Object: 'Object Repository/New_Test_Create_List_Grid/Page_Canvas World/view_item_submit' is clicked on

2018-07-04 16:35:28 - [TEST_STEP][PASSED] - delay: Delayed 3 second(s)

2018-07-04 16:35:31 - [MESSAGE][PASSED] - Delayed 3 second(s)

2018-07-04 16:35:31 - [TEST_STEP][PASSED] - click: Object: 'Object Repository/New_Test_Create_View/Page_Canvas World/view_Submit' is clicked on

2018-07-04 16:35:32 - [MESSAGE][PASSED] - Object: 'Object Repository/New_Test_Create_View/Page_Canvas World/view_Submit' is clicked on

2018-07-04 16:35:32 - [TEST_STEP][PASSED] - delay: Delayed 3 second(s)

2018-07-04 16:35:35 - [MESSAGE][PASSED] - Delayed 3 second(s)

2018-07-04 16:35:35 - [TEST_STEP][PASSED] - click: Object: 'Object Repository/New_Test_Create_View/Page_Canvas World/view_Submission' is clicked on

2018-07-04 16:35:35 - [MESSAGE][PASSED] - Object: 'Object Repository/New_Test_Create_View/Page_Canvas World/view_Submission' is clicked on]]></system-out>
         <system-err><![CDATA[]]></system-err>
      </testcase>
      <testcase name="Test Cases/Smoke Test/New_Create_Group_Multi" classname="Test Cases/Smoke Test/New_Create_Group_Multi" status="PASSED">
         <system-out><![CDATA[2018-07-04 16:35:35 - [TEST_CASE][PASSED] - Test Cases/Smoke Test/New_Create_Group_Multi: Test Cases/Smoke Test/New_Create_Group_Multi

2018-07-04 16:35:35 - [TEST_STEP][PASSED] - waitForPageLoad: Wait for page load successfully

2018-07-04 16:35:35 - [MESSAGE][PASSED] - Wait for page load successfully

2018-07-04 16:35:35 - [TEST_STEP][PASSED] - Statement - common = com.kms.katalon.core.webui.keyword.WebUiBuiltInKeywords.callTestCase(com.kms.katalon.core.testcase.TestCaseFactory.findTestCase(Test Cases/Studio Smoke Test Cases/ReadExcel), [:]): Call Test Case 'Test Cases/Studio Smoke Test Cases/ReadExcel' successfully

2018-07-04 16:35:35 - [TEST_CASE][PASSED] - Test Cases/Studio Smoke Test Cases/ReadExcel: Test Cases/Studio Smoke Test Cases/ReadExcel

2018-07-04 16:35:35 - [TEST_STEP][PASSED] - Statement - path = "D:\Sheepa\Katalon\Studio Smoke Test\Studio Smoke Test\Data Files\Data Input.xls": null

2018-07-04 16:35:35 - [TEST_STEP][PASSED] - Statement - fis = new java.io.FileInputStream(path): null

2018-07-04 16:35:35 - [TEST_STEP][PASSED] - Statement - hssfWorkbook = new org.apache.poi.hssf.usermodel.HSSFWorkbook(fis): null

2018-07-04 16:35:35 - [TEST_STEP][PASSED] - Statement - sc = hssfWorkbook.getNumberOfSheets(): null

2018-07-04 16:35:35 - [TEST_STEP][PASSED] - Statement - println(sc): null

2018-07-04 16:35:35 - [TEST_STEP][PASSED] - Statement - hssfSheet = hssfWorkbook.getSheetAt(0): null

2018-07-04 16:35:35 - [TEST_STEP][PASSED] - Statement - hssfRow = hssfSheet.getRow(1): null

2018-07-04 16:35:35 - [TEST_STEP][PASSED] - Statement - fid = hssfRow.getCell(0): null

2018-07-04 16:35:35 - [TEST_STEP][PASSED] - Statement - vid = hssfRow.getCell(1): null

2018-07-04 16:35:35 - [TEST_STEP][PASSED] - Statement - aid = hssfRow.getCell(2): null

2018-07-04 16:35:35 - [TEST_STEP][PASSED] - Statement - subid = hssfRow.getCell(3): null

2018-07-04 16:35:35 - [TEST_STEP][PASSED] - Statement - wsid = hssfRow.getCell(4): null

2018-07-04 16:35:35 - [TEST_STEP][PASSED] - Statement - reqid = hssfRow.getCell(5): null

2018-07-04 16:35:35 - [TEST_STEP][PASSED] - Statement - accNo = hssfRow.getCell(6): null

2018-07-04 16:35:35 - [TEST_STEP][PASSED] - Statement - println(vid): null

2018-07-04 16:35:35 - [TEST_STEP][PASSED] - Statement - map = [:]: null

2018-07-04 16:35:35 - [TEST_STEP][PASSED] - Statement - map.put("formID", fid): null

2018-07-04 16:35:35 - [TEST_STEP][PASSED] - Statement - map.put("viewID", vid): null

2018-07-04 16:35:35 - [TEST_STEP][PASSED] - Statement - map.put("appID", aid): null

2018-07-04 16:35:35 - [TEST_STEP][PASSED] - Statement - map.put("subWSID", subid): null

2018-07-04 16:35:35 - [TEST_STEP][PASSED] - Statement - map.put("WSID", wsid): null

2018-07-04 16:35:35 - [TEST_STEP][PASSED] - Statement - map.put("REQID", reqid): null

2018-07-04 16:35:35 - [TEST_STEP][PASSED] - Statement - map.put("AccNo", accNo): null

2018-07-04 16:35:35 - [TEST_STEP][PASSED] - Statement - return map: null

2018-07-04 16:35:35 - [MESSAGE][PASSED] - Call Test Case 'Test Cases/Studio Smoke Test Cases/ReadExcel' successfully

2018-07-04 16:35:35 - [TEST_STEP][PASSED] - Statement - form_id = common["formID"]: null

2018-07-04 16:35:35 - [TEST_STEP][PASSED] - Statement - println(form_id): null

2018-07-04 16:35:35 - [TEST_STEP][PASSED] - Statement - view_id = common["viewID"]: null

2018-07-04 16:35:35 - [TEST_STEP][PASSED] - Statement - println(view_id): null

2018-07-04 16:35:35 - [TEST_STEP][PASSED] - click: Object: 'Object Repository/New_Test_Create_Form/Page_Canvas World/span_Create' is clicked on

2018-07-04 16:35:35 - [MESSAGE][PASSED] - Object: 'Object Repository/New_Test_Create_Form/Page_Canvas World/span_Create' is clicked on

2018-07-04 16:35:35 - [TEST_STEP][PASSED] - click: Object: 'Object Repository/New_Test_Create_View/Page_Canvas World/span_View' is clicked on

2018-07-04 16:35:36 - [MESSAGE][PASSED] - Object: 'Object Repository/New_Test_Create_View/Page_Canvas World/span_View' is clicked on

2018-07-04 16:35:36 - [TEST_STEP][PASSED] - waitForPageLoad: Wait for page load successfully

2018-07-04 16:35:36 - [MESSAGE][PASSED] - Wait for page load successfully

2018-07-04 16:35:36 - [TEST_STEP][PASSED] - click: Object: 'Object Repository/New_Test_Create_View/Page_Canvas World/enter_ViewId' is clicked on

2018-07-04 16:35:38 - [MESSAGE][PASSED] - Object: 'Object Repository/New_Test_Create_View/Page_Canvas World/enter_ViewId' is clicked on

2018-07-04 16:35:38 - [TEST_STEP][PASSED] - setText: Text 'A006' is set on object 'Object Repository/New_Test_Create_View/Page_Canvas World/enter_ViewId'

2018-07-04 16:35:39 - [MESSAGE][PASSED] - Text 'A006' is set on object 'Object Repository/New_Test_Create_View/Page_Canvas World/enter_ViewId'

2018-07-04 16:35:39 - [TEST_STEP][PASSED] - click: Object: 'Object Repository/New_Test_Create_View/Page_Canvas World/view_DisplayName' is clicked on

2018-07-04 16:35:39 - [MESSAGE][PASSED] - Object: 'Object Repository/New_Test_Create_View/Page_Canvas World/view_DisplayName' is clicked on

2018-07-04 16:35:39 - [TEST_STEP][PASSED] - setText: Text 'A006' is set on object 'Object Repository/New_Test_Create_View/Page_Canvas World/view_DisplayName'

2018-07-04 16:35:40 - [MESSAGE][PASSED] - Text 'A006' is set on object 'Object Repository/New_Test_Create_View/Page_Canvas World/view_DisplayName'

2018-07-04 16:35:40 - [TEST_STEP][PASSED] - selectOptionByValue: All options with value 'ADVGROUP' are selected in object 'Object Repository/New_Test_Create_View/Page_Canvas World/select_ViewType' 

2018-07-04 16:35:40 - [MESSAGE][PASSED] - All options with value 'ADVGROUP' are selected in object 'Object Repository/New_Test_Create_View/Page_Canvas World/select_ViewType' 

2018-07-04 16:35:40 - [TEST_STEP][PASSED] - click: Object: 'Object Repository/New_Test_Create_View/Page_Canvas World/enter_ResourceBundle' is clicked on

2018-07-04 16:35:40 - [MESSAGE][PASSED] - Object: 'Object Repository/New_Test_Create_View/Page_Canvas World/enter_ResourceBundle' is clicked on

2018-07-04 16:35:40 - [TEST_STEP][PASSED] - setText: Text 'common' is set on object 'Object Repository/New_Test_Create_View/Page_Canvas World/enter_ResourceBundle'

2018-07-04 16:35:41 - [MESSAGE][PASSED] - Text 'common' is set on object 'Object Repository/New_Test_Create_View/Page_Canvas World/enter_ResourceBundle'

2018-07-04 16:35:41 - [TEST_STEP][PASSED] - delay: Delayed 10 second(s)

2018-07-04 16:35:51 - [MESSAGE][PASSED] - Delayed 10 second(s)

2018-07-04 16:35:51 - [TEST_STEP][PASSED] - waitForElementVisible: Object 'Object Repository/New_Test_Create_List_Grid/Page_Canvas World/click_selectForm' is visible

2018-07-04 16:35:51 - [MESSAGE][PASSED] - Object 'Object Repository/New_Test_Create_List_Grid/Page_Canvas World/click_selectForm' is visible

2018-07-04 16:35:51 - [TEST_STEP][PASSED] - click: Object: 'Object Repository/New_Test_Create_List_Grid/Page_Canvas World/click_selectForm' is clicked on

2018-07-04 16:35:51 - [MESSAGE][PASSED] - Object: 'Object Repository/New_Test_Create_List_Grid/Page_Canvas World/click_selectForm' is clicked on

2018-07-04 16:35:51 - [TEST_STEP][PASSED] - Statement - selectForm = "//span[starts-with(text(), '" + "ACCOUNT_TABLE" + "')]": null

2018-07-04 16:35:51 - [TEST_STEP][PASSED] - Statement - println(selectForm): null

2018-07-04 16:35:51 - [TEST_STEP][PASSED] - Statement - dynamicObject = new com.kms.katalon.core.testobject.TestObject(selectForm).addProperty("xpath", EQUALS, selectForm, true): null

2018-07-04 16:35:51 - [TEST_STEP][PASSED] - waitForElementVisible: Object '//span[starts-with(text(), 'ACCOUNT_TABLE')]' is visible

2018-07-04 16:35:52 - [MESSAGE][PASSED] - Object '//span[starts-with(text(), 'ACCOUNT_TABLE')]' is visible

2018-07-04 16:35:52 - [TEST_STEP][PASSED] - doubleClick: Object: '//span[starts-with(text(), 'ACCOUNT_TABLE')]' is double clicked on

2018-07-04 16:35:52 - [MESSAGE][PASSED] - Object: '//span[starts-with(text(), 'ACCOUNT_TABLE')]' is double clicked on

2018-07-04 16:35:52 - [TEST_STEP][PASSED] - doubleClick: Object: '//span[starts-with(text(), 'ACCOUNT_TABLE')]' is double clicked on

2018-07-04 16:35:52 - [MESSAGE][PASSED] - Object: '//span[starts-with(text(), 'ACCOUNT_TABLE')]' is double clicked on

2018-07-04 16:35:52 - [TEST_STEP][PASSED] - delay: Delayed 3 second(s)

2018-07-04 16:35:55 - [MESSAGE][PASSED] - Delayed 3 second(s)

2018-07-04 16:35:55 - [TEST_STEP][PASSED] - click: Object: 'Object Repository/New_Test_Create_List_Grid/Page_Canvas World/click_default_ins_yes' is clicked on

2018-07-04 16:35:55 - [MESSAGE][PASSED] - Object: 'Object Repository/New_Test_Create_List_Grid/Page_Canvas World/click_default_ins_yes' is clicked on

2018-07-04 16:35:55 - [TEST_STEP][PASSED] - selectOptionByValue: All options with value 'CUSER' are selected in object 'Object Repository/New_Test_Create_View/Page_Canvas World/select_ProductCode' 

2018-07-04 16:35:55 - [MESSAGE][PASSED] - All options with value 'CUSER' are selected in object 'Object Repository/New_Test_Create_View/Page_Canvas World/select_ProductCode' 

2018-07-04 16:35:55 - [TEST_STEP][PASSED] - selectOptionByValue: All options with value 'CUSER' are selected in object 'Object Repository/New_Test_Create_View/Page_Canvas World/select_SubProductCode' 

2018-07-04 16:35:56 - [MESSAGE][PASSED] - All options with value 'CUSER' are selected in object 'Object Repository/New_Test_Create_View/Page_Canvas World/select_SubProductCode' 

2018-07-04 16:35:56 - [TEST_STEP][PASSED] - selectOptionByValue: All options with value 'VSBLTY' are selected in object 'Object Repository/New_Test_Create_View/Page_Canvas World/select_FunctionCode' 

2018-07-04 16:35:56 - [MESSAGE][PASSED] - All options with value 'VSBLTY' are selected in object 'Object Repository/New_Test_Create_View/Page_Canvas World/select_FunctionCode' 

2018-07-04 16:35:56 - [TEST_STEP][PASSED] - delay: Delayed 3 second(s)

2018-07-04 16:35:59 - [MESSAGE][PASSED] - Delayed 3 second(s)

2018-07-04 16:35:59 - [TEST_STEP][PASSED] - click: Object: 'Object Repository/New_Test_Create_List_Grid/Page_Canvas World/expand_gridConfig' is clicked on

2018-07-04 16:35:59 - [MESSAGE][PASSED] - Object: 'Object Repository/New_Test_Create_List_Grid/Page_Canvas World/expand_gridConfig' is clicked on

2018-07-04 16:35:59 - [TEST_STEP][PASSED] - setText: Text '2' is set on object 'Object Repository/New_Test_Create_List_Grid/Page_Canvas World/enter_numberPerPage'

2018-07-04 16:36:00 - [MESSAGE][PASSED] - Text '2' is set on object 'Object Repository/New_Test_Create_List_Grid/Page_Canvas World/enter_numberPerPage'

2018-07-04 16:36:00 - [TEST_STEP][PASSED] - delay: Delayed 3 second(s)

2018-07-04 16:36:03 - [MESSAGE][PASSED] - Delayed 3 second(s)

2018-07-04 16:36:03 - [TEST_STEP][PASSED] - click: Object: 'Object Repository/New_Test_Create_List_Grid/Page_Canvas World/button_more' is clicked on

2018-07-04 16:36:03 - [MESSAGE][PASSED] - Object: 'Object Repository/New_Test_Create_List_Grid/Page_Canvas World/button_more' is clicked on

2018-07-04 16:36:03 - [TEST_STEP][PASSED] - click: Object: 'Object Repository/New_Test_Create_List_Grid/Page_Canvas World/is_grpable' is clicked on

2018-07-04 16:36:04 - [MESSAGE][PASSED] - Object: 'Object Repository/New_Test_Create_List_Grid/Page_Canvas World/is_grpable' is clicked on

2018-07-04 16:36:04 - [TEST_STEP][PASSED] - click: Object: 'Object Repository/New_Test_Create_List_Grid/Page_Canvas World/is_grpd' is clicked on

2018-07-04 16:36:05 - [MESSAGE][PASSED] - Object: 'Object Repository/New_Test_Create_List_Grid/Page_Canvas World/is_grpd' is clicked on

2018-07-04 16:36:05 - [TEST_STEP][PASSED] - delay: Delayed 1 second(s)

2018-07-04 16:36:06 - [MESSAGE][PASSED] - Delayed 1 second(s)

2018-07-04 16:36:06 - [TEST_STEP][PASSED] - selectOptionByValue: All options with value 'COUNT' are selected in object 'Object Repository/New_Test_Create_List_Grid/Page_Canvas World/aggregate_using' 

2018-07-04 16:36:06 - [MESSAGE][PASSED] - All options with value 'COUNT' are selected in object 'Object Repository/New_Test_Create_List_Grid/Page_Canvas World/aggregate_using' 

2018-07-04 16:36:06 - [TEST_STEP][PASSED] - delay: Delayed 1 second(s)

2018-07-04 16:36:07 - [MESSAGE][PASSED] - Delayed 1 second(s)

2018-07-04 16:36:07 - [TEST_STEP][PASSED] - click: Object: 'Object Repository/New_Test_Create_List_Grid/Page_Canvas World/view_item_submit' is clicked on

2018-07-04 16:36:07 - [MESSAGE][PASSED] - Object: 'Object Repository/New_Test_Create_List_Grid/Page_Canvas World/view_item_submit' is clicked on

2018-07-04 16:36:07 - [TEST_STEP][PASSED] - delay: Delayed 3 second(s)

2018-07-04 16:36:10 - [MESSAGE][PASSED] - Delayed 3 second(s)

2018-07-04 16:36:10 - [TEST_STEP][PASSED] - click: Object: 'Object Repository/New_Test_Create_List_Grid/Page_Canvas World/currency_more' is clicked on

2018-07-04 16:36:10 - [MESSAGE][PASSED] - Object: 'Object Repository/New_Test_Create_List_Grid/Page_Canvas World/currency_more' is clicked on

2018-07-04 16:36:10 - [TEST_STEP][PASSED] - click: Object: 'Object Repository/New_Test_Create_List_Grid/Page_Canvas World/is_grpable' is clicked on

2018-07-04 16:36:12 - [MESSAGE][PASSED] - Object: 'Object Repository/New_Test_Create_List_Grid/Page_Canvas World/is_grpable' is clicked on

2018-07-04 16:36:12 - [TEST_STEP][PASSED] - click: Object: 'Object Repository/New_Test_Create_List_Grid/Page_Canvas World/is_grpd' is clicked on

2018-07-04 16:36:12 - [MESSAGE][PASSED] - Object: 'Object Repository/New_Test_Create_List_Grid/Page_Canvas World/is_grpd' is clicked on

2018-07-04 16:36:12 - [TEST_STEP][PASSED] - delay: Delayed 3 second(s)

2018-07-04 16:36:15 - [MESSAGE][PASSED] - Delayed 3 second(s)

2018-07-04 16:36:15 - [TEST_STEP][PASSED] - selectOptionByValue: All options with value 'COUNT' are selected in object 'Object Repository/New_Test_Create_List_Grid/Page_Canvas World/aggregate_using' 

2018-07-04 16:36:15 - [MESSAGE][PASSED] - All options with value 'COUNT' are selected in object 'Object Repository/New_Test_Create_List_Grid/Page_Canvas World/aggregate_using' 

2018-07-04 16:36:15 - [TEST_STEP][PASSED] - delay: Delayed 3 second(s)

2018-07-04 16:36:18 - [MESSAGE][PASSED] - Delayed 3 second(s)

2018-07-04 16:36:18 - [TEST_STEP][PASSED] - click: Object: 'Object Repository/New_Test_Create_List_Grid/Page_Canvas World/view_item_submit' is clicked on

2018-07-04 16:36:18 - [MESSAGE][PASSED] - Object: 'Object Repository/New_Test_Create_List_Grid/Page_Canvas World/view_item_submit' is clicked on

2018-07-04 16:36:18 - [TEST_STEP][PASSED] - delay: Delayed 3 second(s)

2018-07-04 16:36:21 - [MESSAGE][PASSED] - Delayed 3 second(s)

2018-07-04 16:36:21 - [TEST_STEP][PASSED] - click: Object: 'Object Repository/New_Test_Create_View/Page_Canvas World/view_Submit' is clicked on

2018-07-04 16:36:22 - [MESSAGE][PASSED] - Object: 'Object Repository/New_Test_Create_View/Page_Canvas World/view_Submit' is clicked on

2018-07-04 16:36:22 - [TEST_STEP][PASSED] - delay: Delayed 3 second(s)

2018-07-04 16:36:25 - [MESSAGE][PASSED] - Delayed 3 second(s)

2018-07-04 16:36:25 - [TEST_STEP][PASSED] - click: Object: 'Object Repository/New_Test_Create_View/Page_Canvas World/view_Submission' is clicked on

2018-07-04 16:36:25 - [MESSAGE][PASSED] - Object: 'Object Repository/New_Test_Create_View/Page_Canvas World/view_Submission' is clicked on]]></system-out>
         <system-err><![CDATA[]]></system-err>
      </testcase>
      <testcase name="Test Cases/Smoke Test/New_App_Grid" classname="Test Cases/Smoke Test/New_App_Grid" status="PASSED">
         <system-out><![CDATA[2018-07-04 16:36:25 - [TEST_CASE][PASSED] - Test Cases/Smoke Test/New_App_Grid: Test Cases/Smoke Test/New_App_Grid

2018-07-04 16:36:25 - [TEST_STEP][PASSED] - Statement - path = "D:\Sheepa\Katalon\Studio Smoke Test\Studio Smoke Test\Data Files\Grid_view_id.xls": null

2018-07-04 16:36:25 - [TEST_STEP][PASSED] - Statement - fis = new java.io.FileInputStream(path): null

2018-07-04 16:36:25 - [TEST_STEP][PASSED] - Statement - hssfWorkbook = new org.apache.poi.hssf.usermodel.HSSFWorkbook(fis): null

2018-07-04 16:36:25 - [TEST_STEP][PASSED] - Statement - sc = hssfWorkbook.getNumberOfSheets(): null

2018-07-04 16:36:25 - [TEST_STEP][PASSED] - Statement - println(sc): null

2018-07-04 16:36:25 - [TEST_STEP][PASSED] - Statement - hssfSheet = hssfWorkbook.getSheetAt(0): null

2018-07-04 16:36:25 - [TEST_STEP][PASSED] - Statement - hssfRow = hssfSheet.getRow(1): null

2018-07-04 16:36:25 - [TEST_STEP][PASSED] - openBrowser: Browser is opened with url: ''

2018-07-04 16:36:25 - [MESSAGE][WARNING] - A browser is already opened. Closing browser and opening a new one

2018-07-04 16:36:30 - [MESSAGE][PASSED] - Browser is opened with url: ''

2018-07-04 16:36:30 - [TEST_STEP][PASSED] - maximizeWindow: Current window maximized

2018-07-04 16:36:31 - [MESSAGE][PASSED] - Current window maximized

2018-07-04 16:36:31 - [TEST_STEP][PASSED] - navigateToUrl: Navigate to 'http://localhost:8082/expertctstudio/' successfully

2018-07-04 16:36:53 - [MESSAGE][PASSED] - Navigate to 'http://localhost:8082/expertctstudio/' successfully

2018-07-04 16:36:53 - [TEST_STEP][PASSED] - setText: Text 'CTSTUD1' is set on object 'Object Repository/New_Test_Create_Form/Page_Expert CT Studio/input_loginID'

2018-07-04 16:36:53 - [MESSAGE][PASSED] - Text 'CTSTUD1' is set on object 'Object Repository/New_Test_Create_Form/Page_Expert CT Studio/input_loginID'

2018-07-04 16:36:53 - [TEST_STEP][PASSED] - setText: Text 'TEST123' is set on object 'Object Repository/New_Test_Create_Form/Page_Expert CT Studio/input_loginPSW'

2018-07-04 16:36:53 - [MESSAGE][PASSED] - Text 'TEST123' is set on object 'Object Repository/New_Test_Create_Form/Page_Expert CT Studio/input_loginPSW'

2018-07-04 16:36:53 - [TEST_STEP][PASSED] - click: Object: 'Object Repository/New_Test_Create_Form/Page_Expert CT Studio/input_commit' is clicked on

2018-07-04 16:36:55 - [MESSAGE][PASSED] - Object: 'Object Repository/New_Test_Create_Form/Page_Expert CT Studio/input_commit' is clicked on

2018-07-04 16:36:55 - [TEST_STEP][PASSED] - waitForPageLoad: Wait for page load successfully

2018-07-04 16:36:55 - [MESSAGE][PASSED] - Wait for page load successfully

2018-07-04 16:36:55 - [TEST_STEP][PASSED] - Statement - For ([i = 0, i <= 5, (i++)]): Object: 'Object Repository/New_Test_Create_App/Page_Canvas World/app_submission' is clicked on

2018-07-04 16:36:55 - [TEST_STEP][PASSED] - Statement - id = hssfRow.getCell(i): null

2018-07-04 16:36:55 - [TEST_STEP][PASSED] - click: Object: 'Object Repository/New_Test_Create_Form/Page_Canvas World/span_Create' is clicked on

2018-07-04 16:36:56 - [MESSAGE][PASSED] - Object: 'Object Repository/New_Test_Create_Form/Page_Canvas World/span_Create' is clicked on

2018-07-04 16:36:56 - [TEST_STEP][PASSED] - click: Object: 'Object Repository/New_Test_Create_App/Page_Canvas World/span_App' is clicked on

2018-07-04 16:36:57 - [MESSAGE][PASSED] - Object: 'Object Repository/New_Test_Create_App/Page_Canvas World/span_App' is clicked on

2018-07-04 16:36:57 - [TEST_STEP][PASSED] - waitForPageLoad: Wait for page load successfully

2018-07-04 16:36:57 - [MESSAGE][PASSED] - Wait for page load successfully

2018-07-04 16:36:57 - [TEST_STEP][PASSED] - delay: Delayed 5 second(s)

2018-07-04 16:37:02 - [MESSAGE][PASSED] - Delayed 5 second(s)

2018-07-04 16:37:02 - [TEST_STEP][PASSED] - setText: Text 'A001' is set on object 'Object Repository/New_Test_Create_App/Page_Canvas World/enter_AppId'

2018-07-04 16:37:02 - [MESSAGE][PASSED] - Text 'A001' is set on object 'Object Repository/New_Test_Create_App/Page_Canvas World/enter_AppId'

2018-07-04 16:37:02 - [TEST_STEP][PASSED] - click: Object: 'Object Repository/New_Test_Create_App/Page_Canvas World/enter_AppDisplayName' is clicked on

2018-07-04 16:37:02 - [MESSAGE][PASSED] - Object: 'Object Repository/New_Test_Create_App/Page_Canvas World/enter_AppDisplayName' is clicked on

2018-07-04 16:37:02 - [TEST_STEP][PASSED] - setText: Text 'A001' is set on object 'Object Repository/New_Test_Create_App/Page_Canvas World/enter_AppDisplayName'

2018-07-04 16:37:03 - [MESSAGE][PASSED] - Text 'A001' is set on object 'Object Repository/New_Test_Create_App/Page_Canvas World/enter_AppDisplayName'

2018-07-04 16:37:03 - [TEST_STEP][PASSED] - click: Object: 'Object Repository/New_Test_Create_App/Page_Canvas World/enter_AppBundleKey' is clicked on

2018-07-04 16:37:03 - [MESSAGE][PASSED] - Object: 'Object Repository/New_Test_Create_App/Page_Canvas World/enter_AppBundleKey' is clicked on

2018-07-04 16:37:03 - [TEST_STEP][PASSED] - setText: Text 'common' is set on object 'Object Repository/New_Test_Create_App/Page_Canvas World/enter_AppBundleKey'

2018-07-04 16:37:03 - [MESSAGE][PASSED] - Text 'common' is set on object 'Object Repository/New_Test_Create_App/Page_Canvas World/enter_AppBundleKey'

2018-07-04 16:37:03 - [TEST_STEP][PASSED] - click: Object: 'Object Repository/New_Test_Create_App/Page_Canvas World/enter_View_Link_App' is clicked on

2018-07-04 16:37:04 - [MESSAGE][PASSED] - Object: 'Object Repository/New_Test_Create_App/Page_Canvas World/enter_View_Link_App' is clicked on

2018-07-04 16:37:04 - [TEST_STEP][PASSED] - Statement - selectview = "//span[starts-with(text(), '" + java.lang.String.valueOf(id) + "')]": null

2018-07-04 16:37:04 - [TEST_STEP][PASSED] - Statement - println(selectview): null

2018-07-04 16:37:04 - [TEST_STEP][PASSED] - Statement - dynamicObject = new com.kms.katalon.core.testobject.TestObject(selectview).addProperty("xpath", EQUALS, selectview, true): null

2018-07-04 16:37:04 - [TEST_STEP][PASSED] - waitForElementVisible: Object '//span[starts-with(text(), 'A001')]' is visible

2018-07-04 16:37:05 - [MESSAGE][PASSED] - Object '//span[starts-with(text(), 'A001')]' is visible

2018-07-04 16:37:05 - [TEST_STEP][PASSED] - doubleClick: Object: '//span[starts-with(text(), 'A001')]' is double clicked on

2018-07-04 16:37:05 - [MESSAGE][PASSED] - Object: '//span[starts-with(text(), 'A001')]' is double clicked on

2018-07-04 16:37:05 - [TEST_STEP][PASSED] - doubleClick: Object: '//span[starts-with(text(), 'A001')]' is double clicked on

2018-07-04 16:37:05 - [MESSAGE][PASSED] - Object: '//span[starts-with(text(), 'A001')]' is double clicked on

2018-07-04 16:37:05 - [TEST_STEP][PASSED] - delay: Delayed 3 second(s)

2018-07-04 16:37:08 - [MESSAGE][PASSED] - Delayed 3 second(s)

2018-07-04 16:37:08 - [TEST_STEP][NOT_RUN] - click: NOT_RUN: click

2018-07-04 16:37:08 - [MESSAGE][NOT_RUN] - NOT_RUN: click

2018-07-04 16:37:08 - [TEST_STEP][NOT_RUN] - doubleClick: NOT_RUN: doubleClick

2018-07-04 16:37:08 - [MESSAGE][NOT_RUN] - NOT_RUN: doubleClick

2018-07-04 16:37:08 - [TEST_STEP][PASSED] - delay: Delayed 3 second(s)

2018-07-04 16:37:11 - [MESSAGE][PASSED] - Delayed 3 second(s)

2018-07-04 16:37:11 - [TEST_STEP][PASSED] - click: Object: 'Object Repository/New_Test_Create_App/Page_Canvas World/app_Submit' is clicked on

2018-07-04 16:37:11 - [MESSAGE][PASSED] - Object: 'Object Repository/New_Test_Create_App/Page_Canvas World/app_Submit' is clicked on

2018-07-04 16:37:11 - [TEST_STEP][PASSED] - delay: Delayed 3 second(s)

2018-07-04 16:37:14 - [MESSAGE][PASSED] - Delayed 3 second(s)

2018-07-04 16:37:14 - [TEST_STEP][PASSED] - click: Object: 'Object Repository/New_Test_Create_App/Page_Canvas World/app_submission' is clicked on

2018-07-04 16:37:15 - [MESSAGE][PASSED] - Object: 'Object Repository/New_Test_Create_App/Page_Canvas World/app_submission' is clicked on

2018-07-04 16:37:15 - [TEST_STEP][PASSED] - Statement - id = hssfRow.getCell(i): null

2018-07-04 16:37:15 - [TEST_STEP][PASSED] - click: Object: 'Object Repository/New_Test_Create_Form/Page_Canvas World/span_Create' is clicked on

2018-07-04 16:37:15 - [MESSAGE][PASSED] - Object: 'Object Repository/New_Test_Create_Form/Page_Canvas World/span_Create' is clicked on

2018-07-04 16:37:15 - [TEST_STEP][PASSED] - click: Object: 'Object Repository/New_Test_Create_App/Page_Canvas World/span_App' is clicked on

2018-07-04 16:37:16 - [MESSAGE][PASSED] - Object: 'Object Repository/New_Test_Create_App/Page_Canvas World/span_App' is clicked on

2018-07-04 16:37:16 - [TEST_STEP][PASSED] - waitForPageLoad: Wait for page load successfully

2018-07-04 16:37:16 - [MESSAGE][PASSED] - Wait for page load successfully

2018-07-04 16:37:16 - [TEST_STEP][PASSED] - delay: Delayed 5 second(s)

2018-07-04 16:37:21 - [MESSAGE][PASSED] - Delayed 5 second(s)

2018-07-04 16:37:21 - [TEST_STEP][PASSED] - setText: Text 'A002' is set on object 'Object Repository/New_Test_Create_App/Page_Canvas World/enter_AppId'

2018-07-04 16:37:21 - [MESSAGE][PASSED] - Text 'A002' is set on object 'Object Repository/New_Test_Create_App/Page_Canvas World/enter_AppId'

2018-07-04 16:37:21 - [TEST_STEP][PASSED] - click: Object: 'Object Repository/New_Test_Create_App/Page_Canvas World/enter_AppDisplayName' is clicked on

2018-07-04 16:37:21 - [MESSAGE][PASSED] - Object: 'Object Repository/New_Test_Create_App/Page_Canvas World/enter_AppDisplayName' is clicked on

2018-07-04 16:37:21 - [TEST_STEP][PASSED] - setText: Text 'A002' is set on object 'Object Repository/New_Test_Create_App/Page_Canvas World/enter_AppDisplayName'

2018-07-04 16:37:22 - [MESSAGE][PASSED] - Text 'A002' is set on object 'Object Repository/New_Test_Create_App/Page_Canvas World/enter_AppDisplayName'

2018-07-04 16:37:22 - [TEST_STEP][PASSED] - click: Object: 'Object Repository/New_Test_Create_App/Page_Canvas World/enter_AppBundleKey' is clicked on

2018-07-04 16:37:22 - [MESSAGE][PASSED] - Object: 'Object Repository/New_Test_Create_App/Page_Canvas World/enter_AppBundleKey' is clicked on

2018-07-04 16:37:22 - [TEST_STEP][PASSED] - setText: Text 'common' is set on object 'Object Repository/New_Test_Create_App/Page_Canvas World/enter_AppBundleKey'

2018-07-04 16:37:22 - [MESSAGE][PASSED] - Text 'common' is set on object 'Object Repository/New_Test_Create_App/Page_Canvas World/enter_AppBundleKey'

2018-07-04 16:37:22 - [TEST_STEP][PASSED] - click: Object: 'Object Repository/New_Test_Create_App/Page_Canvas World/enter_View_Link_App' is clicked on

2018-07-04 16:37:22 - [MESSAGE][PASSED] - Object: 'Object Repository/New_Test_Create_App/Page_Canvas World/enter_View_Link_App' is clicked on

2018-07-04 16:37:22 - [TEST_STEP][PASSED] - Statement - selectview = "//span[starts-with(text(), '" + java.lang.String.valueOf(id) + "')]": null

2018-07-04 16:37:22 - [TEST_STEP][PASSED] - Statement - println(selectview): null

2018-07-04 16:37:22 - [TEST_STEP][PASSED] - Statement - dynamicObject = new com.kms.katalon.core.testobject.TestObject(selectview).addProperty("xpath", EQUALS, selectview, true): null

2018-07-04 16:37:22 - [TEST_STEP][PASSED] - waitForElementVisible: Object '//span[starts-with(text(), 'A002')]' is visible

2018-07-04 16:37:24 - [MESSAGE][PASSED] - Object '//span[starts-with(text(), 'A002')]' is visible

2018-07-04 16:37:24 - [TEST_STEP][PASSED] - doubleClick: Object: '//span[starts-with(text(), 'A002')]' is double clicked on

2018-07-04 16:37:24 - [MESSAGE][PASSED] - Object: '//span[starts-with(text(), 'A002')]' is double clicked on

2018-07-04 16:37:24 - [TEST_STEP][PASSED] - doubleClick: Object: '//span[starts-with(text(), 'A002')]' is double clicked on

2018-07-04 16:37:24 - [MESSAGE][PASSED] - Object: '//span[starts-with(text(), 'A002')]' is double clicked on

2018-07-04 16:37:24 - [TEST_STEP][PASSED] - delay: Delayed 3 second(s)

2018-07-04 16:37:27 - [MESSAGE][PASSED] - Delayed 3 second(s)

2018-07-04 16:37:27 - [TEST_STEP][NOT_RUN] - click: NOT_RUN: click

2018-07-04 16:37:27 - [MESSAGE][NOT_RUN] - NOT_RUN: click

2018-07-04 16:37:27 - [TEST_STEP][NOT_RUN] - doubleClick: NOT_RUN: doubleClick

2018-07-04 16:37:27 - [MESSAGE][NOT_RUN] - NOT_RUN: doubleClick

2018-07-04 16:37:27 - [TEST_STEP][PASSED] - delay: Delayed 3 second(s)

2018-07-04 16:37:30 - [MESSAGE][PASSED] - Delayed 3 second(s)

2018-07-04 16:37:30 - [TEST_STEP][PASSED] - click: Object: 'Object Repository/New_Test_Create_App/Page_Canvas World/app_Submit' is clicked on

2018-07-04 16:37:30 - [MESSAGE][PASSED] - Object: 'Object Repository/New_Test_Create_App/Page_Canvas World/app_Submit' is clicked on

2018-07-04 16:37:30 - [TEST_STEP][PASSED] - delay: Delayed 3 second(s)

2018-07-04 16:37:33 - [MESSAGE][PASSED] - Delayed 3 second(s)

2018-07-04 16:37:33 - [TEST_STEP][PASSED] - click: Object: 'Object Repository/New_Test_Create_App/Page_Canvas World/app_submission' is clicked on

2018-07-04 16:37:33 - [MESSAGE][PASSED] - Object: 'Object Repository/New_Test_Create_App/Page_Canvas World/app_submission' is clicked on

2018-07-04 16:37:33 - [TEST_STEP][PASSED] - Statement - id = hssfRow.getCell(i): null

2018-07-04 16:37:33 - [TEST_STEP][PASSED] - click: Object: 'Object Repository/New_Test_Create_Form/Page_Canvas World/span_Create' is clicked on

2018-07-04 16:37:33 - [MESSAGE][PASSED] - Object: 'Object Repository/New_Test_Create_Form/Page_Canvas World/span_Create' is clicked on

2018-07-04 16:37:33 - [TEST_STEP][PASSED] - click: Object: 'Object Repository/New_Test_Create_App/Page_Canvas World/span_App' is clicked on

2018-07-04 16:37:34 - [MESSAGE][PASSED] - Object: 'Object Repository/New_Test_Create_App/Page_Canvas World/span_App' is clicked on

2018-07-04 16:37:34 - [TEST_STEP][PASSED] - waitForPageLoad: Wait for page load successfully

2018-07-04 16:37:34 - [MESSAGE][PASSED] - Wait for page load successfully

2018-07-04 16:37:34 - [TEST_STEP][PASSED] - delay: Delayed 5 second(s)

2018-07-04 16:37:39 - [MESSAGE][PASSED] - Delayed 5 second(s)

2018-07-04 16:37:39 - [TEST_STEP][PASSED] - setText: Text 'A003' is set on object 'Object Repository/New_Test_Create_App/Page_Canvas World/enter_AppId'

2018-07-04 16:37:40 - [MESSAGE][PASSED] - Text 'A003' is set on object 'Object Repository/New_Test_Create_App/Page_Canvas World/enter_AppId'

2018-07-04 16:37:40 - [TEST_STEP][PASSED] - click: Object: 'Object Repository/New_Test_Create_App/Page_Canvas World/enter_AppDisplayName' is clicked on

2018-07-04 16:37:40 - [MESSAGE][PASSED] - Object: 'Object Repository/New_Test_Create_App/Page_Canvas World/enter_AppDisplayName' is clicked on

2018-07-04 16:37:40 - [TEST_STEP][PASSED] - setText: Text 'A003' is set on object 'Object Repository/New_Test_Create_App/Page_Canvas World/enter_AppDisplayName'

2018-07-04 16:37:40 - [MESSAGE][PASSED] - Text 'A003' is set on object 'Object Repository/New_Test_Create_App/Page_Canvas World/enter_AppDisplayName'

2018-07-04 16:37:40 - [TEST_STEP][PASSED] - click: Object: 'Object Repository/New_Test_Create_App/Page_Canvas World/enter_AppBundleKey' is clicked on

2018-07-04 16:37:40 - [MESSAGE][PASSED] - Object: 'Object Repository/New_Test_Create_App/Page_Canvas World/enter_AppBundleKey' is clicked on

2018-07-04 16:37:40 - [TEST_STEP][PASSED] - setText: Text 'common' is set on object 'Object Repository/New_Test_Create_App/Page_Canvas World/enter_AppBundleKey'

2018-07-04 16:37:41 - [MESSAGE][PASSED] - Text 'common' is set on object 'Object Repository/New_Test_Create_App/Page_Canvas World/enter_AppBundleKey'

2018-07-04 16:37:41 - [TEST_STEP][PASSED] - click: Object: 'Object Repository/New_Test_Create_App/Page_Canvas World/enter_View_Link_App' is clicked on

2018-07-04 16:37:41 - [MESSAGE][PASSED] - Object: 'Object Repository/New_Test_Create_App/Page_Canvas World/enter_View_Link_App' is clicked on

2018-07-04 16:37:41 - [TEST_STEP][PASSED] - Statement - selectview = "//span[starts-with(text(), '" + java.lang.String.valueOf(id) + "')]": null

2018-07-04 16:37:41 - [TEST_STEP][PASSED] - Statement - println(selectview): null

2018-07-04 16:37:41 - [TEST_STEP][PASSED] - Statement - dynamicObject = new com.kms.katalon.core.testobject.TestObject(selectview).addProperty("xpath", EQUALS, selectview, true): null

2018-07-04 16:37:41 - [TEST_STEP][PASSED] - waitForElementVisible: Object '//span[starts-with(text(), 'A003')]' is visible

2018-07-04 16:37:42 - [MESSAGE][PASSED] - Object '//span[starts-with(text(), 'A003')]' is visible

2018-07-04 16:37:42 - [TEST_STEP][PASSED] - doubleClick: Object: '//span[starts-with(text(), 'A003')]' is double clicked on

2018-07-04 16:37:42 - [MESSAGE][PASSED] - Object: '//span[starts-with(text(), 'A003')]' is double clicked on

2018-07-04 16:37:42 - [TEST_STEP][PASSED] - doubleClick: Object: '//span[starts-with(text(), 'A003')]' is double clicked on

2018-07-04 16:37:43 - [MESSAGE][PASSED] - Object: '//span[starts-with(text(), 'A003')]' is double clicked on

2018-07-04 16:37:43 - [TEST_STEP][PASSED] - delay: Delayed 3 second(s)

2018-07-04 16:37:46 - [MESSAGE][PASSED] - Delayed 3 second(s)

2018-07-04 16:37:46 - [TEST_STEP][NOT_RUN] - click: NOT_RUN: click

2018-07-04 16:37:46 - [MESSAGE][NOT_RUN] - NOT_RUN: click

2018-07-04 16:37:46 - [TEST_STEP][NOT_RUN] - doubleClick: NOT_RUN: doubleClick

2018-07-04 16:37:46 - [MESSAGE][NOT_RUN] - NOT_RUN: doubleClick

2018-07-04 16:37:46 - [TEST_STEP][PASSED] - delay: Delayed 3 second(s)

2018-07-04 16:37:49 - [MESSAGE][PASSED] - Delayed 3 second(s)

2018-07-04 16:37:49 - [TEST_STEP][PASSED] - click: Object: 'Object Repository/New_Test_Create_App/Page_Canvas World/app_Submit' is clicked on

2018-07-04 16:37:49 - [MESSAGE][PASSED] - Object: 'Object Repository/New_Test_Create_App/Page_Canvas World/app_Submit' is clicked on

2018-07-04 16:37:49 - [TEST_STEP][PASSED] - delay: Delayed 3 second(s)

2018-07-04 16:37:52 - [MESSAGE][PASSED] - Delayed 3 second(s)

2018-07-04 16:37:52 - [TEST_STEP][PASSED] - click: Object: 'Object Repository/New_Test_Create_App/Page_Canvas World/app_submission' is clicked on

2018-07-04 16:37:52 - [MESSAGE][PASSED] - Object: 'Object Repository/New_Test_Create_App/Page_Canvas World/app_submission' is clicked on

2018-07-04 16:37:52 - [TEST_STEP][PASSED] - Statement - id = hssfRow.getCell(i): null

2018-07-04 16:37:52 - [TEST_STEP][PASSED] - click: Object: 'Object Repository/New_Test_Create_Form/Page_Canvas World/span_Create' is clicked on

2018-07-04 16:37:52 - [MESSAGE][PASSED] - Object: 'Object Repository/New_Test_Create_Form/Page_Canvas World/span_Create' is clicked on

2018-07-04 16:37:52 - [TEST_STEP][PASSED] - click: Object: 'Object Repository/New_Test_Create_App/Page_Canvas World/span_App' is clicked on

2018-07-04 16:37:53 - [MESSAGE][PASSED] - Object: 'Object Repository/New_Test_Create_App/Page_Canvas World/span_App' is clicked on

2018-07-04 16:37:53 - [TEST_STEP][PASSED] - waitForPageLoad: Wait for page load successfully

2018-07-04 16:37:53 - [MESSAGE][PASSED] - Wait for page load successfully

2018-07-04 16:37:53 - [TEST_STEP][PASSED] - delay: Delayed 5 second(s)

2018-07-04 16:37:58 - [MESSAGE][PASSED] - Delayed 5 second(s)

2018-07-04 16:37:58 - [TEST_STEP][PASSED] - setText: Text 'A004' is set on object 'Object Repository/New_Test_Create_App/Page_Canvas World/enter_AppId'

2018-07-04 16:37:59 - [MESSAGE][PASSED] - Text 'A004' is set on object 'Object Repository/New_Test_Create_App/Page_Canvas World/enter_AppId'

2018-07-04 16:37:59 - [TEST_STEP][PASSED] - click: Object: 'Object Repository/New_Test_Create_App/Page_Canvas World/enter_AppDisplayName' is clicked on

2018-07-04 16:37:59 - [MESSAGE][PASSED] - Object: 'Object Repository/New_Test_Create_App/Page_Canvas World/enter_AppDisplayName' is clicked on

2018-07-04 16:37:59 - [TEST_STEP][PASSED] - setText: Text 'A004' is set on object 'Object Repository/New_Test_Create_App/Page_Canvas World/enter_AppDisplayName'

2018-07-04 16:37:59 - [MESSAGE][PASSED] - Text 'A004' is set on object 'Object Repository/New_Test_Create_App/Page_Canvas World/enter_AppDisplayName'

2018-07-04 16:37:59 - [TEST_STEP][PASSED] - click: Object: 'Object Repository/New_Test_Create_App/Page_Canvas World/enter_AppBundleKey' is clicked on

2018-07-04 16:37:59 - [MESSAGE][PASSED] - Object: 'Object Repository/New_Test_Create_App/Page_Canvas World/enter_AppBundleKey' is clicked on

2018-07-04 16:37:59 - [TEST_STEP][PASSED] - setText: Text 'common' is set on object 'Object Repository/New_Test_Create_App/Page_Canvas World/enter_AppBundleKey'

2018-07-04 16:38:00 - [MESSAGE][PASSED] - Text 'common' is set on object 'Object Repository/New_Test_Create_App/Page_Canvas World/enter_AppBundleKey'

2018-07-04 16:38:00 - [TEST_STEP][PASSED] - click: Object: 'Object Repository/New_Test_Create_App/Page_Canvas World/enter_View_Link_App' is clicked on

2018-07-04 16:38:00 - [MESSAGE][PASSED] - Object: 'Object Repository/New_Test_Create_App/Page_Canvas World/enter_View_Link_App' is clicked on

2018-07-04 16:38:00 - [TEST_STEP][PASSED] - Statement - selectview = "//span[starts-with(text(), '" + java.lang.String.valueOf(id) + "')]": null

2018-07-04 16:38:00 - [TEST_STEP][PASSED] - Statement - println(selectview): null

2018-07-04 16:38:00 - [TEST_STEP][PASSED] - Statement - dynamicObject = new com.kms.katalon.core.testobject.TestObject(selectview).addProperty("xpath", EQUALS, selectview, true): null

2018-07-04 16:38:00 - [TEST_STEP][PASSED] - waitForElementVisible: Object '//span[starts-with(text(), 'A004')]' is visible

2018-07-04 16:38:01 - [MESSAGE][PASSED] - Object '//span[starts-with(text(), 'A004')]' is visible

2018-07-04 16:38:01 - [TEST_STEP][PASSED] - doubleClick: Object: '//span[starts-with(text(), 'A004')]' is double clicked on

2018-07-04 16:38:01 - [MESSAGE][PASSED] - Object: '//span[starts-with(text(), 'A004')]' is double clicked on

2018-07-04 16:38:01 - [TEST_STEP][PASSED] - doubleClick: Object: '//span[starts-with(text(), 'A004')]' is double clicked on

2018-07-04 16:38:02 - [MESSAGE][PASSED] - Object: '//span[starts-with(text(), 'A004')]' is double clicked on

2018-07-04 16:38:02 - [TEST_STEP][PASSED] - delay: Delayed 3 second(s)

2018-07-04 16:38:05 - [MESSAGE][PASSED] - Delayed 3 second(s)

2018-07-04 16:38:05 - [TEST_STEP][NOT_RUN] - click: NOT_RUN: click

2018-07-04 16:38:05 - [MESSAGE][NOT_RUN] - NOT_RUN: click

2018-07-04 16:38:05 - [TEST_STEP][NOT_RUN] - doubleClick: NOT_RUN: doubleClick

2018-07-04 16:38:05 - [MESSAGE][NOT_RUN] - NOT_RUN: doubleClick

2018-07-04 16:38:05 - [TEST_STEP][PASSED] - delay: Delayed 3 second(s)

2018-07-04 16:38:08 - [MESSAGE][PASSED] - Delayed 3 second(s)

2018-07-04 16:38:08 - [TEST_STEP][PASSED] - click: Object: 'Object Repository/New_Test_Create_App/Page_Canvas World/app_Submit' is clicked on

2018-07-04 16:38:08 - [MESSAGE][PASSED] - Object: 'Object Repository/New_Test_Create_App/Page_Canvas World/app_Submit' is clicked on

2018-07-04 16:38:08 - [TEST_STEP][PASSED] - delay: Delayed 3 second(s)

2018-07-04 16:38:11 - [MESSAGE][PASSED] - Delayed 3 second(s)

2018-07-04 16:38:11 - [TEST_STEP][PASSED] - click: Object: 'Object Repository/New_Test_Create_App/Page_Canvas World/app_submission' is clicked on

2018-07-04 16:38:11 - [MESSAGE][PASSED] - Object: 'Object Repository/New_Test_Create_App/Page_Canvas World/app_submission' is clicked on

2018-07-04 16:38:11 - [TEST_STEP][PASSED] - Statement - id = hssfRow.getCell(i): null

2018-07-04 16:38:11 - [TEST_STEP][PASSED] - click: Object: 'Object Repository/New_Test_Create_Form/Page_Canvas World/span_Create' is clicked on

2018-07-04 16:38:11 - [MESSAGE][PASSED] - Object: 'Object Repository/New_Test_Create_Form/Page_Canvas World/span_Create' is clicked on

2018-07-04 16:38:11 - [TEST_STEP][PASSED] - click: Object: 'Object Repository/New_Test_Create_App/Page_Canvas World/span_App' is clicked on

2018-07-04 16:38:12 - [MESSAGE][PASSED] - Object: 'Object Repository/New_Test_Create_App/Page_Canvas World/span_App' is clicked on

2018-07-04 16:38:12 - [TEST_STEP][PASSED] - waitForPageLoad: Wait for page load successfully

2018-07-04 16:38:12 - [MESSAGE][PASSED] - Wait for page load successfully

2018-07-04 16:38:12 - [TEST_STEP][PASSED] - delay: Delayed 5 second(s)

2018-07-04 16:38:17 - [MESSAGE][PASSED] - Delayed 5 second(s)

2018-07-04 16:38:17 - [TEST_STEP][PASSED] - setText: Text 'A005' is set on object 'Object Repository/New_Test_Create_App/Page_Canvas World/enter_AppId'

2018-07-04 16:38:18 - [MESSAGE][PASSED] - Text 'A005' is set on object 'Object Repository/New_Test_Create_App/Page_Canvas World/enter_AppId'

2018-07-04 16:38:18 - [TEST_STEP][PASSED] - click: Object: 'Object Repository/New_Test_Create_App/Page_Canvas World/enter_AppDisplayName' is clicked on

2018-07-04 16:38:18 - [MESSAGE][PASSED] - Object: 'Object Repository/New_Test_Create_App/Page_Canvas World/enter_AppDisplayName' is clicked on

2018-07-04 16:38:18 - [TEST_STEP][PASSED] - setText: Text 'A005' is set on object 'Object Repository/New_Test_Create_App/Page_Canvas World/enter_AppDisplayName'

2018-07-04 16:38:18 - [MESSAGE][PASSED] - Text 'A005' is set on object 'Object Repository/New_Test_Create_App/Page_Canvas World/enter_AppDisplayName'

2018-07-04 16:38:18 - [TEST_STEP][PASSED] - click: Object: 'Object Repository/New_Test_Create_App/Page_Canvas World/enter_AppBundleKey' is clicked on

2018-07-04 16:38:18 - [MESSAGE][PASSED] - Object: 'Object Repository/New_Test_Create_App/Page_Canvas World/enter_AppBundleKey' is clicked on

2018-07-04 16:38:18 - [TEST_STEP][PASSED] - setText: Text 'common' is set on object 'Object Repository/New_Test_Create_App/Page_Canvas World/enter_AppBundleKey'

2018-07-04 16:38:19 - [MESSAGE][PASSED] - Text 'common' is set on object 'Object Repository/New_Test_Create_App/Page_Canvas World/enter_AppBundleKey'

2018-07-04 16:38:19 - [TEST_STEP][PASSED] - click: Object: 'Object Repository/New_Test_Create_App/Page_Canvas World/enter_View_Link_App' is clicked on

2018-07-04 16:38:19 - [MESSAGE][PASSED] - Object: 'Object Repository/New_Test_Create_App/Page_Canvas World/enter_View_Link_App' is clicked on

2018-07-04 16:38:19 - [TEST_STEP][PASSED] - Statement - selectview = "//span[starts-with(text(), '" + java.lang.String.valueOf(id) + "')]": null

2018-07-04 16:38:19 - [TEST_STEP][PASSED] - Statement - println(selectview): null

2018-07-04 16:38:19 - [TEST_STEP][PASSED] - Statement - dynamicObject = new com.kms.katalon.core.testobject.TestObject(selectview).addProperty("xpath", EQUALS, selectview, true): null

2018-07-04 16:38:19 - [TEST_STEP][PASSED] - waitForElementVisible: Object '//span[starts-with(text(), 'A005')]' is visible

2018-07-04 16:38:20 - [MESSAGE][PASSED] - Object '//span[starts-with(text(), 'A005')]' is visible

2018-07-04 16:38:20 - [TEST_STEP][PASSED] - doubleClick: Object: '//span[starts-with(text(), 'A005')]' is double clicked on

2018-07-04 16:38:20 - [MESSAGE][PASSED] - Object: '//span[starts-with(text(), 'A005')]' is double clicked on

2018-07-04 16:38:20 - [TEST_STEP][PASSED] - doubleClick: Object: '//span[starts-with(text(), 'A005')]' is double clicked on

2018-07-04 16:38:20 - [MESSAGE][PASSED] - Object: '//span[starts-with(text(), 'A005')]' is double clicked on

2018-07-04 16:38:20 - [TEST_STEP][PASSED] - delay: Delayed 3 second(s)

2018-07-04 16:38:23 - [MESSAGE][PASSED] - Delayed 3 second(s)

2018-07-04 16:38:23 - [TEST_STEP][NOT_RUN] - click: NOT_RUN: click

2018-07-04 16:38:23 - [MESSAGE][NOT_RUN] - NOT_RUN: click

2018-07-04 16:38:23 - [TEST_STEP][NOT_RUN] - doubleClick: NOT_RUN: doubleClick

2018-07-04 16:38:23 - [MESSAGE][NOT_RUN] - NOT_RUN: doubleClick

2018-07-04 16:38:23 - [TEST_STEP][PASSED] - delay: Delayed 3 second(s)

2018-07-04 16:38:26 - [MESSAGE][PASSED] - Delayed 3 second(s)

2018-07-04 16:38:26 - [TEST_STEP][PASSED] - click: Object: 'Object Repository/New_Test_Create_App/Page_Canvas World/app_Submit' is clicked on

2018-07-04 16:38:27 - [MESSAGE][PASSED] - Object: 'Object Repository/New_Test_Create_App/Page_Canvas World/app_Submit' is clicked on

2018-07-04 16:38:27 - [TEST_STEP][PASSED] - delay: Delayed 3 second(s)

2018-07-04 16:38:30 - [MESSAGE][PASSED] - Delayed 3 second(s)

2018-07-04 16:38:30 - [TEST_STEP][PASSED] - click: Object: 'Object Repository/New_Test_Create_App/Page_Canvas World/app_submission' is clicked on

2018-07-04 16:38:30 - [MESSAGE][PASSED] - Object: 'Object Repository/New_Test_Create_App/Page_Canvas World/app_submission' is clicked on

2018-07-04 16:38:30 - [TEST_STEP][PASSED] - Statement - id = hssfRow.getCell(i): null

2018-07-04 16:38:30 - [TEST_STEP][PASSED] - click: Object: 'Object Repository/New_Test_Create_Form/Page_Canvas World/span_Create' is clicked on

2018-07-04 16:38:30 - [MESSAGE][PASSED] - Object: 'Object Repository/New_Test_Create_Form/Page_Canvas World/span_Create' is clicked on

2018-07-04 16:38:30 - [TEST_STEP][PASSED] - click: Object: 'Object Repository/New_Test_Create_App/Page_Canvas World/span_App' is clicked on

2018-07-04 16:38:31 - [MESSAGE][PASSED] - Object: 'Object Repository/New_Test_Create_App/Page_Canvas World/span_App' is clicked on

2018-07-04 16:38:31 - [TEST_STEP][PASSED] - waitForPageLoad: Wait for page load successfully

2018-07-04 16:38:31 - [MESSAGE][PASSED] - Wait for page load successfully

2018-07-04 16:38:31 - [TEST_STEP][PASSED] - delay: Delayed 5 second(s)

2018-07-04 16:38:36 - [MESSAGE][PASSED] - Delayed 5 second(s)

2018-07-04 16:38:36 - [TEST_STEP][PASSED] - setText: Text 'A006' is set on object 'Object Repository/New_Test_Create_App/Page_Canvas World/enter_AppId'

2018-07-04 16:38:36 - [MESSAGE][PASSED] - Text 'A006' is set on object 'Object Repository/New_Test_Create_App/Page_Canvas World/enter_AppId'

2018-07-04 16:38:36 - [TEST_STEP][PASSED] - click: Object: 'Object Repository/New_Test_Create_App/Page_Canvas World/enter_AppDisplayName' is clicked on

2018-07-04 16:38:36 - [MESSAGE][PASSED] - Object: 'Object Repository/New_Test_Create_App/Page_Canvas World/enter_AppDisplayName' is clicked on

2018-07-04 16:38:36 - [TEST_STEP][PASSED] - setText: Text 'A006' is set on object 'Object Repository/New_Test_Create_App/Page_Canvas World/enter_AppDisplayName'

2018-07-04 16:38:37 - [MESSAGE][PASSED] - Text 'A006' is set on object 'Object Repository/New_Test_Create_App/Page_Canvas World/enter_AppDisplayName'

2018-07-04 16:38:37 - [TEST_STEP][PASSED] - click: Object: 'Object Repository/New_Test_Create_App/Page_Canvas World/enter_AppBundleKey' is clicked on

2018-07-04 16:38:37 - [MESSAGE][PASSED] - Object: 'Object Repository/New_Test_Create_App/Page_Canvas World/enter_AppBundleKey' is clicked on

2018-07-04 16:38:37 - [TEST_STEP][PASSED] - setText: Text 'common' is set on object 'Object Repository/New_Test_Create_App/Page_Canvas World/enter_AppBundleKey'

2018-07-04 16:38:37 - [MESSAGE][PASSED] - Text 'common' is set on object 'Object Repository/New_Test_Create_App/Page_Canvas World/enter_AppBundleKey'

2018-07-04 16:38:37 - [TEST_STEP][PASSED] - click: Object: 'Object Repository/New_Test_Create_App/Page_Canvas World/enter_View_Link_App' is clicked on

2018-07-04 16:38:38 - [MESSAGE][PASSED] - Object: 'Object Repository/New_Test_Create_App/Page_Canvas World/enter_View_Link_App' is clicked on

2018-07-04 16:38:38 - [TEST_STEP][PASSED] - Statement - selectview = "//span[starts-with(text(), '" + java.lang.String.valueOf(id) + "')]": null

2018-07-04 16:38:38 - [TEST_STEP][PASSED] - Statement - println(selectview): null

2018-07-04 16:38:38 - [TEST_STEP][PASSED] - Statement - dynamicObject = new com.kms.katalon.core.testobject.TestObject(selectview).addProperty("xpath", EQUALS, selectview, true): null

2018-07-04 16:38:38 - [TEST_STEP][PASSED] - waitForElementVisible: Object '//span[starts-with(text(), 'A006')]' is visible

2018-07-04 16:38:39 - [MESSAGE][PASSED] - Object '//span[starts-with(text(), 'A006')]' is visible

2018-07-04 16:38:39 - [TEST_STEP][PASSED] - doubleClick: Object: '//span[starts-with(text(), 'A006')]' is double clicked on

2018-07-04 16:38:39 - [MESSAGE][PASSED] - Object: '//span[starts-with(text(), 'A006')]' is double clicked on

2018-07-04 16:38:39 - [TEST_STEP][PASSED] - doubleClick: Object: '//span[starts-with(text(), 'A006')]' is double clicked on

2018-07-04 16:38:39 - [MESSAGE][PASSED] - Object: '//span[starts-with(text(), 'A006')]' is double clicked on

2018-07-04 16:38:39 - [TEST_STEP][PASSED] - delay: Delayed 3 second(s)

2018-07-04 16:38:42 - [MESSAGE][PASSED] - Delayed 3 second(s)

2018-07-04 16:38:42 - [TEST_STEP][NOT_RUN] - click: NOT_RUN: click

2018-07-04 16:38:42 - [MESSAGE][NOT_RUN] - NOT_RUN: click

2018-07-04 16:38:42 - [TEST_STEP][NOT_RUN] - doubleClick: NOT_RUN: doubleClick

2018-07-04 16:38:42 - [MESSAGE][NOT_RUN] - NOT_RUN: doubleClick

2018-07-04 16:38:42 - [TEST_STEP][PASSED] - delay: Delayed 3 second(s)

2018-07-04 16:38:45 - [MESSAGE][PASSED] - Delayed 3 second(s)

2018-07-04 16:38:45 - [TEST_STEP][PASSED] - click: Object: 'Object Repository/New_Test_Create_App/Page_Canvas World/app_Submit' is clicked on

2018-07-04 16:38:45 - [MESSAGE][PASSED] - Object: 'Object Repository/New_Test_Create_App/Page_Canvas World/app_Submit' is clicked on

2018-07-04 16:38:45 - [TEST_STEP][PASSED] - delay: Delayed 3 second(s)

2018-07-04 16:38:48 - [MESSAGE][PASSED] - Delayed 3 second(s)

2018-07-04 16:38:48 - [TEST_STEP][PASSED] - click: Object: 'Object Repository/New_Test_Create_App/Page_Canvas World/app_submission' is clicked on

2018-07-04 16:38:48 - [MESSAGE][PASSED] - Object: 'Object Repository/New_Test_Create_App/Page_Canvas World/app_submission' is clicked on]]></system-out>
         <system-err><![CDATA[]]></system-err>
      </testcase>
      <testcase name="Test Cases/Smoke Test/New_Grid_WS" classname="Test Cases/Smoke Test/New_Grid_WS" status="PASSED">
         <system-out><![CDATA[2018-07-04 16:38:48 - [TEST_CASE][PASSED] - Test Cases/Smoke Test/New_Grid_WS: Test Cases/Smoke Test/New_Grid_WS

2018-07-04 16:38:49 - [TEST_STEP][PASSED] - Statement - path = "D:\Sheepa\Katalon\Studio Smoke Test\Studio Smoke Test\Data Files\Grid_view_id.xls": null

2018-07-04 16:38:49 - [TEST_STEP][PASSED] - Statement - fis = new java.io.FileInputStream(path): null

2018-07-04 16:38:49 - [TEST_STEP][PASSED] - Statement - hssfWorkbook = new org.apache.poi.hssf.usermodel.HSSFWorkbook(fis): null

2018-07-04 16:38:49 - [TEST_STEP][PASSED] - Statement - sc = hssfWorkbook.getNumberOfSheets(): null

2018-07-04 16:38:49 - [TEST_STEP][PASSED] - Statement - println(sc): null

2018-07-04 16:38:49 - [TEST_STEP][PASSED] - Statement - hssfSheet = hssfWorkbook.getSheetAt(0): null

2018-07-04 16:38:49 - [TEST_STEP][PASSED] - Statement - hssfRow = hssfSheet.getRow(1): null

2018-07-04 16:38:49 - [TEST_STEP][PASSED] - Statement - WS_id = hssfRow.getCell(6): null

2018-07-04 16:38:49 - [TEST_STEP][PASSED] - Statement - SubWS_id = hssfRow.getCell(7): null

2018-07-04 16:38:49 - [TEST_STEP][PASSED] - openBrowser: Browser is opened with url: ''

2018-07-04 16:38:49 - [MESSAGE][WARNING] - A browser is already opened. Closing browser and opening a new one

2018-07-04 16:38:53 - [MESSAGE][PASSED] - Browser is opened with url: ''

2018-07-04 16:38:53 - [TEST_STEP][PASSED] - maximizeWindow: Current window maximized

2018-07-04 16:38:54 - [MESSAGE][PASSED] - Current window maximized

2018-07-04 16:38:54 - [TEST_STEP][PASSED] - navigateToUrl: Navigate to 'http://localhost:8082/expertctstudio/' successfully

2018-07-04 16:39:16 - [MESSAGE][PASSED] - Navigate to 'http://localhost:8082/expertctstudio/' successfully

2018-07-04 16:39:16 - [TEST_STEP][PASSED] - setText: Text 'CTSTUD1' is set on object 'Object Repository/New_Test_Create_Form/Page_Expert CT Studio/input_loginID'

2018-07-04 16:39:16 - [MESSAGE][PASSED] - Text 'CTSTUD1' is set on object 'Object Repository/New_Test_Create_Form/Page_Expert CT Studio/input_loginID'

2018-07-04 16:39:16 - [TEST_STEP][PASSED] - setText: Text 'TEST123' is set on object 'Object Repository/New_Test_Create_Form/Page_Expert CT Studio/input_loginPSW'

2018-07-04 16:39:16 - [MESSAGE][PASSED] - Text 'TEST123' is set on object 'Object Repository/New_Test_Create_Form/Page_Expert CT Studio/input_loginPSW'

2018-07-04 16:39:16 - [TEST_STEP][PASSED] - click: Object: 'Object Repository/New_Test_Create_Form/Page_Expert CT Studio/input_commit' is clicked on

2018-07-04 16:39:18 - [MESSAGE][PASSED] - Object: 'Object Repository/New_Test_Create_Form/Page_Expert CT Studio/input_commit' is clicked on

2018-07-04 16:39:18 - [TEST_STEP][PASSED] - waitForPageLoad: Wait for page load successfully

2018-07-04 16:39:18 - [MESSAGE][PASSED] - Wait for page load successfully

2018-07-04 16:39:18 - [TEST_STEP][PASSED] - click: Object: 'Object Repository/New_Test_Create_Form/Page_Canvas World/span_Create' is clicked on

2018-07-04 16:39:19 - [MESSAGE][PASSED] - Object: 'Object Repository/New_Test_Create_Form/Page_Canvas World/span_Create' is clicked on

2018-07-04 16:39:19 - [TEST_STEP][PASSED] - click: Object: 'Object Repository/New_Test_Create_Workspace/Page_Canvas World/span_Workspace' is clicked on

2018-07-04 16:39:19 - [MESSAGE][PASSED] - Object: 'Object Repository/New_Test_Create_Workspace/Page_Canvas World/span_Workspace' is clicked on

2018-07-04 16:39:19 - [TEST_STEP][PASSED] - waitForPageLoad: Wait for page load successfully

2018-07-04 16:39:19 - [MESSAGE][PASSED] - Wait for page load successfully

2018-07-04 16:39:19 - [TEST_STEP][PASSED] - click: Object: 'Object Repository/New_Test_Create_Workspace/Page_Canvas World/enter_WSId' is clicked on

2018-07-04 16:39:21 - [MESSAGE][PASSED] - Object: 'Object Repository/New_Test_Create_Workspace/Page_Canvas World/enter_WSId' is clicked on

2018-07-04 16:39:21 - [TEST_STEP][PASSED] - setText: Text 'A007' is set on object 'Object Repository/New_Test_Create_Workspace/Page_Canvas World/enter_WSId'

2018-07-04 16:39:21 - [MESSAGE][PASSED] - Text 'A007' is set on object 'Object Repository/New_Test_Create_Workspace/Page_Canvas World/enter_WSId'

2018-07-04 16:39:21 - [TEST_STEP][PASSED] - click: Object: 'Object Repository/New_Test_Create_Workspace/Page_Canvas World/enter_WS_Name' is clicked on

2018-07-04 16:39:22 - [MESSAGE][PASSED] - Object: 'Object Repository/New_Test_Create_Workspace/Page_Canvas World/enter_WS_Name' is clicked on

2018-07-04 16:39:22 - [TEST_STEP][PASSED] - setText: Text 'A007' is set on object 'Object Repository/New_Test_Create_Workspace/Page_Canvas World/enter_WS_Name'

2018-07-04 16:39:22 - [MESSAGE][PASSED] - Text 'A007' is set on object 'Object Repository/New_Test_Create_Workspace/Page_Canvas World/enter_WS_Name'

2018-07-04 16:39:22 - [TEST_STEP][PASSED] - click: Object: 'Object Repository/New_Test_Create_Workspace/Page_Canvas World/enter_WS_ResourceBundle' is clicked on

2018-07-04 16:39:22 - [MESSAGE][PASSED] - Object: 'Object Repository/New_Test_Create_Workspace/Page_Canvas World/enter_WS_ResourceBundle' is clicked on

2018-07-04 16:39:22 - [TEST_STEP][PASSED] - setText: Text 'common' is set on object 'Object Repository/New_Test_Create_Workspace/Page_Canvas World/enter_WS_ResourceBundle'

2018-07-04 16:39:22 - [MESSAGE][PASSED] - Text 'common' is set on object 'Object Repository/New_Test_Create_Workspace/Page_Canvas World/enter_WS_ResourceBundle'

2018-07-04 16:39:22 - [TEST_STEP][PASSED] - click: Object: 'Object Repository/New_Test_Create_Workspace/Page_Canvas World/enter_Position' is clicked on

2018-07-04 16:39:22 - [MESSAGE][PASSED] - Object: 'Object Repository/New_Test_Create_Workspace/Page_Canvas World/enter_Position' is clicked on

2018-07-04 16:39:22 - [TEST_STEP][PASSED] - setText: Text '1' is set on object 'Object Repository/New_Test_Create_Workspace/Page_Canvas World/enter_Position'

2018-07-04 16:39:22 - [MESSAGE][PASSED] - Text '1' is set on object 'Object Repository/New_Test_Create_Workspace/Page_Canvas World/enter_Position'

2018-07-04 16:39:22 - [TEST_STEP][PASSED] - selectOptionByValue: All options with value 'CUSER' are selected in object 'Object Repository/New_Test_Create_Workspace/Page_Canvas World/select_ProductCode' 

2018-07-04 16:39:23 - [MESSAGE][PASSED] - All options with value 'CUSER' are selected in object 'Object Repository/New_Test_Create_Workspace/Page_Canvas World/select_ProductCode' 

2018-07-04 16:39:23 - [TEST_STEP][PASSED] - selectOptionByValue: All options with value 'CUSER' are selected in object 'Object Repository/New_Test_Create_Workspace/Page_Canvas World/enter_Prdt_SubCode' 

2018-07-04 16:39:23 - [MESSAGE][PASSED] - All options with value 'CUSER' are selected in object 'Object Repository/New_Test_Create_Workspace/Page_Canvas World/enter_Prdt_SubCode' 

2018-07-04 16:39:23 - [TEST_STEP][PASSED] - selectOptionByValue: All options with value 'STACK' are selected in object 'Object Repository/New_Test_Create_Workspace/Page_Canvas World/select_Layout' 

2018-07-04 16:39:23 - [MESSAGE][PASSED] - All options with value 'STACK' are selected in object 'Object Repository/New_Test_Create_Workspace/Page_Canvas World/select_Layout' 

2018-07-04 16:39:23 - [TEST_STEP][PASSED] - click: Object: 'Object Repository/New_Test_Create_Workspace/Page_Canvas World/create_SubWS' is clicked on

2018-07-04 16:39:23 - [MESSAGE][PASSED] - Object: 'Object Repository/New_Test_Create_Workspace/Page_Canvas World/create_SubWS' is clicked on

2018-07-04 16:39:23 - [TEST_STEP][PASSED] - waitForPageLoad: Wait for page load successfully

2018-07-04 16:39:23 - [MESSAGE][PASSED] - Wait for page load successfully

2018-07-04 16:39:23 - [TEST_STEP][PASSED] - click: Object: 'Object Repository/New_Test_Create_Workspace/Page_Canvas World/subWS_ID' is clicked on

2018-07-04 16:39:24 - [MESSAGE][PASSED] - Object: 'Object Repository/New_Test_Create_Workspace/Page_Canvas World/subWS_ID' is clicked on

2018-07-04 16:39:24 - [TEST_STEP][PASSED] - setText: Text 'A008' is set on object 'Object Repository/New_Test_Create_Workspace/Page_Canvas World/subWS_ID'

2018-07-04 16:39:25 - [MESSAGE][PASSED] - Text 'A008' is set on object 'Object Repository/New_Test_Create_Workspace/Page_Canvas World/subWS_ID'

2018-07-04 16:39:25 - [TEST_STEP][PASSED] - click: Object: 'Object Repository/New_Test_Create_Workspace/Page_Canvas World/SubWS_Name' is clicked on

2018-07-04 16:39:25 - [MESSAGE][PASSED] - Object: 'Object Repository/New_Test_Create_Workspace/Page_Canvas World/SubWS_Name' is clicked on

2018-07-04 16:39:25 - [TEST_STEP][PASSED] - setText: Text 'A008' is set on object 'Object Repository/New_Test_Create_Workspace/Page_Canvas World/SubWS_Name'

2018-07-04 16:39:25 - [MESSAGE][PASSED] - Text 'A008' is set on object 'Object Repository/New_Test_Create_Workspace/Page_Canvas World/SubWS_Name'

2018-07-04 16:39:25 - [TEST_STEP][PASSED] - click: Object: 'Object Repository/New_Test_Create_Workspace/Page_Canvas World/SubWS_RB' is clicked on

2018-07-04 16:39:25 - [MESSAGE][PASSED] - Object: 'Object Repository/New_Test_Create_Workspace/Page_Canvas World/SubWS_RB' is clicked on

2018-07-04 16:39:25 - [TEST_STEP][PASSED] - setText: Text 'common' is set on object 'Object Repository/New_Test_Create_Workspace/Page_Canvas World/SubWS_RB'

2018-07-04 16:39:26 - [MESSAGE][PASSED] - Text 'common' is set on object 'Object Repository/New_Test_Create_Workspace/Page_Canvas World/SubWS_RB'

2018-07-04 16:39:26 - [TEST_STEP][PASSED] - selectOptionByValue: All options with value 'CUSER' are selected in object 'Object Repository/New_Test_Create_Workspace/Page_Canvas World/SubWS_ProductCode' 

2018-07-04 16:39:26 - [MESSAGE][PASSED] - All options with value 'CUSER' are selected in object 'Object Repository/New_Test_Create_Workspace/Page_Canvas World/SubWS_ProductCode' 

2018-07-04 16:39:26 - [TEST_STEP][PASSED] - selectOptionByValue: All options with value 'CUSER' are selected in object 'Object Repository/New_Test_Create_Workspace/Page_Canvas World/SubWS_subPrdtCode' 

2018-07-04 16:39:26 - [MESSAGE][PASSED] - All options with value 'CUSER' are selected in object 'Object Repository/New_Test_Create_Workspace/Page_Canvas World/SubWS_subPrdtCode' 

2018-07-04 16:39:26 - [TEST_STEP][PASSED] - selectOptionByValue: All options with value 'STACK' are selected in object 'Object Repository/New_Test_Create_Workspace/Page_Canvas World/subWS_Layout' 

2018-07-04 16:39:27 - [MESSAGE][PASSED] - All options with value 'STACK' are selected in object 'Object Repository/New_Test_Create_Workspace/Page_Canvas World/subWS_Layout' 

2018-07-04 16:39:27 - [TEST_STEP][PASSED] - Statement - For ([i = 0, i <= 5, (i++)]): Delayed 5 second(s)

2018-07-04 16:39:27 - [TEST_STEP][PASSED] - Statement - app_id = hssfRow.getCell(i): null

2018-07-04 16:39:27 - [TEST_STEP][PASSED] - delay: Delayed 5 second(s)

2018-07-04 16:39:32 - [MESSAGE][PASSED] - Delayed 5 second(s)

2018-07-04 16:39:32 - [TEST_STEP][PASSED] - click: Object: 'Object Repository/New_Test_Create_Workspace/Page_Canvas World/add_ChildApp' is clicked on

2018-07-04 16:39:32 - [MESSAGE][PASSED] - Object: 'Object Repository/New_Test_Create_Workspace/Page_Canvas World/add_ChildApp' is clicked on

2018-07-04 16:39:32 - [TEST_STEP][PASSED] - waitForPageLoad: Wait for page load successfully

2018-07-04 16:39:32 - [MESSAGE][PASSED] - Wait for page load successfully

2018-07-04 16:39:32 - [TEST_STEP][PASSED] - delay: Delayed 5 second(s)

2018-07-04 16:39:37 - [MESSAGE][PASSED] - Delayed 5 second(s)

2018-07-04 16:39:37 - [TEST_STEP][PASSED] - Statement - selectApp = "//span[starts-with(text(), '" + java.lang.String.valueOf(app_id) + "')]": null

2018-07-04 16:39:37 - [TEST_STEP][PASSED] - Statement - println(selectApp): null

2018-07-04 16:39:37 - [TEST_STEP][PASSED] - Statement - dynamicObject = new com.kms.katalon.core.testobject.TestObject(selectApp).addProperty("xpath", EQUALS, selectApp, true): null

2018-07-04 16:39:37 - [TEST_STEP][PASSED] - waitForElementVisible: Object '//span[starts-with(text(), 'A001')]' is visible

2018-07-04 16:39:37 - [MESSAGE][PASSED] - Object '//span[starts-with(text(), 'A001')]' is visible

2018-07-04 16:39:37 - [TEST_STEP][PASSED] - doubleClick: Object: '//span[starts-with(text(), 'A001')]' is double clicked on

2018-07-04 16:39:37 - [MESSAGE][PASSED] - Object: '//span[starts-with(text(), 'A001')]' is double clicked on

2018-07-04 16:39:37 - [TEST_STEP][PASSED] - doubleClick: Object: '//span[starts-with(text(), 'A001')]' is double clicked on

2018-07-04 16:39:37 - [MESSAGE][PASSED] - Object: '//span[starts-with(text(), 'A001')]' is double clicked on

2018-07-04 16:39:37 - [TEST_STEP][PASSED] - delay: Delayed 5 second(s)

2018-07-04 16:39:42 - [MESSAGE][PASSED] - Delayed 5 second(s)

2018-07-04 16:39:42 - [TEST_STEP][PASSED] - Statement - app_id = hssfRow.getCell(i): null

2018-07-04 16:39:42 - [TEST_STEP][PASSED] - delay: Delayed 5 second(s)

2018-07-04 16:39:47 - [MESSAGE][PASSED] - Delayed 5 second(s)

2018-07-04 16:39:47 - [TEST_STEP][PASSED] - click: Object: 'Object Repository/New_Test_Create_Workspace/Page_Canvas World/add_ChildApp' is clicked on

2018-07-04 16:39:48 - [MESSAGE][PASSED] - Object: 'Object Repository/New_Test_Create_Workspace/Page_Canvas World/add_ChildApp' is clicked on

2018-07-04 16:39:48 - [TEST_STEP][PASSED] - waitForPageLoad: Wait for page load successfully

2018-07-04 16:39:48 - [MESSAGE][PASSED] - Wait for page load successfully

2018-07-04 16:39:48 - [TEST_STEP][PASSED] - delay: Delayed 5 second(s)

2018-07-04 16:39:53 - [MESSAGE][PASSED] - Delayed 5 second(s)

2018-07-04 16:39:53 - [TEST_STEP][PASSED] - Statement - selectApp = "//span[starts-with(text(), '" + java.lang.String.valueOf(app_id) + "')]": null

2018-07-04 16:39:53 - [TEST_STEP][PASSED] - Statement - println(selectApp): null

2018-07-04 16:39:53 - [TEST_STEP][PASSED] - Statement - dynamicObject = new com.kms.katalon.core.testobject.TestObject(selectApp).addProperty("xpath", EQUALS, selectApp, true): null

2018-07-04 16:39:53 - [TEST_STEP][PASSED] - waitForElementVisible: Object '//span[starts-with(text(), 'A002')]' is visible

2018-07-04 16:39:53 - [MESSAGE][PASSED] - Object '//span[starts-with(text(), 'A002')]' is visible

2018-07-04 16:39:53 - [TEST_STEP][PASSED] - doubleClick: Object: '//span[starts-with(text(), 'A002')]' is double clicked on

2018-07-04 16:39:53 - [MESSAGE][PASSED] - Object: '//span[starts-with(text(), 'A002')]' is double clicked on

2018-07-04 16:39:53 - [TEST_STEP][PASSED] - doubleClick: Object: '//span[starts-with(text(), 'A002')]' is double clicked on

2018-07-04 16:39:53 - [MESSAGE][PASSED] - Object: '//span[starts-with(text(), 'A002')]' is double clicked on

2018-07-04 16:39:53 - [TEST_STEP][PASSED] - delay: Delayed 5 second(s)

2018-07-04 16:39:58 - [MESSAGE][PASSED] - Delayed 5 second(s)

2018-07-04 16:39:58 - [TEST_STEP][PASSED] - Statement - app_id = hssfRow.getCell(i): null

2018-07-04 16:39:58 - [TEST_STEP][PASSED] - delay: Delayed 5 second(s)

2018-07-04 16:40:03 - [MESSAGE][PASSED] - Delayed 5 second(s)

2018-07-04 16:40:03 - [TEST_STEP][PASSED] - click: Object: 'Object Repository/New_Test_Create_Workspace/Page_Canvas World/add_ChildApp' is clicked on

2018-07-04 16:40:03 - [MESSAGE][PASSED] - Object: 'Object Repository/New_Test_Create_Workspace/Page_Canvas World/add_ChildApp' is clicked on

2018-07-04 16:40:03 - [TEST_STEP][PASSED] - waitForPageLoad: Wait for page load successfully

2018-07-04 16:40:03 - [MESSAGE][PASSED] - Wait for page load successfully

2018-07-04 16:40:03 - [TEST_STEP][PASSED] - delay: Delayed 5 second(s)

2018-07-04 16:40:08 - [MESSAGE][PASSED] - Delayed 5 second(s)

2018-07-04 16:40:08 - [TEST_STEP][PASSED] - Statement - selectApp = "//span[starts-with(text(), '" + java.lang.String.valueOf(app_id) + "')]": null

2018-07-04 16:40:08 - [TEST_STEP][PASSED] - Statement - println(selectApp): null

2018-07-04 16:40:08 - [TEST_STEP][PASSED] - Statement - dynamicObject = new com.kms.katalon.core.testobject.TestObject(selectApp).addProperty("xpath", EQUALS, selectApp, true): null

2018-07-04 16:40:08 - [TEST_STEP][PASSED] - waitForElementVisible: Object '//span[starts-with(text(), 'A003')]' is visible

2018-07-04 16:40:08 - [MESSAGE][PASSED] - Object '//span[starts-with(text(), 'A003')]' is visible

2018-07-04 16:40:08 - [TEST_STEP][PASSED] - doubleClick: Object: '//span[starts-with(text(), 'A003')]' is double clicked on

2018-07-04 16:40:08 - [MESSAGE][PASSED] - Object: '//span[starts-with(text(), 'A003')]' is double clicked on

2018-07-04 16:40:08 - [TEST_STEP][PASSED] - doubleClick: Object: '//span[starts-with(text(), 'A003')]' is double clicked on

2018-07-04 16:40:08 - [MESSAGE][PASSED] - Object: '//span[starts-with(text(), 'A003')]' is double clicked on

2018-07-04 16:40:08 - [TEST_STEP][PASSED] - delay: Delayed 5 second(s)

2018-07-04 16:40:13 - [MESSAGE][PASSED] - Delayed 5 second(s)

2018-07-04 16:40:13 - [TEST_STEP][PASSED] - Statement - app_id = hssfRow.getCell(i): null

2018-07-04 16:40:13 - [TEST_STEP][PASSED] - delay: Delayed 5 second(s)

2018-07-04 16:40:18 - [MESSAGE][PASSED] - Delayed 5 second(s)

2018-07-04 16:40:18 - [TEST_STEP][PASSED] - click: Object: 'Object Repository/New_Test_Create_Workspace/Page_Canvas World/add_ChildApp' is clicked on

2018-07-04 16:40:19 - [MESSAGE][PASSED] - Object: 'Object Repository/New_Test_Create_Workspace/Page_Canvas World/add_ChildApp' is clicked on

2018-07-04 16:40:19 - [TEST_STEP][PASSED] - waitForPageLoad: Wait for page load successfully

2018-07-04 16:40:19 - [MESSAGE][PASSED] - Wait for page load successfully

2018-07-04 16:40:19 - [TEST_STEP][PASSED] - delay: Delayed 5 second(s)

2018-07-04 16:40:24 - [MESSAGE][PASSED] - Delayed 5 second(s)

2018-07-04 16:40:24 - [TEST_STEP][PASSED] - Statement - selectApp = "//span[starts-with(text(), '" + java.lang.String.valueOf(app_id) + "')]": null

2018-07-04 16:40:24 - [TEST_STEP][PASSED] - Statement - println(selectApp): null

2018-07-04 16:40:24 - [TEST_STEP][PASSED] - Statement - dynamicObject = new com.kms.katalon.core.testobject.TestObject(selectApp).addProperty("xpath", EQUALS, selectApp, true): null

2018-07-04 16:40:24 - [TEST_STEP][PASSED] - waitForElementVisible: Object '//span[starts-with(text(), 'A004')]' is visible

2018-07-04 16:40:24 - [MESSAGE][PASSED] - Object '//span[starts-with(text(), 'A004')]' is visible

2018-07-04 16:40:24 - [TEST_STEP][PASSED] - doubleClick: Object: '//span[starts-with(text(), 'A004')]' is double clicked on

2018-07-04 16:40:24 - [MESSAGE][PASSED] - Object: '//span[starts-with(text(), 'A004')]' is double clicked on

2018-07-04 16:40:24 - [TEST_STEP][PASSED] - doubleClick: Object: '//span[starts-with(text(), 'A004')]' is double clicked on

2018-07-04 16:40:24 - [MESSAGE][PASSED] - Object: '//span[starts-with(text(), 'A004')]' is double clicked on

2018-07-04 16:40:24 - [TEST_STEP][PASSED] - delay: Delayed 5 second(s)

2018-07-04 16:40:29 - [MESSAGE][PASSED] - Delayed 5 second(s)

2018-07-04 16:40:29 - [TEST_STEP][PASSED] - Statement - app_id = hssfRow.getCell(i): null

2018-07-04 16:40:29 - [TEST_STEP][PASSED] - delay: Delayed 5 second(s)

2018-07-04 16:40:34 - [MESSAGE][PASSED] - Delayed 5 second(s)

2018-07-04 16:40:34 - [TEST_STEP][PASSED] - click: Object: 'Object Repository/New_Test_Create_Workspace/Page_Canvas World/add_ChildApp' is clicked on

2018-07-04 16:40:34 - [MESSAGE][PASSED] - Object: 'Object Repository/New_Test_Create_Workspace/Page_Canvas World/add_ChildApp' is clicked on

2018-07-04 16:40:34 - [TEST_STEP][PASSED] - waitForPageLoad: Wait for page load successfully

2018-07-04 16:40:34 - [MESSAGE][PASSED] - Wait for page load successfully

2018-07-04 16:40:34 - [TEST_STEP][PASSED] - delay: Delayed 5 second(s)

2018-07-04 16:40:39 - [MESSAGE][PASSED] - Delayed 5 second(s)

2018-07-04 16:40:39 - [TEST_STEP][PASSED] - Statement - selectApp = "//span[starts-with(text(), '" + java.lang.String.valueOf(app_id) + "')]": null

2018-07-04 16:40:39 - [TEST_STEP][PASSED] - Statement - println(selectApp): null

2018-07-04 16:40:39 - [TEST_STEP][PASSED] - Statement - dynamicObject = new com.kms.katalon.core.testobject.TestObject(selectApp).addProperty("xpath", EQUALS, selectApp, true): null

2018-07-04 16:40:39 - [TEST_STEP][PASSED] - waitForElementVisible: Object '//span[starts-with(text(), 'A005')]' is visible

2018-07-04 16:40:39 - [MESSAGE][PASSED] - Object '//span[starts-with(text(), 'A005')]' is visible

2018-07-04 16:40:39 - [TEST_STEP][PASSED] - doubleClick: Object: '//span[starts-with(text(), 'A005')]' is double clicked on

2018-07-04 16:40:40 - [MESSAGE][PASSED] - Object: '//span[starts-with(text(), 'A005')]' is double clicked on

2018-07-04 16:40:40 - [TEST_STEP][PASSED] - doubleClick: Object: '//span[starts-with(text(), 'A005')]' is double clicked on

2018-07-04 16:40:40 - [MESSAGE][PASSED] - Object: '//span[starts-with(text(), 'A005')]' is double clicked on

2018-07-04 16:40:40 - [TEST_STEP][PASSED] - delay: Delayed 5 second(s)

2018-07-04 16:40:45 - [MESSAGE][PASSED] - Delayed 5 second(s)

2018-07-04 16:40:45 - [TEST_STEP][PASSED] - Statement - app_id = hssfRow.getCell(i): null

2018-07-04 16:40:45 - [TEST_STEP][PASSED] - delay: Delayed 5 second(s)

2018-07-04 16:40:50 - [MESSAGE][PASSED] - Delayed 5 second(s)

2018-07-04 16:40:50 - [TEST_STEP][PASSED] - click: Object: 'Object Repository/New_Test_Create_Workspace/Page_Canvas World/add_ChildApp' is clicked on

2018-07-04 16:40:50 - [MESSAGE][PASSED] - Object: 'Object Repository/New_Test_Create_Workspace/Page_Canvas World/add_ChildApp' is clicked on

2018-07-04 16:40:50 - [TEST_STEP][PASSED] - waitForPageLoad: Wait for page load successfully

2018-07-04 16:40:50 - [MESSAGE][PASSED] - Wait for page load successfully

2018-07-04 16:40:50 - [TEST_STEP][PASSED] - delay: Delayed 5 second(s)

2018-07-04 16:40:55 - [MESSAGE][PASSED] - Delayed 5 second(s)

2018-07-04 16:40:55 - [TEST_STEP][PASSED] - Statement - selectApp = "//span[starts-with(text(), '" + java.lang.String.valueOf(app_id) + "')]": null

2018-07-04 16:40:55 - [TEST_STEP][PASSED] - Statement - println(selectApp): null

2018-07-04 16:40:55 - [TEST_STEP][PASSED] - Statement - dynamicObject = new com.kms.katalon.core.testobject.TestObject(selectApp).addProperty("xpath", EQUALS, selectApp, true): null

2018-07-04 16:40:55 - [TEST_STEP][PASSED] - waitForElementVisible: Object '//span[starts-with(text(), 'A006')]' is visible

2018-07-04 16:40:55 - [MESSAGE][PASSED] - Object '//span[starts-with(text(), 'A006')]' is visible

2018-07-04 16:40:55 - [TEST_STEP][PASSED] - doubleClick: Object: '//span[starts-with(text(), 'A006')]' is double clicked on

2018-07-04 16:40:55 - [MESSAGE][PASSED] - Object: '//span[starts-with(text(), 'A006')]' is double clicked on

2018-07-04 16:40:55 - [TEST_STEP][PASSED] - doubleClick: Object: '//span[starts-with(text(), 'A006')]' is double clicked on

2018-07-04 16:40:55 - [MESSAGE][PASSED] - Object: '//span[starts-with(text(), 'A006')]' is double clicked on

2018-07-04 16:40:55 - [TEST_STEP][PASSED] - delay: Delayed 5 second(s)

2018-07-04 16:41:00 - [MESSAGE][PASSED] - Delayed 5 second(s)

2018-07-04 16:41:00 - [TEST_STEP][PASSED] - delay: Delayed 5 second(s)

2018-07-04 16:41:05 - [MESSAGE][PASSED] - Delayed 5 second(s)

2018-07-04 16:41:05 - [TEST_STEP][PASSED] - click: Object: 'Object Repository/New_Test_Create_Workspace/Page_Canvas World/SubWS_Submit' is clicked on

2018-07-04 16:41:06 - [MESSAGE][PASSED] - Object: 'Object Repository/New_Test_Create_Workspace/Page_Canvas World/SubWS_Submit' is clicked on

2018-07-04 16:41:06 - [TEST_STEP][PASSED] - click: Object: 'Object Repository/New_Test_Create_Workspace/Page_Canvas World/WS_Submit' is clicked on

2018-07-04 16:41:06 - [MESSAGE][PASSED] - Object: 'Object Repository/New_Test_Create_Workspace/Page_Canvas World/WS_Submit' is clicked on

2018-07-04 16:41:06 - [TEST_STEP][PASSED] - click: Object: 'Object Repository/New_Test_Create_Workspace/Page_Canvas World/WS_Submission' is clicked on

2018-07-04 16:41:10 - [MESSAGE][PASSED] - Object: 'Object Repository/New_Test_Create_Workspace/Page_Canvas World/WS_Submission' is clicked on]]></system-out>
         <system-err><![CDATA[]]></system-err>
      </testcase>
      <system-out><![CDATA[2018-07-04 16:29:23 - [TEST_SUITE][FAILED] - Grid_Suite: Test Cases/Smoke Test/Delete Grid Views FAILED because (of) Web element with id: '//span[contains(text(),'A001')]/preceding::td[2]/span/input[@data-item-id='ct_rowSelector']' located by 'By.xpath: //span[contains(text(),'A001')]/preceding::td[2]/span/input[@data-item-id='ct_rowSelector']' is present after '4' second(s)]]></system-out>
      <system-err><![CDATA[2018-07-04 16:29:23 - [TEST_SUITE][FAILED] - Grid_Suite: Test Cases/Smoke Test/Delete Grid Views FAILED because (of) Web element with id: '//span[contains(text(),'A001')]/preceding::td[2]/span/input[@data-item-id='ct_rowSelector']' located by 'By.xpath: //span[contains(text(),'A001')]/preceding::td[2]/span/input[@data-item-id='ct_rowSelector']' is present after '4' second(s)]]></system-err>
   </testsuite>
</testsuites>
