<?xml version="1.0" encoding="UTF-8"?>
<testsuites name="Grid_Suite" time="786" tests="8" failures="1" errors="0">
   <testsuite name="Grid_Suite" tests="8" failures="1" errors="0" time="786" timestamp="2018-06-29 13:10:26" hostname="arokia.raj - N9449.intellectdesign.com" id="Test Suites/Grid_Suite">
      <properties>
         <property name="deviceName" value=""/>
         <property name="devicePlatform" value=""/>
         <property name="logFolder" value="D:\\Sheepa\\Katalon\\Studio Smoke Test\\Studio Smoke Test\\Reports\\Grid_Suite\\20180629_131023"/>
         <property name="logFiles" value="D:\\Sheepa\\Katalon\\Studio Smoke Test\\Studio Smoke Test\\Reports\\Grid_Suite\\20180629_131023\\execution0.log"/>
         <property name="attachments" value="D:\\Sheepa\\Katalon\\Studio Smoke Test\\Studio Smoke Test\\Reports\\Grid_Suite\\20180629_131023\\1530258069925.png, D:\\Sheepa\\Katalon\\Studio Smoke Test\\Studio Smoke Test\\Reports\\Grid_Suite\\20180629_131023\\1530258090405.png, D:\\Sheepa\\Katalon\\Studio Smoke Test\\Studio Smoke Test\\Reports\\Grid_Suite\\20180629_131023\\1530258110900.png, D:\\Sheepa\\Katalon\\Studio Smoke Test\\Studio Smoke Test\\Reports\\Grid_Suite\\20180629_131023\\1530258131357.png, D:\\Sheepa\\Katalon\\Studio Smoke Test\\Studio Smoke Test\\Reports\\Grid_Suite\\20180629_131023\\1530258151639.png, D:\\Sheepa\\Katalon\\Studio Smoke Test\\Studio Smoke Test\\Reports\\Grid_Suite\\20180629_131023\\1530258171976.png, D:\\Sheepa\\Katalon\\Studio Smoke Test\\Studio Smoke Test\\Reports\\Grid_Suite\\20180629_131023\\1530258197502.png, D:\\Sheepa\\Katalon\\Studio Smoke Test\\Studio Smoke Test\\Reports\\Grid_Suite\\20180629_131023\\1530258218295.png, D:\\Sheepa\\Katalon\\Studio Smoke Test\\Studio Smoke Test\\Reports\\Grid_Suite\\20180629_131023\\1530258238759.png, D:\\Sheepa\\Katalon\\Studio Smoke Test\\Studio Smoke Test\\Reports\\Grid_Suite\\20180629_131023\\1530258259268.png, D:\\Sheepa\\Katalon\\Studio Smoke Test\\Studio Smoke Test\\Reports\\Grid_Suite\\20180629_131023\\1530258279846.png, D:\\Sheepa\\Katalon\\Studio Smoke Test\\Studio Smoke Test\\Reports\\Grid_Suite\\20180629_131023\\1530258300226.png, D:\\Sheepa\\Katalon\\Studio Smoke Test\\Studio Smoke Test\\Reports\\Grid_Suite\\20180629_131023\\1530258327099.png"/>
         <property name="hostName" value="arokia.raj - N9449.intellectdesign.com"/>
         <property name="os" value="Windows 7 64bit"/>
         <property name="katalonVersion" value="5.4.1.1"/>
         <property name="browser" value="Chrome 67.0.3396.99"/>
         <property name="hostAddress" value="172.29.24.220"/>
         <property name="sessionId" value="6422a87e26f4e2f2389b865fc4b79da1"/>
         <property name="seleniumVersion" value="3.7.1"/>
         <property name="proxyInformation" value="ProxyInformation{proxyOption=NO_PROXY, proxyServerType=HTTP, password=, proxyServerAddress=, proxyServerPort=0}"/>
         <property name="platform" value="Windows 7"/>
      </properties>
      <testcase name="Test Cases/Smoke Test/Delete Grid Views" classname="Test Cases/Smoke Test/Delete Grid Views" status="FAILED">
         <failure type="FAILED" message="Web element with id: '//span[contains(text(),'A001')]/preceding::td[2]/span/input[@data-item-id='ct_rowSelector']' located by 'By.xpath: //span[contains(text(),'A001')]/preceding::td[2]/span/input[@data-item-id='ct_rowSelector']' is present after '4' second(s)"/>
         <system-out><![CDATA[2018-06-29 13:10:26 - [TEST_CASE][FAILED] - Test Cases/Smoke Test/Delete Grid Views: Test Cases/Smoke Test/Delete Grid Views FAILED because (of) Web element with id: '//span[contains(text(),'A001')]/preceding::td[2]/span/input[@data-item-id='ct_rowSelector']' located by 'By.xpath: //span[contains(text(),'A001')]/preceding::td[2]/span/input[@data-item-id='ct_rowSelector']' is present after '4' second(s)

2018-06-29 13:10:27 - [TEST_STEP][PASSED] - openBrowser: Browser is opened with url: ''

2018-06-29 13:10:33 - [MESSAGE][PASSED] - Browser is opened with url: ''

2018-06-29 13:10:33 - [TEST_STEP][PASSED] - maximizeWindow: Current window maximized

2018-06-29 13:10:34 - [MESSAGE][PASSED] - Current window maximized

2018-06-29 13:10:34 - [TEST_STEP][PASSED] - navigateToUrl: Navigate to 'http://localhost:8082/expertctstudio' successfully

2018-06-29 13:10:55 - [MESSAGE][PASSED] - Navigate to 'http://localhost:8082/expertctstudio' successfully

2018-06-29 13:10:55 - [TEST_STEP][PASSED] - setText: Text 'CTSTUD1' is set on object 'Object Repository/New_Test_Create_Form/Page_Expert CT Studio/input_loginID'

2018-06-29 13:10:56 - [MESSAGE][PASSED] - Text 'CTSTUD1' is set on object 'Object Repository/New_Test_Create_Form/Page_Expert CT Studio/input_loginID'

2018-06-29 13:10:56 - [TEST_STEP][PASSED] - setText: Text 'TEST123' is set on object 'Object Repository/New_Test_Create_Form/Page_Expert CT Studio/input_loginPSW'

2018-06-29 13:10:56 - [MESSAGE][PASSED] - Text 'TEST123' is set on object 'Object Repository/New_Test_Create_Form/Page_Expert CT Studio/input_loginPSW'

2018-06-29 13:10:56 - [TEST_STEP][PASSED] - click: Object: 'Object Repository/New_Test_Create_Form/Page_Expert CT Studio/input_commit' is clicked on

2018-06-29 13:10:58 - [MESSAGE][PASSED] - Object: 'Object Repository/New_Test_Create_Form/Page_Expert CT Studio/input_commit' is clicked on

2018-06-29 13:10:58 - [TEST_STEP][PASSED] - waitForPageLoad: Wait for page load successfully

2018-06-29 13:10:58 - [MESSAGE][PASSED] - Wait for page load successfully

2018-06-29 13:10:58 - [TEST_STEP][PASSED] - click: Object: 'Object Repository/New_Test_Create_List_Grid/Page_Canvas World/click_view_def' is clicked on

2018-06-29 13:11:00 - [MESSAGE][PASSED] - Object: 'Object Repository/New_Test_Create_List_Grid/Page_Canvas World/click_view_def' is clicked on

2018-06-29 13:11:00 - [TEST_STEP][PASSED] - waitForPageLoad: Wait for page load successfully

2018-06-29 13:11:00 - [MESSAGE][PASSED] - Wait for page load successfully

2018-06-29 13:11:00 - [TEST_STEP][PASSED] - Statement - returnVal_View = delete(5): null

2018-06-29 13:11:00 - [TEST_STEP][PASSED] - Statement - path = "D:\Sheepa\Katalon\Studio Smoke Test\Studio Smoke Test\Data Files\Grid_view_id.xls": null

2018-06-29 13:11:00 - [TEST_STEP][PASSED] - Statement - fis = new java.io.FileInputStream(path): null

2018-06-29 13:11:00 - [TEST_STEP][PASSED] - Statement - hssfWorkbook = new org.apache.poi.hssf.usermodel.HSSFWorkbook(fis): null

2018-06-29 13:11:00 - [TEST_STEP][PASSED] - Statement - sc = hssfWorkbook.getNumberOfSheets(): null

2018-06-29 13:11:00 - [TEST_STEP][PASSED] - Statement - println(sc): null

2018-06-29 13:11:00 - [TEST_STEP][PASSED] - Statement - hssfSheet = hssfWorkbook.getSheetAt(0): null

2018-06-29 13:11:00 - [TEST_STEP][PASSED] - Statement - hssfRow = hssfSheet.getRow(1): null

2018-06-29 13:11:00 - [TEST_STEP][FAILED] - Statement - For ([i = 0, i <= j, (i++)]): null

2018-06-29 13:11:00 - [TEST_STEP][PASSED] - Statement - id = hssfRow.getCell(i): null

2018-06-29 13:11:00 - [TEST_STEP][PASSED] - Statement - selectForm = "//span[contains(text(),'" + java.lang.String.valueOf(id) + "')]/preceding::td[2]/span/input[@data-item-id='ct_rowSelector']": null

2018-06-29 13:11:00 - [TEST_STEP][PASSED] - Statement - println(selectForm): null

2018-06-29 13:11:00 - [TEST_STEP][PASSED] - Statement - dynamicObject = new com.kms.katalon.core.testobject.TestObject(selectForm).addProperty("xpath", EQUALS, selectForm, true): null

2018-06-29 13:11:00 - [TEST_STEP][PASSED] - delay: Delayed 5 second(s)

2018-06-29 13:11:05 - [MESSAGE][PASSED] - Delayed 5 second(s)

2018-06-29 13:11:05 - [TEST_STEP][FAILED] - Statement - present = com.kms.katalon.core.webui.keyword.WebUiBuiltInKeywords.verifyElementNotPresent(dynamicObject, 4, CONTINUE_ON_FAILURE): Web element with id: '//span[contains(text(),'A001')]/preceding::td[2]/span/input[@data-item-id='ct_rowSelector']' located by 'By.xpath: //span[contains(text(),'A001')]/preceding::td[2]/span/input[@data-item-id='ct_rowSelector']' is present after '4' second(s)

2018-06-29 13:11:10 - [MESSAGE][FAILED] - Web element with id: '//span[contains(text(),'A001')]/preceding::td[2]/span/input[@data-item-id='ct_rowSelector']' located by 'By.xpath: //span[contains(text(),'A001')]/preceding::td[2]/span/input[@data-item-id='ct_rowSelector']' is present after '4' second(s)
[[ATTACHMENT|D:\\Sheepa\\Katalon\\Studio Smoke Test\\Studio Smoke Test\\Reports\\Grid_Suite\\20180629_131023\\1530258069925.png]]

2018-06-29 13:11:10 - [TEST_STEP][PASSED] - Statement - If (java.lang.String.valueOf(present) == "false"): null

2018-06-29 13:11:10 - [TEST_STEP][PASSED] - click: Object: '//span[contains(text(),'A001')]/preceding::td[2]/span/input[@data-item-id='ct_rowSelector']' is clicked on

2018-06-29 13:11:10 - [MESSAGE][PASSED] - Object: '//span[contains(text(),'A001')]/preceding::td[2]/span/input[@data-item-id='ct_rowSelector']' is clicked on

2018-06-29 13:11:10 - [TEST_STEP][PASSED] - delay: Delayed 3 second(s)

2018-06-29 13:11:13 - [MESSAGE][PASSED] - Delayed 3 second(s)

2018-06-29 13:11:13 - [TEST_STEP][PASSED] - click: Object: 'Object Repository/New_Test_Create_List_Grid/Page_Canvas World/delete_view_button' is clicked on

2018-06-29 13:11:13 - [MESSAGE][PASSED] - Object: 'Object Repository/New_Test_Create_List_Grid/Page_Canvas World/delete_view_button' is clicked on

2018-06-29 13:11:13 - [TEST_STEP][PASSED] - delay: Delayed 4 second(s)

2018-06-29 13:11:17 - [MESSAGE][PASSED] - Delayed 4 second(s)

2018-06-29 13:11:17 - [TEST_STEP][PASSED] - click: Object: 'Object Repository/New_Test_Create_List_Grid/Page_Canvas World/dialogbx' is clicked on

2018-06-29 13:11:18 - [MESSAGE][PASSED] - Object: 'Object Repository/New_Test_Create_List_Grid/Page_Canvas World/dialogbx' is clicked on

2018-06-29 13:11:18 - [TEST_STEP][PASSED] - delay: Delayed 3 second(s)

2018-06-29 13:11:21 - [MESSAGE][PASSED] - Delayed 3 second(s)

2018-06-29 13:11:21 - [TEST_STEP][PASSED] - click: Object: 'Object Repository/New_Test_Create_List_Grid/Page_Canvas World/deleted_ok' is clicked on

2018-06-29 13:11:21 - [MESSAGE][PASSED] - Object: 'Object Repository/New_Test_Create_List_Grid/Page_Canvas World/deleted_ok' is clicked on

2018-06-29 13:11:21 - [TEST_STEP][PASSED] - Statement - println("DELETED"): null

2018-06-29 13:11:21 - [TEST_STEP][PASSED] - Statement - id = hssfRow.getCell(i): null

2018-06-29 13:11:21 - [TEST_STEP][PASSED] - Statement - selectForm = "//span[contains(text(),'" + java.lang.String.valueOf(id) + "')]/preceding::td[2]/span/input[@data-item-id='ct_rowSelector']": null

2018-06-29 13:11:21 - [TEST_STEP][PASSED] - Statement - println(selectForm): null

2018-06-29 13:11:21 - [TEST_STEP][PASSED] - Statement - dynamicObject = new com.kms.katalon.core.testobject.TestObject(selectForm).addProperty("xpath", EQUALS, selectForm, true): null

2018-06-29 13:11:21 - [TEST_STEP][PASSED] - delay: Delayed 5 second(s)

2018-06-29 13:11:26 - [MESSAGE][PASSED] - Delayed 5 second(s)

2018-06-29 13:11:26 - [TEST_STEP][FAILED] - Statement - present = com.kms.katalon.core.webui.keyword.WebUiBuiltInKeywords.verifyElementNotPresent(dynamicObject, 4, CONTINUE_ON_FAILURE): Web element with id: '//span[contains(text(),'A002')]/preceding::td[2]/span/input[@data-item-id='ct_rowSelector']' located by 'By.xpath: //span[contains(text(),'A002')]/preceding::td[2]/span/input[@data-item-id='ct_rowSelector']' is present after '4' second(s)

2018-06-29 13:11:30 - [MESSAGE][FAILED] - Web element with id: '//span[contains(text(),'A002')]/preceding::td[2]/span/input[@data-item-id='ct_rowSelector']' located by 'By.xpath: //span[contains(text(),'A002')]/preceding::td[2]/span/input[@data-item-id='ct_rowSelector']' is present after '4' second(s)
[[ATTACHMENT|D:\\Sheepa\\Katalon\\Studio Smoke Test\\Studio Smoke Test\\Reports\\Grid_Suite\\20180629_131023\\1530258090405.png]]

2018-06-29 13:11:30 - [TEST_STEP][PASSED] - Statement - If (java.lang.String.valueOf(present) == "false"): null

2018-06-29 13:11:30 - [TEST_STEP][PASSED] - click: Object: '//span[contains(text(),'A002')]/preceding::td[2]/span/input[@data-item-id='ct_rowSelector']' is clicked on

2018-06-29 13:11:31 - [MESSAGE][PASSED] - Object: '//span[contains(text(),'A002')]/preceding::td[2]/span/input[@data-item-id='ct_rowSelector']' is clicked on

2018-06-29 13:11:31 - [TEST_STEP][PASSED] - delay: Delayed 3 second(s)

2018-06-29 13:11:34 - [MESSAGE][PASSED] - Delayed 3 second(s)

2018-06-29 13:11:34 - [TEST_STEP][PASSED] - click: Object: 'Object Repository/New_Test_Create_List_Grid/Page_Canvas World/delete_view_button' is clicked on

2018-06-29 13:11:34 - [MESSAGE][PASSED] - Object: 'Object Repository/New_Test_Create_List_Grid/Page_Canvas World/delete_view_button' is clicked on

2018-06-29 13:11:34 - [TEST_STEP][PASSED] - delay: Delayed 4 second(s)

2018-06-29 13:11:38 - [MESSAGE][PASSED] - Delayed 4 second(s)

2018-06-29 13:11:38 - [TEST_STEP][PASSED] - click: Object: 'Object Repository/New_Test_Create_List_Grid/Page_Canvas World/dialogbx' is clicked on

2018-06-29 13:11:38 - [MESSAGE][PASSED] - Object: 'Object Repository/New_Test_Create_List_Grid/Page_Canvas World/dialogbx' is clicked on

2018-06-29 13:11:38 - [TEST_STEP][PASSED] - delay: Delayed 3 second(s)

2018-06-29 13:11:41 - [MESSAGE][PASSED] - Delayed 3 second(s)

2018-06-29 13:11:41 - [TEST_STEP][PASSED] - click: Object: 'Object Repository/New_Test_Create_List_Grid/Page_Canvas World/deleted_ok' is clicked on

2018-06-29 13:11:41 - [MESSAGE][PASSED] - Object: 'Object Repository/New_Test_Create_List_Grid/Page_Canvas World/deleted_ok' is clicked on

2018-06-29 13:11:41 - [TEST_STEP][PASSED] - Statement - println("DELETED"): null

2018-06-29 13:11:41 - [TEST_STEP][PASSED] - Statement - id = hssfRow.getCell(i): null

2018-06-29 13:11:41 - [TEST_STEP][PASSED] - Statement - selectForm = "//span[contains(text(),'" + java.lang.String.valueOf(id) + "')]/preceding::td[2]/span/input[@data-item-id='ct_rowSelector']": null

2018-06-29 13:11:41 - [TEST_STEP][PASSED] - Statement - println(selectForm): null

2018-06-29 13:11:41 - [TEST_STEP][PASSED] - Statement - dynamicObject = new com.kms.katalon.core.testobject.TestObject(selectForm).addProperty("xpath", EQUALS, selectForm, true): null

2018-06-29 13:11:41 - [TEST_STEP][PASSED] - delay: Delayed 5 second(s)

2018-06-29 13:11:46 - [MESSAGE][PASSED] - Delayed 5 second(s)

2018-06-29 13:11:46 - [TEST_STEP][FAILED] - Statement - present = com.kms.katalon.core.webui.keyword.WebUiBuiltInKeywords.verifyElementNotPresent(dynamicObject, 4, CONTINUE_ON_FAILURE): Web element with id: '//span[contains(text(),'A003')]/preceding::td[2]/span/input[@data-item-id='ct_rowSelector']' located by 'By.xpath: //span[contains(text(),'A003')]/preceding::td[2]/span/input[@data-item-id='ct_rowSelector']' is present after '4' second(s)

2018-06-29 13:11:51 - [MESSAGE][FAILED] - Web element with id: '//span[contains(text(),'A003')]/preceding::td[2]/span/input[@data-item-id='ct_rowSelector']' located by 'By.xpath: //span[contains(text(),'A003')]/preceding::td[2]/span/input[@data-item-id='ct_rowSelector']' is present after '4' second(s)
[[ATTACHMENT|D:\\Sheepa\\Katalon\\Studio Smoke Test\\Studio Smoke Test\\Reports\\Grid_Suite\\20180629_131023\\1530258110900.png]]

2018-06-29 13:11:51 - [TEST_STEP][PASSED] - Statement - If (java.lang.String.valueOf(present) == "false"): null

2018-06-29 13:11:51 - [TEST_STEP][PASSED] - click: Object: '//span[contains(text(),'A003')]/preceding::td[2]/span/input[@data-item-id='ct_rowSelector']' is clicked on

2018-06-29 13:11:51 - [MESSAGE][PASSED] - Object: '//span[contains(text(),'A003')]/preceding::td[2]/span/input[@data-item-id='ct_rowSelector']' is clicked on

2018-06-29 13:11:51 - [TEST_STEP][PASSED] - delay: Delayed 3 second(s)

2018-06-29 13:11:54 - [MESSAGE][PASSED] - Delayed 3 second(s)

2018-06-29 13:11:54 - [TEST_STEP][PASSED] - click: Object: 'Object Repository/New_Test_Create_List_Grid/Page_Canvas World/delete_view_button' is clicked on

2018-06-29 13:11:54 - [MESSAGE][PASSED] - Object: 'Object Repository/New_Test_Create_List_Grid/Page_Canvas World/delete_view_button' is clicked on

2018-06-29 13:11:54 - [TEST_STEP][PASSED] - delay: Delayed 4 second(s)

2018-06-29 13:11:58 - [MESSAGE][PASSED] - Delayed 4 second(s)

2018-06-29 13:11:58 - [TEST_STEP][PASSED] - click: Object: 'Object Repository/New_Test_Create_List_Grid/Page_Canvas World/dialogbx' is clicked on

2018-06-29 13:11:58 - [MESSAGE][PASSED] - Object: 'Object Repository/New_Test_Create_List_Grid/Page_Canvas World/dialogbx' is clicked on

2018-06-29 13:11:58 - [TEST_STEP][PASSED] - delay: Delayed 3 second(s)

2018-06-29 13:12:01 - [MESSAGE][PASSED] - Delayed 3 second(s)

2018-06-29 13:12:01 - [TEST_STEP][PASSED] - click: Object: 'Object Repository/New_Test_Create_List_Grid/Page_Canvas World/deleted_ok' is clicked on

2018-06-29 13:12:02 - [MESSAGE][PASSED] - Object: 'Object Repository/New_Test_Create_List_Grid/Page_Canvas World/deleted_ok' is clicked on

2018-06-29 13:12:02 - [TEST_STEP][PASSED] - Statement - println("DELETED"): null

2018-06-29 13:12:02 - [TEST_STEP][PASSED] - Statement - id = hssfRow.getCell(i): null

2018-06-29 13:12:02 - [TEST_STEP][PASSED] - Statement - selectForm = "//span[contains(text(),'" + java.lang.String.valueOf(id) + "')]/preceding::td[2]/span/input[@data-item-id='ct_rowSelector']": null

2018-06-29 13:12:02 - [TEST_STEP][PASSED] - Statement - println(selectForm): null

2018-06-29 13:12:02 - [TEST_STEP][PASSED] - Statement - dynamicObject = new com.kms.katalon.core.testobject.TestObject(selectForm).addProperty("xpath", EQUALS, selectForm, true): null

2018-06-29 13:12:02 - [TEST_STEP][PASSED] - delay: Delayed 5 second(s)

2018-06-29 13:12:07 - [MESSAGE][PASSED] - Delayed 5 second(s)

2018-06-29 13:12:07 - [TEST_STEP][FAILED] - Statement - present = com.kms.katalon.core.webui.keyword.WebUiBuiltInKeywords.verifyElementNotPresent(dynamicObject, 4, CONTINUE_ON_FAILURE): Web element with id: '//span[contains(text(),'A004')]/preceding::td[2]/span/input[@data-item-id='ct_rowSelector']' located by 'By.xpath: //span[contains(text(),'A004')]/preceding::td[2]/span/input[@data-item-id='ct_rowSelector']' is present after '4' second(s)

2018-06-29 13:12:11 - [MESSAGE][FAILED] - Web element with id: '//span[contains(text(),'A004')]/preceding::td[2]/span/input[@data-item-id='ct_rowSelector']' located by 'By.xpath: //span[contains(text(),'A004')]/preceding::td[2]/span/input[@data-item-id='ct_rowSelector']' is present after '4' second(s)
[[ATTACHMENT|D:\\Sheepa\\Katalon\\Studio Smoke Test\\Studio Smoke Test\\Reports\\Grid_Suite\\20180629_131023\\1530258131357.png]]

2018-06-29 13:12:11 - [TEST_STEP][PASSED] - Statement - If (java.lang.String.valueOf(present) == "false"): null

2018-06-29 13:12:11 - [TEST_STEP][PASSED] - click: Object: '//span[contains(text(),'A004')]/preceding::td[2]/span/input[@data-item-id='ct_rowSelector']' is clicked on

2018-06-29 13:12:11 - [MESSAGE][PASSED] - Object: '//span[contains(text(),'A004')]/preceding::td[2]/span/input[@data-item-id='ct_rowSelector']' is clicked on

2018-06-29 13:12:11 - [TEST_STEP][PASSED] - delay: Delayed 3 second(s)

2018-06-29 13:12:14 - [MESSAGE][PASSED] - Delayed 3 second(s)

2018-06-29 13:12:14 - [TEST_STEP][PASSED] - click: Object: 'Object Repository/New_Test_Create_List_Grid/Page_Canvas World/delete_view_button' is clicked on

2018-06-29 13:12:15 - [MESSAGE][PASSED] - Object: 'Object Repository/New_Test_Create_List_Grid/Page_Canvas World/delete_view_button' is clicked on

2018-06-29 13:12:15 - [TEST_STEP][PASSED] - delay: Delayed 4 second(s)

2018-06-29 13:12:19 - [MESSAGE][PASSED] - Delayed 4 second(s)

2018-06-29 13:12:19 - [TEST_STEP][PASSED] - click: Object: 'Object Repository/New_Test_Create_List_Grid/Page_Canvas World/dialogbx' is clicked on

2018-06-29 13:12:19 - [MESSAGE][PASSED] - Object: 'Object Repository/New_Test_Create_List_Grid/Page_Canvas World/dialogbx' is clicked on

2018-06-29 13:12:19 - [TEST_STEP][PASSED] - delay: Delayed 3 second(s)

2018-06-29 13:12:22 - [MESSAGE][PASSED] - Delayed 3 second(s)

2018-06-29 13:12:22 - [TEST_STEP][PASSED] - click: Object: 'Object Repository/New_Test_Create_List_Grid/Page_Canvas World/deleted_ok' is clicked on

2018-06-29 13:12:22 - [MESSAGE][PASSED] - Object: 'Object Repository/New_Test_Create_List_Grid/Page_Canvas World/deleted_ok' is clicked on

2018-06-29 13:12:22 - [TEST_STEP][PASSED] - Statement - println("DELETED"): null

2018-06-29 13:12:22 - [TEST_STEP][PASSED] - Statement - id = hssfRow.getCell(i): null

2018-06-29 13:12:22 - [TEST_STEP][PASSED] - Statement - selectForm = "//span[contains(text(),'" + java.lang.String.valueOf(id) + "')]/preceding::td[2]/span/input[@data-item-id='ct_rowSelector']": null

2018-06-29 13:12:22 - [TEST_STEP][PASSED] - Statement - println(selectForm): null

2018-06-29 13:12:22 - [TEST_STEP][PASSED] - Statement - dynamicObject = new com.kms.katalon.core.testobject.TestObject(selectForm).addProperty("xpath", EQUALS, selectForm, true): null

2018-06-29 13:12:22 - [TEST_STEP][PASSED] - delay: Delayed 5 second(s)

2018-06-29 13:12:27 - [MESSAGE][PASSED] - Delayed 5 second(s)

2018-06-29 13:12:27 - [TEST_STEP][FAILED] - Statement - present = com.kms.katalon.core.webui.keyword.WebUiBuiltInKeywords.verifyElementNotPresent(dynamicObject, 4, CONTINUE_ON_FAILURE): Web element with id: '//span[contains(text(),'A005')]/preceding::td[2]/span/input[@data-item-id='ct_rowSelector']' located by 'By.xpath: //span[contains(text(),'A005')]/preceding::td[2]/span/input[@data-item-id='ct_rowSelector']' is present after '4' second(s)

2018-06-29 13:12:32 - [MESSAGE][FAILED] - Web element with id: '//span[contains(text(),'A005')]/preceding::td[2]/span/input[@data-item-id='ct_rowSelector']' located by 'By.xpath: //span[contains(text(),'A005')]/preceding::td[2]/span/input[@data-item-id='ct_rowSelector']' is present after '4' second(s)
[[ATTACHMENT|D:\\Sheepa\\Katalon\\Studio Smoke Test\\Studio Smoke Test\\Reports\\Grid_Suite\\20180629_131023\\1530258151639.png]]

2018-06-29 13:12:32 - [TEST_STEP][PASSED] - Statement - If (java.lang.String.valueOf(present) == "false"): null

2018-06-29 13:12:32 - [TEST_STEP][PASSED] - click: Object: '//span[contains(text(),'A005')]/preceding::td[2]/span/input[@data-item-id='ct_rowSelector']' is clicked on

2018-06-29 13:12:32 - [MESSAGE][PASSED] - Object: '//span[contains(text(),'A005')]/preceding::td[2]/span/input[@data-item-id='ct_rowSelector']' is clicked on

2018-06-29 13:12:32 - [TEST_STEP][PASSED] - delay: Delayed 3 second(s)

2018-06-29 13:12:35 - [MESSAGE][PASSED] - Delayed 3 second(s)

2018-06-29 13:12:35 - [TEST_STEP][PASSED] - click: Object: 'Object Repository/New_Test_Create_List_Grid/Page_Canvas World/delete_view_button' is clicked on

2018-06-29 13:12:35 - [MESSAGE][PASSED] - Object: 'Object Repository/New_Test_Create_List_Grid/Page_Canvas World/delete_view_button' is clicked on

2018-06-29 13:12:35 - [TEST_STEP][PASSED] - delay: Delayed 4 second(s)

2018-06-29 13:12:39 - [MESSAGE][PASSED] - Delayed 4 second(s)

2018-06-29 13:12:39 - [TEST_STEP][PASSED] - click: Object: 'Object Repository/New_Test_Create_List_Grid/Page_Canvas World/dialogbx' is clicked on

2018-06-29 13:12:39 - [MESSAGE][PASSED] - Object: 'Object Repository/New_Test_Create_List_Grid/Page_Canvas World/dialogbx' is clicked on

2018-06-29 13:12:39 - [TEST_STEP][PASSED] - delay: Delayed 3 second(s)

2018-06-29 13:12:42 - [MESSAGE][PASSED] - Delayed 3 second(s)

2018-06-29 13:12:42 - [TEST_STEP][PASSED] - click: Object: 'Object Repository/New_Test_Create_List_Grid/Page_Canvas World/deleted_ok' is clicked on

2018-06-29 13:12:42 - [MESSAGE][PASSED] - Object: 'Object Repository/New_Test_Create_List_Grid/Page_Canvas World/deleted_ok' is clicked on

2018-06-29 13:12:42 - [TEST_STEP][PASSED] - Statement - println("DELETED"): null

2018-06-29 13:12:42 - [TEST_STEP][PASSED] - Statement - id = hssfRow.getCell(i): null

2018-06-29 13:12:42 - [TEST_STEP][PASSED] - Statement - selectForm = "//span[contains(text(),'" + java.lang.String.valueOf(id) + "')]/preceding::td[2]/span/input[@data-item-id='ct_rowSelector']": null

2018-06-29 13:12:42 - [TEST_STEP][PASSED] - Statement - println(selectForm): null

2018-06-29 13:12:42 - [TEST_STEP][PASSED] - Statement - dynamicObject = new com.kms.katalon.core.testobject.TestObject(selectForm).addProperty("xpath", EQUALS, selectForm, true): null

2018-06-29 13:12:42 - [TEST_STEP][PASSED] - delay: Delayed 5 second(s)

2018-06-29 13:12:47 - [MESSAGE][PASSED] - Delayed 5 second(s)

2018-06-29 13:12:47 - [TEST_STEP][FAILED] - Statement - present = com.kms.katalon.core.webui.keyword.WebUiBuiltInKeywords.verifyElementNotPresent(dynamicObject, 4, CONTINUE_ON_FAILURE): Web element with id: '//span[contains(text(),'A006')]/preceding::td[2]/span/input[@data-item-id='ct_rowSelector']' located by 'By.xpath: //span[contains(text(),'A006')]/preceding::td[2]/span/input[@data-item-id='ct_rowSelector']' is present after '4' second(s)

2018-06-29 13:12:52 - [MESSAGE][FAILED] - Web element with id: '//span[contains(text(),'A006')]/preceding::td[2]/span/input[@data-item-id='ct_rowSelector']' located by 'By.xpath: //span[contains(text(),'A006')]/preceding::td[2]/span/input[@data-item-id='ct_rowSelector']' is present after '4' second(s)
[[ATTACHMENT|D:\\Sheepa\\Katalon\\Studio Smoke Test\\Studio Smoke Test\\Reports\\Grid_Suite\\20180629_131023\\1530258171976.png]]

2018-06-29 13:12:52 - [TEST_STEP][PASSED] - Statement - If (java.lang.String.valueOf(present) == "false"): null

2018-06-29 13:12:52 - [TEST_STEP][PASSED] - click: Object: '//span[contains(text(),'A006')]/preceding::td[2]/span/input[@data-item-id='ct_rowSelector']' is clicked on

2018-06-29 13:12:52 - [MESSAGE][PASSED] - Object: '//span[contains(text(),'A006')]/preceding::td[2]/span/input[@data-item-id='ct_rowSelector']' is clicked on

2018-06-29 13:12:52 - [TEST_STEP][PASSED] - delay: Delayed 3 second(s)

2018-06-29 13:12:55 - [MESSAGE][PASSED] - Delayed 3 second(s)

2018-06-29 13:12:55 - [TEST_STEP][PASSED] - click: Object: 'Object Repository/New_Test_Create_List_Grid/Page_Canvas World/delete_view_button' is clicked on

2018-06-29 13:12:55 - [MESSAGE][PASSED] - Object: 'Object Repository/New_Test_Create_List_Grid/Page_Canvas World/delete_view_button' is clicked on

2018-06-29 13:12:55 - [TEST_STEP][PASSED] - delay: Delayed 4 second(s)

2018-06-29 13:12:59 - [MESSAGE][PASSED] - Delayed 4 second(s)

2018-06-29 13:12:59 - [TEST_STEP][PASSED] - click: Object: 'Object Repository/New_Test_Create_List_Grid/Page_Canvas World/dialogbx' is clicked on

2018-06-29 13:12:59 - [MESSAGE][PASSED] - Object: 'Object Repository/New_Test_Create_List_Grid/Page_Canvas World/dialogbx' is clicked on

2018-06-29 13:12:59 - [TEST_STEP][PASSED] - delay: Delayed 3 second(s)

2018-06-29 13:13:02 - [MESSAGE][PASSED] - Delayed 3 second(s)

2018-06-29 13:13:02 - [TEST_STEP][PASSED] - click: Object: 'Object Repository/New_Test_Create_List_Grid/Page_Canvas World/deleted_ok' is clicked on

2018-06-29 13:13:03 - [MESSAGE][PASSED] - Object: 'Object Repository/New_Test_Create_List_Grid/Page_Canvas World/deleted_ok' is clicked on

2018-06-29 13:13:03 - [TEST_STEP][PASSED] - Statement - println("DELETED"): null

2018-06-29 13:13:03 - [TEST_STEP][PASSED] - Statement - return done: null

2018-06-29 13:13:03 - [TEST_STEP][PASSED] - Statement - println("View " + returnVal_View): null

2018-06-29 13:13:03 - [TEST_STEP][PASSED] - delay: Delayed 5 second(s)

2018-06-29 13:13:08 - [MESSAGE][PASSED] - Delayed 5 second(s)

2018-06-29 13:13:08 - [TEST_STEP][PASSED] - click: Object: 'Object Repository/New_Test_Create_List_Grid/Page_Canvas World/click_app_def' is clicked on

2018-06-29 13:13:08 - [MESSAGE][PASSED] - Object: 'Object Repository/New_Test_Create_List_Grid/Page_Canvas World/click_app_def' is clicked on

2018-06-29 13:13:08 - [TEST_STEP][PASSED] - waitForPageLoad: Wait for page load successfully

2018-06-29 13:13:08 - [MESSAGE][PASSED] - Wait for page load successfully

2018-06-29 13:13:08 - [TEST_STEP][PASSED] - Statement - returnVal_App = deleteApp(6): null

2018-06-29 13:13:08 - [TEST_STEP][PASSED] - Statement - path = "D:\Sheepa\Katalon\Studio Smoke Test\Studio Smoke Test\Data Files\Grid_view_id.xls": null

2018-06-29 13:13:08 - [TEST_STEP][PASSED] - Statement - fis = new java.io.FileInputStream(path): null

2018-06-29 13:13:08 - [TEST_STEP][PASSED] - Statement - hssfWorkbook = new org.apache.poi.hssf.usermodel.HSSFWorkbook(fis): null

2018-06-29 13:13:08 - [TEST_STEP][PASSED] - Statement - sc = hssfWorkbook.getNumberOfSheets(): null

2018-06-29 13:13:08 - [TEST_STEP][PASSED] - Statement - println(sc): null

2018-06-29 13:13:08 - [TEST_STEP][PASSED] - Statement - hssfSheet = hssfWorkbook.getSheetAt(0): null

2018-06-29 13:13:08 - [TEST_STEP][PASSED] - Statement - hssfRow = hssfSheet.getRow(1): null

2018-06-29 13:13:08 - [TEST_STEP][FAILED] - Statement - For ([i = 0, i <= j, (i++)]): null

2018-06-29 13:13:08 - [TEST_STEP][PASSED] - Statement - id = hssfRow.getCell(i): null

2018-06-29 13:13:08 - [TEST_STEP][PASSED] - Statement - selectForm = "(//span[contains(text(),'" + java.lang.String.valueOf(id) + "')])[1]": null

2018-06-29 13:13:08 - [TEST_STEP][PASSED] - Statement - println(selectForm): null

2018-06-29 13:13:08 - [TEST_STEP][PASSED] - Statement - dynamicObject = new com.kms.katalon.core.testobject.TestObject(selectForm).addProperty("xpath", EQUALS, selectForm, true): null

2018-06-29 13:13:08 - [TEST_STEP][PASSED] - delay: Delayed 5 second(s)

2018-06-29 13:13:13 - [MESSAGE][PASSED] - Delayed 5 second(s)

2018-06-29 13:13:13 - [TEST_STEP][FAILED] - Statement - present = com.kms.katalon.core.webui.keyword.WebUiBuiltInKeywords.verifyElementNotPresent(dynamicObject, 4, CONTINUE_ON_FAILURE): Web element with id: '(//span[contains(text(),'A001')])[1]' located by 'By.xpath: (//span[contains(text(),'A001')])[1]' is present after '4' second(s)

2018-06-29 13:13:17 - [MESSAGE][FAILED] - Web element with id: '(//span[contains(text(),'A001')])[1]' located by 'By.xpath: (//span[contains(text(),'A001')])[1]' is present after '4' second(s)
[[ATTACHMENT|D:\\Sheepa\\Katalon\\Studio Smoke Test\\Studio Smoke Test\\Reports\\Grid_Suite\\20180629_131023\\1530258197502.png]]

2018-06-29 13:13:17 - [TEST_STEP][PASSED] - Statement - If (java.lang.String.valueOf(present) == "false"): null

2018-06-29 13:13:17 - [TEST_STEP][PASSED] - rightClick: Object: '(//span[contains(text(),'A001')])[1]' is right clicked on

2018-06-29 13:13:18 - [MESSAGE][PASSED] - Object: '(//span[contains(text(),'A001')])[1]' is right clicked on

2018-06-29 13:13:18 - [TEST_STEP][PASSED] - delay: Delayed 3 second(s)

2018-06-29 13:13:21 - [MESSAGE][PASSED] - Delayed 3 second(s)

2018-06-29 13:13:21 - [TEST_STEP][PASSED] - click: Object: 'Object Repository/New_Test_Create_List_Grid/Page_Canvas World/delete_app' is clicked on

2018-06-29 13:13:21 - [MESSAGE][PASSED] - Object: 'Object Repository/New_Test_Create_List_Grid/Page_Canvas World/delete_app' is clicked on

2018-06-29 13:13:21 - [TEST_STEP][PASSED] - delay: Delayed 4 second(s)

2018-06-29 13:13:25 - [MESSAGE][PASSED] - Delayed 4 second(s)

2018-06-29 13:13:25 - [TEST_STEP][PASSED] - click: Object: 'Object Repository/New_Test_Create_List_Grid/Page_Canvas World/dialogbx' is clicked on

2018-06-29 13:13:25 - [MESSAGE][PASSED] - Object: 'Object Repository/New_Test_Create_List_Grid/Page_Canvas World/dialogbx' is clicked on

2018-06-29 13:13:25 - [TEST_STEP][PASSED] - delay: Delayed 3 second(s)

2018-06-29 13:13:28 - [MESSAGE][PASSED] - Delayed 3 second(s)

2018-06-29 13:13:28 - [TEST_STEP][PASSED] - click: Object: 'Object Repository/New_Test_Create_List_Grid/Page_Canvas World/deleted_ok' is clicked on

2018-06-29 13:13:29 - [MESSAGE][PASSED] - Object: 'Object Repository/New_Test_Create_List_Grid/Page_Canvas World/deleted_ok' is clicked on

2018-06-29 13:13:29 - [TEST_STEP][PASSED] - Statement - println("DELETED"): null

2018-06-29 13:13:29 - [TEST_STEP][PASSED] - Statement - id = hssfRow.getCell(i): null

2018-06-29 13:13:29 - [TEST_STEP][PASSED] - Statement - selectForm = "(//span[contains(text(),'" + java.lang.String.valueOf(id) + "')])[1]": null

2018-06-29 13:13:29 - [TEST_STEP][PASSED] - Statement - println(selectForm): null

2018-06-29 13:13:29 - [TEST_STEP][PASSED] - Statement - dynamicObject = new com.kms.katalon.core.testobject.TestObject(selectForm).addProperty("xpath", EQUALS, selectForm, true): null

2018-06-29 13:13:29 - [TEST_STEP][PASSED] - delay: Delayed 5 second(s)

2018-06-29 13:13:34 - [MESSAGE][PASSED] - Delayed 5 second(s)

2018-06-29 13:13:34 - [TEST_STEP][FAILED] - Statement - present = com.kms.katalon.core.webui.keyword.WebUiBuiltInKeywords.verifyElementNotPresent(dynamicObject, 4, CONTINUE_ON_FAILURE): Web element with id: '(//span[contains(text(),'A002')])[1]' located by 'By.xpath: (//span[contains(text(),'A002')])[1]' is present after '4' second(s)

2018-06-29 13:13:38 - [MESSAGE][FAILED] - Web element with id: '(//span[contains(text(),'A002')])[1]' located by 'By.xpath: (//span[contains(text(),'A002')])[1]' is present after '4' second(s)
[[ATTACHMENT|D:\\Sheepa\\Katalon\\Studio Smoke Test\\Studio Smoke Test\\Reports\\Grid_Suite\\20180629_131023\\1530258218295.png]]

2018-06-29 13:13:38 - [TEST_STEP][PASSED] - Statement - If (java.lang.String.valueOf(present) == "false"): null

2018-06-29 13:13:38 - [TEST_STEP][PASSED] - rightClick: Object: '(//span[contains(text(),'A002')])[1]' is right clicked on

2018-06-29 13:13:38 - [MESSAGE][PASSED] - Object: '(//span[contains(text(),'A002')])[1]' is right clicked on

2018-06-29 13:13:38 - [TEST_STEP][PASSED] - delay: Delayed 3 second(s)

2018-06-29 13:13:41 - [MESSAGE][PASSED] - Delayed 3 second(s)

2018-06-29 13:13:41 - [TEST_STEP][PASSED] - click: Object: 'Object Repository/New_Test_Create_List_Grid/Page_Canvas World/delete_app' is clicked on

2018-06-29 13:13:42 - [MESSAGE][PASSED] - Object: 'Object Repository/New_Test_Create_List_Grid/Page_Canvas World/delete_app' is clicked on

2018-06-29 13:13:42 - [TEST_STEP][PASSED] - delay: Delayed 4 second(s)

2018-06-29 13:13:46 - [MESSAGE][PASSED] - Delayed 4 second(s)

2018-06-29 13:13:46 - [TEST_STEP][PASSED] - click: Object: 'Object Repository/New_Test_Create_List_Grid/Page_Canvas World/dialogbx' is clicked on

2018-06-29 13:13:46 - [MESSAGE][PASSED] - Object: 'Object Repository/New_Test_Create_List_Grid/Page_Canvas World/dialogbx' is clicked on

2018-06-29 13:13:46 - [TEST_STEP][PASSED] - delay: Delayed 3 second(s)

2018-06-29 13:13:49 - [MESSAGE][PASSED] - Delayed 3 second(s)

2018-06-29 13:13:49 - [TEST_STEP][PASSED] - click: Object: 'Object Repository/New_Test_Create_List_Grid/Page_Canvas World/deleted_ok' is clicked on

2018-06-29 13:13:49 - [MESSAGE][PASSED] - Object: 'Object Repository/New_Test_Create_List_Grid/Page_Canvas World/deleted_ok' is clicked on

2018-06-29 13:13:49 - [TEST_STEP][PASSED] - Statement - println("DELETED"): null

2018-06-29 13:13:49 - [TEST_STEP][PASSED] - Statement - id = hssfRow.getCell(i): null

2018-06-29 13:13:49 - [TEST_STEP][PASSED] - Statement - selectForm = "(//span[contains(text(),'" + java.lang.String.valueOf(id) + "')])[1]": null

2018-06-29 13:13:49 - [TEST_STEP][PASSED] - Statement - println(selectForm): null

2018-06-29 13:13:49 - [TEST_STEP][PASSED] - Statement - dynamicObject = new com.kms.katalon.core.testobject.TestObject(selectForm).addProperty("xpath", EQUALS, selectForm, true): null

2018-06-29 13:13:49 - [TEST_STEP][PASSED] - delay: Delayed 5 second(s)

2018-06-29 13:13:54 - [MESSAGE][PASSED] - Delayed 5 second(s)

2018-06-29 13:13:54 - [TEST_STEP][FAILED] - Statement - present = com.kms.katalon.core.webui.keyword.WebUiBuiltInKeywords.verifyElementNotPresent(dynamicObject, 4, CONTINUE_ON_FAILURE): Web element with id: '(//span[contains(text(),'A003')])[1]' located by 'By.xpath: (//span[contains(text(),'A003')])[1]' is present after '4' second(s)

2018-06-29 13:13:59 - [MESSAGE][FAILED] - Web element with id: '(//span[contains(text(),'A003')])[1]' located by 'By.xpath: (//span[contains(text(),'A003')])[1]' is present after '4' second(s)
[[ATTACHMENT|D:\\Sheepa\\Katalon\\Studio Smoke Test\\Studio Smoke Test\\Reports\\Grid_Suite\\20180629_131023\\1530258238759.png]]

2018-06-29 13:13:59 - [TEST_STEP][PASSED] - Statement - If (java.lang.String.valueOf(present) == "false"): null

2018-06-29 13:13:59 - [TEST_STEP][PASSED] - rightClick: Object: '(//span[contains(text(),'A003')])[1]' is right clicked on

2018-06-29 13:13:59 - [MESSAGE][PASSED] - Object: '(//span[contains(text(),'A003')])[1]' is right clicked on

2018-06-29 13:13:59 - [TEST_STEP][PASSED] - delay: Delayed 3 second(s)

2018-06-29 13:14:02 - [MESSAGE][PASSED] - Delayed 3 second(s)

2018-06-29 13:14:02 - [TEST_STEP][PASSED] - click: Object: 'Object Repository/New_Test_Create_List_Grid/Page_Canvas World/delete_app' is clicked on

2018-06-29 13:14:02 - [MESSAGE][PASSED] - Object: 'Object Repository/New_Test_Create_List_Grid/Page_Canvas World/delete_app' is clicked on

2018-06-29 13:14:02 - [TEST_STEP][PASSED] - delay: Delayed 4 second(s)

2018-06-29 13:14:06 - [MESSAGE][PASSED] - Delayed 4 second(s)

2018-06-29 13:14:06 - [TEST_STEP][PASSED] - click: Object: 'Object Repository/New_Test_Create_List_Grid/Page_Canvas World/dialogbx' is clicked on

2018-06-29 13:14:06 - [MESSAGE][PASSED] - Object: 'Object Repository/New_Test_Create_List_Grid/Page_Canvas World/dialogbx' is clicked on

2018-06-29 13:14:06 - [TEST_STEP][PASSED] - delay: Delayed 3 second(s)

2018-06-29 13:14:09 - [MESSAGE][PASSED] - Delayed 3 second(s)

2018-06-29 13:14:09 - [TEST_STEP][PASSED] - click: Object: 'Object Repository/New_Test_Create_List_Grid/Page_Canvas World/deleted_ok' is clicked on

2018-06-29 13:14:10 - [MESSAGE][PASSED] - Object: 'Object Repository/New_Test_Create_List_Grid/Page_Canvas World/deleted_ok' is clicked on

2018-06-29 13:14:10 - [TEST_STEP][PASSED] - Statement - println("DELETED"): null

2018-06-29 13:14:10 - [TEST_STEP][PASSED] - Statement - id = hssfRow.getCell(i): null

2018-06-29 13:14:10 - [TEST_STEP][PASSED] - Statement - selectForm = "(//span[contains(text(),'" + java.lang.String.valueOf(id) + "')])[1]": null

2018-06-29 13:14:10 - [TEST_STEP][PASSED] - Statement - println(selectForm): null

2018-06-29 13:14:10 - [TEST_STEP][PASSED] - Statement - dynamicObject = new com.kms.katalon.core.testobject.TestObject(selectForm).addProperty("xpath", EQUALS, selectForm, true): null

2018-06-29 13:14:10 - [TEST_STEP][PASSED] - delay: Delayed 5 second(s)

2018-06-29 13:14:15 - [MESSAGE][PASSED] - Delayed 5 second(s)

2018-06-29 13:14:15 - [TEST_STEP][FAILED] - Statement - present = com.kms.katalon.core.webui.keyword.WebUiBuiltInKeywords.verifyElementNotPresent(dynamicObject, 4, CONTINUE_ON_FAILURE): Web element with id: '(//span[contains(text(),'A004')])[1]' located by 'By.xpath: (//span[contains(text(),'A004')])[1]' is present after '4' second(s)

2018-06-29 13:14:19 - [MESSAGE][FAILED] - Web element with id: '(//span[contains(text(),'A004')])[1]' located by 'By.xpath: (//span[contains(text(),'A004')])[1]' is present after '4' second(s)
[[ATTACHMENT|D:\\Sheepa\\Katalon\\Studio Smoke Test\\Studio Smoke Test\\Reports\\Grid_Suite\\20180629_131023\\1530258259268.png]]

2018-06-29 13:14:19 - [TEST_STEP][PASSED] - Statement - If (java.lang.String.valueOf(present) == "false"): null

2018-06-29 13:14:19 - [TEST_STEP][PASSED] - rightClick: Object: '(//span[contains(text(),'A004')])[1]' is right clicked on

2018-06-29 13:14:19 - [MESSAGE][PASSED] - Object: '(//span[contains(text(),'A004')])[1]' is right clicked on

2018-06-29 13:14:19 - [TEST_STEP][PASSED] - delay: Delayed 3 second(s)

2018-06-29 13:14:22 - [MESSAGE][PASSED] - Delayed 3 second(s)

2018-06-29 13:14:22 - [TEST_STEP][PASSED] - click: Object: 'Object Repository/New_Test_Create_List_Grid/Page_Canvas World/delete_app' is clicked on

2018-06-29 13:14:23 - [MESSAGE][PASSED] - Object: 'Object Repository/New_Test_Create_List_Grid/Page_Canvas World/delete_app' is clicked on

2018-06-29 13:14:23 - [TEST_STEP][PASSED] - delay: Delayed 4 second(s)

2018-06-29 13:14:27 - [MESSAGE][PASSED] - Delayed 4 second(s)

2018-06-29 13:14:27 - [TEST_STEP][PASSED] - click: Object: 'Object Repository/New_Test_Create_List_Grid/Page_Canvas World/dialogbx' is clicked on

2018-06-29 13:14:27 - [MESSAGE][PASSED] - Object: 'Object Repository/New_Test_Create_List_Grid/Page_Canvas World/dialogbx' is clicked on

2018-06-29 13:14:27 - [TEST_STEP][PASSED] - delay: Delayed 3 second(s)

2018-06-29 13:14:30 - [MESSAGE][PASSED] - Delayed 3 second(s)

2018-06-29 13:14:30 - [TEST_STEP][PASSED] - click: Object: 'Object Repository/New_Test_Create_List_Grid/Page_Canvas World/deleted_ok' is clicked on

2018-06-29 13:14:30 - [MESSAGE][PASSED] - Object: 'Object Repository/New_Test_Create_List_Grid/Page_Canvas World/deleted_ok' is clicked on

2018-06-29 13:14:30 - [TEST_STEP][PASSED] - Statement - println("DELETED"): null

2018-06-29 13:14:30 - [TEST_STEP][PASSED] - Statement - id = hssfRow.getCell(i): null

2018-06-29 13:14:30 - [TEST_STEP][PASSED] - Statement - selectForm = "(//span[contains(text(),'" + java.lang.String.valueOf(id) + "')])[1]": null

2018-06-29 13:14:30 - [TEST_STEP][PASSED] - Statement - println(selectForm): null

2018-06-29 13:14:30 - [TEST_STEP][PASSED] - Statement - dynamicObject = new com.kms.katalon.core.testobject.TestObject(selectForm).addProperty("xpath", EQUALS, selectForm, true): null

2018-06-29 13:14:30 - [TEST_STEP][PASSED] - delay: Delayed 5 second(s)

2018-06-29 13:14:35 - [MESSAGE][PASSED] - Delayed 5 second(s)

2018-06-29 13:14:35 - [TEST_STEP][FAILED] - Statement - present = com.kms.katalon.core.webui.keyword.WebUiBuiltInKeywords.verifyElementNotPresent(dynamicObject, 4, CONTINUE_ON_FAILURE): Web element with id: '(//span[contains(text(),'A005')])[1]' located by 'By.xpath: (//span[contains(text(),'A005')])[1]' is present after '4' second(s)

2018-06-29 13:14:40 - [MESSAGE][FAILED] - Web element with id: '(//span[contains(text(),'A005')])[1]' located by 'By.xpath: (//span[contains(text(),'A005')])[1]' is present after '4' second(s)
[[ATTACHMENT|D:\\Sheepa\\Katalon\\Studio Smoke Test\\Studio Smoke Test\\Reports\\Grid_Suite\\20180629_131023\\1530258279846.png]]

2018-06-29 13:14:40 - [TEST_STEP][PASSED] - Statement - If (java.lang.String.valueOf(present) == "false"): null

2018-06-29 13:14:40 - [TEST_STEP][PASSED] - rightClick: Object: '(//span[contains(text(),'A005')])[1]' is right clicked on

2018-06-29 13:14:40 - [MESSAGE][PASSED] - Object: '(//span[contains(text(),'A005')])[1]' is right clicked on

2018-06-29 13:14:40 - [TEST_STEP][PASSED] - delay: Delayed 3 second(s)

2018-06-29 13:14:43 - [MESSAGE][PASSED] - Delayed 3 second(s)

2018-06-29 13:14:43 - [TEST_STEP][PASSED] - click: Object: 'Object Repository/New_Test_Create_List_Grid/Page_Canvas World/delete_app' is clicked on

2018-06-29 13:14:43 - [MESSAGE][PASSED] - Object: 'Object Repository/New_Test_Create_List_Grid/Page_Canvas World/delete_app' is clicked on

2018-06-29 13:14:43 - [TEST_STEP][PASSED] - delay: Delayed 4 second(s)

2018-06-29 13:14:47 - [MESSAGE][PASSED] - Delayed 4 second(s)

2018-06-29 13:14:47 - [TEST_STEP][PASSED] - click: Object: 'Object Repository/New_Test_Create_List_Grid/Page_Canvas World/dialogbx' is clicked on

2018-06-29 13:14:47 - [MESSAGE][PASSED] - Object: 'Object Repository/New_Test_Create_List_Grid/Page_Canvas World/dialogbx' is clicked on

2018-06-29 13:14:47 - [TEST_STEP][PASSED] - delay: Delayed 3 second(s)

2018-06-29 13:14:50 - [MESSAGE][PASSED] - Delayed 3 second(s)

2018-06-29 13:14:50 - [TEST_STEP][PASSED] - click: Object: 'Object Repository/New_Test_Create_List_Grid/Page_Canvas World/deleted_ok' is clicked on

2018-06-29 13:14:51 - [MESSAGE][PASSED] - Object: 'Object Repository/New_Test_Create_List_Grid/Page_Canvas World/deleted_ok' is clicked on

2018-06-29 13:14:51 - [TEST_STEP][PASSED] - Statement - println("DELETED"): null

2018-06-29 13:14:51 - [TEST_STEP][PASSED] - Statement - id = hssfRow.getCell(i): null

2018-06-29 13:14:51 - [TEST_STEP][PASSED] - Statement - selectForm = "(//span[contains(text(),'" + java.lang.String.valueOf(id) + "')])[1]": null

2018-06-29 13:14:51 - [TEST_STEP][PASSED] - Statement - println(selectForm): null

2018-06-29 13:14:51 - [TEST_STEP][PASSED] - Statement - dynamicObject = new com.kms.katalon.core.testobject.TestObject(selectForm).addProperty("xpath", EQUALS, selectForm, true): null

2018-06-29 13:14:51 - [TEST_STEP][PASSED] - delay: Delayed 5 second(s)

2018-06-29 13:14:56 - [MESSAGE][PASSED] - Delayed 5 second(s)

2018-06-29 13:14:56 - [TEST_STEP][FAILED] - Statement - present = com.kms.katalon.core.webui.keyword.WebUiBuiltInKeywords.verifyElementNotPresent(dynamicObject, 4, CONTINUE_ON_FAILURE): Web element with id: '(//span[contains(text(),'A006')])[1]' located by 'By.xpath: (//span[contains(text(),'A006')])[1]' is present after '4' second(s)

2018-06-29 13:15:00 - [MESSAGE][FAILED] - Web element with id: '(//span[contains(text(),'A006')])[1]' located by 'By.xpath: (//span[contains(text(),'A006')])[1]' is present after '4' second(s)
[[ATTACHMENT|D:\\Sheepa\\Katalon\\Studio Smoke Test\\Studio Smoke Test\\Reports\\Grid_Suite\\20180629_131023\\1530258300226.png]]

2018-06-29 13:15:00 - [TEST_STEP][PASSED] - Statement - If (java.lang.String.valueOf(present) == "false"): null

2018-06-29 13:15:00 - [TEST_STEP][PASSED] - rightClick: Object: '(//span[contains(text(),'A006')])[1]' is right clicked on

2018-06-29 13:15:00 - [MESSAGE][PASSED] - Object: '(//span[contains(text(),'A006')])[1]' is right clicked on

2018-06-29 13:15:00 - [TEST_STEP][PASSED] - delay: Delayed 3 second(s)

2018-06-29 13:15:03 - [MESSAGE][PASSED] - Delayed 3 second(s)

2018-06-29 13:15:03 - [TEST_STEP][PASSED] - click: Object: 'Object Repository/New_Test_Create_List_Grid/Page_Canvas World/delete_app' is clicked on

2018-06-29 13:15:04 - [MESSAGE][PASSED] - Object: 'Object Repository/New_Test_Create_List_Grid/Page_Canvas World/delete_app' is clicked on

2018-06-29 13:15:04 - [TEST_STEP][PASSED] - delay: Delayed 4 second(s)

2018-06-29 13:15:08 - [MESSAGE][PASSED] - Delayed 4 second(s)

2018-06-29 13:15:08 - [TEST_STEP][PASSED] - click: Object: 'Object Repository/New_Test_Create_List_Grid/Page_Canvas World/dialogbx' is clicked on

2018-06-29 13:15:08 - [MESSAGE][PASSED] - Object: 'Object Repository/New_Test_Create_List_Grid/Page_Canvas World/dialogbx' is clicked on

2018-06-29 13:15:08 - [TEST_STEP][PASSED] - delay: Delayed 3 second(s)

2018-06-29 13:15:11 - [MESSAGE][PASSED] - Delayed 3 second(s)

2018-06-29 13:15:11 - [TEST_STEP][PASSED] - click: Object: 'Object Repository/New_Test_Create_List_Grid/Page_Canvas World/deleted_ok' is clicked on

2018-06-29 13:15:11 - [MESSAGE][PASSED] - Object: 'Object Repository/New_Test_Create_List_Grid/Page_Canvas World/deleted_ok' is clicked on

2018-06-29 13:15:11 - [TEST_STEP][PASSED] - Statement - println("DELETED"): null

2018-06-29 13:15:11 - [TEST_STEP][PASSED] - Statement - id = hssfRow.getCell(i): null

2018-06-29 13:15:11 - [TEST_STEP][PASSED] - Statement - selectForm = "(//span[contains(text(),'" + java.lang.String.valueOf(id) + "')])[1]": null

2018-06-29 13:15:11 - [TEST_STEP][PASSED] - Statement - println(selectForm): null

2018-06-29 13:15:11 - [TEST_STEP][PASSED] - Statement - dynamicObject = new com.kms.katalon.core.testobject.TestObject(selectForm).addProperty("xpath", EQUALS, selectForm, true): null

2018-06-29 13:15:11 - [TEST_STEP][PASSED] - delay: Delayed 5 second(s)

2018-06-29 13:15:16 - [MESSAGE][PASSED] - Delayed 5 second(s)

2018-06-29 13:15:16 - [TEST_STEP][PASSED] - Statement - present = com.kms.katalon.core.webui.keyword.WebUiBuiltInKeywords.verifyElementNotPresent(dynamicObject, 4, CONTINUE_ON_FAILURE): Web element with id: '(//span[contains(text(),'A007')])[1]' located by 'By.xpath: (//span[contains(text(),'A007')])[1]' is not present after '4' second(s)

2018-06-29 13:15:16 - [MESSAGE][PASSED] - Web element with id: '(//span[contains(text(),'A007')])[1]' located by 'By.xpath: (//span[contains(text(),'A007')])[1]' is not present after '4' second(s)

2018-06-29 13:15:16 - [TEST_STEP][PASSED] - Statement - If (java.lang.String.valueOf(present) == "false"): null

2018-06-29 13:15:16 - [TEST_STEP][PASSED] - Statement - Else: null

2018-06-29 13:15:16 - [TEST_STEP][PASSED] - Statement - println("No View exist"): null

2018-06-29 13:15:16 - [TEST_STEP][PASSED] - Statement - return done: null

2018-06-29 13:15:16 - [TEST_STEP][PASSED] - Statement - println("App " + returnVal_App): null

2018-06-29 13:15:16 - [TEST_STEP][PASSED] - delay: Delayed 3 second(s)

2018-06-29 13:15:19 - [MESSAGE][PASSED] - Delayed 3 second(s)

2018-06-29 13:15:19 - [TEST_STEP][PASSED] - click: Object: 'Object Repository/New_Test_Create_List_Grid/Page_Canvas World/click_WS_def' is clicked on

2018-06-29 13:15:19 - [MESSAGE][PASSED] - Object: 'Object Repository/New_Test_Create_List_Grid/Page_Canvas World/click_WS_def' is clicked on

2018-06-29 13:15:19 - [TEST_STEP][PASSED] - waitForPageLoad: Wait for page load successfully

2018-06-29 13:15:19 - [MESSAGE][PASSED] - Wait for page load successfully

2018-06-29 13:15:19 - [TEST_STEP][PASSED] - Statement - returnVal_WS = deleteWS(): null

2018-06-29 13:15:19 - [TEST_STEP][PASSED] - Statement - path = "D:\Sheepa\Katalon\Studio Smoke Test\Studio Smoke Test\Data Files\Grid_view_id.xls": null

2018-06-29 13:15:19 - [TEST_STEP][PASSED] - Statement - fis = new java.io.FileInputStream(path): null

2018-06-29 13:15:19 - [TEST_STEP][PASSED] - Statement - hssfWorkbook = new org.apache.poi.hssf.usermodel.HSSFWorkbook(fis): null

2018-06-29 13:15:19 - [TEST_STEP][PASSED] - Statement - sc = hssfWorkbook.getNumberOfSheets(): null

2018-06-29 13:15:19 - [TEST_STEP][PASSED] - Statement - println(sc): null

2018-06-29 13:15:19 - [TEST_STEP][PASSED] - Statement - hssfSheet = hssfWorkbook.getSheetAt(0): null

2018-06-29 13:15:19 - [TEST_STEP][PASSED] - Statement - hssfRow = hssfSheet.getRow(1): null

2018-06-29 13:15:19 - [TEST_STEP][PASSED] - Statement - id = hssfRow.getCell(6): null

2018-06-29 13:15:19 - [TEST_STEP][PASSED] - Statement - selectWS = "//span[contains(text(),'" + id + "')]": null

2018-06-29 13:15:19 - [TEST_STEP][PASSED] - Statement - println(selectWS): null

2018-06-29 13:15:19 - [TEST_STEP][PASSED] - Statement - ws = new com.kms.katalon.core.testobject.TestObject(selectWS).addProperty("xpath", EQUALS, selectWS, true): null

2018-06-29 13:15:19 - [TEST_STEP][PASSED] - delay: Delayed 3 second(s)

2018-06-29 13:15:22 - [MESSAGE][PASSED] - Delayed 3 second(s)

2018-06-29 13:15:22 - [TEST_STEP][FAILED] - Statement - present = com.kms.katalon.core.webui.keyword.WebUiBuiltInKeywords.verifyElementNotPresent(ws, 4, CONTINUE_ON_FAILURE): Web element with id: '//span[contains(text(),'A007')]' located by 'By.xpath: //span[contains(text(),'A007')]' is present after '4' second(s)

2018-06-29 13:15:27 - [MESSAGE][FAILED] - Web element with id: '//span[contains(text(),'A007')]' located by 'By.xpath: //span[contains(text(),'A007')]' is present after '4' second(s)
[[ATTACHMENT|D:\\Sheepa\\Katalon\\Studio Smoke Test\\Studio Smoke Test\\Reports\\Grid_Suite\\20180629_131023\\1530258327099.png]]

2018-06-29 13:15:27 - [TEST_STEP][PASSED] - Statement - If (java.lang.String.valueOf(present) == "false"): null

2018-06-29 13:15:27 - [TEST_STEP][PASSED] - rightClick: Object: '//span[contains(text(),'A007')]' is right clicked on

2018-06-29 13:15:27 - [MESSAGE][PASSED] - Object: '//span[contains(text(),'A007')]' is right clicked on

2018-06-29 13:15:27 - [TEST_STEP][PASSED] - delay: Delayed 3 second(s)

2018-06-29 13:15:30 - [MESSAGE][PASSED] - Delayed 3 second(s)

2018-06-29 13:15:30 - [TEST_STEP][PASSED] - click: Object: 'Object Repository/New_Test_Create_List_Grid/Page_Canvas World/delete_ws' is clicked on

2018-06-29 13:15:30 - [MESSAGE][PASSED] - Object: 'Object Repository/New_Test_Create_List_Grid/Page_Canvas World/delete_ws' is clicked on

2018-06-29 13:15:30 - [TEST_STEP][PASSED] - delay: Delayed 3 second(s)

2018-06-29 13:15:33 - [MESSAGE][PASSED] - Delayed 3 second(s)

2018-06-29 13:15:33 - [TEST_STEP][PASSED] - click: Object: 'Object Repository/New_Test_Create_List_Grid/Page_Canvas World/delete_confirm' is clicked on

2018-06-29 13:15:34 - [MESSAGE][PASSED] - Object: 'Object Repository/New_Test_Create_List_Grid/Page_Canvas World/delete_confirm' is clicked on

2018-06-29 13:15:34 - [TEST_STEP][PASSED] - delay: Delayed 4 second(s)

2018-06-29 13:15:38 - [MESSAGE][PASSED] - Delayed 4 second(s)

2018-06-29 13:15:38 - [TEST_STEP][PASSED] - click: Object: 'Object Repository/New_Test_Create_List_Grid/Page_Canvas World/deleted_ok' is clicked on

2018-06-29 13:15:38 - [MESSAGE][PASSED] - Object: 'Object Repository/New_Test_Create_List_Grid/Page_Canvas World/deleted_ok' is clicked on

2018-06-29 13:15:38 - [TEST_STEP][PASSED] - Statement - println("DELETED"): null

2018-06-29 13:15:38 - [TEST_STEP][PASSED] - Statement - return done: null

2018-06-29 13:15:38 - [TEST_STEP][PASSED] - Statement - println("WS " + returnVal_WS): null]]></system-out>
         <system-err><![CDATA[2018-06-29 13:10:26 - [TEST_CASE][FAILED] - Test Cases/Smoke Test/Delete Grid Views: Test Cases/Smoke Test/Delete Grid Views FAILED because (of) Web element with id: '//span[contains(text(),'A001')]/preceding::td[2]/span/input[@data-item-id='ct_rowSelector']' located by 'By.xpath: //span[contains(text(),'A001')]/preceding::td[2]/span/input[@data-item-id='ct_rowSelector']' is present after '4' second(s)]]></system-err>
      </testcase>
      <testcase name="Test Cases/Smoke Test/New_Create_List_Grid_Simple" classname="Test Cases/Smoke Test/New_Create_List_Grid_Simple" status="PASSED">
         <system-out><![CDATA[2018-06-29 13:15:38 - [TEST_CASE][PASSED] - Test Cases/Smoke Test/New_Create_List_Grid_Simple: Test Cases/Smoke Test/New_Create_List_Grid_Simple

2018-06-29 13:15:38 - [TEST_STEP][PASSED] - waitForPageLoad: Wait for page load successfully

2018-06-29 13:15:38 - [MESSAGE][PASSED] - Wait for page load successfully

2018-06-29 13:15:38 - [TEST_STEP][PASSED] - Statement - common = com.kms.katalon.core.webui.keyword.WebUiBuiltInKeywords.callTestCase(com.kms.katalon.core.testcase.TestCaseFactory.findTestCase(Test Cases/Studio Smoke Test Cases/ReadExcel), [:]): Call Test Case 'Test Cases/Studio Smoke Test Cases/ReadExcel' successfully

2018-06-29 13:15:38 - [TEST_CASE][PASSED] - Test Cases/Studio Smoke Test Cases/ReadExcel: Test Cases/Studio Smoke Test Cases/ReadExcel

2018-06-29 13:15:38 - [TEST_STEP][PASSED] - Statement - path = "D:\Sheepa\Katalon\Studio Smoke Test\Studio Smoke Test\Data Files\Data Input.xls": null

2018-06-29 13:15:38 - [TEST_STEP][PASSED] - Statement - fis = new java.io.FileInputStream(path): null

2018-06-29 13:15:38 - [TEST_STEP][PASSED] - Statement - hssfWorkbook = new org.apache.poi.hssf.usermodel.HSSFWorkbook(fis): null

2018-06-29 13:15:38 - [TEST_STEP][PASSED] - Statement - sc = hssfWorkbook.getNumberOfSheets(): null

2018-06-29 13:15:38 - [TEST_STEP][PASSED] - Statement - println(sc): null

2018-06-29 13:15:38 - [TEST_STEP][PASSED] - Statement - hssfSheet = hssfWorkbook.getSheetAt(0): null

2018-06-29 13:15:38 - [TEST_STEP][PASSED] - Statement - hssfRow = hssfSheet.getRow(1): null

2018-06-29 13:15:38 - [TEST_STEP][PASSED] - Statement - fid = hssfRow.getCell(0): null

2018-06-29 13:15:38 - [TEST_STEP][PASSED] - Statement - vid = hssfRow.getCell(1): null

2018-06-29 13:15:38 - [TEST_STEP][PASSED] - Statement - aid = hssfRow.getCell(2): null

2018-06-29 13:15:38 - [TEST_STEP][PASSED] - Statement - subid = hssfRow.getCell(3): null

2018-06-29 13:15:38 - [TEST_STEP][PASSED] - Statement - wsid = hssfRow.getCell(4): null

2018-06-29 13:15:38 - [TEST_STEP][PASSED] - Statement - reqid = hssfRow.getCell(5): null

2018-06-29 13:15:38 - [TEST_STEP][PASSED] - Statement - accNo = hssfRow.getCell(6): null

2018-06-29 13:15:38 - [TEST_STEP][PASSED] - Statement - println(vid): null

2018-06-29 13:15:38 - [TEST_STEP][PASSED] - Statement - map = [:]: null

2018-06-29 13:15:38 - [TEST_STEP][PASSED] - Statement - map.put("formID", fid): null

2018-06-29 13:15:38 - [TEST_STEP][PASSED] - Statement - map.put("viewID", vid): null

2018-06-29 13:15:38 - [TEST_STEP][PASSED] - Statement - map.put("appID", aid): null

2018-06-29 13:15:38 - [TEST_STEP][PASSED] - Statement - map.put("subWSID", subid): null

2018-06-29 13:15:38 - [TEST_STEP][PASSED] - Statement - map.put("WSID", wsid): null

2018-06-29 13:15:38 - [TEST_STEP][PASSED] - Statement - map.put("REQID", reqid): null

2018-06-29 13:15:38 - [TEST_STEP][PASSED] - Statement - map.put("AccNo", accNo): null

2018-06-29 13:15:38 - [TEST_STEP][PASSED] - Statement - return map: null

2018-06-29 13:15:38 - [MESSAGE][PASSED] - Call Test Case 'Test Cases/Studio Smoke Test Cases/ReadExcel' successfully

2018-06-29 13:15:38 - [TEST_STEP][PASSED] - Statement - form_id = common["formID"]: null

2018-06-29 13:15:38 - [TEST_STEP][PASSED] - Statement - println(form_id): null

2018-06-29 13:15:38 - [TEST_STEP][PASSED] - Statement - view_id = common["viewID"]: null

2018-06-29 13:15:38 - [TEST_STEP][PASSED] - Statement - println(view_id): null

2018-06-29 13:15:38 - [TEST_STEP][PASSED] - click: Object: 'Object Repository/New_Test_Create_Form/Page_Canvas World/span_Create' is clicked on

2018-06-29 13:15:39 - [MESSAGE][PASSED] - Object: 'Object Repository/New_Test_Create_Form/Page_Canvas World/span_Create' is clicked on

2018-06-29 13:15:39 - [TEST_STEP][PASSED] - click: Object: 'Object Repository/New_Test_Create_View/Page_Canvas World/span_View' is clicked on

2018-06-29 13:15:39 - [MESSAGE][PASSED] - Object: 'Object Repository/New_Test_Create_View/Page_Canvas World/span_View' is clicked on

2018-06-29 13:15:39 - [TEST_STEP][PASSED] - waitForPageLoad: Wait for page load successfully

2018-06-29 13:15:39 - [MESSAGE][PASSED] - Wait for page load successfully

2018-06-29 13:15:39 - [TEST_STEP][PASSED] - click: Object: 'Object Repository/New_Test_Create_View/Page_Canvas World/enter_ViewId' is clicked on

2018-06-29 13:15:42 - [MESSAGE][PASSED] - Object: 'Object Repository/New_Test_Create_View/Page_Canvas World/enter_ViewId' is clicked on

2018-06-29 13:15:42 - [TEST_STEP][PASSED] - setText: Text 'A001' is set on object 'Object Repository/New_Test_Create_View/Page_Canvas World/enter_ViewId'

2018-06-29 13:15:42 - [MESSAGE][PASSED] - Text 'A001' is set on object 'Object Repository/New_Test_Create_View/Page_Canvas World/enter_ViewId'

2018-06-29 13:15:42 - [TEST_STEP][PASSED] - click: Object: 'Object Repository/New_Test_Create_View/Page_Canvas World/view_DisplayName' is clicked on

2018-06-29 13:15:42 - [MESSAGE][PASSED] - Object: 'Object Repository/New_Test_Create_View/Page_Canvas World/view_DisplayName' is clicked on

2018-06-29 13:15:42 - [TEST_STEP][PASSED] - setText: Text 'A001' is set on object 'Object Repository/New_Test_Create_View/Page_Canvas World/view_DisplayName'

2018-06-29 13:15:43 - [MESSAGE][PASSED] - Text 'A001' is set on object 'Object Repository/New_Test_Create_View/Page_Canvas World/view_DisplayName'

2018-06-29 13:15:43 - [TEST_STEP][PASSED] - selectOptionByValue: All options with value 'CLASSIC_GRID' are selected in object 'Object Repository/New_Test_Create_View/Page_Canvas World/select_ViewType' 

2018-06-29 13:15:43 - [MESSAGE][PASSED] - All options with value 'CLASSIC_GRID' are selected in object 'Object Repository/New_Test_Create_View/Page_Canvas World/select_ViewType' 

2018-06-29 13:15:43 - [TEST_STEP][PASSED] - click: Object: 'Object Repository/New_Test_Create_View/Page_Canvas World/enter_ResourceBundle' is clicked on

2018-06-29 13:15:43 - [MESSAGE][PASSED] - Object: 'Object Repository/New_Test_Create_View/Page_Canvas World/enter_ResourceBundle' is clicked on

2018-06-29 13:15:43 - [TEST_STEP][PASSED] - setText: Text 'common' is set on object 'Object Repository/New_Test_Create_View/Page_Canvas World/enter_ResourceBundle'

2018-06-29 13:15:44 - [MESSAGE][PASSED] - Text 'common' is set on object 'Object Repository/New_Test_Create_View/Page_Canvas World/enter_ResourceBundle'

2018-06-29 13:15:44 - [TEST_STEP][PASSED] - delay: Delayed 10 second(s)

2018-06-29 13:15:54 - [MESSAGE][PASSED] - Delayed 10 second(s)

2018-06-29 13:15:54 - [TEST_STEP][PASSED] - waitForElementVisible: Object 'Object Repository/New_Test_Create_List_Grid/Page_Canvas World/click_selectForm' is visible

2018-06-29 13:15:54 - [MESSAGE][PASSED] - Object 'Object Repository/New_Test_Create_List_Grid/Page_Canvas World/click_selectForm' is visible

2018-06-29 13:15:54 - [TEST_STEP][PASSED] - click: Object: 'Object Repository/New_Test_Create_List_Grid/Page_Canvas World/click_selectForm' is clicked on

2018-06-29 13:15:54 - [MESSAGE][PASSED] - Object: 'Object Repository/New_Test_Create_List_Grid/Page_Canvas World/click_selectForm' is clicked on

2018-06-29 13:15:54 - [TEST_STEP][PASSED] - Statement - selectForm = "//span[starts-with(text(), '" + "ACCOUNT_TABLE" + "')]": null

2018-06-29 13:15:54 - [TEST_STEP][PASSED] - Statement - println(selectForm): null

2018-06-29 13:15:54 - [TEST_STEP][PASSED] - Statement - dynamicObject = new com.kms.katalon.core.testobject.TestObject(selectForm).addProperty("xpath", EQUALS, selectForm, true): null

2018-06-29 13:15:54 - [TEST_STEP][PASSED] - waitForElementVisible: Object '//span[starts-with(text(), 'ACCOUNT_TABLE')]' is visible

2018-06-29 13:15:55 - [MESSAGE][PASSED] - Object '//span[starts-with(text(), 'ACCOUNT_TABLE')]' is visible

2018-06-29 13:15:55 - [TEST_STEP][PASSED] - doubleClick: Object: '//span[starts-with(text(), 'ACCOUNT_TABLE')]' is double clicked on

2018-06-29 13:15:55 - [MESSAGE][PASSED] - Object: '//span[starts-with(text(), 'ACCOUNT_TABLE')]' is double clicked on

2018-06-29 13:15:55 - [TEST_STEP][PASSED] - doubleClick: Object: '//span[starts-with(text(), 'ACCOUNT_TABLE')]' is double clicked on

2018-06-29 13:15:55 - [MESSAGE][PASSED] - Object: '//span[starts-with(text(), 'ACCOUNT_TABLE')]' is double clicked on

2018-06-29 13:15:55 - [TEST_STEP][PASSED] - delay: Delayed 3 second(s)

2018-06-29 13:15:58 - [MESSAGE][PASSED] - Delayed 3 second(s)

2018-06-29 13:15:58 - [TEST_STEP][PASSED] - click: Object: 'Object Repository/New_Test_Create_List_Grid/Page_Canvas World/click_default_ins_yes' is clicked on

2018-06-29 13:15:58 - [MESSAGE][PASSED] - Object: 'Object Repository/New_Test_Create_List_Grid/Page_Canvas World/click_default_ins_yes' is clicked on

2018-06-29 13:15:58 - [TEST_STEP][PASSED] - selectOptionByValue: All options with value 'CUSER' are selected in object 'Object Repository/New_Test_Create_View/Page_Canvas World/select_ProductCode' 

2018-06-29 13:15:59 - [MESSAGE][PASSED] - All options with value 'CUSER' are selected in object 'Object Repository/New_Test_Create_View/Page_Canvas World/select_ProductCode' 

2018-06-29 13:15:59 - [TEST_STEP][PASSED] - selectOptionByValue: All options with value 'CUSER' are selected in object 'Object Repository/New_Test_Create_View/Page_Canvas World/select_SubProductCode' 

2018-06-29 13:15:59 - [MESSAGE][PASSED] - All options with value 'CUSER' are selected in object 'Object Repository/New_Test_Create_View/Page_Canvas World/select_SubProductCode' 

2018-06-29 13:15:59 - [TEST_STEP][PASSED] - selectOptionByValue: All options with value 'VSBLTY' are selected in object 'Object Repository/New_Test_Create_View/Page_Canvas World/select_FunctionCode' 

2018-06-29 13:15:59 - [MESSAGE][PASSED] - All options with value 'VSBLTY' are selected in object 'Object Repository/New_Test_Create_View/Page_Canvas World/select_FunctionCode' 

2018-06-29 13:15:59 - [TEST_STEP][PASSED] - delay: Delayed 3 second(s)

2018-06-29 13:16:02 - [MESSAGE][PASSED] - Delayed 3 second(s)

2018-06-29 13:16:02 - [TEST_STEP][PASSED] - click: Object: 'Object Repository/New_Test_Create_List_Grid/Page_Canvas World/expand_gridConfig' is clicked on

2018-06-29 13:16:02 - [MESSAGE][PASSED] - Object: 'Object Repository/New_Test_Create_List_Grid/Page_Canvas World/expand_gridConfig' is clicked on

2018-06-29 13:16:02 - [TEST_STEP][PASSED] - setText: Text '2' is set on object 'Object Repository/New_Test_Create_List_Grid/Page_Canvas World/enter_numberPerPage'

2018-06-29 13:16:03 - [MESSAGE][PASSED] - Text '2' is set on object 'Object Repository/New_Test_Create_List_Grid/Page_Canvas World/enter_numberPerPage'

2018-06-29 13:16:03 - [TEST_STEP][PASSED] - delay: Delayed 3 second(s)

2018-06-29 13:16:06 - [MESSAGE][PASSED] - Delayed 3 second(s)

2018-06-29 13:16:06 - [TEST_STEP][PASSED] - click: Object: 'Object Repository/New_Test_Create_View/Page_Canvas World/view_Submit' is clicked on

2018-06-29 13:16:06 - [MESSAGE][PASSED] - Object: 'Object Repository/New_Test_Create_View/Page_Canvas World/view_Submit' is clicked on

2018-06-29 13:16:06 - [TEST_STEP][PASSED] - click: Object: 'Object Repository/New_Test_Create_View/Page_Canvas World/view_Submission' is clicked on

2018-06-29 13:16:08 - [MESSAGE][PASSED] - Object: 'Object Repository/New_Test_Create_View/Page_Canvas World/view_Submission' is clicked on]]></system-out>
         <system-err><![CDATA[]]></system-err>
      </testcase>
      <testcase name="Test Cases/Smoke Test/New_Create_List_Grid_Property" classname="Test Cases/Smoke Test/New_Create_List_Grid_Property" status="PASSED">
         <system-out><![CDATA[2018-06-29 13:16:08 - [TEST_CASE][PASSED] - Test Cases/Smoke Test/New_Create_List_Grid_Property: Test Cases/Smoke Test/New_Create_List_Grid_Property

2018-06-29 13:16:09 - [TEST_STEP][PASSED] - Statement - common = com.kms.katalon.core.webui.keyword.WebUiBuiltInKeywords.callTestCase(com.kms.katalon.core.testcase.TestCaseFactory.findTestCase(Test Cases/Studio Smoke Test Cases/ReadExcel), [:]): Call Test Case 'Test Cases/Studio Smoke Test Cases/ReadExcel' successfully

2018-06-29 13:16:09 - [TEST_CASE][PASSED] - Test Cases/Studio Smoke Test Cases/ReadExcel: Test Cases/Studio Smoke Test Cases/ReadExcel

2018-06-29 13:16:09 - [TEST_STEP][PASSED] - Statement - path = "D:\Sheepa\Katalon\Studio Smoke Test\Studio Smoke Test\Data Files\Data Input.xls": null

2018-06-29 13:16:09 - [TEST_STEP][PASSED] - Statement - fis = new java.io.FileInputStream(path): null

2018-06-29 13:16:09 - [TEST_STEP][PASSED] - Statement - hssfWorkbook = new org.apache.poi.hssf.usermodel.HSSFWorkbook(fis): null

2018-06-29 13:16:09 - [TEST_STEP][PASSED] - Statement - sc = hssfWorkbook.getNumberOfSheets(): null

2018-06-29 13:16:09 - [TEST_STEP][PASSED] - Statement - println(sc): null

2018-06-29 13:16:09 - [TEST_STEP][PASSED] - Statement - hssfSheet = hssfWorkbook.getSheetAt(0): null

2018-06-29 13:16:09 - [TEST_STEP][PASSED] - Statement - hssfRow = hssfSheet.getRow(1): null

2018-06-29 13:16:09 - [TEST_STEP][PASSED] - Statement - fid = hssfRow.getCell(0): null

2018-06-29 13:16:09 - [TEST_STEP][PASSED] - Statement - vid = hssfRow.getCell(1): null

2018-06-29 13:16:09 - [TEST_STEP][PASSED] - Statement - aid = hssfRow.getCell(2): null

2018-06-29 13:16:09 - [TEST_STEP][PASSED] - Statement - subid = hssfRow.getCell(3): null

2018-06-29 13:16:09 - [TEST_STEP][PASSED] - Statement - wsid = hssfRow.getCell(4): null

2018-06-29 13:16:09 - [TEST_STEP][PASSED] - Statement - reqid = hssfRow.getCell(5): null

2018-06-29 13:16:09 - [TEST_STEP][PASSED] - Statement - accNo = hssfRow.getCell(6): null

2018-06-29 13:16:09 - [TEST_STEP][PASSED] - Statement - println(vid): null

2018-06-29 13:16:09 - [TEST_STEP][PASSED] - Statement - map = [:]: null

2018-06-29 13:16:09 - [TEST_STEP][PASSED] - Statement - map.put("formID", fid): null

2018-06-29 13:16:09 - [TEST_STEP][PASSED] - Statement - map.put("viewID", vid): null

2018-06-29 13:16:09 - [TEST_STEP][PASSED] - Statement - map.put("appID", aid): null

2018-06-29 13:16:09 - [TEST_STEP][PASSED] - Statement - map.put("subWSID", subid): null

2018-06-29 13:16:09 - [TEST_STEP][PASSED] - Statement - map.put("WSID", wsid): null

2018-06-29 13:16:09 - [TEST_STEP][PASSED] - Statement - map.put("REQID", reqid): null

2018-06-29 13:16:09 - [TEST_STEP][PASSED] - Statement - map.put("AccNo", accNo): null

2018-06-29 13:16:09 - [TEST_STEP][PASSED] - Statement - return map: null

2018-06-29 13:16:09 - [MESSAGE][PASSED] - Call Test Case 'Test Cases/Studio Smoke Test Cases/ReadExcel' successfully

2018-06-29 13:16:09 - [TEST_STEP][PASSED] - Statement - form_id = common["formID"]: null

2018-06-29 13:16:09 - [TEST_STEP][PASSED] - Statement - println(form_id): null

2018-06-29 13:16:09 - [TEST_STEP][PASSED] - Statement - view_id = common["viewID"]: null

2018-06-29 13:16:09 - [TEST_STEP][PASSED] - Statement - println(view_id): null

2018-06-29 13:16:09 - [TEST_STEP][PASSED] - click: Object: 'Object Repository/New_Test_Create_Form/Page_Canvas World/span_Create' is clicked on

2018-06-29 13:16:09 - [MESSAGE][PASSED] - Object: 'Object Repository/New_Test_Create_Form/Page_Canvas World/span_Create' is clicked on

2018-06-29 13:16:09 - [TEST_STEP][PASSED] - click: Object: 'Object Repository/New_Test_Create_View/Page_Canvas World/span_View' is clicked on

2018-06-29 13:16:09 - [MESSAGE][PASSED] - Object: 'Object Repository/New_Test_Create_View/Page_Canvas World/span_View' is clicked on

2018-06-29 13:16:09 - [TEST_STEP][PASSED] - waitForPageLoad: Wait for page load successfully

2018-06-29 13:16:10 - [MESSAGE][PASSED] - Wait for page load successfully

2018-06-29 13:16:10 - [TEST_STEP][PASSED] - click: Object: 'Object Repository/New_Test_Create_View/Page_Canvas World/enter_ViewId' is clicked on

2018-06-29 13:16:11 - [MESSAGE][PASSED] - Object: 'Object Repository/New_Test_Create_View/Page_Canvas World/enter_ViewId' is clicked on

2018-06-29 13:16:11 - [TEST_STEP][PASSED] - setText: Text 'A004' is set on object 'Object Repository/New_Test_Create_View/Page_Canvas World/enter_ViewId'

2018-06-29 13:16:12 - [MESSAGE][PASSED] - Text 'A004' is set on object 'Object Repository/New_Test_Create_View/Page_Canvas World/enter_ViewId'

2018-06-29 13:16:12 - [TEST_STEP][PASSED] - click: Object: 'Object Repository/New_Test_Create_View/Page_Canvas World/view_DisplayName' is clicked on

2018-06-29 13:16:12 - [MESSAGE][PASSED] - Object: 'Object Repository/New_Test_Create_View/Page_Canvas World/view_DisplayName' is clicked on

2018-06-29 13:16:12 - [TEST_STEP][PASSED] - setText: Text 'A004' is set on object 'Object Repository/New_Test_Create_View/Page_Canvas World/view_DisplayName'

2018-06-29 13:16:12 - [MESSAGE][PASSED] - Text 'A004' is set on object 'Object Repository/New_Test_Create_View/Page_Canvas World/view_DisplayName'

2018-06-29 13:16:12 - [TEST_STEP][PASSED] - selectOptionByValue: All options with value 'PROPERTY' are selected in object 'Object Repository/New_Test_Create_View/Page_Canvas World/select_ViewType' 

2018-06-29 13:16:12 - [MESSAGE][PASSED] - All options with value 'PROPERTY' are selected in object 'Object Repository/New_Test_Create_View/Page_Canvas World/select_ViewType' 

2018-06-29 13:16:12 - [TEST_STEP][PASSED] - click: Object: 'Object Repository/New_Test_Create_View/Page_Canvas World/enter_ResourceBundle' is clicked on

2018-06-29 13:16:13 - [MESSAGE][PASSED] - Object: 'Object Repository/New_Test_Create_View/Page_Canvas World/enter_ResourceBundle' is clicked on

2018-06-29 13:16:13 - [TEST_STEP][PASSED] - setText: Text 'common' is set on object 'Object Repository/New_Test_Create_View/Page_Canvas World/enter_ResourceBundle'

2018-06-29 13:16:13 - [MESSAGE][PASSED] - Text 'common' is set on object 'Object Repository/New_Test_Create_View/Page_Canvas World/enter_ResourceBundle'

2018-06-29 13:16:13 - [TEST_STEP][PASSED] - waitForElementVisible: Object 'Object Repository/New_Test_Create_List_Grid/Page_Canvas World/click_selectForm' is visible

2018-06-29 13:16:13 - [MESSAGE][PASSED] - Object 'Object Repository/New_Test_Create_List_Grid/Page_Canvas World/click_selectForm' is visible

2018-06-29 13:16:13 - [TEST_STEP][PASSED] - click: Object: 'Object Repository/New_Test_Create_List_Grid/Page_Canvas World/click_selectForm' is clicked on

2018-06-29 13:16:13 - [MESSAGE][PASSED] - Object: 'Object Repository/New_Test_Create_List_Grid/Page_Canvas World/click_selectForm' is clicked on

2018-06-29 13:16:13 - [TEST_STEP][PASSED] - Statement - selectForm = "//span[starts-with(text(), '" + "ACCOUNT_TABLE" + "')]": null

2018-06-29 13:16:13 - [TEST_STEP][PASSED] - Statement - println(selectForm): null

2018-06-29 13:16:13 - [TEST_STEP][PASSED] - Statement - dynamicObject = new com.kms.katalon.core.testobject.TestObject(selectForm).addProperty("xpath", EQUALS, selectForm, true): null

2018-06-29 13:16:13 - [TEST_STEP][PASSED] - waitForElementVisible: Object '//span[starts-with(text(), 'ACCOUNT_TABLE')]' is visible

2018-06-29 13:16:14 - [MESSAGE][PASSED] - Object '//span[starts-with(text(), 'ACCOUNT_TABLE')]' is visible

2018-06-29 13:16:14 - [TEST_STEP][PASSED] - doubleClick: Object: '//span[starts-with(text(), 'ACCOUNT_TABLE')]' is double clicked on

2018-06-29 13:16:14 - [MESSAGE][PASSED] - Object: '//span[starts-with(text(), 'ACCOUNT_TABLE')]' is double clicked on

2018-06-29 13:16:14 - [TEST_STEP][PASSED] - doubleClick: Object: '//span[starts-with(text(), 'ACCOUNT_TABLE')]' is double clicked on

2018-06-29 13:16:14 - [MESSAGE][PASSED] - Object: '//span[starts-with(text(), 'ACCOUNT_TABLE')]' is double clicked on

2018-06-29 13:16:14 - [TEST_STEP][PASSED] - delay: Delayed 3 second(s)

2018-06-29 13:16:17 - [MESSAGE][PASSED] - Delayed 3 second(s)

2018-06-29 13:16:17 - [TEST_STEP][PASSED] - click: Object: 'Object Repository/New_Test_Create_List_Grid/Page_Canvas World/click_default_ins_yes' is clicked on

2018-06-29 13:16:17 - [MESSAGE][PASSED] - Object: 'Object Repository/New_Test_Create_List_Grid/Page_Canvas World/click_default_ins_yes' is clicked on

2018-06-29 13:16:17 - [TEST_STEP][PASSED] - selectOptionByValue: All options with value 'CUSER' are selected in object 'Object Repository/New_Test_Create_View/Page_Canvas World/select_ProductCode' 

2018-06-29 13:16:17 - [MESSAGE][PASSED] - All options with value 'CUSER' are selected in object 'Object Repository/New_Test_Create_View/Page_Canvas World/select_ProductCode' 

2018-06-29 13:16:17 - [TEST_STEP][PASSED] - selectOptionByValue: All options with value 'CUSER' are selected in object 'Object Repository/New_Test_Create_View/Page_Canvas World/select_SubProductCode' 

2018-06-29 13:16:18 - [MESSAGE][PASSED] - All options with value 'CUSER' are selected in object 'Object Repository/New_Test_Create_View/Page_Canvas World/select_SubProductCode' 

2018-06-29 13:16:18 - [TEST_STEP][PASSED] - selectOptionByValue: All options with value 'VSBLTY' are selected in object 'Object Repository/New_Test_Create_View/Page_Canvas World/select_FunctionCode' 

2018-06-29 13:16:18 - [MESSAGE][PASSED] - All options with value 'VSBLTY' are selected in object 'Object Repository/New_Test_Create_View/Page_Canvas World/select_FunctionCode' 

2018-06-29 13:16:18 - [TEST_STEP][PASSED] - delay: Delayed 3 second(s)

2018-06-29 13:16:21 - [MESSAGE][PASSED] - Delayed 3 second(s)

2018-06-29 13:16:21 - [TEST_STEP][PASSED] - click: Object: 'Object Repository/New_Test_Create_View/Page_Canvas World/view_Submit' is clicked on

2018-06-29 13:16:21 - [MESSAGE][PASSED] - Object: 'Object Repository/New_Test_Create_View/Page_Canvas World/view_Submit' is clicked on

2018-06-29 13:16:21 - [TEST_STEP][PASSED] - click: Object: 'Object Repository/New_Test_Create_View/Page_Canvas World/view_Submission' is clicked on

2018-06-29 13:16:24 - [MESSAGE][PASSED] - Object: 'Object Repository/New_Test_Create_View/Page_Canvas World/view_Submission' is clicked on]]></system-out>
         <system-err><![CDATA[]]></system-err>
      </testcase>
      <testcase name="Test Cases/Smoke Test/New_Create_List_Grid_Paging" classname="Test Cases/Smoke Test/New_Create_List_Grid_Paging" status="PASSED">
         <system-out><![CDATA[2018-06-29 13:16:24 - [TEST_CASE][PASSED] - Test Cases/Smoke Test/New_Create_List_Grid_Paging: Test Cases/Smoke Test/New_Create_List_Grid_Paging

2018-06-29 13:16:24 - [TEST_STEP][PASSED] - waitForPageLoad: Wait for page load successfully

2018-06-29 13:16:24 - [MESSAGE][PASSED] - Wait for page load successfully

2018-06-29 13:16:24 - [TEST_STEP][PASSED] - Statement - common = com.kms.katalon.core.webui.keyword.WebUiBuiltInKeywords.callTestCase(com.kms.katalon.core.testcase.TestCaseFactory.findTestCase(Test Cases/Studio Smoke Test Cases/ReadExcel), [:]): Call Test Case 'Test Cases/Studio Smoke Test Cases/ReadExcel' successfully

2018-06-29 13:16:24 - [TEST_CASE][PASSED] - Test Cases/Studio Smoke Test Cases/ReadExcel: Test Cases/Studio Smoke Test Cases/ReadExcel

2018-06-29 13:16:24 - [TEST_STEP][PASSED] - Statement - path = "D:\Sheepa\Katalon\Studio Smoke Test\Studio Smoke Test\Data Files\Data Input.xls": null

2018-06-29 13:16:24 - [TEST_STEP][PASSED] - Statement - fis = new java.io.FileInputStream(path): null

2018-06-29 13:16:24 - [TEST_STEP][PASSED] - Statement - hssfWorkbook = new org.apache.poi.hssf.usermodel.HSSFWorkbook(fis): null

2018-06-29 13:16:24 - [TEST_STEP][PASSED] - Statement - sc = hssfWorkbook.getNumberOfSheets(): null

2018-06-29 13:16:24 - [TEST_STEP][PASSED] - Statement - println(sc): null

2018-06-29 13:16:24 - [TEST_STEP][PASSED] - Statement - hssfSheet = hssfWorkbook.getSheetAt(0): null

2018-06-29 13:16:24 - [TEST_STEP][PASSED] - Statement - hssfRow = hssfSheet.getRow(1): null

2018-06-29 13:16:24 - [TEST_STEP][PASSED] - Statement - fid = hssfRow.getCell(0): null

2018-06-29 13:16:24 - [TEST_STEP][PASSED] - Statement - vid = hssfRow.getCell(1): null

2018-06-29 13:16:24 - [TEST_STEP][PASSED] - Statement - aid = hssfRow.getCell(2): null

2018-06-29 13:16:24 - [TEST_STEP][PASSED] - Statement - subid = hssfRow.getCell(3): null

2018-06-29 13:16:24 - [TEST_STEP][PASSED] - Statement - wsid = hssfRow.getCell(4): null

2018-06-29 13:16:24 - [TEST_STEP][PASSED] - Statement - reqid = hssfRow.getCell(5): null

2018-06-29 13:16:24 - [TEST_STEP][PASSED] - Statement - accNo = hssfRow.getCell(6): null

2018-06-29 13:16:24 - [TEST_STEP][PASSED] - Statement - println(vid): null

2018-06-29 13:16:24 - [TEST_STEP][PASSED] - Statement - map = [:]: null

2018-06-29 13:16:24 - [TEST_STEP][PASSED] - Statement - map.put("formID", fid): null

2018-06-29 13:16:24 - [TEST_STEP][PASSED] - Statement - map.put("viewID", vid): null

2018-06-29 13:16:24 - [TEST_STEP][PASSED] - Statement - map.put("appID", aid): null

2018-06-29 13:16:24 - [TEST_STEP][PASSED] - Statement - map.put("subWSID", subid): null

2018-06-29 13:16:24 - [TEST_STEP][PASSED] - Statement - map.put("WSID", wsid): null

2018-06-29 13:16:24 - [TEST_STEP][PASSED] - Statement - map.put("REQID", reqid): null

2018-06-29 13:16:24 - [TEST_STEP][PASSED] - Statement - map.put("AccNo", accNo): null

2018-06-29 13:16:24 - [TEST_STEP][PASSED] - Statement - return map: null

2018-06-29 13:16:24 - [MESSAGE][PASSED] - Call Test Case 'Test Cases/Studio Smoke Test Cases/ReadExcel' successfully

2018-06-29 13:16:24 - [TEST_STEP][PASSED] - Statement - form_id = common["formID"]: null

2018-06-29 13:16:24 - [TEST_STEP][PASSED] - Statement - println(form_id): null

2018-06-29 13:16:24 - [TEST_STEP][PASSED] - Statement - view_id = common["viewID"]: null

2018-06-29 13:16:24 - [TEST_STEP][PASSED] - Statement - println(view_id): null

2018-06-29 13:16:24 - [TEST_STEP][PASSED] - click: Object: 'Object Repository/New_Test_Create_Form/Page_Canvas World/span_Create' is clicked on

2018-06-29 13:16:24 - [MESSAGE][PASSED] - Object: 'Object Repository/New_Test_Create_Form/Page_Canvas World/span_Create' is clicked on

2018-06-29 13:16:24 - [TEST_STEP][PASSED] - click: Object: 'Object Repository/New_Test_Create_View/Page_Canvas World/span_View' is clicked on

2018-06-29 13:16:24 - [MESSAGE][PASSED] - Object: 'Object Repository/New_Test_Create_View/Page_Canvas World/span_View' is clicked on

2018-06-29 13:16:25 - [TEST_STEP][PASSED] - waitForPageLoad: Wait for page load successfully

2018-06-29 13:16:25 - [MESSAGE][PASSED] - Wait for page load successfully

2018-06-29 13:16:25 - [TEST_STEP][PASSED] - click: Object: 'Object Repository/New_Test_Create_View/Page_Canvas World/enter_ViewId' is clicked on

2018-06-29 13:16:26 - [MESSAGE][PASSED] - Object: 'Object Repository/New_Test_Create_View/Page_Canvas World/enter_ViewId' is clicked on

2018-06-29 13:16:26 - [TEST_STEP][PASSED] - setText: Text 'A003' is set on object 'Object Repository/New_Test_Create_View/Page_Canvas World/enter_ViewId'

2018-06-29 13:16:26 - [MESSAGE][PASSED] - Text 'A003' is set on object 'Object Repository/New_Test_Create_View/Page_Canvas World/enter_ViewId'

2018-06-29 13:16:26 - [TEST_STEP][PASSED] - click: Object: 'Object Repository/New_Test_Create_View/Page_Canvas World/view_DisplayName' is clicked on

2018-06-29 13:16:27 - [MESSAGE][PASSED] - Object: 'Object Repository/New_Test_Create_View/Page_Canvas World/view_DisplayName' is clicked on

2018-06-29 13:16:27 - [TEST_STEP][PASSED] - setText: Text 'A003' is set on object 'Object Repository/New_Test_Create_View/Page_Canvas World/view_DisplayName'

2018-06-29 13:16:27 - [MESSAGE][PASSED] - Text 'A003' is set on object 'Object Repository/New_Test_Create_View/Page_Canvas World/view_DisplayName'

2018-06-29 13:16:27 - [TEST_STEP][PASSED] - selectOptionByValue: All options with value 'PAGING' are selected in object 'Object Repository/New_Test_Create_View/Page_Canvas World/select_ViewType' 

2018-06-29 13:16:27 - [MESSAGE][PASSED] - All options with value 'PAGING' are selected in object 'Object Repository/New_Test_Create_View/Page_Canvas World/select_ViewType' 

2018-06-29 13:16:27 - [TEST_STEP][PASSED] - click: Object: 'Object Repository/New_Test_Create_View/Page_Canvas World/enter_ResourceBundle' is clicked on

2018-06-29 13:16:27 - [MESSAGE][PASSED] - Object: 'Object Repository/New_Test_Create_View/Page_Canvas World/enter_ResourceBundle' is clicked on

2018-06-29 13:16:27 - [TEST_STEP][PASSED] - setText: Text 'common' is set on object 'Object Repository/New_Test_Create_View/Page_Canvas World/enter_ResourceBundle'

2018-06-29 13:16:28 - [MESSAGE][PASSED] - Text 'common' is set on object 'Object Repository/New_Test_Create_View/Page_Canvas World/enter_ResourceBundle'

2018-06-29 13:16:28 - [TEST_STEP][PASSED] - delay: Delayed 10 second(s)

2018-06-29 13:16:38 - [MESSAGE][PASSED] - Delayed 10 second(s)

2018-06-29 13:16:38 - [TEST_STEP][PASSED] - waitForElementVisible: Object 'Object Repository/New_Test_Create_List_Grid/Page_Canvas World/click_selectForm' is visible

2018-06-29 13:16:38 - [MESSAGE][PASSED] - Object 'Object Repository/New_Test_Create_List_Grid/Page_Canvas World/click_selectForm' is visible

2018-06-29 13:16:38 - [TEST_STEP][PASSED] - click: Object: 'Object Repository/New_Test_Create_List_Grid/Page_Canvas World/click_selectForm' is clicked on

2018-06-29 13:16:38 - [MESSAGE][PASSED] - Object: 'Object Repository/New_Test_Create_List_Grid/Page_Canvas World/click_selectForm' is clicked on

2018-06-29 13:16:38 - [TEST_STEP][PASSED] - Statement - selectForm = "//span[starts-with(text(), '" + "ACCOUNT_TABLE" + "')]": null

2018-06-29 13:16:38 - [TEST_STEP][PASSED] - Statement - println(selectForm): null

2018-06-29 13:16:38 - [TEST_STEP][PASSED] - Statement - dynamicObject = new com.kms.katalon.core.testobject.TestObject(selectForm).addProperty("xpath", EQUALS, selectForm, true): null

2018-06-29 13:16:38 - [TEST_STEP][PASSED] - waitForElementVisible: Object '//span[starts-with(text(), 'ACCOUNT_TABLE')]' is visible

2018-06-29 13:16:39 - [MESSAGE][PASSED] - Object '//span[starts-with(text(), 'ACCOUNT_TABLE')]' is visible

2018-06-29 13:16:39 - [TEST_STEP][PASSED] - doubleClick: Object: '//span[starts-with(text(), 'ACCOUNT_TABLE')]' is double clicked on

2018-06-29 13:16:39 - [MESSAGE][PASSED] - Object: '//span[starts-with(text(), 'ACCOUNT_TABLE')]' is double clicked on

2018-06-29 13:16:39 - [TEST_STEP][PASSED] - doubleClick: Object: '//span[starts-with(text(), 'ACCOUNT_TABLE')]' is double clicked on

2018-06-29 13:16:39 - [MESSAGE][PASSED] - Object: '//span[starts-with(text(), 'ACCOUNT_TABLE')]' is double clicked on

2018-06-29 13:16:39 - [TEST_STEP][PASSED] - delay: Delayed 3 second(s)

2018-06-29 13:16:42 - [MESSAGE][PASSED] - Delayed 3 second(s)

2018-06-29 13:16:42 - [TEST_STEP][PASSED] - click: Object: 'Object Repository/New_Test_Create_List_Grid/Page_Canvas World/click_default_ins_yes' is clicked on

2018-06-29 13:16:42 - [MESSAGE][PASSED] - Object: 'Object Repository/New_Test_Create_List_Grid/Page_Canvas World/click_default_ins_yes' is clicked on

2018-06-29 13:16:42 - [TEST_STEP][PASSED] - selectOptionByValue: All options with value 'CUSER' are selected in object 'Object Repository/New_Test_Create_View/Page_Canvas World/select_ProductCode' 

2018-06-29 13:16:43 - [MESSAGE][PASSED] - All options with value 'CUSER' are selected in object 'Object Repository/New_Test_Create_View/Page_Canvas World/select_ProductCode' 

2018-06-29 13:16:43 - [TEST_STEP][PASSED] - selectOptionByValue: All options with value 'CUSER' are selected in object 'Object Repository/New_Test_Create_View/Page_Canvas World/select_SubProductCode' 

2018-06-29 13:16:43 - [MESSAGE][PASSED] - All options with value 'CUSER' are selected in object 'Object Repository/New_Test_Create_View/Page_Canvas World/select_SubProductCode' 

2018-06-29 13:16:43 - [TEST_STEP][PASSED] - selectOptionByValue: All options with value 'VSBLTY' are selected in object 'Object Repository/New_Test_Create_View/Page_Canvas World/select_FunctionCode' 

2018-06-29 13:16:43 - [MESSAGE][PASSED] - All options with value 'VSBLTY' are selected in object 'Object Repository/New_Test_Create_View/Page_Canvas World/select_FunctionCode' 

2018-06-29 13:16:43 - [TEST_STEP][PASSED] - delay: Delayed 3 second(s)

2018-06-29 13:16:46 - [MESSAGE][PASSED] - Delayed 3 second(s)

2018-06-29 13:16:46 - [TEST_STEP][PASSED] - click: Object: 'Object Repository/New_Test_Create_List_Grid/Page_Canvas World/expand_gridConfig' is clicked on

2018-06-29 13:16:47 - [MESSAGE][PASSED] - Object: 'Object Repository/New_Test_Create_List_Grid/Page_Canvas World/expand_gridConfig' is clicked on

2018-06-29 13:16:47 - [TEST_STEP][PASSED] - setText: Text '2' is set on object 'Object Repository/New_Test_Create_List_Grid/Page_Canvas World/enter_numberPerPage'

2018-06-29 13:16:47 - [MESSAGE][PASSED] - Text '2' is set on object 'Object Repository/New_Test_Create_List_Grid/Page_Canvas World/enter_numberPerPage'

2018-06-29 13:16:47 - [TEST_STEP][PASSED] - delay: Delayed 3 second(s)

2018-06-29 13:16:50 - [MESSAGE][PASSED] - Delayed 3 second(s)

2018-06-29 13:16:50 - [TEST_STEP][PASSED] - click: Object: 'Object Repository/New_Test_Create_View/Page_Canvas World/view_Submit' is clicked on

2018-06-29 13:16:50 - [MESSAGE][PASSED] - Object: 'Object Repository/New_Test_Create_View/Page_Canvas World/view_Submit' is clicked on

2018-06-29 13:16:50 - [TEST_STEP][PASSED] - click: Object: 'Object Repository/New_Test_Create_View/Page_Canvas World/view_Submission' is clicked on

2018-06-29 13:16:53 - [MESSAGE][PASSED] - Object: 'Object Repository/New_Test_Create_View/Page_Canvas World/view_Submission' is clicked on]]></system-out>
         <system-err><![CDATA[]]></system-err>
      </testcase>
      <testcase name="Test Cases/Smoke Test/New_Create_List_Grid" classname="Test Cases/Smoke Test/New_Create_List_Grid" status="PASSED">
         <system-out><![CDATA[2018-06-29 13:16:53 - [TEST_CASE][PASSED] - Test Cases/Smoke Test/New_Create_List_Grid: Test Cases/Smoke Test/New_Create_List_Grid

2018-06-29 13:16:53 - [TEST_STEP][PASSED] - waitForPageLoad: Wait for page load successfully

2018-06-29 13:16:53 - [MESSAGE][PASSED] - Wait for page load successfully

2018-06-29 13:16:53 - [TEST_STEP][PASSED] - Statement - common = com.kms.katalon.core.webui.keyword.WebUiBuiltInKeywords.callTestCase(com.kms.katalon.core.testcase.TestCaseFactory.findTestCase(Test Cases/Studio Smoke Test Cases/ReadExcel), [:]): Call Test Case 'Test Cases/Studio Smoke Test Cases/ReadExcel' successfully

2018-06-29 13:16:53 - [TEST_CASE][PASSED] - Test Cases/Studio Smoke Test Cases/ReadExcel: Test Cases/Studio Smoke Test Cases/ReadExcel

2018-06-29 13:16:53 - [TEST_STEP][PASSED] - Statement - path = "D:\Sheepa\Katalon\Studio Smoke Test\Studio Smoke Test\Data Files\Data Input.xls": null

2018-06-29 13:16:53 - [TEST_STEP][PASSED] - Statement - fis = new java.io.FileInputStream(path): null

2018-06-29 13:16:53 - [TEST_STEP][PASSED] - Statement - hssfWorkbook = new org.apache.poi.hssf.usermodel.HSSFWorkbook(fis): null

2018-06-29 13:16:53 - [TEST_STEP][PASSED] - Statement - sc = hssfWorkbook.getNumberOfSheets(): null

2018-06-29 13:16:53 - [TEST_STEP][PASSED] - Statement - println(sc): null

2018-06-29 13:16:53 - [TEST_STEP][PASSED] - Statement - hssfSheet = hssfWorkbook.getSheetAt(0): null

2018-06-29 13:16:53 - [TEST_STEP][PASSED] - Statement - hssfRow = hssfSheet.getRow(1): null

2018-06-29 13:16:53 - [TEST_STEP][PASSED] - Statement - fid = hssfRow.getCell(0): null

2018-06-29 13:16:53 - [TEST_STEP][PASSED] - Statement - vid = hssfRow.getCell(1): null

2018-06-29 13:16:53 - [TEST_STEP][PASSED] - Statement - aid = hssfRow.getCell(2): null

2018-06-29 13:16:53 - [TEST_STEP][PASSED] - Statement - subid = hssfRow.getCell(3): null

2018-06-29 13:16:53 - [TEST_STEP][PASSED] - Statement - wsid = hssfRow.getCell(4): null

2018-06-29 13:16:53 - [TEST_STEP][PASSED] - Statement - reqid = hssfRow.getCell(5): null

2018-06-29 13:16:53 - [TEST_STEP][PASSED] - Statement - accNo = hssfRow.getCell(6): null

2018-06-29 13:16:53 - [TEST_STEP][PASSED] - Statement - println(vid): null

2018-06-29 13:16:53 - [TEST_STEP][PASSED] - Statement - map = [:]: null

2018-06-29 13:16:53 - [TEST_STEP][PASSED] - Statement - map.put("formID", fid): null

2018-06-29 13:16:53 - [TEST_STEP][PASSED] - Statement - map.put("viewID", vid): null

2018-06-29 13:16:53 - [TEST_STEP][PASSED] - Statement - map.put("appID", aid): null

2018-06-29 13:16:53 - [TEST_STEP][PASSED] - Statement - map.put("subWSID", subid): null

2018-06-29 13:16:53 - [TEST_STEP][PASSED] - Statement - map.put("WSID", wsid): null

2018-06-29 13:16:53 - [TEST_STEP][PASSED] - Statement - map.put("REQID", reqid): null

2018-06-29 13:16:53 - [TEST_STEP][PASSED] - Statement - map.put("AccNo", accNo): null

2018-06-29 13:16:53 - [TEST_STEP][PASSED] - Statement - return map: null

2018-06-29 13:16:53 - [MESSAGE][PASSED] - Call Test Case 'Test Cases/Studio Smoke Test Cases/ReadExcel' successfully

2018-06-29 13:16:53 - [TEST_STEP][PASSED] - Statement - form_id = common["formID"]: null

2018-06-29 13:16:53 - [TEST_STEP][PASSED] - Statement - println(form_id): null

2018-06-29 13:16:53 - [TEST_STEP][PASSED] - Statement - view_id = common["viewID"]: null

2018-06-29 13:16:53 - [TEST_STEP][PASSED] - Statement - println(view_id): null

2018-06-29 13:16:53 - [TEST_STEP][PASSED] - click: Object: 'Object Repository/New_Test_Create_Form/Page_Canvas World/span_Create' is clicked on

2018-06-29 13:16:53 - [MESSAGE][PASSED] - Object: 'Object Repository/New_Test_Create_Form/Page_Canvas World/span_Create' is clicked on

2018-06-29 13:16:53 - [TEST_STEP][PASSED] - click: Object: 'Object Repository/New_Test_Create_View/Page_Canvas World/span_View' is clicked on

2018-06-29 13:16:53 - [MESSAGE][PASSED] - Object: 'Object Repository/New_Test_Create_View/Page_Canvas World/span_View' is clicked on

2018-06-29 13:16:53 - [TEST_STEP][PASSED] - waitForPageLoad: Wait for page load successfully

2018-06-29 13:16:53 - [MESSAGE][PASSED] - Wait for page load successfully

2018-06-29 13:16:53 - [TEST_STEP][PASSED] - click: Object: 'Object Repository/New_Test_Create_View/Page_Canvas World/enter_ViewId' is clicked on

2018-06-29 13:16:55 - [MESSAGE][PASSED] - Object: 'Object Repository/New_Test_Create_View/Page_Canvas World/enter_ViewId' is clicked on

2018-06-29 13:16:55 - [TEST_STEP][PASSED] - setText: Text 'A002' is set on object 'Object Repository/New_Test_Create_View/Page_Canvas World/enter_ViewId'

2018-06-29 13:16:55 - [MESSAGE][PASSED] - Text 'A002' is set on object 'Object Repository/New_Test_Create_View/Page_Canvas World/enter_ViewId'

2018-06-29 13:16:55 - [TEST_STEP][PASSED] - click: Object: 'Object Repository/New_Test_Create_View/Page_Canvas World/view_DisplayName' is clicked on

2018-06-29 13:16:56 - [MESSAGE][PASSED] - Object: 'Object Repository/New_Test_Create_View/Page_Canvas World/view_DisplayName' is clicked on

2018-06-29 13:16:56 - [TEST_STEP][PASSED] - setText: Text 'A002' is set on object 'Object Repository/New_Test_Create_View/Page_Canvas World/view_DisplayName'

2018-06-29 13:16:56 - [MESSAGE][PASSED] - Text 'A002' is set on object 'Object Repository/New_Test_Create_View/Page_Canvas World/view_DisplayName'

2018-06-29 13:16:56 - [TEST_STEP][PASSED] - selectOptionByValue: All options with value 'LIST' are selected in object 'Object Repository/New_Test_Create_View/Page_Canvas World/select_ViewType' 

2018-06-29 13:16:56 - [MESSAGE][PASSED] - All options with value 'LIST' are selected in object 'Object Repository/New_Test_Create_View/Page_Canvas World/select_ViewType' 

2018-06-29 13:16:56 - [TEST_STEP][PASSED] - click: Object: 'Object Repository/New_Test_Create_View/Page_Canvas World/enter_ResourceBundle' is clicked on

2018-06-29 13:16:56 - [MESSAGE][PASSED] - Object: 'Object Repository/New_Test_Create_View/Page_Canvas World/enter_ResourceBundle' is clicked on

2018-06-29 13:16:56 - [TEST_STEP][PASSED] - setText: Text 'common' is set on object 'Object Repository/New_Test_Create_View/Page_Canvas World/enter_ResourceBundle'

2018-06-29 13:16:57 - [MESSAGE][PASSED] - Text 'common' is set on object 'Object Repository/New_Test_Create_View/Page_Canvas World/enter_ResourceBundle'

2018-06-29 13:16:57 - [TEST_STEP][PASSED] - delay: Delayed 10 second(s)

2018-06-29 13:17:07 - [MESSAGE][PASSED] - Delayed 10 second(s)

2018-06-29 13:17:07 - [TEST_STEP][PASSED] - waitForElementVisible: Object 'Object Repository/New_Test_Create_List_Grid/Page_Canvas World/click_selectForm' is visible

2018-06-29 13:17:07 - [MESSAGE][PASSED] - Object 'Object Repository/New_Test_Create_List_Grid/Page_Canvas World/click_selectForm' is visible

2018-06-29 13:17:07 - [TEST_STEP][PASSED] - click: Object: 'Object Repository/New_Test_Create_List_Grid/Page_Canvas World/click_selectForm' is clicked on

2018-06-29 13:17:07 - [MESSAGE][PASSED] - Object: 'Object Repository/New_Test_Create_List_Grid/Page_Canvas World/click_selectForm' is clicked on

2018-06-29 13:17:07 - [TEST_STEP][PASSED] - Statement - selectForm = "//span[starts-with(text(), '" + "ACCOUNT_TABLE" + "')]": null

2018-06-29 13:17:07 - [TEST_STEP][PASSED] - Statement - println(selectForm): null

2018-06-29 13:17:07 - [TEST_STEP][PASSED] - Statement - dynamicObject = new com.kms.katalon.core.testobject.TestObject(selectForm).addProperty("xpath", EQUALS, selectForm, true): null

2018-06-29 13:17:07 - [TEST_STEP][PASSED] - waitForElementVisible: Object '//span[starts-with(text(), 'ACCOUNT_TABLE')]' is visible

2018-06-29 13:17:08 - [MESSAGE][PASSED] - Object '//span[starts-with(text(), 'ACCOUNT_TABLE')]' is visible

2018-06-29 13:17:08 - [TEST_STEP][PASSED] - doubleClick: Object: '//span[starts-with(text(), 'ACCOUNT_TABLE')]' is double clicked on

2018-06-29 13:17:08 - [MESSAGE][PASSED] - Object: '//span[starts-with(text(), 'ACCOUNT_TABLE')]' is double clicked on

2018-06-29 13:17:08 - [TEST_STEP][PASSED] - doubleClick: Object: '//span[starts-with(text(), 'ACCOUNT_TABLE')]' is double clicked on

2018-06-29 13:17:08 - [MESSAGE][PASSED] - Object: '//span[starts-with(text(), 'ACCOUNT_TABLE')]' is double clicked on

2018-06-29 13:17:08 - [TEST_STEP][PASSED] - delay: Delayed 3 second(s)

2018-06-29 13:17:11 - [MESSAGE][PASSED] - Delayed 3 second(s)

2018-06-29 13:17:11 - [TEST_STEP][PASSED] - click: Object: 'Object Repository/New_Test_Create_List_Grid/Page_Canvas World/click_default_ins_yes' is clicked on

2018-06-29 13:17:11 - [MESSAGE][PASSED] - Object: 'Object Repository/New_Test_Create_List_Grid/Page_Canvas World/click_default_ins_yes' is clicked on

2018-06-29 13:17:11 - [TEST_STEP][PASSED] - selectOptionByValue: All options with value 'CUSER' are selected in object 'Object Repository/New_Test_Create_View/Page_Canvas World/select_ProductCode' 

2018-06-29 13:17:12 - [MESSAGE][PASSED] - All options with value 'CUSER' are selected in object 'Object Repository/New_Test_Create_View/Page_Canvas World/select_ProductCode' 

2018-06-29 13:17:12 - [TEST_STEP][PASSED] - selectOptionByValue: All options with value 'CUSER' are selected in object 'Object Repository/New_Test_Create_View/Page_Canvas World/select_SubProductCode' 

2018-06-29 13:17:12 - [MESSAGE][PASSED] - All options with value 'CUSER' are selected in object 'Object Repository/New_Test_Create_View/Page_Canvas World/select_SubProductCode' 

2018-06-29 13:17:12 - [TEST_STEP][PASSED] - selectOptionByValue: All options with value 'VSBLTY' are selected in object 'Object Repository/New_Test_Create_View/Page_Canvas World/select_FunctionCode' 

2018-06-29 13:17:12 - [MESSAGE][PASSED] - All options with value 'VSBLTY' are selected in object 'Object Repository/New_Test_Create_View/Page_Canvas World/select_FunctionCode' 

2018-06-29 13:17:12 - [TEST_STEP][PASSED] - delay: Delayed 3 second(s)

2018-06-29 13:17:15 - [MESSAGE][PASSED] - Delayed 3 second(s)

2018-06-29 13:17:15 - [TEST_STEP][PASSED] - click: Object: 'Object Repository/New_Test_Create_List_Grid/Page_Canvas World/expand_gridConfig' is clicked on

2018-06-29 13:17:15 - [MESSAGE][PASSED] - Object: 'Object Repository/New_Test_Create_List_Grid/Page_Canvas World/expand_gridConfig' is clicked on

2018-06-29 13:17:15 - [TEST_STEP][PASSED] - setText: Text '2' is set on object 'Object Repository/New_Test_Create_List_Grid/Page_Canvas World/enter_numberPerPage'

2018-06-29 13:17:16 - [MESSAGE][PASSED] - Text '2' is set on object 'Object Repository/New_Test_Create_List_Grid/Page_Canvas World/enter_numberPerPage'

2018-06-29 13:17:16 - [TEST_STEP][PASSED] - delay: Delayed 3 second(s)

2018-06-29 13:17:19 - [MESSAGE][PASSED] - Delayed 3 second(s)

2018-06-29 13:17:19 - [TEST_STEP][PASSED] - click: Object: 'Object Repository/New_Test_Create_View/Page_Canvas World/view_Submit' is clicked on

2018-06-29 13:17:19 - [MESSAGE][PASSED] - Object: 'Object Repository/New_Test_Create_View/Page_Canvas World/view_Submit' is clicked on

2018-06-29 13:17:19 - [TEST_STEP][PASSED] - click: Object: 'Object Repository/New_Test_Create_View/Page_Canvas World/view_Submission' is clicked on

2018-06-29 13:17:21 - [MESSAGE][PASSED] - Object: 'Object Repository/New_Test_Create_View/Page_Canvas World/view_Submission' is clicked on]]></system-out>
         <system-err><![CDATA[]]></system-err>
      </testcase>
      <testcase name="Test Cases/Smoke Test/New_Create_Group_Single" classname="Test Cases/Smoke Test/New_Create_Group_Single" status="PASSED">
         <system-out><![CDATA[2018-06-29 13:17:21 - [TEST_CASE][PASSED] - Test Cases/Smoke Test/New_Create_Group_Single: Test Cases/Smoke Test/New_Create_Group_Single

2018-06-29 13:17:22 - [TEST_STEP][PASSED] - waitForPageLoad: Wait for page load successfully

2018-06-29 13:17:22 - [MESSAGE][PASSED] - Wait for page load successfully

2018-06-29 13:17:22 - [TEST_STEP][PASSED] - Statement - common = com.kms.katalon.core.webui.keyword.WebUiBuiltInKeywords.callTestCase(com.kms.katalon.core.testcase.TestCaseFactory.findTestCase(Test Cases/Studio Smoke Test Cases/ReadExcel), [:]): Call Test Case 'Test Cases/Studio Smoke Test Cases/ReadExcel' successfully

2018-06-29 13:17:22 - [TEST_CASE][PASSED] - Test Cases/Studio Smoke Test Cases/ReadExcel: Test Cases/Studio Smoke Test Cases/ReadExcel

2018-06-29 13:17:22 - [TEST_STEP][PASSED] - Statement - path = "D:\Sheepa\Katalon\Studio Smoke Test\Studio Smoke Test\Data Files\Data Input.xls": null

2018-06-29 13:17:22 - [TEST_STEP][PASSED] - Statement - fis = new java.io.FileInputStream(path): null

2018-06-29 13:17:22 - [TEST_STEP][PASSED] - Statement - hssfWorkbook = new org.apache.poi.hssf.usermodel.HSSFWorkbook(fis): null

2018-06-29 13:17:22 - [TEST_STEP][PASSED] - Statement - sc = hssfWorkbook.getNumberOfSheets(): null

2018-06-29 13:17:22 - [TEST_STEP][PASSED] - Statement - println(sc): null

2018-06-29 13:17:22 - [TEST_STEP][PASSED] - Statement - hssfSheet = hssfWorkbook.getSheetAt(0): null

2018-06-29 13:17:22 - [TEST_STEP][PASSED] - Statement - hssfRow = hssfSheet.getRow(1): null

2018-06-29 13:17:22 - [TEST_STEP][PASSED] - Statement - fid = hssfRow.getCell(0): null

2018-06-29 13:17:22 - [TEST_STEP][PASSED] - Statement - vid = hssfRow.getCell(1): null

2018-06-29 13:17:22 - [TEST_STEP][PASSED] - Statement - aid = hssfRow.getCell(2): null

2018-06-29 13:17:22 - [TEST_STEP][PASSED] - Statement - subid = hssfRow.getCell(3): null

2018-06-29 13:17:22 - [TEST_STEP][PASSED] - Statement - wsid = hssfRow.getCell(4): null

2018-06-29 13:17:22 - [TEST_STEP][PASSED] - Statement - reqid = hssfRow.getCell(5): null

2018-06-29 13:17:22 - [TEST_STEP][PASSED] - Statement - accNo = hssfRow.getCell(6): null

2018-06-29 13:17:22 - [TEST_STEP][PASSED] - Statement - println(vid): null

2018-06-29 13:17:22 - [TEST_STEP][PASSED] - Statement - map = [:]: null

2018-06-29 13:17:22 - [TEST_STEP][PASSED] - Statement - map.put("formID", fid): null

2018-06-29 13:17:22 - [TEST_STEP][PASSED] - Statement - map.put("viewID", vid): null

2018-06-29 13:17:22 - [TEST_STEP][PASSED] - Statement - map.put("appID", aid): null

2018-06-29 13:17:22 - [TEST_STEP][PASSED] - Statement - map.put("subWSID", subid): null

2018-06-29 13:17:22 - [TEST_STEP][PASSED] - Statement - map.put("WSID", wsid): null

2018-06-29 13:17:22 - [TEST_STEP][PASSED] - Statement - map.put("REQID", reqid): null

2018-06-29 13:17:22 - [TEST_STEP][PASSED] - Statement - map.put("AccNo", accNo): null

2018-06-29 13:17:22 - [TEST_STEP][PASSED] - Statement - return map: null

2018-06-29 13:17:22 - [MESSAGE][PASSED] - Call Test Case 'Test Cases/Studio Smoke Test Cases/ReadExcel' successfully

2018-06-29 13:17:22 - [TEST_STEP][PASSED] - Statement - form_id = common["formID"]: null

2018-06-29 13:17:22 - [TEST_STEP][PASSED] - Statement - println(form_id): null

2018-06-29 13:17:22 - [TEST_STEP][PASSED] - Statement - view_id = common["viewID"]: null

2018-06-29 13:17:22 - [TEST_STEP][PASSED] - Statement - println(view_id): null

2018-06-29 13:17:22 - [TEST_STEP][PASSED] - click: Object: 'Object Repository/New_Test_Create_Form/Page_Canvas World/span_Create' is clicked on

2018-06-29 13:17:22 - [MESSAGE][PASSED] - Object: 'Object Repository/New_Test_Create_Form/Page_Canvas World/span_Create' is clicked on

2018-06-29 13:17:22 - [TEST_STEP][PASSED] - click: Object: 'Object Repository/New_Test_Create_View/Page_Canvas World/span_View' is clicked on

2018-06-29 13:17:22 - [MESSAGE][PASSED] - Object: 'Object Repository/New_Test_Create_View/Page_Canvas World/span_View' is clicked on

2018-06-29 13:17:22 - [TEST_STEP][PASSED] - waitForPageLoad: Wait for page load successfully

2018-06-29 13:17:22 - [MESSAGE][PASSED] - Wait for page load successfully

2018-06-29 13:17:22 - [TEST_STEP][PASSED] - click: Object: 'Object Repository/New_Test_Create_View/Page_Canvas World/enter_ViewId' is clicked on

2018-06-29 13:17:24 - [MESSAGE][PASSED] - Object: 'Object Repository/New_Test_Create_View/Page_Canvas World/enter_ViewId' is clicked on

2018-06-29 13:17:24 - [TEST_STEP][PASSED] - setText: Text 'A005' is set on object 'Object Repository/New_Test_Create_View/Page_Canvas World/enter_ViewId'

2018-06-29 13:17:24 - [MESSAGE][PASSED] - Text 'A005' is set on object 'Object Repository/New_Test_Create_View/Page_Canvas World/enter_ViewId'

2018-06-29 13:17:24 - [TEST_STEP][PASSED] - click: Object: 'Object Repository/New_Test_Create_View/Page_Canvas World/view_DisplayName' is clicked on

2018-06-29 13:17:24 - [MESSAGE][PASSED] - Object: 'Object Repository/New_Test_Create_View/Page_Canvas World/view_DisplayName' is clicked on

2018-06-29 13:17:24 - [TEST_STEP][PASSED] - setText: Text 'A005' is set on object 'Object Repository/New_Test_Create_View/Page_Canvas World/view_DisplayName'

2018-06-29 13:17:25 - [MESSAGE][PASSED] - Text 'A005' is set on object 'Object Repository/New_Test_Create_View/Page_Canvas World/view_DisplayName'

2018-06-29 13:17:25 - [TEST_STEP][PASSED] - selectOptionByValue: All options with value 'GROUP' are selected in object 'Object Repository/New_Test_Create_View/Page_Canvas World/select_ViewType' 

2018-06-29 13:17:25 - [MESSAGE][PASSED] - All options with value 'GROUP' are selected in object 'Object Repository/New_Test_Create_View/Page_Canvas World/select_ViewType' 

2018-06-29 13:17:25 - [TEST_STEP][PASSED] - click: Object: 'Object Repository/New_Test_Create_View/Page_Canvas World/enter_ResourceBundle' is clicked on

2018-06-29 13:17:25 - [MESSAGE][PASSED] - Object: 'Object Repository/New_Test_Create_View/Page_Canvas World/enter_ResourceBundle' is clicked on

2018-06-29 13:17:25 - [TEST_STEP][PASSED] - setText: Text 'common' is set on object 'Object Repository/New_Test_Create_View/Page_Canvas World/enter_ResourceBundle'

2018-06-29 13:17:26 - [MESSAGE][PASSED] - Text 'common' is set on object 'Object Repository/New_Test_Create_View/Page_Canvas World/enter_ResourceBundle'

2018-06-29 13:17:26 - [TEST_STEP][PASSED] - delay: Delayed 10 second(s)

2018-06-29 13:17:36 - [MESSAGE][PASSED] - Delayed 10 second(s)

2018-06-29 13:17:36 - [TEST_STEP][PASSED] - waitForElementVisible: Object 'Object Repository/New_Test_Create_List_Grid/Page_Canvas World/click_selectForm' is visible

2018-06-29 13:17:36 - [MESSAGE][PASSED] - Object 'Object Repository/New_Test_Create_List_Grid/Page_Canvas World/click_selectForm' is visible

2018-06-29 13:17:36 - [TEST_STEP][PASSED] - click: Object: 'Object Repository/New_Test_Create_List_Grid/Page_Canvas World/click_selectForm' is clicked on

2018-06-29 13:17:36 - [MESSAGE][PASSED] - Object: 'Object Repository/New_Test_Create_List_Grid/Page_Canvas World/click_selectForm' is clicked on

2018-06-29 13:17:36 - [TEST_STEP][PASSED] - Statement - selectForm = "//span[starts-with(text(), '" + "ACCOUNT_TABLE" + "')]": null

2018-06-29 13:17:36 - [TEST_STEP][PASSED] - Statement - println(selectForm): null

2018-06-29 13:17:36 - [TEST_STEP][PASSED] - Statement - dynamicObject = new com.kms.katalon.core.testobject.TestObject(selectForm).addProperty("xpath", EQUALS, selectForm, true): null

2018-06-29 13:17:36 - [TEST_STEP][PASSED] - waitForElementVisible: Object '//span[starts-with(text(), 'ACCOUNT_TABLE')]' is visible

2018-06-29 13:17:37 - [MESSAGE][PASSED] - Object '//span[starts-with(text(), 'ACCOUNT_TABLE')]' is visible

2018-06-29 13:17:37 - [TEST_STEP][PASSED] - doubleClick: Object: '//span[starts-with(text(), 'ACCOUNT_TABLE')]' is double clicked on

2018-06-29 13:17:37 - [MESSAGE][PASSED] - Object: '//span[starts-with(text(), 'ACCOUNT_TABLE')]' is double clicked on

2018-06-29 13:17:37 - [TEST_STEP][PASSED] - doubleClick: Object: '//span[starts-with(text(), 'ACCOUNT_TABLE')]' is double clicked on

2018-06-29 13:17:37 - [MESSAGE][PASSED] - Object: '//span[starts-with(text(), 'ACCOUNT_TABLE')]' is double clicked on

2018-06-29 13:17:37 - [TEST_STEP][PASSED] - delay: Delayed 3 second(s)

2018-06-29 13:17:40 - [MESSAGE][PASSED] - Delayed 3 second(s)

2018-06-29 13:17:40 - [TEST_STEP][PASSED] - click: Object: 'Object Repository/New_Test_Create_List_Grid/Page_Canvas World/click_default_ins_yes' is clicked on

2018-06-29 13:17:40 - [MESSAGE][PASSED] - Object: 'Object Repository/New_Test_Create_List_Grid/Page_Canvas World/click_default_ins_yes' is clicked on

2018-06-29 13:17:40 - [TEST_STEP][PASSED] - selectOptionByValue: All options with value 'CUSER' are selected in object 'Object Repository/New_Test_Create_View/Page_Canvas World/select_ProductCode' 

2018-06-29 13:17:40 - [MESSAGE][PASSED] - All options with value 'CUSER' are selected in object 'Object Repository/New_Test_Create_View/Page_Canvas World/select_ProductCode' 

2018-06-29 13:17:40 - [TEST_STEP][PASSED] - selectOptionByValue: All options with value 'CUSER' are selected in object 'Object Repository/New_Test_Create_View/Page_Canvas World/select_SubProductCode' 

2018-06-29 13:17:41 - [MESSAGE][PASSED] - All options with value 'CUSER' are selected in object 'Object Repository/New_Test_Create_View/Page_Canvas World/select_SubProductCode' 

2018-06-29 13:17:41 - [TEST_STEP][PASSED] - selectOptionByValue: All options with value 'VSBLTY' are selected in object 'Object Repository/New_Test_Create_View/Page_Canvas World/select_FunctionCode' 

2018-06-29 13:17:41 - [MESSAGE][PASSED] - All options with value 'VSBLTY' are selected in object 'Object Repository/New_Test_Create_View/Page_Canvas World/select_FunctionCode' 

2018-06-29 13:17:41 - [TEST_STEP][PASSED] - delay: Delayed 3 second(s)

2018-06-29 13:17:44 - [MESSAGE][PASSED] - Delayed 3 second(s)

2018-06-29 13:17:44 - [TEST_STEP][PASSED] - click: Object: 'Object Repository/New_Test_Create_List_Grid/Page_Canvas World/expand_gridConfig' is clicked on

2018-06-29 13:17:45 - [MESSAGE][PASSED] - Object: 'Object Repository/New_Test_Create_List_Grid/Page_Canvas World/expand_gridConfig' is clicked on

2018-06-29 13:17:45 - [TEST_STEP][PASSED] - setText: Text '2' is set on object 'Object Repository/New_Test_Create_List_Grid/Page_Canvas World/enter_numberPerPage'

2018-06-29 13:17:45 - [MESSAGE][PASSED] - Text '2' is set on object 'Object Repository/New_Test_Create_List_Grid/Page_Canvas World/enter_numberPerPage'

2018-06-29 13:17:45 - [TEST_STEP][PASSED] - delay: Delayed 3 second(s)

2018-06-29 13:17:48 - [MESSAGE][PASSED] - Delayed 3 second(s)

2018-06-29 13:17:48 - [TEST_STEP][PASSED] - click: Object: 'Object Repository/New_Test_Create_List_Grid/Page_Canvas World/button_more' is clicked on

2018-06-29 13:17:48 - [MESSAGE][PASSED] - Object: 'Object Repository/New_Test_Create_List_Grid/Page_Canvas World/button_more' is clicked on

2018-06-29 13:17:48 - [TEST_STEP][PASSED] - click: Object: 'Object Repository/New_Test_Create_List_Grid/Page_Canvas World/is_grpable' is clicked on

2018-06-29 13:17:50 - [MESSAGE][PASSED] - Object: 'Object Repository/New_Test_Create_List_Grid/Page_Canvas World/is_grpable' is clicked on

2018-06-29 13:17:50 - [TEST_STEP][PASSED] - click: Object: 'Object Repository/New_Test_Create_List_Grid/Page_Canvas World/is_grpd' is clicked on

2018-06-29 13:17:51 - [MESSAGE][PASSED] - Object: 'Object Repository/New_Test_Create_List_Grid/Page_Canvas World/is_grpd' is clicked on

2018-06-29 13:17:51 - [TEST_STEP][PASSED] - delay: Delayed 3 second(s)

2018-06-29 13:17:54 - [MESSAGE][PASSED] - Delayed 3 second(s)

2018-06-29 13:17:54 - [TEST_STEP][PASSED] - click: Object: 'Object Repository/New_Test_Create_List_Grid/Page_Canvas World/view_item_submit' is clicked on

2018-06-29 13:17:54 - [MESSAGE][PASSED] - Object: 'Object Repository/New_Test_Create_List_Grid/Page_Canvas World/view_item_submit' is clicked on

2018-06-29 13:17:54 - [TEST_STEP][PASSED] - delay: Delayed 3 second(s)

2018-06-29 13:17:57 - [MESSAGE][PASSED] - Delayed 3 second(s)

2018-06-29 13:17:57 - [TEST_STEP][PASSED] - click: Object: 'Object Repository/New_Test_Create_View/Page_Canvas World/view_Submit' is clicked on

2018-06-29 13:17:57 - [MESSAGE][PASSED] - Object: 'Object Repository/New_Test_Create_View/Page_Canvas World/view_Submit' is clicked on

2018-06-29 13:17:57 - [TEST_STEP][PASSED] - delay: Delayed 3 second(s)

2018-06-29 13:18:00 - [MESSAGE][PASSED] - Delayed 3 second(s)

2018-06-29 13:18:00 - [TEST_STEP][PASSED] - click: Object: 'Object Repository/New_Test_Create_View/Page_Canvas World/view_Submission' is clicked on

2018-06-29 13:18:00 - [MESSAGE][PASSED] - Object: 'Object Repository/New_Test_Create_View/Page_Canvas World/view_Submission' is clicked on]]></system-out>
         <system-err><![CDATA[]]></system-err>
      </testcase>
      <testcase name="Test Cases/Smoke Test/New_Create_Group_Multi" classname="Test Cases/Smoke Test/New_Create_Group_Multi" status="PASSED">
         <system-out><![CDATA[2018-06-29 13:18:00 - [TEST_CASE][PASSED] - Test Cases/Smoke Test/New_Create_Group_Multi: Test Cases/Smoke Test/New_Create_Group_Multi

2018-06-29 13:18:01 - [TEST_STEP][PASSED] - waitForPageLoad: Wait for page load successfully

2018-06-29 13:18:01 - [MESSAGE][PASSED] - Wait for page load successfully

2018-06-29 13:18:01 - [TEST_STEP][PASSED] - Statement - common = com.kms.katalon.core.webui.keyword.WebUiBuiltInKeywords.callTestCase(com.kms.katalon.core.testcase.TestCaseFactory.findTestCase(Test Cases/Studio Smoke Test Cases/ReadExcel), [:]): Call Test Case 'Test Cases/Studio Smoke Test Cases/ReadExcel' successfully

2018-06-29 13:18:01 - [TEST_CASE][PASSED] - Test Cases/Studio Smoke Test Cases/ReadExcel: Test Cases/Studio Smoke Test Cases/ReadExcel

2018-06-29 13:18:01 - [TEST_STEP][PASSED] - Statement - path = "D:\Sheepa\Katalon\Studio Smoke Test\Studio Smoke Test\Data Files\Data Input.xls": null

2018-06-29 13:18:01 - [TEST_STEP][PASSED] - Statement - fis = new java.io.FileInputStream(path): null

2018-06-29 13:18:01 - [TEST_STEP][PASSED] - Statement - hssfWorkbook = new org.apache.poi.hssf.usermodel.HSSFWorkbook(fis): null

2018-06-29 13:18:01 - [TEST_STEP][PASSED] - Statement - sc = hssfWorkbook.getNumberOfSheets(): null

2018-06-29 13:18:01 - [TEST_STEP][PASSED] - Statement - println(sc): null

2018-06-29 13:18:01 - [TEST_STEP][PASSED] - Statement - hssfSheet = hssfWorkbook.getSheetAt(0): null

2018-06-29 13:18:01 - [TEST_STEP][PASSED] - Statement - hssfRow = hssfSheet.getRow(1): null

2018-06-29 13:18:01 - [TEST_STEP][PASSED] - Statement - fid = hssfRow.getCell(0): null

2018-06-29 13:18:01 - [TEST_STEP][PASSED] - Statement - vid = hssfRow.getCell(1): null

2018-06-29 13:18:01 - [TEST_STEP][PASSED] - Statement - aid = hssfRow.getCell(2): null

2018-06-29 13:18:01 - [TEST_STEP][PASSED] - Statement - subid = hssfRow.getCell(3): null

2018-06-29 13:18:01 - [TEST_STEP][PASSED] - Statement - wsid = hssfRow.getCell(4): null

2018-06-29 13:18:01 - [TEST_STEP][PASSED] - Statement - reqid = hssfRow.getCell(5): null

2018-06-29 13:18:01 - [TEST_STEP][PASSED] - Statement - accNo = hssfRow.getCell(6): null

2018-06-29 13:18:01 - [TEST_STEP][PASSED] - Statement - println(vid): null

2018-06-29 13:18:01 - [TEST_STEP][PASSED] - Statement - map = [:]: null

2018-06-29 13:18:01 - [TEST_STEP][PASSED] - Statement - map.put("formID", fid): null

2018-06-29 13:18:01 - [TEST_STEP][PASSED] - Statement - map.put("viewID", vid): null

2018-06-29 13:18:01 - [TEST_STEP][PASSED] - Statement - map.put("appID", aid): null

2018-06-29 13:18:01 - [TEST_STEP][PASSED] - Statement - map.put("subWSID", subid): null

2018-06-29 13:18:01 - [TEST_STEP][PASSED] - Statement - map.put("WSID", wsid): null

2018-06-29 13:18:01 - [TEST_STEP][PASSED] - Statement - map.put("REQID", reqid): null

2018-06-29 13:18:01 - [TEST_STEP][PASSED] - Statement - map.put("AccNo", accNo): null

2018-06-29 13:18:01 - [TEST_STEP][PASSED] - Statement - return map: null

2018-06-29 13:18:01 - [MESSAGE][PASSED] - Call Test Case 'Test Cases/Studio Smoke Test Cases/ReadExcel' successfully

2018-06-29 13:18:01 - [TEST_STEP][PASSED] - Statement - form_id = common["formID"]: null

2018-06-29 13:18:01 - [TEST_STEP][PASSED] - Statement - println(form_id): null

2018-06-29 13:18:01 - [TEST_STEP][PASSED] - Statement - view_id = common["viewID"]: null

2018-06-29 13:18:01 - [TEST_STEP][PASSED] - Statement - println(view_id): null

2018-06-29 13:18:01 - [TEST_STEP][PASSED] - click: Object: 'Object Repository/New_Test_Create_Form/Page_Canvas World/span_Create' is clicked on

2018-06-29 13:18:01 - [MESSAGE][PASSED] - Object: 'Object Repository/New_Test_Create_Form/Page_Canvas World/span_Create' is clicked on

2018-06-29 13:18:01 - [TEST_STEP][PASSED] - click: Object: 'Object Repository/New_Test_Create_View/Page_Canvas World/span_View' is clicked on

2018-06-29 13:18:01 - [MESSAGE][PASSED] - Object: 'Object Repository/New_Test_Create_View/Page_Canvas World/span_View' is clicked on

2018-06-29 13:18:01 - [TEST_STEP][PASSED] - waitForPageLoad: Wait for page load successfully

2018-06-29 13:18:01 - [MESSAGE][PASSED] - Wait for page load successfully

2018-06-29 13:18:01 - [TEST_STEP][PASSED] - click: Object: 'Object Repository/New_Test_Create_View/Page_Canvas World/enter_ViewId' is clicked on

2018-06-29 13:18:03 - [MESSAGE][PASSED] - Object: 'Object Repository/New_Test_Create_View/Page_Canvas World/enter_ViewId' is clicked on

2018-06-29 13:18:03 - [TEST_STEP][PASSED] - setText: Text 'A006' is set on object 'Object Repository/New_Test_Create_View/Page_Canvas World/enter_ViewId'

2018-06-29 13:18:03 - [MESSAGE][PASSED] - Text 'A006' is set on object 'Object Repository/New_Test_Create_View/Page_Canvas World/enter_ViewId'

2018-06-29 13:18:03 - [TEST_STEP][PASSED] - click: Object: 'Object Repository/New_Test_Create_View/Page_Canvas World/view_DisplayName' is clicked on

2018-06-29 13:18:04 - [MESSAGE][PASSED] - Object: 'Object Repository/New_Test_Create_View/Page_Canvas World/view_DisplayName' is clicked on

2018-06-29 13:18:04 - [TEST_STEP][PASSED] - setText: Text 'A006' is set on object 'Object Repository/New_Test_Create_View/Page_Canvas World/view_DisplayName'

2018-06-29 13:18:04 - [MESSAGE][PASSED] - Text 'A006' is set on object 'Object Repository/New_Test_Create_View/Page_Canvas World/view_DisplayName'

2018-06-29 13:18:04 - [TEST_STEP][PASSED] - selectOptionByValue: All options with value 'ADVGROUP' are selected in object 'Object Repository/New_Test_Create_View/Page_Canvas World/select_ViewType' 

2018-06-29 13:18:04 - [MESSAGE][PASSED] - All options with value 'ADVGROUP' are selected in object 'Object Repository/New_Test_Create_View/Page_Canvas World/select_ViewType' 

2018-06-29 13:18:04 - [TEST_STEP][PASSED] - click: Object: 'Object Repository/New_Test_Create_View/Page_Canvas World/enter_ResourceBundle' is clicked on

2018-06-29 13:18:04 - [MESSAGE][PASSED] - Object: 'Object Repository/New_Test_Create_View/Page_Canvas World/enter_ResourceBundle' is clicked on

2018-06-29 13:18:04 - [TEST_STEP][PASSED] - setText: Text 'common' is set on object 'Object Repository/New_Test_Create_View/Page_Canvas World/enter_ResourceBundle'

2018-06-29 13:18:05 - [MESSAGE][PASSED] - Text 'common' is set on object 'Object Repository/New_Test_Create_View/Page_Canvas World/enter_ResourceBundle'

2018-06-29 13:18:05 - [TEST_STEP][PASSED] - delay: Delayed 10 second(s)

2018-06-29 13:18:15 - [MESSAGE][PASSED] - Delayed 10 second(s)

2018-06-29 13:18:15 - [TEST_STEP][PASSED] - waitForElementVisible: Object 'Object Repository/New_Test_Create_List_Grid/Page_Canvas World/click_selectForm' is visible

2018-06-29 13:18:15 - [MESSAGE][PASSED] - Object 'Object Repository/New_Test_Create_List_Grid/Page_Canvas World/click_selectForm' is visible

2018-06-29 13:18:15 - [TEST_STEP][PASSED] - click: Object: 'Object Repository/New_Test_Create_List_Grid/Page_Canvas World/click_selectForm' is clicked on

2018-06-29 13:18:15 - [MESSAGE][PASSED] - Object: 'Object Repository/New_Test_Create_List_Grid/Page_Canvas World/click_selectForm' is clicked on

2018-06-29 13:18:15 - [TEST_STEP][PASSED] - Statement - selectForm = "//span[starts-with(text(), '" + "ACCOUNT_TABLE" + "')]": null

2018-06-29 13:18:15 - [TEST_STEP][PASSED] - Statement - println(selectForm): null

2018-06-29 13:18:15 - [TEST_STEP][PASSED] - Statement - dynamicObject = new com.kms.katalon.core.testobject.TestObject(selectForm).addProperty("xpath", EQUALS, selectForm, true): null

2018-06-29 13:18:15 - [TEST_STEP][PASSED] - waitForElementVisible: Object '//span[starts-with(text(), 'ACCOUNT_TABLE')]' is visible

2018-06-29 13:18:16 - [MESSAGE][PASSED] - Object '//span[starts-with(text(), 'ACCOUNT_TABLE')]' is visible

2018-06-29 13:18:16 - [TEST_STEP][PASSED] - doubleClick: Object: '//span[starts-with(text(), 'ACCOUNT_TABLE')]' is double clicked on

2018-06-29 13:18:16 - [MESSAGE][PASSED] - Object: '//span[starts-with(text(), 'ACCOUNT_TABLE')]' is double clicked on

2018-06-29 13:18:16 - [TEST_STEP][PASSED] - doubleClick: Object: '//span[starts-with(text(), 'ACCOUNT_TABLE')]' is double clicked on

2018-06-29 13:18:16 - [MESSAGE][PASSED] - Object: '//span[starts-with(text(), 'ACCOUNT_TABLE')]' is double clicked on

2018-06-29 13:18:16 - [TEST_STEP][PASSED] - delay: Delayed 3 second(s)

2018-06-29 13:18:19 - [MESSAGE][PASSED] - Delayed 3 second(s)

2018-06-29 13:18:19 - [TEST_STEP][PASSED] - click: Object: 'Object Repository/New_Test_Create_List_Grid/Page_Canvas World/click_default_ins_yes' is clicked on

2018-06-29 13:18:20 - [MESSAGE][PASSED] - Object: 'Object Repository/New_Test_Create_List_Grid/Page_Canvas World/click_default_ins_yes' is clicked on

2018-06-29 13:18:20 - [TEST_STEP][PASSED] - selectOptionByValue: All options with value 'CUSER' are selected in object 'Object Repository/New_Test_Create_View/Page_Canvas World/select_ProductCode' 

2018-06-29 13:18:20 - [MESSAGE][PASSED] - All options with value 'CUSER' are selected in object 'Object Repository/New_Test_Create_View/Page_Canvas World/select_ProductCode' 

2018-06-29 13:18:20 - [TEST_STEP][PASSED] - selectOptionByValue: All options with value 'CUSER' are selected in object 'Object Repository/New_Test_Create_View/Page_Canvas World/select_SubProductCode' 

2018-06-29 13:18:20 - [MESSAGE][PASSED] - All options with value 'CUSER' are selected in object 'Object Repository/New_Test_Create_View/Page_Canvas World/select_SubProductCode' 

2018-06-29 13:18:20 - [TEST_STEP][PASSED] - selectOptionByValue: All options with value 'VSBLTY' are selected in object 'Object Repository/New_Test_Create_View/Page_Canvas World/select_FunctionCode' 

2018-06-29 13:18:20 - [MESSAGE][PASSED] - All options with value 'VSBLTY' are selected in object 'Object Repository/New_Test_Create_View/Page_Canvas World/select_FunctionCode' 

2018-06-29 13:18:20 - [TEST_STEP][PASSED] - delay: Delayed 3 second(s)

2018-06-29 13:18:23 - [MESSAGE][PASSED] - Delayed 3 second(s)

2018-06-29 13:18:23 - [TEST_STEP][PASSED] - click: Object: 'Object Repository/New_Test_Create_List_Grid/Page_Canvas World/expand_gridConfig' is clicked on

2018-06-29 13:18:24 - [MESSAGE][PASSED] - Object: 'Object Repository/New_Test_Create_List_Grid/Page_Canvas World/expand_gridConfig' is clicked on

2018-06-29 13:18:24 - [TEST_STEP][PASSED] - setText: Text '2' is set on object 'Object Repository/New_Test_Create_List_Grid/Page_Canvas World/enter_numberPerPage'

2018-06-29 13:18:24 - [MESSAGE][PASSED] - Text '2' is set on object 'Object Repository/New_Test_Create_List_Grid/Page_Canvas World/enter_numberPerPage'

2018-06-29 13:18:24 - [TEST_STEP][PASSED] - delay: Delayed 3 second(s)

2018-06-29 13:18:27 - [MESSAGE][PASSED] - Delayed 3 second(s)

2018-06-29 13:18:27 - [TEST_STEP][PASSED] - click: Object: 'Object Repository/New_Test_Create_List_Grid/Page_Canvas World/button_more' is clicked on

2018-06-29 13:18:27 - [MESSAGE][PASSED] - Object: 'Object Repository/New_Test_Create_List_Grid/Page_Canvas World/button_more' is clicked on

2018-06-29 13:18:27 - [TEST_STEP][PASSED] - click: Object: 'Object Repository/New_Test_Create_List_Grid/Page_Canvas World/is_grpable' is clicked on

2018-06-29 13:18:29 - [MESSAGE][PASSED] - Object: 'Object Repository/New_Test_Create_List_Grid/Page_Canvas World/is_grpable' is clicked on

2018-06-29 13:18:29 - [TEST_STEP][PASSED] - click: Object: 'Object Repository/New_Test_Create_List_Grid/Page_Canvas World/is_grpd' is clicked on

2018-06-29 13:18:29 - [MESSAGE][PASSED] - Object: 'Object Repository/New_Test_Create_List_Grid/Page_Canvas World/is_grpd' is clicked on

2018-06-29 13:18:29 - [TEST_STEP][PASSED] - delay: Delayed 1 second(s)

2018-06-29 13:18:30 - [MESSAGE][PASSED] - Delayed 1 second(s)

2018-06-29 13:18:30 - [TEST_STEP][PASSED] - selectOptionByValue: All options with value 'COUNT' are selected in object 'Object Repository/New_Test_Create_List_Grid/Page_Canvas World/aggregate_using' 

2018-06-29 13:18:30 - [MESSAGE][PASSED] - All options with value 'COUNT' are selected in object 'Object Repository/New_Test_Create_List_Grid/Page_Canvas World/aggregate_using' 

2018-06-29 13:18:30 - [TEST_STEP][PASSED] - delay: Delayed 1 second(s)

2018-06-29 13:18:31 - [MESSAGE][PASSED] - Delayed 1 second(s)

2018-06-29 13:18:31 - [TEST_STEP][PASSED] - click: Object: 'Object Repository/New_Test_Create_List_Grid/Page_Canvas World/view_item_submit' is clicked on

2018-06-29 13:18:31 - [MESSAGE][PASSED] - Object: 'Object Repository/New_Test_Create_List_Grid/Page_Canvas World/view_item_submit' is clicked on

2018-06-29 13:18:31 - [TEST_STEP][PASSED] - delay: Delayed 3 second(s)

2018-06-29 13:18:34 - [MESSAGE][PASSED] - Delayed 3 second(s)

2018-06-29 13:18:34 - [TEST_STEP][PASSED] - click: Object: 'Object Repository/New_Test_Create_List_Grid/Page_Canvas World/currency_more' is clicked on

2018-06-29 13:18:34 - [MESSAGE][PASSED] - Object: 'Object Repository/New_Test_Create_List_Grid/Page_Canvas World/currency_more' is clicked on

2018-06-29 13:18:34 - [TEST_STEP][PASSED] - click: Object: 'Object Repository/New_Test_Create_List_Grid/Page_Canvas World/is_grpable' is clicked on

2018-06-29 13:18:36 - [MESSAGE][PASSED] - Object: 'Object Repository/New_Test_Create_List_Grid/Page_Canvas World/is_grpable' is clicked on

2018-06-29 13:18:36 - [TEST_STEP][PASSED] - click: Object: 'Object Repository/New_Test_Create_List_Grid/Page_Canvas World/is_grpd' is clicked on

2018-06-29 13:18:36 - [MESSAGE][PASSED] - Object: 'Object Repository/New_Test_Create_List_Grid/Page_Canvas World/is_grpd' is clicked on

2018-06-29 13:18:36 - [TEST_STEP][PASSED] - delay: Delayed 3 second(s)

2018-06-29 13:18:39 - [MESSAGE][PASSED] - Delayed 3 second(s)

2018-06-29 13:18:39 - [TEST_STEP][PASSED] - selectOptionByValue: All options with value 'COUNT' are selected in object 'Object Repository/New_Test_Create_List_Grid/Page_Canvas World/aggregate_using' 

2018-06-29 13:18:39 - [MESSAGE][PASSED] - All options with value 'COUNT' are selected in object 'Object Repository/New_Test_Create_List_Grid/Page_Canvas World/aggregate_using' 

2018-06-29 13:18:39 - [TEST_STEP][PASSED] - delay: Delayed 3 second(s)

2018-06-29 13:18:42 - [MESSAGE][PASSED] - Delayed 3 second(s)

2018-06-29 13:18:42 - [TEST_STEP][PASSED] - click: Object: 'Object Repository/New_Test_Create_List_Grid/Page_Canvas World/view_item_submit' is clicked on

2018-06-29 13:18:42 - [MESSAGE][PASSED] - Object: 'Object Repository/New_Test_Create_List_Grid/Page_Canvas World/view_item_submit' is clicked on

2018-06-29 13:18:42 - [TEST_STEP][PASSED] - delay: Delayed 3 second(s)

2018-06-29 13:18:45 - [MESSAGE][PASSED] - Delayed 3 second(s)

2018-06-29 13:18:45 - [TEST_STEP][PASSED] - click: Object: 'Object Repository/New_Test_Create_View/Page_Canvas World/view_Submit' is clicked on

2018-06-29 13:18:46 - [MESSAGE][PASSED] - Object: 'Object Repository/New_Test_Create_View/Page_Canvas World/view_Submit' is clicked on

2018-06-29 13:18:46 - [TEST_STEP][PASSED] - delay: Delayed 3 second(s)

2018-06-29 13:18:49 - [MESSAGE][PASSED] - Delayed 3 second(s)

2018-06-29 13:18:49 - [TEST_STEP][PASSED] - click: Object: 'Object Repository/New_Test_Create_View/Page_Canvas World/view_Submission' is clicked on

2018-06-29 13:18:49 - [MESSAGE][PASSED] - Object: 'Object Repository/New_Test_Create_View/Page_Canvas World/view_Submission' is clicked on]]></system-out>
         <system-err><![CDATA[]]></system-err>
      </testcase>
      <testcase name="Test Cases/Smoke Test/New_App_Grid" classname="Test Cases/Smoke Test/New_App_Grid" status="PASSED">
         <system-out><![CDATA[2018-06-29 13:18:49 - [TEST_CASE][PASSED] - Test Cases/Smoke Test/New_App_Grid: Test Cases/Smoke Test/New_App_Grid

2018-06-29 13:18:49 - [TEST_STEP][PASSED] - Statement - path = "D:\Sheepa\Katalon\Studio Smoke Test\Studio Smoke Test\Data Files\Grid_view_id.xls": null

2018-06-29 13:18:49 - [TEST_STEP][PASSED] - Statement - fis = new java.io.FileInputStream(path): null

2018-06-29 13:18:49 - [TEST_STEP][PASSED] - Statement - hssfWorkbook = new org.apache.poi.hssf.usermodel.HSSFWorkbook(fis): null

2018-06-29 13:18:49 - [TEST_STEP][PASSED] - Statement - sc = hssfWorkbook.getNumberOfSheets(): null

2018-06-29 13:18:49 - [TEST_STEP][PASSED] - Statement - println(sc): null

2018-06-29 13:18:49 - [TEST_STEP][PASSED] - Statement - hssfSheet = hssfWorkbook.getSheetAt(0): null

2018-06-29 13:18:49 - [TEST_STEP][PASSED] - Statement - hssfRow = hssfSheet.getRow(1): null

2018-06-29 13:18:49 - [TEST_STEP][PASSED] - openBrowser: Browser is opened with url: ''

2018-06-29 13:18:49 - [MESSAGE][WARNING] - A browser is already opened. Closing browser and opening a new one

2018-06-29 13:18:56 - [MESSAGE][PASSED] - Browser is opened with url: ''

2018-06-29 13:18:56 - [TEST_STEP][PASSED] - maximizeWindow: Current window maximized

2018-06-29 13:18:57 - [MESSAGE][PASSED] - Current window maximized

2018-06-29 13:18:57 - [TEST_STEP][PASSED] - navigateToUrl: Navigate to 'http://localhost:8082/expertctstudio/' successfully

2018-06-29 13:19:19 - [MESSAGE][PASSED] - Navigate to 'http://localhost:8082/expertctstudio/' successfully

2018-06-29 13:19:19 - [TEST_STEP][PASSED] - setText: Text 'CTSTUD1' is set on object 'Object Repository/New_Test_Create_Form/Page_Expert CT Studio/input_loginID'

2018-06-29 13:19:19 - [MESSAGE][PASSED] - Text 'CTSTUD1' is set on object 'Object Repository/New_Test_Create_Form/Page_Expert CT Studio/input_loginID'

2018-06-29 13:19:19 - [TEST_STEP][PASSED] - setText: Text 'TEST123' is set on object 'Object Repository/New_Test_Create_Form/Page_Expert CT Studio/input_loginPSW'

2018-06-29 13:19:19 - [MESSAGE][PASSED] - Text 'TEST123' is set on object 'Object Repository/New_Test_Create_Form/Page_Expert CT Studio/input_loginPSW'

2018-06-29 13:19:19 - [TEST_STEP][PASSED] - click: Object: 'Object Repository/New_Test_Create_Form/Page_Expert CT Studio/input_commit' is clicked on

2018-06-29 13:19:21 - [MESSAGE][PASSED] - Object: 'Object Repository/New_Test_Create_Form/Page_Expert CT Studio/input_commit' is clicked on

2018-06-29 13:19:21 - [TEST_STEP][PASSED] - waitForPageLoad: Wait for page load successfully

2018-06-29 13:19:21 - [MESSAGE][PASSED] - Wait for page load successfully

2018-06-29 13:19:21 - [TEST_STEP][PASSED] - Statement - For ([i = 0, i <= 5, (i++)]): Object: 'Object Repository/New_Test_Create_App/Page_Canvas World/app_submission' is clicked on

2018-06-29 13:19:21 - [TEST_STEP][PASSED] - Statement - id = hssfRow.getCell(i): null

2018-06-29 13:19:21 - [TEST_STEP][PASSED] - click: Object: 'Object Repository/New_Test_Create_Form/Page_Canvas World/span_Create' is clicked on

2018-06-29 13:19:22 - [MESSAGE][PASSED] - Object: 'Object Repository/New_Test_Create_Form/Page_Canvas World/span_Create' is clicked on

2018-06-29 13:19:22 - [TEST_STEP][PASSED] - click: Object: 'Object Repository/New_Test_Create_App/Page_Canvas World/span_App' is clicked on

2018-06-29 13:19:22 - [MESSAGE][PASSED] - Object: 'Object Repository/New_Test_Create_App/Page_Canvas World/span_App' is clicked on

2018-06-29 13:19:22 - [TEST_STEP][PASSED] - waitForPageLoad: Wait for page load successfully

2018-06-29 13:19:22 - [MESSAGE][PASSED] - Wait for page load successfully

2018-06-29 13:19:22 - [TEST_STEP][PASSED] - delay: Delayed 5 second(s)

2018-06-29 13:19:27 - [MESSAGE][PASSED] - Delayed 5 second(s)

2018-06-29 13:19:27 - [TEST_STEP][PASSED] - setText: Text 'A001' is set on object 'Object Repository/New_Test_Create_App/Page_Canvas World/enter_AppId'

2018-06-29 13:19:28 - [MESSAGE][PASSED] - Text 'A001' is set on object 'Object Repository/New_Test_Create_App/Page_Canvas World/enter_AppId'

2018-06-29 13:19:28 - [TEST_STEP][PASSED] - click: Object: 'Object Repository/New_Test_Create_App/Page_Canvas World/enter_AppDisplayName' is clicked on

2018-06-29 13:19:28 - [MESSAGE][PASSED] - Object: 'Object Repository/New_Test_Create_App/Page_Canvas World/enter_AppDisplayName' is clicked on

2018-06-29 13:19:28 - [TEST_STEP][PASSED] - setText: Text 'A001' is set on object 'Object Repository/New_Test_Create_App/Page_Canvas World/enter_AppDisplayName'

2018-06-29 13:19:28 - [MESSAGE][PASSED] - Text 'A001' is set on object 'Object Repository/New_Test_Create_App/Page_Canvas World/enter_AppDisplayName'

2018-06-29 13:19:28 - [TEST_STEP][PASSED] - click: Object: 'Object Repository/New_Test_Create_App/Page_Canvas World/enter_AppBundleKey' is clicked on

2018-06-29 13:19:28 - [MESSAGE][PASSED] - Object: 'Object Repository/New_Test_Create_App/Page_Canvas World/enter_AppBundleKey' is clicked on

2018-06-29 13:19:28 - [TEST_STEP][PASSED] - setText: Text 'common' is set on object 'Object Repository/New_Test_Create_App/Page_Canvas World/enter_AppBundleKey'

2018-06-29 13:19:29 - [MESSAGE][PASSED] - Text 'common' is set on object 'Object Repository/New_Test_Create_App/Page_Canvas World/enter_AppBundleKey'

2018-06-29 13:19:29 - [TEST_STEP][PASSED] - click: Object: 'Object Repository/New_Test_Create_App/Page_Canvas World/enter_View_Link_App' is clicked on

2018-06-29 13:19:29 - [MESSAGE][PASSED] - Object: 'Object Repository/New_Test_Create_App/Page_Canvas World/enter_View_Link_App' is clicked on

2018-06-29 13:19:29 - [TEST_STEP][PASSED] - Statement - selectview = "//span[starts-with(text(), '" + java.lang.String.valueOf(id) + "')]": null

2018-06-29 13:19:29 - [TEST_STEP][PASSED] - Statement - println(selectview): null

2018-06-29 13:19:29 - [TEST_STEP][PASSED] - Statement - dynamicObject = new com.kms.katalon.core.testobject.TestObject(selectview).addProperty("xpath", EQUALS, selectview, true): null

2018-06-29 13:19:29 - [TEST_STEP][PASSED] - waitForElementVisible: Object '//span[starts-with(text(), 'A001')]' is visible

2018-06-29 13:19:30 - [MESSAGE][PASSED] - Object '//span[starts-with(text(), 'A001')]' is visible

2018-06-29 13:19:30 - [TEST_STEP][PASSED] - doubleClick: Object: '//span[starts-with(text(), 'A001')]' is double clicked on

2018-06-29 13:19:30 - [MESSAGE][PASSED] - Object: '//span[starts-with(text(), 'A001')]' is double clicked on

2018-06-29 13:19:30 - [TEST_STEP][PASSED] - doubleClick: Object: '//span[starts-with(text(), 'A001')]' is double clicked on

2018-06-29 13:19:30 - [MESSAGE][PASSED] - Object: '//span[starts-with(text(), 'A001')]' is double clicked on

2018-06-29 13:19:30 - [TEST_STEP][PASSED] - delay: Delayed 3 second(s)

2018-06-29 13:19:33 - [MESSAGE][PASSED] - Delayed 3 second(s)

2018-06-29 13:19:33 - [TEST_STEP][NOT_RUN] - click: NOT_RUN: click

2018-06-29 13:19:33 - [MESSAGE][NOT_RUN] - NOT_RUN: click

2018-06-29 13:19:33 - [TEST_STEP][NOT_RUN] - doubleClick: NOT_RUN: doubleClick

2018-06-29 13:19:33 - [MESSAGE][NOT_RUN] - NOT_RUN: doubleClick

2018-06-29 13:19:33 - [TEST_STEP][PASSED] - delay: Delayed 3 second(s)

2018-06-29 13:19:36 - [MESSAGE][PASSED] - Delayed 3 second(s)

2018-06-29 13:19:36 - [TEST_STEP][PASSED] - click: Object: 'Object Repository/New_Test_Create_App/Page_Canvas World/app_Submit' is clicked on

2018-06-29 13:19:37 - [MESSAGE][PASSED] - Object: 'Object Repository/New_Test_Create_App/Page_Canvas World/app_Submit' is clicked on

2018-06-29 13:19:37 - [TEST_STEP][PASSED] - delay: Delayed 3 second(s)

2018-06-29 13:19:40 - [MESSAGE][PASSED] - Delayed 3 second(s)

2018-06-29 13:19:40 - [TEST_STEP][PASSED] - click: Object: 'Object Repository/New_Test_Create_App/Page_Canvas World/app_submission' is clicked on

2018-06-29 13:19:40 - [MESSAGE][PASSED] - Object: 'Object Repository/New_Test_Create_App/Page_Canvas World/app_submission' is clicked on

2018-06-29 13:19:40 - [TEST_STEP][PASSED] - Statement - id = hssfRow.getCell(i): null

2018-06-29 13:19:40 - [TEST_STEP][PASSED] - click: Object: 'Object Repository/New_Test_Create_Form/Page_Canvas World/span_Create' is clicked on

2018-06-29 13:19:40 - [MESSAGE][PASSED] - Object: 'Object Repository/New_Test_Create_Form/Page_Canvas World/span_Create' is clicked on

2018-06-29 13:19:40 - [TEST_STEP][PASSED] - click: Object: 'Object Repository/New_Test_Create_App/Page_Canvas World/span_App' is clicked on

2018-06-29 13:19:41 - [MESSAGE][PASSED] - Object: 'Object Repository/New_Test_Create_App/Page_Canvas World/span_App' is clicked on

2018-06-29 13:19:41 - [TEST_STEP][PASSED] - waitForPageLoad: Wait for page load successfully

2018-06-29 13:19:41 - [MESSAGE][PASSED] - Wait for page load successfully

2018-06-29 13:19:41 - [TEST_STEP][PASSED] - delay: Delayed 5 second(s)

2018-06-29 13:19:46 - [MESSAGE][PASSED] - Delayed 5 second(s)

2018-06-29 13:19:46 - [TEST_STEP][PASSED] - setText: Text 'A002' is set on object 'Object Repository/New_Test_Create_App/Page_Canvas World/enter_AppId'

2018-06-29 13:19:46 - [MESSAGE][PASSED] - Text 'A002' is set on object 'Object Repository/New_Test_Create_App/Page_Canvas World/enter_AppId'

2018-06-29 13:19:46 - [TEST_STEP][PASSED] - click: Object: 'Object Repository/New_Test_Create_App/Page_Canvas World/enter_AppDisplayName' is clicked on

2018-06-29 13:19:46 - [MESSAGE][PASSED] - Object: 'Object Repository/New_Test_Create_App/Page_Canvas World/enter_AppDisplayName' is clicked on

2018-06-29 13:19:46 - [TEST_STEP][PASSED] - setText: Text 'A002' is set on object 'Object Repository/New_Test_Create_App/Page_Canvas World/enter_AppDisplayName'

2018-06-29 13:19:47 - [MESSAGE][PASSED] - Text 'A002' is set on object 'Object Repository/New_Test_Create_App/Page_Canvas World/enter_AppDisplayName'

2018-06-29 13:19:47 - [TEST_STEP][PASSED] - click: Object: 'Object Repository/New_Test_Create_App/Page_Canvas World/enter_AppBundleKey' is clicked on

2018-06-29 13:19:47 - [MESSAGE][PASSED] - Object: 'Object Repository/New_Test_Create_App/Page_Canvas World/enter_AppBundleKey' is clicked on

2018-06-29 13:19:47 - [TEST_STEP][PASSED] - setText: Text 'common' is set on object 'Object Repository/New_Test_Create_App/Page_Canvas World/enter_AppBundleKey'

2018-06-29 13:19:47 - [MESSAGE][PASSED] - Text 'common' is set on object 'Object Repository/New_Test_Create_App/Page_Canvas World/enter_AppBundleKey'

2018-06-29 13:19:47 - [TEST_STEP][PASSED] - click: Object: 'Object Repository/New_Test_Create_App/Page_Canvas World/enter_View_Link_App' is clicked on

2018-06-29 13:19:48 - [MESSAGE][PASSED] - Object: 'Object Repository/New_Test_Create_App/Page_Canvas World/enter_View_Link_App' is clicked on

2018-06-29 13:19:48 - [TEST_STEP][PASSED] - Statement - selectview = "//span[starts-with(text(), '" + java.lang.String.valueOf(id) + "')]": null

2018-06-29 13:19:48 - [TEST_STEP][PASSED] - Statement - println(selectview): null

2018-06-29 13:19:48 - [TEST_STEP][PASSED] - Statement - dynamicObject = new com.kms.katalon.core.testobject.TestObject(selectview).addProperty("xpath", EQUALS, selectview, true): null

2018-06-29 13:19:48 - [TEST_STEP][PASSED] - waitForElementVisible: Object '//span[starts-with(text(), 'A002')]' is visible

2018-06-29 13:19:48 - [MESSAGE][PASSED] - Object '//span[starts-with(text(), 'A002')]' is visible

2018-06-29 13:19:48 - [TEST_STEP][PASSED] - doubleClick: Object: '//span[starts-with(text(), 'A002')]' is double clicked on

2018-06-29 13:19:49 - [MESSAGE][PASSED] - Object: '//span[starts-with(text(), 'A002')]' is double clicked on

2018-06-29 13:19:49 - [TEST_STEP][PASSED] - doubleClick: Object: '//span[starts-with(text(), 'A002')]' is double clicked on

2018-06-29 13:19:49 - [MESSAGE][PASSED] - Object: '//span[starts-with(text(), 'A002')]' is double clicked on

2018-06-29 13:19:49 - [TEST_STEP][PASSED] - delay: Delayed 3 second(s)

2018-06-29 13:19:52 - [MESSAGE][PASSED] - Delayed 3 second(s)

2018-06-29 13:19:52 - [TEST_STEP][NOT_RUN] - click: NOT_RUN: click

2018-06-29 13:19:52 - [MESSAGE][NOT_RUN] - NOT_RUN: click

2018-06-29 13:19:52 - [TEST_STEP][NOT_RUN] - doubleClick: NOT_RUN: doubleClick

2018-06-29 13:19:52 - [MESSAGE][NOT_RUN] - NOT_RUN: doubleClick

2018-06-29 13:19:52 - [TEST_STEP][PASSED] - delay: Delayed 3 second(s)

2018-06-29 13:19:55 - [MESSAGE][PASSED] - Delayed 3 second(s)

2018-06-29 13:19:55 - [TEST_STEP][PASSED] - click: Object: 'Object Repository/New_Test_Create_App/Page_Canvas World/app_Submit' is clicked on

2018-06-29 13:19:55 - [MESSAGE][PASSED] - Object: 'Object Repository/New_Test_Create_App/Page_Canvas World/app_Submit' is clicked on

2018-06-29 13:19:55 - [TEST_STEP][PASSED] - delay: Delayed 3 second(s)

2018-06-29 13:19:58 - [MESSAGE][PASSED] - Delayed 3 second(s)

2018-06-29 13:19:58 - [TEST_STEP][PASSED] - click: Object: 'Object Repository/New_Test_Create_App/Page_Canvas World/app_submission' is clicked on

2018-06-29 13:19:58 - [MESSAGE][PASSED] - Object: 'Object Repository/New_Test_Create_App/Page_Canvas World/app_submission' is clicked on

2018-06-29 13:19:58 - [TEST_STEP][PASSED] - Statement - id = hssfRow.getCell(i): null

2018-06-29 13:19:58 - [TEST_STEP][PASSED] - click: Object: 'Object Repository/New_Test_Create_Form/Page_Canvas World/span_Create' is clicked on

2018-06-29 13:19:58 - [MESSAGE][PASSED] - Object: 'Object Repository/New_Test_Create_Form/Page_Canvas World/span_Create' is clicked on

2018-06-29 13:19:58 - [TEST_STEP][PASSED] - click: Object: 'Object Repository/New_Test_Create_App/Page_Canvas World/span_App' is clicked on

2018-06-29 13:19:59 - [MESSAGE][PASSED] - Object: 'Object Repository/New_Test_Create_App/Page_Canvas World/span_App' is clicked on

2018-06-29 13:19:59 - [TEST_STEP][PASSED] - waitForPageLoad: Wait for page load successfully

2018-06-29 13:19:59 - [MESSAGE][PASSED] - Wait for page load successfully

2018-06-29 13:19:59 - [TEST_STEP][PASSED] - delay: Delayed 5 second(s)

2018-06-29 13:20:04 - [MESSAGE][PASSED] - Delayed 5 second(s)

2018-06-29 13:20:04 - [TEST_STEP][PASSED] - setText: Text 'A003' is set on object 'Object Repository/New_Test_Create_App/Page_Canvas World/enter_AppId'

2018-06-29 13:20:04 - [MESSAGE][PASSED] - Text 'A003' is set on object 'Object Repository/New_Test_Create_App/Page_Canvas World/enter_AppId'

2018-06-29 13:20:04 - [TEST_STEP][PASSED] - click: Object: 'Object Repository/New_Test_Create_App/Page_Canvas World/enter_AppDisplayName' is clicked on

2018-06-29 13:20:05 - [MESSAGE][PASSED] - Object: 'Object Repository/New_Test_Create_App/Page_Canvas World/enter_AppDisplayName' is clicked on

2018-06-29 13:20:05 - [TEST_STEP][PASSED] - setText: Text 'A003' is set on object 'Object Repository/New_Test_Create_App/Page_Canvas World/enter_AppDisplayName'

2018-06-29 13:20:05 - [MESSAGE][PASSED] - Text 'A003' is set on object 'Object Repository/New_Test_Create_App/Page_Canvas World/enter_AppDisplayName'

2018-06-29 13:20:05 - [TEST_STEP][PASSED] - click: Object: 'Object Repository/New_Test_Create_App/Page_Canvas World/enter_AppBundleKey' is clicked on

2018-06-29 13:20:05 - [MESSAGE][PASSED] - Object: 'Object Repository/New_Test_Create_App/Page_Canvas World/enter_AppBundleKey' is clicked on

2018-06-29 13:20:05 - [TEST_STEP][PASSED] - setText: Text 'common' is set on object 'Object Repository/New_Test_Create_App/Page_Canvas World/enter_AppBundleKey'

2018-06-29 13:20:06 - [MESSAGE][PASSED] - Text 'common' is set on object 'Object Repository/New_Test_Create_App/Page_Canvas World/enter_AppBundleKey'

2018-06-29 13:20:06 - [TEST_STEP][PASSED] - click: Object: 'Object Repository/New_Test_Create_App/Page_Canvas World/enter_View_Link_App' is clicked on

2018-06-29 13:20:06 - [MESSAGE][PASSED] - Object: 'Object Repository/New_Test_Create_App/Page_Canvas World/enter_View_Link_App' is clicked on

2018-06-29 13:20:06 - [TEST_STEP][PASSED] - Statement - selectview = "//span[starts-with(text(), '" + java.lang.String.valueOf(id) + "')]": null

2018-06-29 13:20:06 - [TEST_STEP][PASSED] - Statement - println(selectview): null

2018-06-29 13:20:06 - [TEST_STEP][PASSED] - Statement - dynamicObject = new com.kms.katalon.core.testobject.TestObject(selectview).addProperty("xpath", EQUALS, selectview, true): null

2018-06-29 13:20:06 - [TEST_STEP][PASSED] - waitForElementVisible: Object '//span[starts-with(text(), 'A003')]' is visible

2018-06-29 13:20:07 - [MESSAGE][PASSED] - Object '//span[starts-with(text(), 'A003')]' is visible

2018-06-29 13:20:07 - [TEST_STEP][PASSED] - doubleClick: Object: '//span[starts-with(text(), 'A003')]' is double clicked on

2018-06-29 13:20:07 - [MESSAGE][PASSED] - Object: '//span[starts-with(text(), 'A003')]' is double clicked on

2018-06-29 13:20:07 - [TEST_STEP][PASSED] - doubleClick: Object: '//span[starts-with(text(), 'A003')]' is double clicked on

2018-06-29 13:20:07 - [MESSAGE][PASSED] - Object: '//span[starts-with(text(), 'A003')]' is double clicked on

2018-06-29 13:20:07 - [TEST_STEP][PASSED] - delay: Delayed 3 second(s)

2018-06-29 13:20:10 - [MESSAGE][PASSED] - Delayed 3 second(s)

2018-06-29 13:20:10 - [TEST_STEP][NOT_RUN] - click: NOT_RUN: click

2018-06-29 13:20:10 - [MESSAGE][NOT_RUN] - NOT_RUN: click

2018-06-29 13:20:10 - [TEST_STEP][NOT_RUN] - doubleClick: NOT_RUN: doubleClick

2018-06-29 13:20:10 - [MESSAGE][NOT_RUN] - NOT_RUN: doubleClick

2018-06-29 13:20:10 - [TEST_STEP][PASSED] - delay: Delayed 3 second(s)

2018-06-29 13:20:13 - [MESSAGE][PASSED] - Delayed 3 second(s)

2018-06-29 13:20:13 - [TEST_STEP][PASSED] - click: Object: 'Object Repository/New_Test_Create_App/Page_Canvas World/app_Submit' is clicked on

2018-06-29 13:20:13 - [MESSAGE][PASSED] - Object: 'Object Repository/New_Test_Create_App/Page_Canvas World/app_Submit' is clicked on

2018-06-29 13:20:13 - [TEST_STEP][PASSED] - delay: Delayed 3 second(s)

2018-06-29 13:20:16 - [MESSAGE][PASSED] - Delayed 3 second(s)

2018-06-29 13:20:16 - [TEST_STEP][PASSED] - click: Object: 'Object Repository/New_Test_Create_App/Page_Canvas World/app_submission' is clicked on

2018-06-29 13:20:16 - [MESSAGE][PASSED] - Object: 'Object Repository/New_Test_Create_App/Page_Canvas World/app_submission' is clicked on

2018-06-29 13:20:16 - [TEST_STEP][PASSED] - Statement - id = hssfRow.getCell(i): null

2018-06-29 13:20:16 - [TEST_STEP][PASSED] - click: Object: 'Object Repository/New_Test_Create_Form/Page_Canvas World/span_Create' is clicked on

2018-06-29 13:20:17 - [MESSAGE][PASSED] - Object: 'Object Repository/New_Test_Create_Form/Page_Canvas World/span_Create' is clicked on

2018-06-29 13:20:17 - [TEST_STEP][PASSED] - click: Object: 'Object Repository/New_Test_Create_App/Page_Canvas World/span_App' is clicked on

2018-06-29 13:20:17 - [MESSAGE][PASSED] - Object: 'Object Repository/New_Test_Create_App/Page_Canvas World/span_App' is clicked on

2018-06-29 13:20:17 - [TEST_STEP][PASSED] - waitForPageLoad: Wait for page load successfully

2018-06-29 13:20:17 - [MESSAGE][PASSED] - Wait for page load successfully

2018-06-29 13:20:17 - [TEST_STEP][PASSED] - delay: Delayed 5 second(s)

2018-06-29 13:20:22 - [MESSAGE][PASSED] - Delayed 5 second(s)

2018-06-29 13:20:22 - [TEST_STEP][PASSED] - setText: Text 'A004' is set on object 'Object Repository/New_Test_Create_App/Page_Canvas World/enter_AppId'

2018-06-29 13:20:23 - [MESSAGE][PASSED] - Text 'A004' is set on object 'Object Repository/New_Test_Create_App/Page_Canvas World/enter_AppId'

2018-06-29 13:20:23 - [TEST_STEP][PASSED] - click: Object: 'Object Repository/New_Test_Create_App/Page_Canvas World/enter_AppDisplayName' is clicked on

2018-06-29 13:20:23 - [MESSAGE][PASSED] - Object: 'Object Repository/New_Test_Create_App/Page_Canvas World/enter_AppDisplayName' is clicked on

2018-06-29 13:20:23 - [TEST_STEP][PASSED] - setText: Text 'A004' is set on object 'Object Repository/New_Test_Create_App/Page_Canvas World/enter_AppDisplayName'

2018-06-29 13:20:23 - [MESSAGE][PASSED] - Text 'A004' is set on object 'Object Repository/New_Test_Create_App/Page_Canvas World/enter_AppDisplayName'

2018-06-29 13:20:23 - [TEST_STEP][PASSED] - click: Object: 'Object Repository/New_Test_Create_App/Page_Canvas World/enter_AppBundleKey' is clicked on

2018-06-29 13:20:23 - [MESSAGE][PASSED] - Object: 'Object Repository/New_Test_Create_App/Page_Canvas World/enter_AppBundleKey' is clicked on

2018-06-29 13:20:23 - [TEST_STEP][PASSED] - setText: Text 'common' is set on object 'Object Repository/New_Test_Create_App/Page_Canvas World/enter_AppBundleKey'

2018-06-29 13:20:24 - [MESSAGE][PASSED] - Text 'common' is set on object 'Object Repository/New_Test_Create_App/Page_Canvas World/enter_AppBundleKey'

2018-06-29 13:20:24 - [TEST_STEP][PASSED] - click: Object: 'Object Repository/New_Test_Create_App/Page_Canvas World/enter_View_Link_App' is clicked on

2018-06-29 13:20:24 - [MESSAGE][PASSED] - Object: 'Object Repository/New_Test_Create_App/Page_Canvas World/enter_View_Link_App' is clicked on

2018-06-29 13:20:24 - [TEST_STEP][PASSED] - Statement - selectview = "//span[starts-with(text(), '" + java.lang.String.valueOf(id) + "')]": null

2018-06-29 13:20:24 - [TEST_STEP][PASSED] - Statement - println(selectview): null

2018-06-29 13:20:24 - [TEST_STEP][PASSED] - Statement - dynamicObject = new com.kms.katalon.core.testobject.TestObject(selectview).addProperty("xpath", EQUALS, selectview, true): null

2018-06-29 13:20:24 - [TEST_STEP][PASSED] - waitForElementVisible: Object '//span[starts-with(text(), 'A004')]' is visible

2018-06-29 13:20:25 - [MESSAGE][PASSED] - Object '//span[starts-with(text(), 'A004')]' is visible

2018-06-29 13:20:25 - [TEST_STEP][PASSED] - doubleClick: Object: '//span[starts-with(text(), 'A004')]' is double clicked on

2018-06-29 13:20:25 - [MESSAGE][PASSED] - Object: '//span[starts-with(text(), 'A004')]' is double clicked on

2018-06-29 13:20:25 - [TEST_STEP][PASSED] - doubleClick: Object: '//span[starts-with(text(), 'A004')]' is double clicked on

2018-06-29 13:20:25 - [MESSAGE][PASSED] - Object: '//span[starts-with(text(), 'A004')]' is double clicked on

2018-06-29 13:20:25 - [TEST_STEP][PASSED] - delay: Delayed 3 second(s)

2018-06-29 13:20:28 - [MESSAGE][PASSED] - Delayed 3 second(s)

2018-06-29 13:20:28 - [TEST_STEP][NOT_RUN] - click: NOT_RUN: click

2018-06-29 13:20:28 - [MESSAGE][NOT_RUN] - NOT_RUN: click

2018-06-29 13:20:28 - [TEST_STEP][NOT_RUN] - doubleClick: NOT_RUN: doubleClick

2018-06-29 13:20:28 - [MESSAGE][NOT_RUN] - NOT_RUN: doubleClick

2018-06-29 13:20:28 - [TEST_STEP][PASSED] - delay: Delayed 3 second(s)

2018-06-29 13:20:31 - [MESSAGE][PASSED] - Delayed 3 second(s)

2018-06-29 13:20:31 - [TEST_STEP][PASSED] - click: Object: 'Object Repository/New_Test_Create_App/Page_Canvas World/app_Submit' is clicked on

2018-06-29 13:20:32 - [MESSAGE][PASSED] - Object: 'Object Repository/New_Test_Create_App/Page_Canvas World/app_Submit' is clicked on

2018-06-29 13:20:32 - [TEST_STEP][PASSED] - delay: Delayed 3 second(s)

2018-06-29 13:20:35 - [MESSAGE][PASSED] - Delayed 3 second(s)

2018-06-29 13:20:35 - [TEST_STEP][PASSED] - click: Object: 'Object Repository/New_Test_Create_App/Page_Canvas World/app_submission' is clicked on

2018-06-29 13:20:35 - [MESSAGE][PASSED] - Object: 'Object Repository/New_Test_Create_App/Page_Canvas World/app_submission' is clicked on

2018-06-29 13:20:35 - [TEST_STEP][PASSED] - Statement - id = hssfRow.getCell(i): null

2018-06-29 13:20:35 - [TEST_STEP][PASSED] - click: Object: 'Object Repository/New_Test_Create_Form/Page_Canvas World/span_Create' is clicked on

2018-06-29 13:20:35 - [MESSAGE][PASSED] - Object: 'Object Repository/New_Test_Create_Form/Page_Canvas World/span_Create' is clicked on

2018-06-29 13:20:35 - [TEST_STEP][PASSED] - click: Object: 'Object Repository/New_Test_Create_App/Page_Canvas World/span_App' is clicked on

2018-06-29 13:20:36 - [MESSAGE][PASSED] - Object: 'Object Repository/New_Test_Create_App/Page_Canvas World/span_App' is clicked on

2018-06-29 13:20:36 - [TEST_STEP][PASSED] - waitForPageLoad: Wait for page load successfully

2018-06-29 13:20:36 - [MESSAGE][PASSED] - Wait for page load successfully

2018-06-29 13:20:36 - [TEST_STEP][PASSED] - delay: Delayed 5 second(s)

2018-06-29 13:20:41 - [MESSAGE][PASSED] - Delayed 5 second(s)

2018-06-29 13:20:41 - [TEST_STEP][PASSED] - setText: Text 'A005' is set on object 'Object Repository/New_Test_Create_App/Page_Canvas World/enter_AppId'

2018-06-29 13:20:41 - [MESSAGE][PASSED] - Text 'A005' is set on object 'Object Repository/New_Test_Create_App/Page_Canvas World/enter_AppId'

2018-06-29 13:20:41 - [TEST_STEP][PASSED] - click: Object: 'Object Repository/New_Test_Create_App/Page_Canvas World/enter_AppDisplayName' is clicked on

2018-06-29 13:20:41 - [MESSAGE][PASSED] - Object: 'Object Repository/New_Test_Create_App/Page_Canvas World/enter_AppDisplayName' is clicked on

2018-06-29 13:20:41 - [TEST_STEP][PASSED] - setText: Text 'A005' is set on object 'Object Repository/New_Test_Create_App/Page_Canvas World/enter_AppDisplayName'

2018-06-29 13:20:42 - [MESSAGE][PASSED] - Text 'A005' is set on object 'Object Repository/New_Test_Create_App/Page_Canvas World/enter_AppDisplayName'

2018-06-29 13:20:42 - [TEST_STEP][PASSED] - click: Object: 'Object Repository/New_Test_Create_App/Page_Canvas World/enter_AppBundleKey' is clicked on

2018-06-29 13:20:42 - [MESSAGE][PASSED] - Object: 'Object Repository/New_Test_Create_App/Page_Canvas World/enter_AppBundleKey' is clicked on

2018-06-29 13:20:42 - [TEST_STEP][PASSED] - setText: Text 'common' is set on object 'Object Repository/New_Test_Create_App/Page_Canvas World/enter_AppBundleKey'

2018-06-29 13:20:42 - [MESSAGE][PASSED] - Text 'common' is set on object 'Object Repository/New_Test_Create_App/Page_Canvas World/enter_AppBundleKey'

2018-06-29 13:20:42 - [TEST_STEP][PASSED] - click: Object: 'Object Repository/New_Test_Create_App/Page_Canvas World/enter_View_Link_App' is clicked on

2018-06-29 13:20:42 - [MESSAGE][PASSED] - Object: 'Object Repository/New_Test_Create_App/Page_Canvas World/enter_View_Link_App' is clicked on

2018-06-29 13:20:42 - [TEST_STEP][PASSED] - Statement - selectview = "//span[starts-with(text(), '" + java.lang.String.valueOf(id) + "')]": null

2018-06-29 13:20:42 - [TEST_STEP][PASSED] - Statement - println(selectview): null

2018-06-29 13:20:42 - [TEST_STEP][PASSED] - Statement - dynamicObject = new com.kms.katalon.core.testobject.TestObject(selectview).addProperty("xpath", EQUALS, selectview, true): null

2018-06-29 13:20:42 - [TEST_STEP][PASSED] - waitForElementVisible: Object '//span[starts-with(text(), 'A005')]' is visible

2018-06-29 13:20:43 - [MESSAGE][PASSED] - Object '//span[starts-with(text(), 'A005')]' is visible

2018-06-29 13:20:43 - [TEST_STEP][PASSED] - doubleClick: Object: '//span[starts-with(text(), 'A005')]' is double clicked on

2018-06-29 13:20:43 - [MESSAGE][PASSED] - Object: '//span[starts-with(text(), 'A005')]' is double clicked on

2018-06-29 13:20:43 - [TEST_STEP][PASSED] - doubleClick: Object: '//span[starts-with(text(), 'A005')]' is double clicked on

2018-06-29 13:20:43 - [MESSAGE][PASSED] - Object: '//span[starts-with(text(), 'A005')]' is double clicked on

2018-06-29 13:20:43 - [TEST_STEP][PASSED] - delay: Delayed 3 second(s)

2018-06-29 13:20:46 - [MESSAGE][PASSED] - Delayed 3 second(s)

2018-06-29 13:20:46 - [TEST_STEP][NOT_RUN] - click: NOT_RUN: click

2018-06-29 13:20:46 - [MESSAGE][NOT_RUN] - NOT_RUN: click

2018-06-29 13:20:46 - [TEST_STEP][NOT_RUN] - doubleClick: NOT_RUN: doubleClick

2018-06-29 13:20:46 - [MESSAGE][NOT_RUN] - NOT_RUN: doubleClick

2018-06-29 13:20:46 - [TEST_STEP][PASSED] - delay: Delayed 3 second(s)

2018-06-29 13:20:49 - [MESSAGE][PASSED] - Delayed 3 second(s)

2018-06-29 13:20:49 - [TEST_STEP][PASSED] - click: Object: 'Object Repository/New_Test_Create_App/Page_Canvas World/app_Submit' is clicked on

2018-06-29 13:20:50 - [MESSAGE][PASSED] - Object: 'Object Repository/New_Test_Create_App/Page_Canvas World/app_Submit' is clicked on

2018-06-29 13:20:50 - [TEST_STEP][PASSED] - delay: Delayed 3 second(s)

2018-06-29 13:20:53 - [MESSAGE][PASSED] - Delayed 3 second(s)

2018-06-29 13:20:53 - [TEST_STEP][PASSED] - click: Object: 'Object Repository/New_Test_Create_App/Page_Canvas World/app_submission' is clicked on

2018-06-29 13:20:53 - [MESSAGE][PASSED] - Object: 'Object Repository/New_Test_Create_App/Page_Canvas World/app_submission' is clicked on

2018-06-29 13:20:53 - [TEST_STEP][PASSED] - Statement - id = hssfRow.getCell(i): null

2018-06-29 13:20:53 - [TEST_STEP][PASSED] - click: Object: 'Object Repository/New_Test_Create_Form/Page_Canvas World/span_Create' is clicked on

2018-06-29 13:20:53 - [MESSAGE][PASSED] - Object: 'Object Repository/New_Test_Create_Form/Page_Canvas World/span_Create' is clicked on

2018-06-29 13:20:53 - [TEST_STEP][PASSED] - click: Object: 'Object Repository/New_Test_Create_App/Page_Canvas World/span_App' is clicked on

2018-06-29 13:20:54 - [MESSAGE][PASSED] - Object: 'Object Repository/New_Test_Create_App/Page_Canvas World/span_App' is clicked on

2018-06-29 13:20:54 - [TEST_STEP][PASSED] - waitForPageLoad: Wait for page load successfully

2018-06-29 13:20:54 - [MESSAGE][PASSED] - Wait for page load successfully

2018-06-29 13:20:54 - [TEST_STEP][PASSED] - delay: Delayed 5 second(s)

2018-06-29 13:20:59 - [MESSAGE][PASSED] - Delayed 5 second(s)

2018-06-29 13:20:59 - [TEST_STEP][PASSED] - setText: Text 'A006' is set on object 'Object Repository/New_Test_Create_App/Page_Canvas World/enter_AppId'

2018-06-29 13:20:59 - [MESSAGE][PASSED] - Text 'A006' is set on object 'Object Repository/New_Test_Create_App/Page_Canvas World/enter_AppId'

2018-06-29 13:20:59 - [TEST_STEP][PASSED] - click: Object: 'Object Repository/New_Test_Create_App/Page_Canvas World/enter_AppDisplayName' is clicked on

2018-06-29 13:20:59 - [MESSAGE][PASSED] - Object: 'Object Repository/New_Test_Create_App/Page_Canvas World/enter_AppDisplayName' is clicked on

2018-06-29 13:20:59 - [TEST_STEP][PASSED] - setText: Text 'A006' is set on object 'Object Repository/New_Test_Create_App/Page_Canvas World/enter_AppDisplayName'

2018-06-29 13:21:00 - [MESSAGE][PASSED] - Text 'A006' is set on object 'Object Repository/New_Test_Create_App/Page_Canvas World/enter_AppDisplayName'

2018-06-29 13:21:00 - [TEST_STEP][PASSED] - click: Object: 'Object Repository/New_Test_Create_App/Page_Canvas World/enter_AppBundleKey' is clicked on

2018-06-29 13:21:00 - [MESSAGE][PASSED] - Object: 'Object Repository/New_Test_Create_App/Page_Canvas World/enter_AppBundleKey' is clicked on

2018-06-29 13:21:00 - [TEST_STEP][PASSED] - setText: Text 'common' is set on object 'Object Repository/New_Test_Create_App/Page_Canvas World/enter_AppBundleKey'

2018-06-29 13:21:00 - [MESSAGE][PASSED] - Text 'common' is set on object 'Object Repository/New_Test_Create_App/Page_Canvas World/enter_AppBundleKey'

2018-06-29 13:21:00 - [TEST_STEP][PASSED] - click: Object: 'Object Repository/New_Test_Create_App/Page_Canvas World/enter_View_Link_App' is clicked on

2018-06-29 13:21:00 - [MESSAGE][PASSED] - Object: 'Object Repository/New_Test_Create_App/Page_Canvas World/enter_View_Link_App' is clicked on

2018-06-29 13:21:00 - [TEST_STEP][PASSED] - Statement - selectview = "//span[starts-with(text(), '" + java.lang.String.valueOf(id) + "')]": null

2018-06-29 13:21:00 - [TEST_STEP][PASSED] - Statement - println(selectview): null

2018-06-29 13:21:00 - [TEST_STEP][PASSED] - Statement - dynamicObject = new com.kms.katalon.core.testobject.TestObject(selectview).addProperty("xpath", EQUALS, selectview, true): null

2018-06-29 13:21:00 - [TEST_STEP][PASSED] - waitForElementVisible: Object '//span[starts-with(text(), 'A006')]' is visible

2018-06-29 13:21:02 - [MESSAGE][PASSED] - Object '//span[starts-with(text(), 'A006')]' is visible

2018-06-29 13:21:02 - [TEST_STEP][PASSED] - doubleClick: Object: '//span[starts-with(text(), 'A006')]' is double clicked on

2018-06-29 13:21:02 - [MESSAGE][PASSED] - Object: '//span[starts-with(text(), 'A006')]' is double clicked on

2018-06-29 13:21:02 - [TEST_STEP][PASSED] - doubleClick: Object: '//span[starts-with(text(), 'A006')]' is double clicked on

2018-06-29 13:21:02 - [MESSAGE][PASSED] - Object: '//span[starts-with(text(), 'A006')]' is double clicked on

2018-06-29 13:21:02 - [TEST_STEP][PASSED] - delay: Delayed 3 second(s)

2018-06-29 13:21:05 - [MESSAGE][PASSED] - Delayed 3 second(s)

2018-06-29 13:21:05 - [TEST_STEP][NOT_RUN] - click: NOT_RUN: click

2018-06-29 13:21:05 - [MESSAGE][NOT_RUN] - NOT_RUN: click

2018-06-29 13:21:05 - [TEST_STEP][NOT_RUN] - doubleClick: NOT_RUN: doubleClick

2018-06-29 13:21:05 - [MESSAGE][NOT_RUN] - NOT_RUN: doubleClick

2018-06-29 13:21:05 - [TEST_STEP][PASSED] - delay: Delayed 3 second(s)

2018-06-29 13:21:08 - [MESSAGE][PASSED] - Delayed 3 second(s)

2018-06-29 13:21:08 - [TEST_STEP][PASSED] - click: Object: 'Object Repository/New_Test_Create_App/Page_Canvas World/app_Submit' is clicked on

2018-06-29 13:21:08 - [MESSAGE][PASSED] - Object: 'Object Repository/New_Test_Create_App/Page_Canvas World/app_Submit' is clicked on

2018-06-29 13:21:08 - [TEST_STEP][PASSED] - delay: Delayed 3 second(s)

2018-06-29 13:21:11 - [MESSAGE][PASSED] - Delayed 3 second(s)

2018-06-29 13:21:11 - [TEST_STEP][PASSED] - click: Object: 'Object Repository/New_Test_Create_App/Page_Canvas World/app_submission' is clicked on

2018-06-29 13:21:11 - [MESSAGE][PASSED] - Object: 'Object Repository/New_Test_Create_App/Page_Canvas World/app_submission' is clicked on]]></system-out>
         <system-err><![CDATA[]]></system-err>
      </testcase>
      <testcase name="Test Cases/Smoke Test/New_Grid_WS" classname="Test Cases/Smoke Test/New_Grid_WS" status="PASSED">
         <system-out><![CDATA[2018-06-29 13:21:11 - [TEST_CASE][PASSED] - Test Cases/Smoke Test/New_Grid_WS: Test Cases/Smoke Test/New_Grid_WS

2018-06-29 13:21:12 - [TEST_STEP][PASSED] - Statement - path = "D:\Sheepa\Katalon\Studio Smoke Test\Studio Smoke Test\Data Files\Grid_view_id.xls": null

2018-06-29 13:21:12 - [TEST_STEP][PASSED] - Statement - fis = new java.io.FileInputStream(path): null

2018-06-29 13:21:12 - [TEST_STEP][PASSED] - Statement - hssfWorkbook = new org.apache.poi.hssf.usermodel.HSSFWorkbook(fis): null

2018-06-29 13:21:12 - [TEST_STEP][PASSED] - Statement - sc = hssfWorkbook.getNumberOfSheets(): null

2018-06-29 13:21:12 - [TEST_STEP][PASSED] - Statement - println(sc): null

2018-06-29 13:21:12 - [TEST_STEP][PASSED] - Statement - hssfSheet = hssfWorkbook.getSheetAt(0): null

2018-06-29 13:21:12 - [TEST_STEP][PASSED] - Statement - hssfRow = hssfSheet.getRow(1): null

2018-06-29 13:21:12 - [TEST_STEP][PASSED] - Statement - WS_id = hssfRow.getCell(6): null

2018-06-29 13:21:12 - [TEST_STEP][PASSED] - Statement - SubWS_id = hssfRow.getCell(7): null

2018-06-29 13:21:12 - [TEST_STEP][PASSED] - openBrowser: Browser is opened with url: ''

2018-06-29 13:21:12 - [MESSAGE][WARNING] - A browser is already opened. Closing browser and opening a new one

2018-06-29 13:21:16 - [MESSAGE][PASSED] - Browser is opened with url: ''

2018-06-29 13:21:16 - [TEST_STEP][PASSED] - maximizeWindow: Current window maximized

2018-06-29 13:21:17 - [MESSAGE][PASSED] - Current window maximized

2018-06-29 13:21:17 - [TEST_STEP][PASSED] - navigateToUrl: Navigate to 'http://localhost:8082/expertctstudio/' successfully

2018-06-29 13:21:39 - [MESSAGE][PASSED] - Navigate to 'http://localhost:8082/expertctstudio/' successfully

2018-06-29 13:21:39 - [TEST_STEP][PASSED] - setText: Text 'CTSTUD1' is set on object 'Object Repository/New_Test_Create_Form/Page_Expert CT Studio/input_loginID'

2018-06-29 13:21:39 - [MESSAGE][PASSED] - Text 'CTSTUD1' is set on object 'Object Repository/New_Test_Create_Form/Page_Expert CT Studio/input_loginID'

2018-06-29 13:21:39 - [TEST_STEP][PASSED] - setText: Text 'TEST123' is set on object 'Object Repository/New_Test_Create_Form/Page_Expert CT Studio/input_loginPSW'

2018-06-29 13:21:39 - [MESSAGE][PASSED] - Text 'TEST123' is set on object 'Object Repository/New_Test_Create_Form/Page_Expert CT Studio/input_loginPSW'

2018-06-29 13:21:39 - [TEST_STEP][PASSED] - click: Object: 'Object Repository/New_Test_Create_Form/Page_Expert CT Studio/input_commit' is clicked on

2018-06-29 13:21:41 - [MESSAGE][PASSED] - Object: 'Object Repository/New_Test_Create_Form/Page_Expert CT Studio/input_commit' is clicked on

2018-06-29 13:21:41 - [TEST_STEP][PASSED] - waitForPageLoad: Wait for page load successfully

2018-06-29 13:21:41 - [MESSAGE][PASSED] - Wait for page load successfully

2018-06-29 13:21:41 - [TEST_STEP][PASSED] - click: Object: 'Object Repository/New_Test_Create_Form/Page_Canvas World/span_Create' is clicked on

2018-06-29 13:21:42 - [MESSAGE][PASSED] - Object: 'Object Repository/New_Test_Create_Form/Page_Canvas World/span_Create' is clicked on

2018-06-29 13:21:42 - [TEST_STEP][PASSED] - click: Object: 'Object Repository/New_Test_Create_Workspace/Page_Canvas World/span_Workspace' is clicked on

2018-06-29 13:21:42 - [MESSAGE][PASSED] - Object: 'Object Repository/New_Test_Create_Workspace/Page_Canvas World/span_Workspace' is clicked on

2018-06-29 13:21:42 - [TEST_STEP][PASSED] - waitForPageLoad: Wait for page load successfully

2018-06-29 13:21:42 - [MESSAGE][PASSED] - Wait for page load successfully

2018-06-29 13:21:42 - [TEST_STEP][PASSED] - click: Object: 'Object Repository/New_Test_Create_Workspace/Page_Canvas World/enter_WSId' is clicked on

2018-06-29 13:21:45 - [MESSAGE][PASSED] - Object: 'Object Repository/New_Test_Create_Workspace/Page_Canvas World/enter_WSId' is clicked on

2018-06-29 13:21:45 - [TEST_STEP][PASSED] - setText: Text 'A007' is set on object 'Object Repository/New_Test_Create_Workspace/Page_Canvas World/enter_WSId'

2018-06-29 13:21:45 - [MESSAGE][PASSED] - Text 'A007' is set on object 'Object Repository/New_Test_Create_Workspace/Page_Canvas World/enter_WSId'

2018-06-29 13:21:45 - [TEST_STEP][PASSED] - click: Object: 'Object Repository/New_Test_Create_Workspace/Page_Canvas World/enter_WS_Name' is clicked on

2018-06-29 13:21:45 - [MESSAGE][PASSED] - Object: 'Object Repository/New_Test_Create_Workspace/Page_Canvas World/enter_WS_Name' is clicked on

2018-06-29 13:21:45 - [TEST_STEP][PASSED] - setText: Text 'A007' is set on object 'Object Repository/New_Test_Create_Workspace/Page_Canvas World/enter_WS_Name'

2018-06-29 13:21:45 - [MESSAGE][PASSED] - Text 'A007' is set on object 'Object Repository/New_Test_Create_Workspace/Page_Canvas World/enter_WS_Name'

2018-06-29 13:21:45 - [TEST_STEP][PASSED] - click: Object: 'Object Repository/New_Test_Create_Workspace/Page_Canvas World/enter_WS_ResourceBundle' is clicked on

2018-06-29 13:21:45 - [MESSAGE][PASSED] - Object: 'Object Repository/New_Test_Create_Workspace/Page_Canvas World/enter_WS_ResourceBundle' is clicked on

2018-06-29 13:21:45 - [TEST_STEP][PASSED] - setText: Text 'common' is set on object 'Object Repository/New_Test_Create_Workspace/Page_Canvas World/enter_WS_ResourceBundle'

2018-06-29 13:21:45 - [MESSAGE][PASSED] - Text 'common' is set on object 'Object Repository/New_Test_Create_Workspace/Page_Canvas World/enter_WS_ResourceBundle'

2018-06-29 13:21:45 - [TEST_STEP][PASSED] - click: Object: 'Object Repository/New_Test_Create_Workspace/Page_Canvas World/enter_Position' is clicked on

2018-06-29 13:21:46 - [MESSAGE][PASSED] - Object: 'Object Repository/New_Test_Create_Workspace/Page_Canvas World/enter_Position' is clicked on

2018-06-29 13:21:46 - [TEST_STEP][PASSED] - setText: Text '1' is set on object 'Object Repository/New_Test_Create_Workspace/Page_Canvas World/enter_Position'

2018-06-29 13:21:46 - [MESSAGE][PASSED] - Text '1' is set on object 'Object Repository/New_Test_Create_Workspace/Page_Canvas World/enter_Position'

2018-06-29 13:21:46 - [TEST_STEP][PASSED] - selectOptionByValue: All options with value 'CUSER' are selected in object 'Object Repository/New_Test_Create_Workspace/Page_Canvas World/select_ProductCode' 

2018-06-29 13:21:46 - [MESSAGE][PASSED] - All options with value 'CUSER' are selected in object 'Object Repository/New_Test_Create_Workspace/Page_Canvas World/select_ProductCode' 

2018-06-29 13:21:46 - [TEST_STEP][PASSED] - selectOptionByValue: All options with value 'CUSER' are selected in object 'Object Repository/New_Test_Create_Workspace/Page_Canvas World/enter_Prdt_SubCode' 

2018-06-29 13:21:46 - [MESSAGE][PASSED] - All options with value 'CUSER' are selected in object 'Object Repository/New_Test_Create_Workspace/Page_Canvas World/enter_Prdt_SubCode' 

2018-06-29 13:21:46 - [TEST_STEP][PASSED] - selectOptionByValue: All options with value 'STACK' are selected in object 'Object Repository/New_Test_Create_Workspace/Page_Canvas World/select_Layout' 

2018-06-29 13:21:46 - [MESSAGE][PASSED] - All options with value 'STACK' are selected in object 'Object Repository/New_Test_Create_Workspace/Page_Canvas World/select_Layout' 

2018-06-29 13:21:46 - [TEST_STEP][PASSED] - click: Object: 'Object Repository/New_Test_Create_Workspace/Page_Canvas World/create_SubWS' is clicked on

2018-06-29 13:21:47 - [MESSAGE][PASSED] - Object: 'Object Repository/New_Test_Create_Workspace/Page_Canvas World/create_SubWS' is clicked on

2018-06-29 13:21:47 - [TEST_STEP][PASSED] - waitForPageLoad: Wait for page load successfully

2018-06-29 13:21:47 - [MESSAGE][PASSED] - Wait for page load successfully

2018-06-29 13:21:47 - [TEST_STEP][PASSED] - click: Object: 'Object Repository/New_Test_Create_Workspace/Page_Canvas World/subWS_ID' is clicked on

2018-06-29 13:21:47 - [MESSAGE][PASSED] - Object: 'Object Repository/New_Test_Create_Workspace/Page_Canvas World/subWS_ID' is clicked on

2018-06-29 13:21:47 - [TEST_STEP][PASSED] - setText: Text 'A008' is set on object 'Object Repository/New_Test_Create_Workspace/Page_Canvas World/subWS_ID'

2018-06-29 13:21:48 - [MESSAGE][PASSED] - Text 'A008' is set on object 'Object Repository/New_Test_Create_Workspace/Page_Canvas World/subWS_ID'

2018-06-29 13:21:48 - [TEST_STEP][PASSED] - click: Object: 'Object Repository/New_Test_Create_Workspace/Page_Canvas World/SubWS_Name' is clicked on

2018-06-29 13:21:48 - [MESSAGE][PASSED] - Object: 'Object Repository/New_Test_Create_Workspace/Page_Canvas World/SubWS_Name' is clicked on

2018-06-29 13:21:48 - [TEST_STEP][PASSED] - setText: Text 'A008' is set on object 'Object Repository/New_Test_Create_Workspace/Page_Canvas World/SubWS_Name'

2018-06-29 13:21:48 - [MESSAGE][PASSED] - Text 'A008' is set on object 'Object Repository/New_Test_Create_Workspace/Page_Canvas World/SubWS_Name'

2018-06-29 13:21:48 - [TEST_STEP][PASSED] - click: Object: 'Object Repository/New_Test_Create_Workspace/Page_Canvas World/SubWS_RB' is clicked on

2018-06-29 13:21:48 - [MESSAGE][PASSED] - Object: 'Object Repository/New_Test_Create_Workspace/Page_Canvas World/SubWS_RB' is clicked on

2018-06-29 13:21:48 - [TEST_STEP][PASSED] - setText: Text 'common' is set on object 'Object Repository/New_Test_Create_Workspace/Page_Canvas World/SubWS_RB'

2018-06-29 13:21:49 - [MESSAGE][PASSED] - Text 'common' is set on object 'Object Repository/New_Test_Create_Workspace/Page_Canvas World/SubWS_RB'

2018-06-29 13:21:49 - [TEST_STEP][PASSED] - selectOptionByValue: All options with value 'CUSER' are selected in object 'Object Repository/New_Test_Create_Workspace/Page_Canvas World/SubWS_ProductCode' 

2018-06-29 13:21:49 - [MESSAGE][PASSED] - All options with value 'CUSER' are selected in object 'Object Repository/New_Test_Create_Workspace/Page_Canvas World/SubWS_ProductCode' 

2018-06-29 13:21:49 - [TEST_STEP][PASSED] - selectOptionByValue: All options with value 'CUSER' are selected in object 'Object Repository/New_Test_Create_Workspace/Page_Canvas World/SubWS_subPrdtCode' 

2018-06-29 13:21:49 - [MESSAGE][PASSED] - All options with value 'CUSER' are selected in object 'Object Repository/New_Test_Create_Workspace/Page_Canvas World/SubWS_subPrdtCode' 

2018-06-29 13:21:49 - [TEST_STEP][PASSED] - selectOptionByValue: All options with value 'STACK' are selected in object 'Object Repository/New_Test_Create_Workspace/Page_Canvas World/subWS_Layout' 

2018-06-29 13:21:49 - [MESSAGE][PASSED] - All options with value 'STACK' are selected in object 'Object Repository/New_Test_Create_Workspace/Page_Canvas World/subWS_Layout' 

2018-06-29 13:21:49 - [TEST_STEP][PASSED] - Statement - For ([i = 0, i <= 5, (i++)]): Delayed 5 second(s)

2018-06-29 13:21:49 - [TEST_STEP][PASSED] - Statement - app_id = hssfRow.getCell(i): null

2018-06-29 13:21:49 - [TEST_STEP][PASSED] - delay: Delayed 5 second(s)

2018-06-29 13:21:54 - [MESSAGE][PASSED] - Delayed 5 second(s)

2018-06-29 13:21:54 - [TEST_STEP][PASSED] - click: Object: 'Object Repository/New_Test_Create_Workspace/Page_Canvas World/add_ChildApp' is clicked on

2018-06-29 13:21:54 - [MESSAGE][PASSED] - Object: 'Object Repository/New_Test_Create_Workspace/Page_Canvas World/add_ChildApp' is clicked on

2018-06-29 13:21:54 - [TEST_STEP][PASSED] - waitForPageLoad: Wait for page load successfully

2018-06-29 13:21:54 - [MESSAGE][PASSED] - Wait for page load successfully

2018-06-29 13:21:54 - [TEST_STEP][PASSED] - delay: Delayed 5 second(s)

2018-06-29 13:21:59 - [MESSAGE][PASSED] - Delayed 5 second(s)

2018-06-29 13:21:59 - [TEST_STEP][PASSED] - Statement - selectApp = "//span[starts-with(text(), '" + java.lang.String.valueOf(app_id) + "')]": null

2018-06-29 13:21:59 - [TEST_STEP][PASSED] - Statement - println(selectApp): null

2018-06-29 13:21:59 - [TEST_STEP][PASSED] - Statement - dynamicObject = new com.kms.katalon.core.testobject.TestObject(selectApp).addProperty("xpath", EQUALS, selectApp, true): null

2018-06-29 13:21:59 - [TEST_STEP][PASSED] - waitForElementVisible: Object '//span[starts-with(text(), 'A001')]' is visible

2018-06-29 13:21:59 - [MESSAGE][PASSED] - Object '//span[starts-with(text(), 'A001')]' is visible

2018-06-29 13:21:59 - [TEST_STEP][PASSED] - doubleClick: Object: '//span[starts-with(text(), 'A001')]' is double clicked on

2018-06-29 13:22:00 - [MESSAGE][PASSED] - Object: '//span[starts-with(text(), 'A001')]' is double clicked on

2018-06-29 13:22:00 - [TEST_STEP][PASSED] - doubleClick: Object: '//span[starts-with(text(), 'A001')]' is double clicked on

2018-06-29 13:22:00 - [MESSAGE][PASSED] - Object: '//span[starts-with(text(), 'A001')]' is double clicked on

2018-06-29 13:22:00 - [TEST_STEP][PASSED] - delay: Delayed 5 second(s)

2018-06-29 13:22:05 - [MESSAGE][PASSED] - Delayed 5 second(s)

2018-06-29 13:22:05 - [TEST_STEP][PASSED] - Statement - app_id = hssfRow.getCell(i): null

2018-06-29 13:22:05 - [TEST_STEP][PASSED] - delay: Delayed 5 second(s)

2018-06-29 13:22:10 - [MESSAGE][PASSED] - Delayed 5 second(s)

2018-06-29 13:22:10 - [TEST_STEP][PASSED] - click: Object: 'Object Repository/New_Test_Create_Workspace/Page_Canvas World/add_ChildApp' is clicked on

2018-06-29 13:22:10 - [MESSAGE][PASSED] - Object: 'Object Repository/New_Test_Create_Workspace/Page_Canvas World/add_ChildApp' is clicked on

2018-06-29 13:22:10 - [TEST_STEP][PASSED] - waitForPageLoad: Wait for page load successfully

2018-06-29 13:22:10 - [MESSAGE][PASSED] - Wait for page load successfully

2018-06-29 13:22:10 - [TEST_STEP][PASSED] - delay: Delayed 5 second(s)

2018-06-29 13:22:15 - [MESSAGE][PASSED] - Delayed 5 second(s)

2018-06-29 13:22:15 - [TEST_STEP][PASSED] - Statement - selectApp = "//span[starts-with(text(), '" + java.lang.String.valueOf(app_id) + "')]": null

2018-06-29 13:22:15 - [TEST_STEP][PASSED] - Statement - println(selectApp): null

2018-06-29 13:22:15 - [TEST_STEP][PASSED] - Statement - dynamicObject = new com.kms.katalon.core.testobject.TestObject(selectApp).addProperty("xpath", EQUALS, selectApp, true): null

2018-06-29 13:22:15 - [TEST_STEP][PASSED] - waitForElementVisible: Object '//span[starts-with(text(), 'A002')]' is visible

2018-06-29 13:22:15 - [MESSAGE][PASSED] - Object '//span[starts-with(text(), 'A002')]' is visible

2018-06-29 13:22:15 - [TEST_STEP][PASSED] - doubleClick: Object: '//span[starts-with(text(), 'A002')]' is double clicked on

2018-06-29 13:22:15 - [MESSAGE][PASSED] - Object: '//span[starts-with(text(), 'A002')]' is double clicked on

2018-06-29 13:22:15 - [TEST_STEP][PASSED] - doubleClick: Object: '//span[starts-with(text(), 'A002')]' is double clicked on

2018-06-29 13:22:15 - [MESSAGE][PASSED] - Object: '//span[starts-with(text(), 'A002')]' is double clicked on

2018-06-29 13:22:15 - [TEST_STEP][PASSED] - delay: Delayed 5 second(s)

2018-06-29 13:22:20 - [MESSAGE][PASSED] - Delayed 5 second(s)

2018-06-29 13:22:20 - [TEST_STEP][PASSED] - Statement - app_id = hssfRow.getCell(i): null

2018-06-29 13:22:20 - [TEST_STEP][PASSED] - delay: Delayed 5 second(s)

2018-06-29 13:22:25 - [MESSAGE][PASSED] - Delayed 5 second(s)

2018-06-29 13:22:25 - [TEST_STEP][PASSED] - click: Object: 'Object Repository/New_Test_Create_Workspace/Page_Canvas World/add_ChildApp' is clicked on

2018-06-29 13:22:25 - [MESSAGE][PASSED] - Object: 'Object Repository/New_Test_Create_Workspace/Page_Canvas World/add_ChildApp' is clicked on

2018-06-29 13:22:25 - [TEST_STEP][PASSED] - waitForPageLoad: Wait for page load successfully

2018-06-29 13:22:25 - [MESSAGE][PASSED] - Wait for page load successfully

2018-06-29 13:22:25 - [TEST_STEP][PASSED] - delay: Delayed 5 second(s)

2018-06-29 13:22:30 - [MESSAGE][PASSED] - Delayed 5 second(s)

2018-06-29 13:22:30 - [TEST_STEP][PASSED] - Statement - selectApp = "//span[starts-with(text(), '" + java.lang.String.valueOf(app_id) + "')]": null

2018-06-29 13:22:30 - [TEST_STEP][PASSED] - Statement - println(selectApp): null

2018-06-29 13:22:30 - [TEST_STEP][PASSED] - Statement - dynamicObject = new com.kms.katalon.core.testobject.TestObject(selectApp).addProperty("xpath", EQUALS, selectApp, true): null

2018-06-29 13:22:30 - [TEST_STEP][PASSED] - waitForElementVisible: Object '//span[starts-with(text(), 'A003')]' is visible

2018-06-29 13:22:31 - [MESSAGE][PASSED] - Object '//span[starts-with(text(), 'A003')]' is visible

2018-06-29 13:22:31 - [TEST_STEP][PASSED] - doubleClick: Object: '//span[starts-with(text(), 'A003')]' is double clicked on

2018-06-29 13:22:31 - [MESSAGE][PASSED] - Object: '//span[starts-with(text(), 'A003')]' is double clicked on

2018-06-29 13:22:31 - [TEST_STEP][PASSED] - doubleClick: Object: '//span[starts-with(text(), 'A003')]' is double clicked on

2018-06-29 13:22:31 - [MESSAGE][PASSED] - Object: '//span[starts-with(text(), 'A003')]' is double clicked on

2018-06-29 13:22:31 - [TEST_STEP][PASSED] - delay: Delayed 5 second(s)

2018-06-29 13:22:36 - [MESSAGE][PASSED] - Delayed 5 second(s)

2018-06-29 13:22:36 - [TEST_STEP][PASSED] - Statement - app_id = hssfRow.getCell(i): null

2018-06-29 13:22:36 - [TEST_STEP][PASSED] - delay: Delayed 5 second(s)

2018-06-29 13:22:41 - [MESSAGE][PASSED] - Delayed 5 second(s)

2018-06-29 13:22:41 - [TEST_STEP][PASSED] - click: Object: 'Object Repository/New_Test_Create_Workspace/Page_Canvas World/add_ChildApp' is clicked on

2018-06-29 13:22:41 - [MESSAGE][PASSED] - Object: 'Object Repository/New_Test_Create_Workspace/Page_Canvas World/add_ChildApp' is clicked on

2018-06-29 13:22:41 - [TEST_STEP][PASSED] - waitForPageLoad: Wait for page load successfully

2018-06-29 13:22:41 - [MESSAGE][PASSED] - Wait for page load successfully

2018-06-29 13:22:41 - [TEST_STEP][PASSED] - delay: Delayed 5 second(s)

2018-06-29 13:22:46 - [MESSAGE][PASSED] - Delayed 5 second(s)

2018-06-29 13:22:46 - [TEST_STEP][PASSED] - Statement - selectApp = "//span[starts-with(text(), '" + java.lang.String.valueOf(app_id) + "')]": null

2018-06-29 13:22:46 - [TEST_STEP][PASSED] - Statement - println(selectApp): null

2018-06-29 13:22:46 - [TEST_STEP][PASSED] - Statement - dynamicObject = new com.kms.katalon.core.testobject.TestObject(selectApp).addProperty("xpath", EQUALS, selectApp, true): null

2018-06-29 13:22:46 - [TEST_STEP][PASSED] - waitForElementVisible: Object '//span[starts-with(text(), 'A004')]' is visible

2018-06-29 13:22:46 - [MESSAGE][PASSED] - Object '//span[starts-with(text(), 'A004')]' is visible

2018-06-29 13:22:46 - [TEST_STEP][PASSED] - doubleClick: Object: '//span[starts-with(text(), 'A004')]' is double clicked on

2018-06-29 13:22:46 - [MESSAGE][PASSED] - Object: '//span[starts-with(text(), 'A004')]' is double clicked on

2018-06-29 13:22:46 - [TEST_STEP][PASSED] - doubleClick: Object: '//span[starts-with(text(), 'A004')]' is double clicked on

2018-06-29 13:22:46 - [MESSAGE][PASSED] - Object: '//span[starts-with(text(), 'A004')]' is double clicked on

2018-06-29 13:22:46 - [TEST_STEP][PASSED] - delay: Delayed 5 second(s)

2018-06-29 13:22:51 - [MESSAGE][PASSED] - Delayed 5 second(s)

2018-06-29 13:22:51 - [TEST_STEP][PASSED] - Statement - app_id = hssfRow.getCell(i): null

2018-06-29 13:22:51 - [TEST_STEP][PASSED] - delay: Delayed 5 second(s)

2018-06-29 13:22:56 - [MESSAGE][PASSED] - Delayed 5 second(s)

2018-06-29 13:22:56 - [TEST_STEP][PASSED] - click: Object: 'Object Repository/New_Test_Create_Workspace/Page_Canvas World/add_ChildApp' is clicked on

2018-06-29 13:22:57 - [MESSAGE][PASSED] - Object: 'Object Repository/New_Test_Create_Workspace/Page_Canvas World/add_ChildApp' is clicked on

2018-06-29 13:22:57 - [TEST_STEP][PASSED] - waitForPageLoad: Wait for page load successfully

2018-06-29 13:22:57 - [MESSAGE][PASSED] - Wait for page load successfully

2018-06-29 13:22:57 - [TEST_STEP][PASSED] - delay: Delayed 5 second(s)

2018-06-29 13:23:02 - [MESSAGE][PASSED] - Delayed 5 second(s)

2018-06-29 13:23:02 - [TEST_STEP][PASSED] - Statement - selectApp = "//span[starts-with(text(), '" + java.lang.String.valueOf(app_id) + "')]": null

2018-06-29 13:23:02 - [TEST_STEP][PASSED] - Statement - println(selectApp): null

2018-06-29 13:23:02 - [TEST_STEP][PASSED] - Statement - dynamicObject = new com.kms.katalon.core.testobject.TestObject(selectApp).addProperty("xpath", EQUALS, selectApp, true): null

2018-06-29 13:23:02 - [TEST_STEP][PASSED] - waitForElementVisible: Object '//span[starts-with(text(), 'A005')]' is visible

2018-06-29 13:23:02 - [MESSAGE][PASSED] - Object '//span[starts-with(text(), 'A005')]' is visible

2018-06-29 13:23:02 - [TEST_STEP][PASSED] - doubleClick: Object: '//span[starts-with(text(), 'A005')]' is double clicked on

2018-06-29 13:23:02 - [MESSAGE][PASSED] - Object: '//span[starts-with(text(), 'A005')]' is double clicked on

2018-06-29 13:23:02 - [TEST_STEP][PASSED] - doubleClick: Object: '//span[starts-with(text(), 'A005')]' is double clicked on

2018-06-29 13:23:02 - [MESSAGE][PASSED] - Object: '//span[starts-with(text(), 'A005')]' is double clicked on

2018-06-29 13:23:02 - [TEST_STEP][PASSED] - delay: Delayed 5 second(s)

2018-06-29 13:23:07 - [MESSAGE][PASSED] - Delayed 5 second(s)

2018-06-29 13:23:07 - [TEST_STEP][PASSED] - Statement - app_id = hssfRow.getCell(i): null

2018-06-29 13:23:07 - [TEST_STEP][PASSED] - delay: Delayed 5 second(s)

2018-06-29 13:23:12 - [MESSAGE][PASSED] - Delayed 5 second(s)

2018-06-29 13:23:12 - [TEST_STEP][PASSED] - click: Object: 'Object Repository/New_Test_Create_Workspace/Page_Canvas World/add_ChildApp' is clicked on

2018-06-29 13:23:12 - [MESSAGE][PASSED] - Object: 'Object Repository/New_Test_Create_Workspace/Page_Canvas World/add_ChildApp' is clicked on

2018-06-29 13:23:12 - [TEST_STEP][PASSED] - waitForPageLoad: Wait for page load successfully

2018-06-29 13:23:12 - [MESSAGE][PASSED] - Wait for page load successfully

2018-06-29 13:23:12 - [TEST_STEP][PASSED] - delay: Delayed 5 second(s)

2018-06-29 13:23:17 - [MESSAGE][PASSED] - Delayed 5 second(s)

2018-06-29 13:23:17 - [TEST_STEP][PASSED] - Statement - selectApp = "//span[starts-with(text(), '" + java.lang.String.valueOf(app_id) + "')]": null

2018-06-29 13:23:17 - [TEST_STEP][PASSED] - Statement - println(selectApp): null

2018-06-29 13:23:17 - [TEST_STEP][PASSED] - Statement - dynamicObject = new com.kms.katalon.core.testobject.TestObject(selectApp).addProperty("xpath", EQUALS, selectApp, true): null

2018-06-29 13:23:17 - [TEST_STEP][PASSED] - waitForElementVisible: Object '//span[starts-with(text(), 'A006')]' is visible

2018-06-29 13:23:17 - [MESSAGE][PASSED] - Object '//span[starts-with(text(), 'A006')]' is visible

2018-06-29 13:23:17 - [TEST_STEP][PASSED] - doubleClick: Object: '//span[starts-with(text(), 'A006')]' is double clicked on

2018-06-29 13:23:17 - [MESSAGE][PASSED] - Object: '//span[starts-with(text(), 'A006')]' is double clicked on

2018-06-29 13:23:17 - [TEST_STEP][PASSED] - doubleClick: Object: '//span[starts-with(text(), 'A006')]' is double clicked on

2018-06-29 13:23:18 - [MESSAGE][PASSED] - Object: '//span[starts-with(text(), 'A006')]' is double clicked on

2018-06-29 13:23:18 - [TEST_STEP][PASSED] - delay: Delayed 5 second(s)

2018-06-29 13:23:23 - [MESSAGE][PASSED] - Delayed 5 second(s)

2018-06-29 13:23:23 - [TEST_STEP][PASSED] - delay: Delayed 5 second(s)

2018-06-29 13:23:28 - [MESSAGE][PASSED] - Delayed 5 second(s)

2018-06-29 13:23:28 - [TEST_STEP][PASSED] - click: Object: 'Object Repository/New_Test_Create_Workspace/Page_Canvas World/SubWS_Submit' is clicked on

2018-06-29 13:23:28 - [MESSAGE][PASSED] - Object: 'Object Repository/New_Test_Create_Workspace/Page_Canvas World/SubWS_Submit' is clicked on

2018-06-29 13:23:28 - [TEST_STEP][PASSED] - click: Object: 'Object Repository/New_Test_Create_Workspace/Page_Canvas World/WS_Submit' is clicked on

2018-06-29 13:23:28 - [MESSAGE][PASSED] - Object: 'Object Repository/New_Test_Create_Workspace/Page_Canvas World/WS_Submit' is clicked on

2018-06-29 13:23:28 - [TEST_STEP][PASSED] - click: Object: 'Object Repository/New_Test_Create_Workspace/Page_Canvas World/WS_Submission' is clicked on

2018-06-29 13:23:32 - [MESSAGE][PASSED] - Object: 'Object Repository/New_Test_Create_Workspace/Page_Canvas World/WS_Submission' is clicked on]]></system-out>
         <system-err><![CDATA[]]></system-err>
      </testcase>
      <system-out><![CDATA[2018-06-29 13:10:26 - [TEST_SUITE][FAILED] - Grid_Suite: Test Cases/Smoke Test/Delete Grid Views FAILED because (of) Web element with id: '//span[contains(text(),'A001')]/preceding::td[2]/span/input[@data-item-id='ct_rowSelector']' located by 'By.xpath: //span[contains(text(),'A001')]/preceding::td[2]/span/input[@data-item-id='ct_rowSelector']' is present after '4' second(s)]]></system-out>
      <system-err><![CDATA[2018-06-29 13:10:26 - [TEST_SUITE][FAILED] - Grid_Suite: Test Cases/Smoke Test/Delete Grid Views FAILED because (of) Web element with id: '//span[contains(text(),'A001')]/preceding::td[2]/span/input[@data-item-id='ct_rowSelector']' located by 'By.xpath: //span[contains(text(),'A001')]/preceding::td[2]/span/input[@data-item-id='ct_rowSelector']' is present after '4' second(s)]]></system-err>
   </testsuite>
</testsuites>
